<?xml version="1.0" encoding="UTF-8"?>
<testsuite xmlns:xsi="http://www.w3.org/2001/XMLSchema-instance" xsi:noNamespaceSchemaLocation="https://maven.apache.org/surefire/maven-surefire-plugin/xsd/surefire-test-report-3.0.xsd" version="3.0" name="TestSuite" time="6.783" tests="2" errors="0" skipped="0" failures="0">
  <properties>
    <property name="sun.desktop" value="windows"/>
    <property name="awt.toolkit" value="sun.awt.windows.WToolkit"/>
    <property name="java.specification.version" value="11"/>
    <property name="sun.cpu.isalist" value="amd64"/>
    <property name="sun.jnu.encoding" value="Cp1252"/>
    <property name="java.class.path" value="D:\Leaving Systems\AlMosafer_RestAssured\target\test-classes;D:\Leaving Systems\AlMosafer_RestAssured\target\classes;C:\Users\Ibadullah\.m2\repository\org\hamcrest\hamcrest-all\1.3\hamcrest-all-1.3.jar;C:\Users\Ibadullah\.m2\repository\io\qameta\allure\allure-rest-assured\2.14.0\allure-rest-assured-2.14.0.jar;C:\Users\Ibadullah\.m2\repository\io\qameta\allure\allure-attachments\2.14.0\allure-attachments-2.14.0.jar;C:\Users\Ibadullah\.m2\repository\org\freemarker\freemarker\2.3.31\freemarker-2.3.31.jar;C:\Users\Ibadullah\.m2\repository\io\qameta\allure\allure-testng\2.14.0\allure-testng-2.14.0.jar;C:\Users\Ibadullah\.m2\repository\io\qameta\allure\allure-java-commons\2.14.0\allure-java-commons-2.14.0.jar;C:\Users\Ibadullah\.m2\repository\io\qameta\allure\allure-model\2.14.0\allure-model-2.14.0.jar;C:\Users\Ibadullah\.m2\repository\org\apache\tika\tika-core\1.26\tika-core-1.26.jar;C:\Users\Ibadullah\.m2\repository\javax\xml\bind\jaxb-api\2.3.1\jaxb-api-2.3.1.jar;C:\Users\Ibadullah\.m2\repository\javax\activation\javax.activation-api\1.2.0\javax.activation-api-1.2.0.jar;C:\Users\Ibadullah\.m2\repository\javax\activation\activation\1.1.1\activation-1.1.1.jar;C:\Users\Ibadullah\.m2\repository\org\jooq\joor-java-8\0.9.14\joor-java-8-0.9.14.jar;C:\Users\Ibadullah\.m2\repository\io\qameta\allure\allure-test-filter\2.14.0\allure-test-filter-2.14.0.jar;C:\Users\Ibadullah\.m2\repository\io\rest-assured\rest-assured\4.4.0\rest-assured-4.4.0.jar;C:\Users\Ibadullah\.m2\repository\org\codehaus\groovy\groovy\3.0.8\groovy-3.0.8.jar;C:\Users\Ibadullah\.m2\repository\org\codehaus\groovy\groovy-xml\3.0.8\groovy-xml-3.0.8.jar;C:\Users\Ibadullah\.m2\repository\org\apache\httpcomponents\httpclient\4.5.13\httpclient-4.5.13.jar;C:\Users\Ibadullah\.m2\repository\org\apache\httpcomponents\httpcore\4.4.13\httpcore-4.4.13.jar;C:\Users\Ibadullah\.m2\repository\commons-logging\commons-logging\1.2\commons-logging-1.2.jar;C:\Users\Ibadullah\.m2\repository\commons-codec\commons-codec\1.11\commons-codec-1.11.jar;C:\Users\Ibadullah\.m2\repository\org\apache\httpcomponents\httpmime\4.5.13\httpmime-4.5.13.jar;C:\Users\Ibadullah\.m2\repository\org\hamcrest\hamcrest\2.1\hamcrest-2.1.jar;C:\Users\Ibadullah\.m2\repository\org\ccil\cowan\tagsoup\tagsoup\1.2.1\tagsoup-1.2.1.jar;C:\Users\Ibadullah\.m2\repository\io\rest-assured\json-path\4.4.0\json-path-4.4.0.jar;C:\Users\Ibadullah\.m2\repository\org\codehaus\groovy\groovy-json\3.0.8\groovy-json-3.0.8.jar;C:\Users\Ibadullah\.m2\repository\io\rest-assured\rest-assured-common\4.4.0\rest-assured-common-4.4.0.jar;C:\Users\Ibadullah\.m2\repository\io\rest-assured\xml-path\4.4.0\xml-path-4.4.0.jar;C:\Users\Ibadullah\.m2\repository\org\apache\commons\commons-lang3\3.11\commons-lang3-3.11.jar;C:\Users\Ibadullah\.m2\repository\jakarta\xml\bind\jakarta.xml.bind-api\2.3.3\jakarta.xml.bind-api-2.3.3.jar;C:\Users\Ibadullah\.m2\repository\jakarta\activation\jakarta.activation-api\1.2.2\jakarta.activation-api-1.2.2.jar;C:\Users\Ibadullah\.m2\repository\com\sun\xml\bind\jaxb-impl\2.3.3\jaxb-impl-2.3.3.jar;C:\Users\Ibadullah\.m2\repository\com\fasterxml\jackson\core\jackson-databind\2.12.3\jackson-databind-2.12.3.jar;C:\Users\Ibadullah\.m2\repository\com\fasterxml\jackson\core\jackson-annotations\2.12.3\jackson-annotations-2.12.3.jar;C:\Users\Ibadullah\.m2\repository\com\fasterxml\jackson\core\jackson-core\2.12.3\jackson-core-2.12.3.jar;C:\Users\Ibadullah\.m2\repository\org\json\json\20210307\json-20210307.jar;C:\Users\Ibadullah\.m2\repository\org\testng\testng\7.7.0\testng-7.7.0.jar;C:\Users\Ibadullah\.m2\repository\org\slf4j\slf4j-api\1.7.36\slf4j-api-1.7.36.jar;C:\Users\Ibadullah\.m2\repository\com\beust\jcommander\1.82\jcommander-1.82.jar;C:\Users\Ibadullah\.m2\repository\org\webjars\jquery\3.6.1\jquery-3.6.1.jar;"/>
    <property name="java.vm.vendor" value="Oracle Corporation"/>
    <property name="sun.arch.data.model" value="64"/>
    <property name="user.variant" value=""/>
    <property name="java.vendor.url" value="https://openjdk.java.net/"/>
    <property name="user.timezone" value="Asia/Muscat"/>
    <property name="java.vm.specification.version" value="11"/>
    <property name="os.name" value="Windows 11"/>
    <property name="sun.java.launcher" value="SUN_STANDARD"/>
    <property name="user.country" value="AE"/>
    <property name="sun.boot.library.path" value="C:\Program Files\Java\jdk-11.0.15.1\bin"/>
    <property name="sun.java.command" value="C:\Users\Ibadullah\AppData\Local\Temp\surefire8520310467444141256\surefirebooter10046166005143170101.jar C:\Users\Ibadullah\AppData\Local\Temp\surefire8520310467444141256 2023-05-12T03-20-38_148-jvmRun1 surefire4497486951851881491tmp surefire_012652512202354057212tmp"/>
    <property name="jdk.debug" value="release"/>
    <property name="surefire.test.class.path" value="D:\Leaving Systems\AlMosafer_RestAssured\target\test-classes;D:\Leaving Systems\AlMosafer_RestAssured\target\classes;C:\Users\Ibadullah\.m2\repository\org\hamcrest\hamcrest-all\1.3\hamcrest-all-1.3.jar;C:\Users\Ibadullah\.m2\repository\io\qameta\allure\allure-rest-assured\2.14.0\allure-rest-assured-2.14.0.jar;C:\Users\Ibadullah\.m2\repository\io\qameta\allure\allure-attachments\2.14.0\allure-attachments-2.14.0.jar;C:\Users\Ibadullah\.m2\repository\org\freemarker\freemarker\2.3.31\freemarker-2.3.31.jar;C:\Users\Ibadullah\.m2\repository\io\qameta\allure\allure-testng\2.14.0\allure-testng-2.14.0.jar;C:\Users\Ibadullah\.m2\repository\io\qameta\allure\allure-java-commons\2.14.0\allure-java-commons-2.14.0.jar;C:\Users\Ibadullah\.m2\repository\io\qameta\allure\allure-model\2.14.0\allure-model-2.14.0.jar;C:\Users\Ibadullah\.m2\repository\org\apache\tika\tika-core\1.26\tika-core-1.26.jar;C:\Users\Ibadullah\.m2\repository\javax\xml\bind\jaxb-api\2.3.1\jaxb-api-2.3.1.jar;C:\Users\Ibadullah\.m2\repository\javax\activation\javax.activation-api\1.2.0\javax.activation-api-1.2.0.jar;C:\Users\Ibadullah\.m2\repository\javax\activation\activation\1.1.1\activation-1.1.1.jar;C:\Users\Ibadullah\.m2\repository\org\jooq\joor-java-8\0.9.14\joor-java-8-0.9.14.jar;C:\Users\Ibadullah\.m2\repository\io\qameta\allure\allure-test-filter\2.14.0\allure-test-filter-2.14.0.jar;C:\Users\Ibadullah\.m2\repository\io\rest-assured\rest-assured\4.4.0\rest-assured-4.4.0.jar;C:\Users\Ibadullah\.m2\repository\org\codehaus\groovy\groovy\3.0.8\groovy-3.0.8.jar;C:\Users\Ibadullah\.m2\repository\org\codehaus\groovy\groovy-xml\3.0.8\groovy-xml-3.0.8.jar;C:\Users\Ibadullah\.m2\repository\org\apache\httpcomponents\httpclient\4.5.13\httpclient-4.5.13.jar;C:\Users\Ibadullah\.m2\repository\org\apache\httpcomponents\httpcore\4.4.13\httpcore-4.4.13.jar;C:\Users\Ibadullah\.m2\repository\commons-logging\commons-logging\1.2\commons-logging-1.2.jar;C:\Users\Ibadullah\.m2\repository\commons-codec\commons-codec\1.11\commons-codec-1.11.jar;C:\Users\Ibadullah\.m2\repository\org\apache\httpcomponents\httpmime\4.5.13\httpmime-4.5.13.jar;C:\Users\Ibadullah\.m2\repository\org\hamcrest\hamcrest\2.1\hamcrest-2.1.jar;C:\Users\Ibadullah\.m2\repository\org\ccil\cowan\tagsoup\tagsoup\1.2.1\tagsoup-1.2.1.jar;C:\Users\Ibadullah\.m2\repository\io\rest-assured\json-path\4.4.0\json-path-4.4.0.jar;C:\Users\Ibadullah\.m2\repository\org\codehaus\groovy\groovy-json\3.0.8\groovy-json-3.0.8.jar;C:\Users\Ibadullah\.m2\repository\io\rest-assured\rest-assured-common\4.4.0\rest-assured-common-4.4.0.jar;C:\Users\Ibadullah\.m2\repository\io\rest-assured\xml-path\4.4.0\xml-path-4.4.0.jar;C:\Users\Ibadullah\.m2\repository\org\apache\commons\commons-lang3\3.11\commons-lang3-3.11.jar;C:\Users\Ibadullah\.m2\repository\jakarta\xml\bind\jakarta.xml.bind-api\2.3.3\jakarta.xml.bind-api-2.3.3.jar;C:\Users\Ibadullah\.m2\repository\jakarta\activation\jakarta.activation-api\1.2.2\jakarta.activation-api-1.2.2.jar;C:\Users\Ibadullah\.m2\repository\com\sun\xml\bind\jaxb-impl\2.3.3\jaxb-impl-2.3.3.jar;C:\Users\Ibadullah\.m2\repository\com\fasterxml\jackson\core\jackson-databind\2.12.3\jackson-databind-2.12.3.jar;C:\Users\Ibadullah\.m2\repository\com\fasterxml\jackson\core\jackson-annotations\2.12.3\jackson-annotations-2.12.3.jar;C:\Users\Ibadullah\.m2\repository\com\fasterxml\jackson\core\jackson-core\2.12.3\jackson-core-2.12.3.jar;C:\Users\Ibadullah\.m2\repository\org\json\json\20210307\json-20210307.jar;C:\Users\Ibadullah\.m2\repository\org\testng\testng\7.7.0\testng-7.7.0.jar;C:\Users\Ibadullah\.m2\repository\org\slf4j\slf4j-api\1.7.36\slf4j-api-1.7.36.jar;C:\Users\Ibadullah\.m2\repository\com\beust\jcommander\1.82\jcommander-1.82.jar;C:\Users\Ibadullah\.m2\repository\org\webjars\jquery\3.6.1\jquery-3.6.1.jar;"/>
    <property name="sun.cpu.endian" value="little"/>
    <property name="user.home" value="C:\Users\Ibadullah"/>
    <property name="user.language" value="en"/>
    <property name="java.specification.vendor" value="Oracle Corporation"/>
    <property name="java.version.date" value="2022-04-22"/>
    <property name="java.home" value="C:\Program Files\Java\jdk-11.0.15.1"/>
    <property name="file.separator" value="\"/>
    <property name="basedir" value="D:\Leaving Systems\AlMosafer_RestAssured"/>
    <property name="java.vm.compressedOopsMode" value="32-bit"/>
    <property name="line.separator" value="&#10;"/>
    <property name="java.specification.name" value="Java Platform API Specification"/>
    <property name="java.vm.specification.vendor" value="Oracle Corporation"/>
    <property name="java.awt.graphicsenv" value="sun.awt.Win32GraphicsEnvironment"/>
    <property name="surefire.real.class.path" value="C:\Users\Ibadullah\AppData\Local\Temp\surefire8520310467444141256\surefirebooter10046166005143170101.jar"/>
    <property name="user.script" value=""/>
    <property name="sun.management.compiler" value="HotSpot 64-Bit Tiered Compilers"/>
    <property name="java.runtime.version" value="11.0.15.1+2-LTS-10"/>
    <property name="user.name" value="Ibadullah"/>
    <property name="path.separator" value=";"/>
    <property name="os.version" value="10.0"/>
    <property name="java.runtime.name" value="Java(TM) SE Runtime Environment"/>
    <property name="file.encoding" value="Cp1252"/>
    <property name="java.vm.name" value="Java HotSpot(TM) 64-Bit Server VM"/>
    <property name="java.vendor.version" value="18.9"/>
    <property name="localRepository" value="C:\Users\Ibadullah\.m2\repository"/>
    <property name="java.vendor.url.bug" value="https://bugreport.java.com/bugreport/"/>
    <property name="java.io.tmpdir" value="C:\Users\IBADUL~1\AppData\Local\Temp\"/>
    <property name="idea.version" value="2022.2.1"/>
    <property name="java.version" value="11.0.15.1"/>
    <property name="user.dir" value="D:\Leaving Systems\AlMosafer_RestAssured"/>
    <property name="os.arch" value="amd64"/>
    <property name="java.vm.specification.name" value="Java Virtual Machine Specification"/>
    <property name="java.awt.printerjob" value="sun.awt.windows.WPrinterJob"/>
    <property name="sun.os.patch.level" value=""/>
    <property name="java.library.path" value="C:\Program Files\Java\jdk-11.0.15.1\bin;C:\WINDOWS\Sun\Java\bin;C:\WINDOWS\system32;C:\WINDOWS;C:\ProgramData\QFS\QF-Test\qftestpath;C:\Program Files\Common Files\Oracle\Java\javapath;C:\Windows\System32\HWAudioDriverLibs;C:\Windows\system32;C:\Windows;C:\Windows\System32\Wbem;C:\Windows\System32\WindowsPowerShell\v1.0\;C:\Windows\System32\OpenSSH\;C:\Windows\system32\config\systemprofile\AppData\Local\Microsoft\WindowsApps;C:\Program Files\Docker\Docker\resources\bin;C:\Users\Ibadullah\Downloads\apache-maven-3.8.6-bin\apache-maven-3.8.6\bin;C:\Program Files\nodejs\;C:\Program Files\Git\cmd;C:\WINDOWS\system32;C:\WINDOWS;C:\WINDOWS\System32\Wbem;C:\WINDOWS\System32\WindowsPowerShell\v1.0\;C:\WINDOWS\System32\OpenSSH\;C:\Program Files\PuTTY\;C:\Program Files (x86)\Pulse Secure\VC142.CRT\X64\;C:\Program Files (x86)\Pulse Secure\VC142.CRT\X86\;C:\Program Files (x86)\Common Files\Pulse Secure\TNC Client Plugin\;C:\Users\Ibadullah\AppData\Local\Microsoft\WindowsApps;;D:\IntelliJ IDEA 2022.2.1\bin;;C:\Users\Ibadullah\AppData\Roaming\npm;C:\Users\Ibadullah\AppData\Local\Programs\Microsoft VS Code\bin;."/>
    <property name="java.vendor" value="Oracle Corporation"/>
    <property name="java.vm.info" value="mixed mode"/>
    <property name="java.vm.version" value="11.0.15.1+2-LTS-10"/>
    <property name="sun.io.unicode.encoding" value="UnicodeLittle"/>
    <property name="java.class.version" value="55.0"/>
  </properties>
  <testcase name="getFaresCalenderAndVerify" classname="com.almosafer.api.flights.test.POST.Fares" time="2.657">
    <system-out><![CDATA[HTTP/1.1 200 OK
Date: Thu, 11 May 2023 23:20:44 GMT
Content-Type: application/json
Transfer-Encoding: chunked
Connection: keep-alive
X-Real-IP: 86.97.119.186
CF-Ray: 7c5e27794e5180b4-NRT
Access-Control-Allow-Origin: ae.almosafer.com
Cache-Control: no-cache, private
Content-Encoding: gzip
Strict-Transport-Security: max-age=15552000; includeSubDomains; preload
Vary: Accept-Encoding, Accept-Encoding
CF-Cache-Status: DYNAMIC
Access-Control-Allow-Headers: 
Access-Control-Allow-Methods: HEAD, GET, POST, OPTIONS, PUT, DELETE
Content-Security-Policy: upgrade-insecure-requests; base-uri 'self'; object-src 'self'; frame-ancestors https://almosafer.com https://*.almosafer.com https://z2.le.liveperson.net;
Referrer-Policy: no-referrer-when-downgrade
X-Adebug-host: ae.almosafer.com
X-Adebug-host: ae.almosafer.com
X-Adebug-port: 80
X-Adebug-port: 80
X-Adebug-real-ip: 10.160.141.148
X-Adebug-real-ip: 10.160.108.188
X-Adebug-ruri: /flight/get-fares-calender
X-Adebug-ruri: /api/v3/flights/flight/get-fares-calender
X-Alimit-rpath: /flight/get-fares-calender
X-Alimit-rpath: /api/v3/flights/flight/get-fares-calender
X-ARuntime: 0.122
X-ARuntime: 0.148
X-AServed-By: 10.160.124.113
X-AServed-By: 10.160.241.154
X-Aus: 127.0.0.1:9002
X-Aus: 127.0.0.1:9002
X-Content-Type-Options: nosniff
x-encoded-content-encoding: gzip
x-encoded-content-length: 169
x-env-type: prod
X-GeoIP-City: Sharjah
X-GeoIP-Country: United Arab Emirates
X-GeoIP-Country-Code: AE
X-GeoIP-Region: Sharjah
X-is-bot-api: 0
X-is-bot-api: 0
x-real-client-ip: 86.97.119.186
X-XSS-Protection: 1; mode=block
Set-Cookie: __cf_bm=PqssEwOaN_rKgCLHGKCneddJMoIjGP_VvxpUCpdTwvk-1683847244-0-AZVcQj9r2F8WY7342jObQs0cn0ShAXklqmTXrZEn3UhJf+eLAP06PSFyO+wbrxAViRzY3kSHdZuHQelq4hOY7Nw=; path=/; expires=Thu, 11-May-23 23:50:44 GMT; domain=.almosafer.com; HttpOnly; Secure; SameSite=None
Server: cloudflare
alt-svc: h3=":443"; ma=86400, h3-29=":443"; ma=86400

{
    "2023-05-14_2023-05-14": {
        "price": 883.35,
        "updatedAt": "2023-01-03T15:06:00.890Z"
    },
    "2023-05-13_2023-05-14": {
        "price": 683.38,
        "updatedAt": "2023-05-08T16:32:03.563Z"
    },
    "2023-05-13_2023-05-13": {
        "price": 973.5,
        "updatedAt": "2023-05-11T18:36:18.818Z"
    },
    "2023-05-12_2023-05-14": {
        "price": 786.69,
        "updatedAt": "2023-05-11T06:56:18.614Z"
    },
    "2023-05-12_2023-05-13": {
        "price": 830.28,
        "updatedAt": "2023-05-11T17:07:03.213Z"
    }
}
]]></system-out>
    <system-err><![CDATA[SLF4J: Failed to load class "org.slf4j.impl.StaticLoggerBinder".
SLF4J: Defaulting to no-operation (NOP) logger implementation
SLF4J: See http://www.slf4j.org/codes.html#StaticLoggerBinder for further details.
]]></system-err>
  </testcase>
  <testcase name="getHotelsLookupAndVerify" classname="com.almosafer.api.hotel.test.GET.LookUps" time="1.994">
    <system-out><![CDATA[HTTP/1.1 200 OK
Date: Thu, 11 May 2023 23:20:45 GMT
Content-Type: application/json
Transfer-Encoding: chunked
Connection: keep-alive
X-Real-IP: 86.97.119.186
CF-Ray: 7c5e27810c840b33-AMS
Accept-Ranges: bytes
Content-Encoding: gzip
Strict-Transport-Security: max-age=15552000; includeSubDomains; preload
Vary: accept-encoding,origin,access-control-request-headers,access-control-request-method,accept-encoding
CF-Cache-Status: DYNAMIC
APP-ID: 53
APP-NAME: ae.almosafer.com
Content-Security-Policy: upgrade-insecure-requests; base-uri 'self'; object-src 'self'; frame-ancestors https://almosafer.com https://*.almosafer.com https://z2.le.liveperson.net;
Referrer-Policy: no-referrer-when-downgrade
SPAN-ID: 3167e353955c47b5
TRACE-ID: 3167e353955c47b5
X-Content-Type-Options: nosniff
x-env-type: prod
X-GeoIP-City: Sharjah
X-GeoIP-Country: United Arab Emirates
X-GeoIP-Country-Code: AE
X-GeoIP-Region: Sharjah
x-real-client-ip: 86.97.119.186
X-XSS-Protection: 1; mode=block
Set-Cookie: __cf_bm=mUpl8fIcdIAqBult_E7cWZdkQYLgOqDPaBK1ZCLyglc-1683847245-0-ARPKHiwGtcXypPhZwLmeSVuLB0+F/pLHl+zUJmprQtmPU6D/oLrxDfL1t3Vxk6Ex0ZatEA2PQtlRsvGx22+jKyM=; path=/; expires=Thu, 11-May-23 23:50:45 GMT; domain=.almosafer.com; HttpOnly; Secure; SameSite=None
Server: cloudflare
alt-svc: h3=":443"; ma=86400, h3-29=":443"; ma=86400

{
    "facilityCategory": {
        "11": {
            "id": 11,
            "nameEn": "Internet Access",
            "nameAr": "إنترنت",
            "active": true,
            "rank": 6
        },
        "12": {
            "id": 12,
            "nameEn": "Front desk services",
            "nameAr": "خدمات مكتب الاستقبال",
            "active": true,
            "rank": 7
        },
        "13": {
            "id": 13,
            "nameEn": "Accessibility",
            "nameAr": "مرافق ذوي الاحتياجات الخاصة",
            "active": true,
            "rank": 8
        },
        "14": {
            "id": 14,
            "nameEn": "Pool & beach",
            "nameAr": "شاطئ ومسابح",
            "active": true,
            "rank": 9
        },
        "15": {
            "id": 15,
            "nameEn": "Food & drink",
            "nameAr": "الطعام والشراب",
            "active": true,
            "rank": 10
        },
        "16": {
            "id": 16,
            "nameEn": "Beauty & wellness",
            "nameAr": "صحة وجمال",
            "active": true,
            "rank": 11
        },
        "17": {
            "id": 17,
            "nameEn": "Family friendly",
            "nameAr": "مناسبة للعائلة",
            "active": true,
            "rank": 12
        },
        "18": {
            "id": 18,
            "nameEn": "Parking & transportation",
            "nameAr": "مواقف السيارات ووسائل النقل",
            "active": true,
            "rank": 13
        },
        "19": {
            "id": 19,
            "nameEn": "Activities",
            "nameAr": "أنشطة ",
            "active": true,
            "rank": 14
        },
        "20": {
            "id": 20,
            "nameEn": "General",
            "nameAr": "مرافق الفندق العامّة",
            "active": true,
            "rank": 15
        },
        "22": {
            "id": 22,
            "nameEn": "Services",
            "nameAr": "خدمات عامة",
            "active": true,
            "rank": 16
        },
        "23": {
            "id": 23,
            "nameEn": "Shops",
            "nameAr": "أسواق ومحلات",
            "active": true,
            "rank": 17
        },
        "24": {
            "id": 24,
            "nameEn": "Internet",
            "nameAr": "إنترنت",
            "active": true,
            "rank": 1
        },
        "25": {
            "id": 25,
            "nameEn": "Bathroom",
            "nameAr": "الحمام",
            "active": true,
            "rank": 2
        },
        "26": {
            "id": 26,
            "nameEn": "Food & drink",
            "nameAr": "الطعام والشراب",
            "active": true,
            "rank": 3
        },
        "27": {
            "id": 27,
            "nameEn": "Entertainment",
            "nameAr": "وسائل الترفيه",
            "active": true,
            "rank": 4
        },
        "28": {
            "id": 28,
            "nameEn": "Furnishing & layout",
            "nameAr": "تصميم الغرفة وأثاثها",
            "active": true,
            "rank": 5
        },
        "29": {
            "id": 29,
            "nameEn": "Clothes & laundry",
            "nameAr": "الملابس والغسيل",
            "active": true,
            "rank": 6
        },
        "30": {
            "id": 30,
            "nameEn": "General",
            "nameAr": "مرافق الغرفة العامّة",
            "active": true,
            "rank": 7
        },
        "31": {
            "id": 31,
            "nameEn": "Services",
            "nameAr": "خدمات عامة",
            "active": true,
            "rank": 8
        },
        "800": {
            "id": 800,
            "nameEn": "Arrival/Departure",
            "nameAr": "الوصول/المغادرة",
            "active": true,
            "rank": 3
        },
        "801": {
            "id": 801,
            "nameEn": "Food & Beverage",
            "nameAr": "الطعام والمشروبات",
            "active": true,
            "rank": 5
        },
        "802": {
            "id": 802,
            "nameEn": "General",
            "nameAr": "معلومات عامة",
            "active": true,
            "rank": 1
        },
        "803": {
            "id": 803,
            "nameEn": "Rooms",
            "nameAr": "الغرف",
            "active": true,
            "rank": 4
        },
        "804": {
            "id": 804,
            "nameEn": "Staff",
            "nameAr": "الموظفون",
            "active": true,
            "rank": 2
        }
    },
    "chains": {
        "4096": {
            "id": 4096,
            "nameEn": "Garda Lake Collection",
            "nameAr": "Garda Lake Collection",
            "active": true
        },
        "2": {
            "id": 2,
            "nameEn": "The Leading Hotels Of The World",
            "nameAr": "ذا ليدينغ هوتيلز أوف ذا وورلد",
            "active": true
        },
        "4098": {
            "id": 4098,
            "nameEn": "Alameda Hoteis",
            "nameAr": "Alameda Hoteis",
            "active": true
        },
        "3": {
            "id": 3,
            "nameEn": "Atlantic Hotels Group",
            "nameAr": "مجموعة فنادق أتلانتيك",
            "active": true
        },
        "4": {
            "id": 4,
            "nameEn": "Aha Hotels and Lodges",
            "nameAr": "فنادق ونزل إيه إتش إيه",
            "active": true
        },
        "4102": {
            "id": 4102,
            "nameEn": "Yes Hotels",
            "nameAr": "فنادق ياس",
            "active": true
        },
        "4103": {
            "id": 4103,
            "nameEn": "Hoteis Do Bom Jesus",
            "nameAr": "Hoteis do Bom Jesus",
            "active": true
        },
        "8": {
            "id": 8,
            "nameEn": "Mainstay Suites",
            "nameAr": "ماينستاي",
            "active": true
        },
        "9": {
            "id": 9,
            "nameEn": "Accor",
            "nameAr": "فنادق أكور",
            "active": true
        },
        "4105": {
            "id": 4105,
            "nameEn": "Albany",
            "nameAr": "Albany",
            "active": true
        },
        "4106": {
            "id": 4106,
            "nameEn": "Club Quarters",
            "nameAr": "Club Quarters",
            "active": true
        },
        "11": {
            "id": 11,
            "nameEn": "Oetker Collection",
            "nameAr": "أوتكر كوليكشن",
            "active": true
        },
        "4107": {
            "id": 4107,
            "nameEn": "Richardson Hotels",
            "nameAr": " فنادق ريتشاردسون",
            "active": true
        },
        "12": {
            "id": 12,
            "nameEn": "Omni",
            "nameAr": "أومني",
            "active": true
        },
        "13": {
            "id": 13,
            "nameEn": "Four Seasons Hotels and Resorts",
            "nameAr": "فنادق ومنتجعات فورسيزونز",
            "active": true
        },
        "4109": {
            "id": 4109,
            "nameEn": "Grup Soteras",
            "nameAr": "Grup Soteras",
            "active": true
        },
        "14": {
            "id": 14,
            "nameEn": "Extended Stay",
            "nameAr": "إكتسنديد ستاي",
            "active": true
        },
        "15": {
            "id": 15,
            "nameEn": "JA Resorts and Hotels",
            "nameAr": "فنادق ومنتجعات جيه إيه ",
            "active": true
        },
        "4111": {
            "id": 4111,
            "nameEn": "Lodgingmalaga",
            "nameAr": "Lodgingmalaga",
            "active": true
        },
        "4115": {
            "id": 4115,
            "nameEn": "Samsonov Hotel",
            "nameAr": "Samsonov Hotel",
            "active": true
        },
        "20": {
            "id": 20,
            "nameEn": "Barcelo Hotel Group",
            "nameAr": "مجموعة فنادق بارسيلو",
            "active": true
        },
        "21": {
            "id": 21,
            "nameEn": "Pan Pacific Hotels and Resorts",
            "nameAr": "بان باسيفيك للفنادق والمنتجعات",
            "active": true
        },
        "22": {
            "id": 22,
            "nameEn": "Balladins",
            "nameAr": "بلادينز",
            "active": true
        },
        "23": {
            "id": 23,
            "nameEn": "Browns Hotels and Resorts",
            "nameAr": "فنادق ومنتجعات براونز",
            "active": true
        },
        "4125": {
            "id": 4125,
            "nameEn": "South Coast Inns",
            "nameAr": "South Coast Inns",
            "active": true
        },
        "30": {
            "id": 30,
            "nameEn": "Tsogo Sun Hotels And Resorts",
            "nameAr": " فنادق ومنتجعات تسوجو صن",
            "active": true
        },
        "4126": {
            "id": 4126,
            "nameEn": "Punthill",
            "nameAr": "Punthill",
            "active": true
        },
        "4127": {
            "id": 4127,
            "nameEn": "Marugal",
            "nameAr": "Marugal",
            "active": true
        },
        "32": {
            "id": 32,
            "nameEn": "Global Hospitality",
            "nameAr": "جلوبال هوسبيتاليتي",
            "active": true
        },
        "4129": {
            "id": 4129,
            "nameEn": "Furama",
            "nameAr": "Furama",
            "active": true
        },
        "4130": {
            "id": 4130,
            "nameEn": "Due Torri Hotels",
            "nameAr": "فنادق ديو توري",
            "active": true
        },
        "35": {
            "id": 35,
            "nameEn": "Joie De Vivre",
            "nameAr": "جوي دو فيفر",
            "active": true
        },
        "4131": {
            "id": 4131,
            "nameEn": "Red Fox Hotels",
            "nameAr": "Red Fox Hotels",
            "active": true
        },
        "4132": {
            "id": 4132,
            "nameEn": "Vestas Hotels and Resorts",
            "nameAr": "فنادق ومنتجعات فيستاس",
            "active": true
        },
        "4133": {
            "id": 4133,
            "nameEn": "Leonardi Hotels",
            "nameAr": "Leonardi Hotels",
            "active": true
        },
        "38": {
            "id": 38,
            "nameEn": "The Doyle Collection",
            "nameAr": "ذا دويل كولكشن",
            "active": true
        },
        "39": {
            "id": 39,
            "nameEn": "Rotana Hotels and Resort",
            "nameAr": "فنادق و منتجعات روتانا",
            "active": true
        },
        "4136": {
            "id": 4136,
            "nameEn": "Monarque Hotels",
            "nameAr": "Monarque Hotels",
            "active": true
        },
        "41": {
            "id": 41,
            "nameEn": "Red Roof Inn",
            "nameAr": "ريد روف إن",
            "active": true
        },
        "4137": {
            "id": 4137,
            "nameEn": "Bonotto Group",
            "nameAr": "Bonotto Group",
            "active": true
        },
        "4139": {
            "id": 4139,
            "nameEn": "Orascom",
            "nameAr": "Orascom",
            "active": true
        },
        "4140": {
            "id": 4140,
            "nameEn": "Residentas",
            "nameAr": "Residentas",
            "active": true
        },
        "45": {
            "id": 45,
            "nameEn": "Starhotels",
            "nameAr": "ستار هوتيلز",
            "active": true
        },
        "4143": {
            "id": 4143,
            "nameEn": "Carattere Toscano Hotels and Resorts",
            "nameAr": "فنادق ومنتجعات كاراتيريه توسكانو",
            "active": true
        },
        "49": {
            "id": 49,
            "nameEn": "Sonesta",
            "nameAr": "سونستا",
            "active": true
        },
        "50": {
            "id": 50,
            "nameEn": "Frasers Hospitality",
            "nameAr": "فريزرز هوسبيتاليتي",
            "active": true
        },
        "51": {
            "id": 51,
            "nameEn": "Glh Hotels",
            "nameAr": "GLH",
            "active": true
        },
        "4147": {
            "id": 4147,
            "nameEn": "Keio Presso Inn",
            "nameAr": "Keio Presso Inn",
            "active": true
        },
        "4151": {
            "id": 4151,
            "nameEn": "Vagabond Inn",
            "nameAr": "Vagabond Inn",
            "active": true
        },
        "4154": {
            "id": 4154,
            "nameEn": "Alko Hotels",
            "nameAr": "Alko Hotels",
            "active": true
        },
        "59": {
            "id": 59,
            "nameEn": "Ilunion Hotels",
            "nameAr": "إيلونيون",
            "active": true
        },
        "60": {
            "id": 60,
            "nameEn": "Epoque Hotels",
            "nameAr": "ايبوك",
            "active": true
        },
        "4156": {
            "id": 4156,
            "nameEn": "The White Flats",
            "nameAr": "The White Flats",
            "active": true
        },
        "62": {
            "id": 62,
            "nameEn": "Parkroyal Hotels",
            "nameAr": "بارك رويال",
            "active": true
        },
        "4158": {
            "id": 4158,
            "nameEn": "Piter Palace",
            "nameAr": "Piter Palace",
            "active": true
        },
        "63": {
            "id": 63,
            "nameEn": "Preferred Hotels and Resorts",
            "nameAr": "فنادق ومنتجعات بريفيرد",
            "active": true
        },
        "66": {
            "id": 66,
            "nameEn": "Boscolo Hotels",
            "nameAr": "بوسكولو",
            "active": true
        },
        "67": {
            "id": 67,
            "nameEn": "Marco Polo Hotels",
            "nameAr": "بولو ماركو",
            "active": true
        },
        "68": {
            "id": 68,
            "nameEn": "BandB Hotels",
            "nameAr": "فنادق بي آند بي",
            "active": true
        },
        "69": {
            "id": 69,
            "nameEn": "Taj Hotels",
            "nameAr": "تاج",
            "active": true
        },
        "70": {
            "id": 70,
            "nameEn": "Trump Hotels",
            "nameAr": "ترامب انترناشيونال",
            "active": true
        },
        "71": {
            "id": 71,
            "nameEn": "Choice Hotels International",
            "nameAr": "فنادق تشويس العالمية",
            "active": true
        },
        "73": {
            "id": 73,
            "nameEn": "Tfe Hotels",
            "nameAr": "تي اف اي",
            "active": true
        },
        "74": {
            "id": 74,
            "nameEn": "Thon Hotels",
            "nameAr": "ثون",
            "active": true
        },
        "75": {
            "id": 75,
            "nameEn": "Graduate Hotels",
            "nameAr": "جرادجويت",
            "active": true
        },
        "4172": {
            "id": 4172,
            "nameEn": "Torre De Canyamel",
            "nameAr": "Torre de Canyamel",
            "active": true
        },
        "77": {
            "id": 77,
            "nameEn": "Great Hotels",
            "nameAr": "جريت",
            "active": true
        },
        "78": {
            "id": 78,
            "nameEn": "Jin Jiang Hotels",
            "nameAr": "جين جيانغ",
            "active": true
        },
        "79": {
            "id": 79,
            "nameEn": "Genre Hotels",
            "nameAr": "جينر",
            "active": true
        },
        "80": {
            "id": 80,
            "nameEn": "Dream Hotels and Resorts",
            "nameAr": "فنادق ومنتجعات دريم",
            "active": true
        },
        "82": {
            "id": 82,
            "nameEn": "Divan Hotels",
            "nameAr": "ديڤان",
            "active": true
        },
        "4178": {
            "id": 4178,
            "nameEn": "Comfitel Hotel Group",
            "nameAr": "مجموعة فنادق كومفيتيل",
            "active": true
        },
        "83": {
            "id": 83,
            "nameEn": "The Ascott Limited",
            "nameAr": "ذا أسكوت المحدودة",
            "active": true
        },
        "84": {
            "id": 84,
            "nameEn": "The Peninsula Hotels",
            "nameAr": "ذا بينينسولا",
            "active": true
        },
        "86": {
            "id": 86,
            "nameEn": "Rodeway Inn",
            "nameAr": "رودواي إن",
            "active": true
        },
        "4182": {
            "id": 4182,
            "nameEn": "Al Zuhdi Group",
            "nameAr": "Al Zuhdi Group",
            "active": true
        },
        "87": {
            "id": 87,
            "nameEn": "Rocco Forte Hotels",
            "nameAr": "روكو فورت",
            "active": true
        },
        "88": {
            "id": 88,
            "nameEn": "Red Lion Hotels",
            "nameAr": "ريد ليون",
            "active": true
        },
        "89": {
            "id": 89,
            "nameEn": "Sarova Hotels",
            "nameAr": "ساروفا",
            "active": true
        },
        "90": {
            "id": 90,
            "nameEn": "Scandic Hotels",
            "nameAr": "سكانديك",
            "active": true
        },
        "4186": {
            "id": 4186,
            "nameEn": "Meridional Hotels",
            "nameAr": "Meridional Hotels",
            "active": true
        },
        "91": {
            "id": 91,
            "nameEn": "Supranational Hotels",
            "nameAr": "سوبرا ناشونال",
            "active": true
        },
        "92": {
            "id": 92,
            "nameEn": "Sokos Hotels",
            "nameAr": "سوكوس",
            "active": true
        },
        "93": {
            "id": 93,
            "nameEn": "Swiss Quality Hotels International",
            "nameAr": "سويس كواليتي الدولية",
            "active": true
        },
        "4190": {
            "id": 4190,
            "nameEn": "Monrif Hotels",
            "nameAr": "Monrif Hotels",
            "active": true
        },
        "4192": {
            "id": 4192,
            "nameEn": "Myseahouse Hotels",
            "nameAr": "Myseahouse Hotels",
            "active": true
        },
        "97": {
            "id": 97,
            "nameEn": "Sercotel Hotel Group",
            "nameAr": "مجموعة فنادق سيركوتيل",
            "active": true
        },
        "4193": {
            "id": 4193,
            "nameEn": "Paloma Hotels",
            "nameAr": "Paloma Hotels",
            "active": true
        },
        "98": {
            "id": 98,
            "nameEn": "Sixty Hotels",
            "nameAr": "سيكستي",
            "active": true
        },
        "4194": {
            "id": 4194,
            "nameEn": "Sevilla Hotels Collection",
            "nameAr": "Sevilla Hotels Collection",
            "active": true
        },
        "99": {
            "id": 99,
            "nameEn": "Chateaux and Hotels Collection",
            "nameAr": "مجموعة فنادق شاتوه",
            "active": true
        },
        "4195": {
            "id": 4195,
            "nameEn": "Kukreja Group Hotels",
            "nameAr": "مجموعة فنادق كوكريجا",
            "active": true
        },
        "100": {
            "id": 100,
            "nameEn": "Chakela Hotels And Resorts",
            "nameAr": "فنادق ومنتجعات تشاكيلا",
            "active": true
        },
        "102": {
            "id": 102,
            "nameEn": "Gamma Hotels",
            "nameAr": "غامّا",
            "active": true
        },
        "103": {
            "id": 103,
            "nameEn": "Fleming'S Hotels",
            "nameAr": "فليمينجز",
            "active": true
        },
        "4199": {
            "id": 4199,
            "nameEn": "Urban Sense",
            "nameAr": "أوربان سينس",
            "active": true
        },
        "104": {
            "id": 104,
            "nameEn": "Hyatt Hotels and Resorts",
            "nameAr": "فنادق ومنتجعات حياة",
            "active": true
        },
        "106": {
            "id": 106,
            "nameEn": "First Hotels",
            "nameAr": "فيرست",
            "active": true
        },
        "107": {
            "id": 107,
            "nameEn": "Village Hotels",
            "nameAr": "فيليدج",
            "active": true
        },
        "110": {
            "id": 110,
            "nameEn": "Classic International",
            "nameAr": "كلاسيك إنترناشونال",
            "active": true
        },
        "112": {
            "id": 112,
            "nameEn": "Club Quarters Hotels",
            "nameAr": "كلوب كوارتارز",
            "active": true
        },
        "113": {
            "id": 113,
            "nameEn": "Corinthia Hotels",
            "nameAr": "كورينثيا",
            "active": true
        },
        "114": {
            "id": 114,
            "nameEn": "Qhotels",
            "nameAr": "كيو",
            "active": true
        },
        "115": {
            "id": 115,
            "nameEn": "Langham Hotels International",
            "nameAr": "لانغهام الدولية",
            "active": true
        },
        "117": {
            "id": 117,
            "nameEn": "Leonardo Hotels",
            "nameAr": "ليوناردو",
            "active": true
        },
        "118": {
            "id": 118,
            "nameEn": "Maritim Hotels",
            "nameAr": "ماريتايم",
            "active": true
        },
        "119": {
            "id": 119,
            "nameEn": "Minor Hotels",
            "nameAr": "مجموعة فنادق ماينور",
            "active": true
        },
        "120": {
            "id": 120,
            "nameEn": "Meritus Hotels and Resorts",
            "nameAr": "فنادق ومنتجعات ميريتوس",
            "active": true
        },
        "4216": {
            "id": 4216,
            "nameEn": "Patio Hoteles",
            "nameAr": "Patio Hoteles",
            "active": true
        },
        "121": {
            "id": 121,
            "nameEn": "Hoteles Mision",
            "nameAr": "ميشين",
            "active": true
        },
        "4217": {
            "id": 4217,
            "nameEn": "Toc HostelsandSuites",
            "nameAr": "نزل وأجنحة تي أو سي",
            "active": true
        },
        "122": {
            "id": 122,
            "nameEn": "Melia Hotels International",
            "nameAr": "فنادق ميليا الدولية",
            "active": true
        },
        "123": {
            "id": 123,
            "nameEn": "Oberoi Hotels and Resort",
            "nameAr": "فنادق ومنتجعات أوبروي",
            "active": true
        },
        "124": {
            "id": 124,
            "nameEn": "Nikko Hotels",
            "nameAr": "نيكو للفنادق",
            "active": true
        },
        "125": {
            "id": 125,
            "nameEn": "New World Hotels and Resorts",
            "nameAr": "فنادق ومنتجعات نيو وورلد",
            "active": true
        },
        "126": {
            "id": 126,
            "nameEn": "Hampshire Hotels",
            "nameAr": "هامبشاير",
            "active": true
        },
        "129": {
            "id": 129,
            "nameEn": "Hotels and Preference",
            "nameAr": "هوتلز آند بريفرنس",
            "active": true
        },
        "130": {
            "id": 130,
            "nameEn": "Outrigger Hotels and Resorts",
            "nameAr": "فنادق ومنتجعات أوتريجر",
            "active": true
        },
        "4226": {
            "id": 4226,
            "nameEn": "Rafaelhoteles",
            "nameAr": "فنادق رافايل",
            "active": true
        },
        "131": {
            "id": 131,
            "nameEn": "Aqua Hotels and Resorts",
            "nameAr": "فنادق ومنتجعات أكوا",
            "active": true
        },
        "4227": {
            "id": 4227,
            "nameEn": "Details Hotels and Resorts",
            "nameAr": "فنادق ومنتجعات ديتيلز",
            "active": true
        },
        "132": {
            "id": 132,
            "nameEn": "Okura Hotels and Resorts",
            "nameAr": "فنادق ومنتجعات أوكورا",
            "active": true
        },
        "4228": {
            "id": 4228,
            "nameEn": "Hoteles Hmc - Col",
            "nameAr": "Hoteles HMC - COL",
            "active": true
        },
        "133": {
            "id": 133,
            "nameEn": "Ihg Hotels and Resorts",
            "nameAr": "فنادق ومنتجعات أي أتش جي",
            "active": true
        },
        "136": {
            "id": 136,
            "nameEn": "Best Western Hotels and Resorts",
            "nameAr": "فنادق ومنتجعات بيست ويسترن",
            "active": true
        },
        "137": {
            "id": 137,
            "nameEn": "Jumeirah Hotels and Resorts",
            "nameAr": "فنادق ومنتجعات جميرا ",
            "active": true
        },
        "138": {
            "id": 138,
            "nameEn": "Dorint Hotels and Resorts",
            "nameAr": "فنادق ومنتجعات دورينت",
            "active": true
        },
        "139": {
            "id": 139,
            "nameEn": "Emaar Hotels and Resorts",
            "nameAr": "فنادق ومنتجعات إعمار",
            "active": true
        },
        "140": {
            "id": 140,
            "nameEn": "Wyndham Hotels and Resorts",
            "nameAr": "فنادق ومنتجعات ويندهام",
            "active": true
        },
        "141": {
            "id": 141,
            "nameEn": "Rosewood Hotel Group",
            "nameAr": "مجموعة فنادق روزوود",
            "active": true
        },
        "142": {
            "id": 142,
            "nameEn": "Rydges Hotels and Resorts",
            "nameAr": "فنادق ومنتجعات ريدجز",
            "active": true
        },
        "4238": {
            "id": 4238,
            "nameEn": "Leohotels",
            "nameAr": "Leohotels",
            "active": true
        },
        "143": {
            "id": 143,
            "nameEn": "Deutsche Hospitality",
            "nameAr": "دويتشه هوسبيتاليتي",
            "active": true
        },
        "145": {
            "id": 145,
            "nameEn": "Coast Hotels and Resorts",
            "nameAr": "فنادق ومنتجعات كوست ",
            "active": true
        },
        "146": {
            "id": 146,
            "nameEn": "Como Hotels And Resorts",
            "nameAr": "كومو",
            "active": true
        },
        "4244": {
            "id": 4244,
            "nameEn": "Serennia Apartments",
            "nameAr": "Serennia Apartments",
            "active": true
        },
        "149": {
            "id": 149,
            "nameEn": "Macdonald Hotels and Resorts",
            "nameAr": "فنادق ومنتجعات ماكدونالد",
            "active": true
        },
        "150": {
            "id": 150,
            "nameEn": "Montage Hotels and Resorts",
            "nameAr": "فنادق ومنتجعات مونتاج",
            "active": true
        },
        "4246": {
            "id": 4246,
            "nameEn": "Garden Isle Hotels",
            "nameAr": "Garden Isle Hotels",
            "active": true
        },
        "151": {
            "id": 151,
            "nameEn": "Noble House Hotels and Resorts",
            "nameAr": " فنادق ومنتجعات نوبل هاوس",
            "active": true
        },
        "152": {
            "id": 152,
            "nameEn": "Next Hotels and Resorts",
            "nameAr": "فنادق ومنتجعات نيكست",
            "active": true
        },
        "155": {
            "id": 155,
            "nameEn": "Warwick Hotels and Resorts",
            "nameAr": "فنادق ومنتجعات وارويك",
            "active": true
        },
        "4251": {
            "id": 4251,
            "nameEn": "Estivel",
            "nameAr": "Estivel",
            "active": true
        },
        "159": {
            "id": 159,
            "nameEn": "Principal Hotel Company",
            "nameAr": "ذا برينسيبال",
            "active": true
        },
        "162": {
            "id": 162,
            "nameEn": "Fiesta Americana",
            "nameAr": "فييستا أمريكانا",
            "active": true
        },
        "4258": {
            "id": 4258,
            "nameEn": "Zulmar Hotels",
            "nameAr": "Zulmar Hotels",
            "active": true
        },
        "164": {
            "id": 164,
            "nameEn": "Camino Real",
            "nameAr": "كامينو ريال",
            "active": true
        },
        "168": {
            "id": 168,
            "nameEn": "Marriott International",
            "nameAr": "ماريوت الدولية",
            "active": true
        },
        "4264": {
            "id": 4264,
            "nameEn": "Rex Resorts",
            "nameAr": "Rex Resorts",
            "active": true
        },
        "171": {
            "id": 171,
            "nameEn": "Louvre Hotels Group",
            "nameAr": "مجموعة فنادق اللوفر",
            "active": true
        },
        "174": {
            "id": 174,
            "nameEn": "Kempinski Hotels and Resorts",
            "nameAr": "فنادق ومنتجعات كمبنسكي",
            "active": true
        },
        "175": {
            "id": 175,
            "nameEn": "Dorchester Collection",
            "nameAr": "دورتشستر",
            "active": true
        },
        "176": {
            "id": 176,
            "nameEn": "Denihan Hospitality Group",
            "nameAr": "دينيهان هوسبيتاليتي",
            "active": true
        },
        "4272": {
            "id": 4272,
            "nameEn": "Help Yourself Hostels",
            "nameAr": "Help Yourself Hostels",
            "active": true
        },
        "178": {
            "id": 178,
            "nameEn": "Viceroy Hotel Group",
            "nameAr": "فايسروي",
            "active": true
        },
        "4274": {
            "id": 4274,
            "nameEn": "Signature Hotels",
            "nameAr": "فنادق سيجنتشر",
            "active": true
        },
        "179": {
            "id": 179,
            "nameEn": "Park Hotel Group",
            "nameAr": "بارك",
            "active": true
        },
        "181": {
            "id": 181,
            "nameEn": "Iberostar Hotels and Resorts",
            "nameAr": "فنادق ومنتجعات إيبروستار",
            "active": true
        },
        "183": {
            "id": 183,
            "nameEn": "Kerzner International Limited",
            "nameAr": "كيرزنر الدولية المحدودة",
            "active": true
        },
        "184": {
            "id": 184,
            "nameEn": "Maybourne Hotel Group",
            "nameAr": "مايبورن",
            "active": true
        },
        "4281": {
            "id": 4281,
            "nameEn": "Ciutat Hotels",
            "nameAr": "Ciutat Hotels",
            "active": true
        },
        "4282": {
            "id": 4282,
            "nameEn": "Rosamar Hotels",
            "nameAr": "Rosamar Hotels",
            "active": true
        },
        "187": {
            "id": 187,
            "nameEn": "Morgans Hotel Group",
            "nameAr": "مورجان",
            "active": true
        },
        "4283": {
            "id": 4283,
            "nameEn": "Abalu Hoteles",
            "nameAr": "Abalu Hoteles",
            "active": true
        },
        "188": {
            "id": 188,
            "nameEn": "Wyndham Hotels and Resort",
            "nameAr": "فنادق ومنتجعات ويندهام",
            "active": true
        },
        "4284": {
            "id": 4284,
            "nameEn": "Vittoria Hotels",
            "nameAr": "Vittoria Hotels",
            "active": true
        },
        "4285": {
            "id": 4285,
            "nameEn": "Sabina Hotels",
            "nameAr": "Sabina Hotels",
            "active": true
        },
        "190": {
            "id": 190,
            "nameEn": "Mgm Resorts International",
            "nameAr": "ام جي ام الدولية",
            "active": true
        },
        "4289": {
            "id": 4289,
            "nameEn": "Indpt-Hotels Cuitot",
            "nameAr": "Indpt-Hotels Cuitot",
            "active": true
        },
        "194": {
            "id": 194,
            "nameEn": "Motel 6",
            "nameAr": "موتيل 6",
            "active": true
        },
        "197": {
            "id": 197,
            "nameEn": "Hilton Worldwide Holdings",
            "nameAr": "هيلتون العالمية القابضة",
            "active": true
        },
        "4294": {
            "id": 4294,
            "nameEn": "Ghs Hotels",
            "nameAr": "GHS Hotels",
            "active": true
        },
        "200": {
            "id": 200,
            "nameEn": "Worldhotels",
            "nameAr": "وورلد هوتيلز",
            "active": true
        },
        "4296": {
            "id": 4296,
            "nameEn": "Triumph Hospitality",
            "nameAr": "Triumph Hospitality",
            "active": true
        },
        "201": {
            "id": 201,
            "nameEn": "Worldhotels United",
            "nameAr": "وورلد هوتيلز ينايتد",
            "active": true
        },
        "202": {
            "id": 202,
            "nameEn": "Yotel",
            "nameAr": "يوتل",
            "active": true
        },
        "4298": {
            "id": 4298,
            "nameEn": "Intur Hoteles",
            "nameAr": "Intur Hoteles",
            "active": true
        },
        "4299": {
            "id": 4299,
            "nameEn": "Gruppo Marte E Biasin",
            "nameAr": "Gruppo Marte e Biasin",
            "active": true
        },
        "4304": {
            "id": 4304,
            "nameEn": "Nascimebeni Hotels and Apartments",
            "nameAr": "فنادق وشقق ناسيميبيني",
            "active": true
        },
        "4308": {
            "id": 4308,
            "nameEn": "Natura Imb",
            "nameAr": "Natura IMB",
            "active": true
        },
        "4312": {
            "id": 4312,
            "nameEn": "Hotelboost",
            "nameAr": "HotelBoost",
            "active": true
        },
        "4314": {
            "id": 4314,
            "nameEn": "Verser Hoteles",
            "nameAr": "Verser Hoteles",
            "active": true
        },
        "4320": {
            "id": 4320,
            "nameEn": "Great Southern Hotels",
            "nameAr": "فنادق جريت ساوثرن",
            "active": true
        },
        "4332": {
            "id": 4332,
            "nameEn": "Promociones Nazaret",
            "nameAr": "Promociones Nazaret",
            "active": true
        },
        "4350": {
            "id": 4350,
            "nameEn": "Prinsotel",
            "nameAr": "Prinsotel",
            "active": true
        },
        "4351": {
            "id": 4351,
            "nameEn": "Geturhotels",
            "nameAr": "Geturhotels",
            "active": true
        },
        "257": {
            "id": 257,
            "nameEn": "Independent",
            "nameAr": "مستقل",
            "active": true
        },
        "4356": {
            "id": 4356,
            "nameEn": "Tabaiba Group",
            "nameAr": "Tabaiba Group",
            "active": true
        },
        "261": {
            "id": 261,
            "nameEn": "Tata Group",
            "nameAr": "مجموعة تاتا",
            "active": true
        },
        "262": {
            "id": 262,
            "nameEn": "The Rezidor Hotel Group",
            "nameAr": "مجموعة فنادق ذا ريزيدور",
            "active": true
        },
        "263": {
            "id": 263,
            "nameEn": "Jaz Hotel Group",
            "nameAr": "مجموعة فنادق جاز",
            "active": true
        },
        "264": {
            "id": 264,
            "nameEn": "Capitaland Limited",
            "nameAr": "كابيتالاند ليمتد",
            "active": true
        },
        "265": {
            "id": 265,
            "nameEn": "Jardine Matheson Group",
            "nameAr": "جاردين ماثيسون جروب",
            "active": true
        },
        "266": {
            "id": 266,
            "nameEn": "Oyo Rooms",
            "nameAr": "أو واى أو روومز",
            "active": true
        },
        "268": {
            "id": 268,
            "nameEn": "Damac Hotels and Resorts",
            "nameAr": "فنادق ومنتجعات داماك",
            "active": true
        },
        "4371": {
            "id": 4371,
            "nameEn": "Typic Hotels",
            "nameAr": "Typic Hotels",
            "active": true
        },
        "276": {
            "id": 276,
            "nameEn": "Htl Hotels",
            "nameAr": "HTL Hotels",
            "active": true
        },
        "278": {
            "id": 278,
            "nameEn": "Welcom Heritage",
            "nameAr": "Welcom Heritage",
            "active": true
        },
        "280": {
            "id": 280,
            "nameEn": "Ayenda Rooms",
            "nameAr": "Ayenda Rooms",
            "active": true
        },
        "282": {
            "id": 282,
            "nameEn": "Villa Gran Canaria",
            "nameAr": "Villa Gran Canaria",
            "active": true
        },
        "284": {
            "id": 284,
            "nameEn": "Resdest",
            "nameAr": "ResDest",
            "active": true
        },
        "286": {
            "id": 286,
            "nameEn": "Oyo Rooms (Uk)",
            "nameAr": "OYO Rooms (UK)",
            "active": true
        },
        "287": {
            "id": 287,
            "nameEn": "Green Tree Inn",
            "nameAr": "جرين تري إنز",
            "active": true
        },
        "290": {
            "id": 290,
            "nameEn": "Fujita Kanko",
            "nameAr": "Fujita Kanko",
            "active": true
        },
        "4386": {
            "id": 4386,
            "nameEn": "Hostemplo",
            "nameAr": "Hostemplo",
            "active": true
        },
        "292": {
            "id": 292,
            "nameEn": "Miorelli Hotels",
            "nameAr": "Miorelli Hotels",
            "active": true
        },
        "293": {
            "id": 293,
            "nameEn": "Logis International Services",
            "nameAr": "Logis International Services",
            "active": true
        },
        "294": {
            "id": 294,
            "nameEn": "Bhg Brazil Hospitality Group",
            "nameAr": "BHG Brazil Hospitality Group",
            "active": true
        },
        "295": {
            "id": 295,
            "nameEn": "Provenance Hotels",
            "nameAr": "Provenance Hotels",
            "active": true
        },
        "302": {
            "id": 302,
            "nameEn": "Livemax",
            "nameAr": "Livemax",
            "active": true
        },
        "303": {
            "id": 303,
            "nameEn": "Magnuson Hotels",
            "nameAr": "Magnuson Hotels",
            "active": true
        },
        "4399": {
            "id": 4399,
            "nameEn": "The Simone Hotels",
            "nameAr": "فنادق ذا سيمون",
            "active": true
        },
        "306": {
            "id": 306,
            "nameEn": "Bull Hotels",
            "nameAr": "Bull Hotels",
            "active": true
        },
        "307": {
            "id": 307,
            "nameEn": "Ayres Collection",
            "nameAr": "Ayres Collection",
            "active": true
        },
        "4403": {
            "id": 4403,
            "nameEn": "Inner Hotels",
            "nameAr": "Inner Hotels",
            "active": true
        },
        "312": {
            "id": 312,
            "nameEn": "The Travelbook Group",
            "nameAr": "ذا ترافيل بوك جروب",
            "active": true
        },
        "4409": {
            "id": 4409,
            "nameEn": "Intercorp Hotel Group",
            "nameAr": "Intercorp Hotel Group",
            "active": true
        },
        "314": {
            "id": 314,
            "nameEn": "Sonesta International Hotels Corporation",
            "nameAr": "مجموعة فنادق سونستا العالمية",
            "active": true
        },
        "315": {
            "id": 315,
            "nameEn": "Dioniso'S Hotels",
            "nameAr": "Dioniso's Hotels",
            "active": true
        },
        "4411": {
            "id": 4411,
            "nameEn": "Castells De Lleida",
            "nameAr": "Castells de Lleida",
            "active": true
        },
        "4412": {
            "id": 4412,
            "nameEn": "Las Casitas Del Viajero",
            "nameAr": "Las Casitas del Viajero",
            "active": true
        },
        "4413": {
            "id": 4413,
            "nameEn": "Rcd Hotels",
            "nameAr": "RCD Hotels",
            "active": true
        },
        "4414": {
            "id": 4414,
            "nameEn": "Hd Hotels",
            "nameAr": "HD Hotels",
            "active": true
        },
        "320": {
            "id": 320,
            "nameEn": "Sercotel Hotels",
            "nameAr": "Sercotel Hotels",
            "active": true
        },
        "321": {
            "id": 321,
            "nameEn": "Treebo Hotels",
            "nameAr": "Treebo Hotels",
            "active": true
        },
        "322": {
            "id": 322,
            "nameEn": "Budget Host",
            "nameAr": "Budget Host",
            "active": true
        },
        "323": {
            "id": 323,
            "nameEn": "Mona Lisa",
            "nameAr": "Mona Lisa",
            "active": true
        },
        "4420": {
            "id": 4420,
            "nameEn": "The Hatton Collection",
            "nameAr": " مجموعة فنادق ذا هاتون",
            "active": true
        },
        "325": {
            "id": 325,
            "nameEn": "Shangri-La Hotels and Resorts",
            "nameAr": "Shangri-La Hotels and Resorts",
            "active": true
        },
        "4422": {
            "id": 4422,
            "nameEn": "Torrevieja Experience",
            "nameAr": "Torrevieja Experience",
            "active": true
        },
        "4423": {
            "id": 4423,
            "nameEn": "Lanzarote Getaways",
            "nameAr": "Lanzarote Getaways",
            "active": true
        },
        "328": {
            "id": 328,
            "nameEn": "Madame Vacances",
            "nameAr": "Madame Vacances",
            "active": true
        },
        "330": {
            "id": 330,
            "nameEn": "Vail Resorts",
            "nameAr": "Vail Resorts",
            "active": true
        },
        "331": {
            "id": 331,
            "nameEn": "Unitursa",
            "nameAr": "Unitursa",
            "active": true
        },
        "333": {
            "id": 333,
            "nameEn": "Amazing Evolution",
            "nameAr": "Amazing Evolution",
            "active": true
        },
        "334": {
            "id": 334,
            "nameEn": "Radisson Hotel Group",
            "nameAr": "Radisson Hotel Group",
            "active": true
        },
        "4433": {
            "id": 4433,
            "nameEn": "Rocamora Apartments",
            "nameAr": "شقق روكامورا",
            "active": true
        },
        "4437": {
            "id": 4437,
            "nameEn": "Soy Local",
            "nameAr": "سوي لوكال",
            "active": true
        },
        "4438": {
            "id": 4438,
            "nameEn": "Vila Vita Collection",
            "nameAr": "Vila Vita Collection",
            "active": true
        },
        "4439": {
            "id": 4439,
            "nameEn": "El Rincon De Pau",
            "nameAr": "El Rincon de Pau",
            "active": true
        },
        "4440": {
            "id": 4440,
            "nameEn": "Citytrip Castelldefels",
            "nameAr": "Citytrip Castelldefels",
            "active": true
        },
        "345": {
            "id": 345,
            "nameEn": "Choice Nordic",
            "nameAr": "Choice Nordic",
            "active": true
        },
        "4444": {
            "id": 4444,
            "nameEn": "Hacienda Hotels Peru",
            "nameAr": "Hacienda Hotels Peru",
            "active": true
        },
        "350": {
            "id": 350,
            "nameEn": "Eco Team",
            "nameAr": "Eco Team",
            "active": true
        },
        "351": {
            "id": 351,
            "nameEn": "PandV",
            "nameAr": "بي آند في",
            "active": true
        },
        "4447": {
            "id": 4447,
            "nameEn": "Far Home Hostels",
            "nameAr": "Far Home Hostels",
            "active": true
        },
        "354": {
            "id": 354,
            "nameEn": "Intown Suites",
            "nameAr": "InTown Suites",
            "active": true
        },
        "4450": {
            "id": 4450,
            "nameEn": "Habitat Gestion Hotelera",
            "nameAr": "Habitat Gestion Hotelera",
            "active": true
        },
        "4457": {
            "id": 4457,
            "nameEn": "Pez Azul Group",
            "nameAr": "Pez Azul Group",
            "active": true
        },
        "4463": {
            "id": 4463,
            "nameEn": "Channel Hotels",
            "nameAr": "Channel Hotels",
            "active": true
        },
        "4465": {
            "id": 4465,
            "nameEn": "Cairn Hotel Group",
            "nameAr": "Cairn Hotel Group",
            "active": true
        },
        "4468": {
            "id": 4468,
            "nameEn": "Hidden Away Hotels",
            "nameAr": "Hidden Away Hotels",
            "active": true
        },
        "4469": {
            "id": 4469,
            "nameEn": "Abba Hotels",
            "nameAr": "Abba Hotels",
            "active": true
        },
        "375": {
            "id": 375,
            "nameEn": "Steading Holidays",
            "nameAr": "Steading Holidays",
            "active": true
        },
        "4472": {
            "id": 4472,
            "nameEn": "Hartmann Hotels",
            "nameAr": "Hartmann Hotels",
            "active": true
        },
        "4475": {
            "id": 4475,
            "nameEn": "Rr Hotels",
            "nameAr": "RR Hotels",
            "active": true
        },
        "4477": {
            "id": 4477,
            "nameEn": "Gran Isla Hotels",
            "nameAr": "Gran Isla Hotels",
            "active": true
        },
        "4479": {
            "id": 4479,
            "nameEn": "Rede Oft Hoteis",
            "nameAr": "Rede OFT Hoteis",
            "active": true
        },
        "4480": {
            "id": 4480,
            "nameEn": "Trius Hotels",
            "nameAr": "Trius Hotels",
            "active": true
        },
        "385": {
            "id": 385,
            "nameEn": "Apa Hotels",
            "nameAr": "APA Hotels",
            "active": true
        },
        "4483": {
            "id": 4483,
            "nameEn": "Hoteles Dorado Plaza - Col",
            "nameAr": "Hoteles Dorado Plaza - COL",
            "active": true
        },
        "4488": {
            "id": 4488,
            "nameEn": "Arc Avenue Hotels",
            "nameAr": "Arc Avenue Hotels",
            "active": true
        },
        "4493": {
            "id": 4493,
            "nameEn": "Hotels Beaumier",
            "nameAr": "Hotels Beaumier",
            "active": true
        },
        "4497": {
            "id": 4497,
            "nameEn": "Les Hotels Particuliers",
            "nameAr": "Les Hotels Particuliers",
            "active": true
        },
        "4499": {
            "id": 4499,
            "nameEn": "Crimson Hotels",
            "nameAr": "Crimson Hotels",
            "active": true
        },
        "4500": {
            "id": 4500,
            "nameEn": "Country Resort Ragusa",
            "nameAr": "Country Resort Ragusa",
            "active": true
        },
        "407": {
            "id": 407,
            "nameEn": "Relais and Chateaux",
            "nameAr": "ريليه آند شاتو",
            "active": true
        },
        "408": {
            "id": 408,
            "nameEn": "Clarks Inn Hotels",
            "nameAr": "Clarks Inn Hotels",
            "active": true
        },
        "412": {
            "id": 412,
            "nameEn": "Jupiter Hotel Group",
            "nameAr": "Jupiter Hotel Group",
            "active": true
        },
        "4510": {
            "id": 4510,
            "nameEn": "Espahotel",
            "nameAr": "Espahotel",
            "active": true
        },
        "4512": {
            "id": 4512,
            "nameEn": "Aranwa Hotels",
            "nameAr": "Aranwa Hotels",
            "active": true
        },
        "423": {
            "id": 423,
            "nameEn": "Mileade",
            "nameAr": "Mileade",
            "active": true
        },
        "4519": {
            "id": 4519,
            "nameEn": "Montra Hotels",
            "nameAr": "Montra Hotels",
            "active": true
        },
        "424": {
            "id": 424,
            "nameEn": "Belambra Hotels and Resorts",
            "nameAr": "فنادق ومنتجعات بيلامبرا",
            "active": true
        },
        "425": {
            "id": 425,
            "nameEn": "Ap Hotels and Resorts",
            "nameAr": "فنادق ومنتجعات إيه بيه",
            "active": true
        },
        "4523": {
            "id": 4523,
            "nameEn": "Stockholm Meeting Selection",
            "nameAr": "Stockholm Meeting Selection",
            "active": true
        },
        "4524": {
            "id": 4524,
            "nameEn": "Polihotels",
            "nameAr": "Polihotels",
            "active": true
        },
        "432": {
            "id": 432,
            "nameEn": "Sno Hotels",
            "nameAr": "SNO Hotels",
            "active": true
        },
        "433": {
            "id": 433,
            "nameEn": "Cobblestone Hotels",
            "nameAr": "Cobblestone Hotels",
            "active": true
        },
        "4529": {
            "id": 4529,
            "nameEn": "Daguisa Hotels",
            "nameAr": "Daguisa Hotels",
            "active": true
        },
        "435": {
            "id": 435,
            "nameEn": "Ms Hotels",
            "nameAr": "MS Hotels",
            "active": true
        },
        "4533": {
            "id": 4533,
            "nameEn": "Riale Hoteis",
            "nameAr": "Riale Hoteis",
            "active": true
        },
        "4535": {
            "id": 4535,
            "nameEn": "Royal Hotels Group",
            "nameAr": "مجموعة فنادق رويال",
            "active": true
        },
        "4536": {
            "id": 4536,
            "nameEn": "H8 Collection",
            "nameAr": "H8 Collection",
            "active": true
        },
        "4538": {
            "id": 4538,
            "nameEn": "A-Rosa",
            "nameAr": "A-Rosa",
            "active": true
        },
        "4539": {
            "id": 4539,
            "nameEn": "Nuve Group",
            "nameAr": "مجموعة نوف",
            "active": true
        },
        "4541": {
            "id": 4541,
            "nameEn": "Value Hotels",
            "nameAr": "Value Hotels",
            "active": true
        },
        "4543": {
            "id": 4543,
            "nameEn": "St Giles",
            "nameAr": "St Giles",
            "active": true
        },
        "4544": {
            "id": 4544,
            "nameEn": "Gruppo Opera E Sonya Rome",
            "nameAr": "مجموعة أوبرا إيه سونيا روما",
            "active": true
        },
        "449": {
            "id": 449,
            "nameEn": "Sonder",
            "nameAr": "Sonder",
            "active": true
        },
        "4545": {
            "id": 4545,
            "nameEn": "Touch Down Group",
            "nameAr": "Touch Down Group",
            "active": true
        },
        "450": {
            "id": 450,
            "nameEn": "Terres De France Group",
            "nameAr": "مجموعة تير دو فرانس",
            "active": true
        },
        "4546": {
            "id": 4546,
            "nameEn": "Vaidas Hotels",
            "nameAr": "Vaidas Hotels",
            "active": true
        },
        "4549": {
            "id": 4549,
            "nameEn": "Be Alicante",
            "nameAr": "Be Alicante",
            "active": true
        },
        "4550": {
            "id": 4550,
            "nameEn": "Gruppo Felici",
            "nameAr": "Gruppo Felici",
            "active": true
        },
        "4551": {
            "id": 4551,
            "nameEn": "Arcotel",
            "nameAr": "Arcotel",
            "active": true
        },
        "4553": {
            "id": 4553,
            "nameEn": "Pearlsun Hotels and Resort",
            "nameAr": "فنادق ومنتجعات بيرل صن",
            "active": true
        },
        "4554": {
            "id": 4554,
            "nameEn": "Gruppo Le Calette",
            "nameAr": "Gruppo le Calette",
            "active": true
        },
        "4556": {
            "id": 4556,
            "nameEn": "Amaru Group Hotels",
            "nameAr": "Amaru Group Hotels",
            "active": true
        },
        "464": {
            "id": 464,
            "nameEn": "Amedia",
            "nameAr": "Amedia",
            "active": true
        },
        "4561": {
            "id": 4561,
            "nameEn": "Hoteliers Impertinents",
            "nameAr": "Hoteliers Impertinents",
            "active": true
        },
        "4563": {
            "id": 4563,
            "nameEn": "Brooks Hotels",
            "nameAr": "Brooks Hotels",
            "active": true
        },
        "4565": {
            "id": 4565,
            "nameEn": "Olympia Grupo",
            "nameAr": "Olympia Grupo",
            "active": true
        },
        "478": {
            "id": 478,
            "nameEn": "BandB Hotels Germany",
            "nameAr": "فنادق بي آند بي جيرمني",
            "active": true
        },
        "4579": {
            "id": 4579,
            "nameEn": "Tugasa",
            "nameAr": "Tugasa",
            "active": true
        },
        "4580": {
            "id": 4580,
            "nameEn": "La Gomera Apartments",
            "nameAr": "La Gomera Apartments",
            "active": true
        },
        "4587": {
            "id": 4587,
            "nameEn": "Pontes HotâˆŠâ©Is",
            "nameAr": "Pontes Hot√©is",
            "active": true
        },
        "4601": {
            "id": 4601,
            "nameEn": "Kamat Hotels",
            "nameAr": "فنادق كامات",
            "active": true
        },
        "4605": {
            "id": 4605,
            "nameEn": "Zen Apartments",
            "nameAr": "Zen Apartments",
            "active": true
        },
        "510": {
            "id": 510,
            "nameEn": "Centara Hotels and Resorts",
            "nameAr": "فنادق ومنتجعات سنتارا",
            "active": true
        },
        "511": {
            "id": 511,
            "nameEn": "Awaze-Jamesvillas",
            "nameAr": "Awaze-JamesVillas",
            "active": true
        },
        "513": {
            "id": 513,
            "nameEn": "Reside Etudes",
            "nameAr": "Reside Etudes",
            "active": true
        },
        "4610": {
            "id": 4610,
            "nameEn": "Italian Hospitality Collection",
            "nameAr": "Italian Hospitality Collection",
            "active": true
        },
        "516": {
            "id": 516,
            "nameEn": "Van Der Valk Hotels",
            "nameAr": "Van der Valk Hotels",
            "active": true
        },
        "4614": {
            "id": 4614,
            "nameEn": "Adrian Hoteles",
            "nameAr": "Adrian Hoteles",
            "active": true
        },
        "4615": {
            "id": 4615,
            "nameEn": "Swiss Inn",
            "nameAr": "Swiss Inn",
            "active": true
        },
        "4616": {
            "id": 4616,
            "nameEn": "Aqueen",
            "nameAr": "Aqueen",
            "active": true
        },
        "4618": {
            "id": 4618,
            "nameEn": "Rice Hoteles",
            "nameAr": "Rice Hoteles",
            "active": true
        },
        "4619": {
            "id": 4619,
            "nameEn": "Mij",
            "nameAr": "MIJ",
            "active": true
        },
        "524": {
            "id": 524,
            "nameEn": "Taj Hotels, Resorts and Palaces",
            "nameAr": "فنادق ومنتجعات وقصور تاج",
            "active": true
        },
        "4624": {
            "id": 4624,
            "nameEn": "My Way Hotels and Resorts",
            "nameAr": "فنادق ومجتمعات ماي واي",
            "active": true
        },
        "4626": {
            "id": 4626,
            "nameEn": "Leeu Collection",
            "nameAr": "Leeu Collection",
            "active": true
        },
        "4630": {
            "id": 4630,
            "nameEn": "Cphotels",
            "nameAr": "Cphotels",
            "active": true
        },
        "4633": {
            "id": 4633,
            "nameEn": "Grupo Bali Hotels",
            "nameAr": "Grupo Bali Hotels",
            "active": true
        },
        "4634": {
            "id": 4634,
            "nameEn": "Raeli Hotels",
            "nameAr": "Raeli Hotels",
            "active": true
        },
        "543": {
            "id": 543,
            "nameEn": "Hoteles Globales",
            "nameAr": "Hoteles Globales",
            "active": true
        },
        "544": {
            "id": 544,
            "nameEn": "Barsala",
            "nameAr": "Barsala",
            "active": true
        },
        "4641": {
            "id": 4641,
            "nameEn": "Elegance Hotels",
            "nameAr": "Elegance Hotels",
            "active": true
        },
        "546": {
            "id": 546,
            "nameEn": "Casual Hoteles",
            "nameAr": "Casual Hoteles",
            "active": true
        },
        "4642": {
            "id": 4642,
            "nameEn": "Sunsations",
            "nameAr": "Sunsations",
            "active": true
        },
        "4643": {
            "id": 4643,
            "nameEn": "Mcquade Group",
            "nameAr": "McQuade Group",
            "active": true
        },
        "549": {
            "id": 549,
            "nameEn": "Beacon Hotels and Resorts",
            "nameAr": "فنادق ومنتجعات بيكون",
            "active": true
        },
        "4645": {
            "id": 4645,
            "nameEn": "Bluserena",
            "nameAr": "Bluserena",
            "active": true
        },
        "550": {
            "id": 550,
            "nameEn": "Zacchera Group",
            "nameAr": "Zacchera Group",
            "active": true
        },
        "4647": {
            "id": 4647,
            "nameEn": "Rocamar",
            "nameAr": "Rocamar",
            "active": true
        },
        "552": {
            "id": 552,
            "nameEn": "Les Collectionneurs",
            "nameAr": "Les Collectionneurs",
            "active": true
        },
        "4648": {
            "id": 4648,
            "nameEn": "Kenzi Hotels Group",
            "nameAr": "مجموعة فنادق كنزي",
            "active": true
        },
        "4649": {
            "id": 4649,
            "nameEn": "Mirachoro Hotels",
            "nameAr": "Mirachoro Hotels",
            "active": true
        },
        "4651": {
            "id": 4651,
            "nameEn": "Almuhaidb Group",
            "nameAr": "AlMuhaidb group",
            "active": true
        },
        "558": {
            "id": 558,
            "nameEn": "Camino Real Hotels",
            "nameAr": "Camino Real Hotels",
            "active": true
        },
        "559": {
            "id": 559,
            "nameEn": "Princess Hotels and Resorts",
            "nameAr": "فنادق ومنتجعات برنسيس",
            "active": true
        },
        "4655": {
            "id": 4655,
            "nameEn": "Hph Group",
            "nameAr": "HPH Group",
            "active": true
        },
        "4656": {
            "id": 4656,
            "nameEn": "Guvon Hotels",
            "nameAr": "Guvon Hotels",
            "active": true
        },
        "561": {
            "id": 561,
            "nameEn": "Alda Hotels",
            "nameAr": "Alda Hotels",
            "active": true
        },
        "563": {
            "id": 563,
            "nameEn": "Hostelling International",
            "nameAr": "Hostelling International",
            "active": true
        },
        "4659": {
            "id": 4659,
            "nameEn": "St Cristopher'S Inn",
            "nameAr": "St Cristopher's Inn",
            "active": true
        },
        "564": {
            "id": 564,
            "nameEn": "Meeting Point Hotels",
            "nameAr": "Meeting Point Hotels",
            "active": true
        },
        "565": {
            "id": 565,
            "nameEn": "Extended Stay America Suites",
            "nameAr": "Extended Stay America Suites",
            "active": true
        },
        "566": {
            "id": 566,
            "nameEn": "G1 Group",
            "nameAr": "G1 Group",
            "active": true
        },
        "4664": {
            "id": 4664,
            "nameEn": "Pueblo Bonito Resorts",
            "nameAr": "Pueblo Bonito Resorts",
            "active": true
        },
        "570": {
            "id": 570,
            "nameEn": "Posadas",
            "nameAr": "بوسادس",
            "active": true
        },
        "4666": {
            "id": 4666,
            "nameEn": "D-Hotels",
            "nameAr": "D-Hotels",
            "active": true
        },
        "572": {
            "id": 572,
            "nameEn": "Catalonia Hotels and Resorts",
            "nameAr": "فنادق ومنتجعات كاتالونيا",
            "active": true
        },
        "4669": {
            "id": 4669,
            "nameEn": "Gruppo Mioni",
            "nameAr": "Gruppo Mioni",
            "active": true
        },
        "574": {
            "id": 574,
            "nameEn": "Lapland Hotels",
            "nameAr": "Lapland Hotels",
            "active": true
        },
        "4670": {
            "id": 4670,
            "nameEn": "Elite Island Resorts",
            "nameAr": "Elite Island Resorts",
            "active": true
        },
        "575": {
            "id": 575,
            "nameEn": "Insotel",
            "nameAr": "Insotel",
            "active": true
        },
        "576": {
            "id": 576,
            "nameEn": "Direct Hotels",
            "nameAr": "Direct Hotels",
            "active": true
        },
        "581": {
            "id": 581,
            "nameEn": "Kintetsu Miyako Hotels",
            "nameAr": "Kintetsu Miyako Hotels",
            "active": true
        },
        "4677": {
            "id": 4677,
            "nameEn": "Regal Pacific Hotels",
            "nameAr": "Regal Pacific Hotels",
            "active": true
        },
        "583": {
            "id": 583,
            "nameEn": "Starwood Capital Group",
            "nameAr": "مجموعة ستار وود كابيتال",
            "active": true
        },
        "584": {
            "id": 584,
            "nameEn": "Fletcher",
            "nameAr": "Fletcher",
            "active": true
        },
        "4681": {
            "id": 4681,
            "nameEn": "Olivia Nova Hoteles",
            "nameAr": "Olivia Nova Hoteles",
            "active": true
        },
        "587": {
            "id": 587,
            "nameEn": "Iberik Hotels",
            "nameAr": "IBERIK Hotels",
            "active": true
        },
        "589": {
            "id": 589,
            "nameEn": "Blue Sea Hotels",
            "nameAr": "Blue Sea Hotels",
            "active": true
        },
        "591": {
            "id": 591,
            "nameEn": "Sava Hotels and Resorts",
            "nameAr": "فنادق ومنتجعات سافا",
            "active": true
        },
        "4687": {
            "id": 4687,
            "nameEn": "Fox Resorts",
            "nameAr": "Fox Resorts",
            "active": true
        },
        "592": {
            "id": 592,
            "nameEn": "Xq Hotels",
            "nameAr": "XQ Hotels",
            "active": true
        },
        "593": {
            "id": 593,
            "nameEn": "Sorell Hotels",
            "nameAr": "Sorell Hotels",
            "active": true
        },
        "4689": {
            "id": 4689,
            "nameEn": "Premier Hotels",
            "nameAr": "Premier Hotels",
            "active": true
        },
        "594": {
            "id": 594,
            "nameEn": "Novum Hospitality",
            "nameAr": "Novum Hospitality",
            "active": true
        },
        "596": {
            "id": 596,
            "nameEn": "Sunway Hotel and Apartments Spain",
            "nameAr": "فنادق وشقق صن واي إسبانيا",
            "active": true
        },
        "4694": {
            "id": 4694,
            "nameEn": "Eight Hotels",
            "nameAr": "Eight Hotels",
            "active": true
        },
        "599": {
            "id": 599,
            "nameEn": "Albena",
            "nameAr": "Albena",
            "active": true
        },
        "601": {
            "id": 601,
            "nameEn": "Yha",
            "nameAr": "YHA",
            "active": true
        },
        "602": {
            "id": 602,
            "nameEn": "Hotels Plaza",
            "nameAr": "Hotels Plaza",
            "active": true
        },
        "603": {
            "id": 603,
            "nameEn": "Jose Antonio Hotels",
            "nameAr": "Jose Antonio Hotels",
            "active": true
        },
        "604": {
            "id": 604,
            "nameEn": "Odalys",
            "nameAr": "Odalys",
            "active": true
        },
        "606": {
            "id": 606,
            "nameEn": "Springboard Hospitality",
            "nameAr": "Springboard Hospitality",
            "active": true
        },
        "4703": {
            "id": 4703,
            "nameEn": "Cosmopolita Group",
            "nameAr": "Cosmopolita Group",
            "active": true
        },
        "609": {
            "id": 609,
            "nameEn": "Berjaya Hotels and Resorts",
            "nameAr": "فنادق ومنتجعات بيرجايا",
            "active": true
        },
        "4705": {
            "id": 4705,
            "nameEn": "Station Hotels",
            "nameAr": "Station Hotels",
            "active": true
        },
        "610": {
            "id": 610,
            "nameEn": "Marlin Apartments",
            "nameAr": "Marlin Apartments",
            "active": true
        },
        "612": {
            "id": 612,
            "nameEn": "Grandstay",
            "nameAr": "GrandStay",
            "active": true
        },
        "614": {
            "id": 614,
            "nameEn": "Millennium Hotels and Resorts",
            "nameAr": "فنادق ومنتجعات ميلينيوم",
            "active": true
        },
        "4711": {
            "id": 4711,
            "nameEn": "Innapartments",
            "nameAr": "Innapartments",
            "active": true
        },
        "617": {
            "id": 617,
            "nameEn": "Doma Hotels",
            "nameAr": "Doma Hotels",
            "active": true
        },
        "618": {
            "id": 618,
            "nameEn": "Walt Disney Parks and Resorts",
            "nameAr": "منتجعات وحدائق والت ديزني",
            "active": true
        },
        "619": {
            "id": 619,
            "nameEn": "Apartamentos 3000",
            "nameAr": "Apartamentos 3000",
            "active": true
        },
        "621": {
            "id": 621,
            "nameEn": "Gruppo Canal",
            "nameAr": "Gruppo Canal",
            "active": true
        },
        "622": {
            "id": 622,
            "nameEn": "Solare Hotels And Resorts",
            "nameAr": "Solare Hotels and Resorts",
            "active": true
        },
        "623": {
            "id": 623,
            "nameEn": "Ih Hotels",
            "nameAr": "IH Hotels",
            "active": true
        },
        "4719": {
            "id": 4719,
            "nameEn": "Ovolo Group",
            "nameAr": "Ovolo Group",
            "active": true
        },
        "624": {
            "id": 624,
            "nameEn": "Sbh Hotels",
            "nameAr": "SBH Hotels",
            "active": true
        },
        "4721": {
            "id": 4721,
            "nameEn": "Dear Lisbon",
            "nameAr": "Dear Lisbon",
            "active": true
        },
        "626": {
            "id": 626,
            "nameEn": "Majestic Hotel Group",
            "nameAr": "Majestic Hotel Group",
            "active": true
        },
        "627": {
            "id": 627,
            "nameEn": "Hoteles Center",
            "nameAr": "Hoteles Center",
            "active": true
        },
        "4723": {
            "id": 4723,
            "nameEn": "Ferretti Group",
            "nameAr": "Ferretti Group",
            "active": true
        },
        "4724": {
            "id": 4724,
            "nameEn": "Voi Hotels",
            "nameAr": "VOI Hotels",
            "active": true
        },
        "629": {
            "id": 629,
            "nameEn": "Achat Hotels",
            "nameAr": "فنادق أتشات",
            "active": true
        },
        "630": {
            "id": 630,
            "nameEn": "St Austell",
            "nameAr": "St Austell",
            "active": true
        },
        "633": {
            "id": 633,
            "nameEn": "Set Hotels",
            "nameAr": "Set Hotels",
            "active": true
        },
        "634": {
            "id": 634,
            "nameEn": "Ghl Hotels",
            "nameAr": "GHL Hotels",
            "active": true
        },
        "635": {
            "id": 635,
            "nameEn": "Casa Andina Hotels",
            "nameAr": "Casa Andina Hotels",
            "active": true
        },
        "4731": {
            "id": 4731,
            "nameEn": "Ldc Hotels",
            "nameAr": "LDC Hotels",
            "active": true
        },
        "636": {
            "id": 636,
            "nameEn": "V Hotels",
            "nameAr": "V Hotels",
            "active": true
        },
        "4732": {
            "id": 4732,
            "nameEn": "Ola Hotels",
            "nameAr": "Ola Hotels",
            "active": true
        },
        "637": {
            "id": 637,
            "nameEn": "Orion Hotel Group",
            "nameAr": "Orion Hotel Group",
            "active": true
        },
        "4733": {
            "id": 4733,
            "nameEn": "Sentido Hotels",
            "nameAr": "SENTIDO Hotels",
            "active": true
        },
        "638": {
            "id": 638,
            "nameEn": "Aurum Hotels",
            "nameAr": "Aurum Hotels",
            "active": true
        },
        "641": {
            "id": 641,
            "nameEn": "Nh Hotels",
            "nameAr": "NH Hotels",
            "active": true
        },
        "642": {
            "id": 642,
            "nameEn": "The Singer Group",
            "nameAr": "The Singer Group",
            "active": true
        },
        "4738": {
            "id": 4738,
            "nameEn": "Rocco Forte",
            "nameAr": "Rocco Forte",
            "active": true
        },
        "645": {
            "id": 645,
            "nameEn": "Zanhotel",
            "nameAr": "Zanhotel",
            "active": true
        },
        "4741": {
            "id": 4741,
            "nameEn": "Azoresbeds",
            "nameAr": "AzoresBeds",
            "active": true
        },
        "646": {
            "id": 646,
            "nameEn": "Brit Hotel",
            "nameAr": "Brit Hotel",
            "active": true
        },
        "647": {
            "id": 647,
            "nameEn": "Senani Hotels",
            "nameAr": "Senani Hotels",
            "active": true
        },
        "648": {
            "id": 648,
            "nameEn": "Crea Hotels",
            "nameAr": "فنادق كريا",
            "active": true
        },
        "649": {
            "id": 649,
            "nameEn": "Appart'City",
            "nameAr": "Appart'city",
            "active": true
        },
        "651": {
            "id": 651,
            "nameEn": "Slaviero Hotels",
            "nameAr": "Slaviero Hotels",
            "active": true
        },
        "652": {
            "id": 652,
            "nameEn": "Unlock Boutique Hotels",
            "nameAr": "Unlock Boutique Hotels",
            "active": true
        },
        "654": {
            "id": 654,
            "nameEn": "Ght Hotels",
            "nameAr": "GHT Hotels",
            "active": true
        },
        "656": {
            "id": 656,
            "nameEn": "Barata Hotels",
            "nameAr": "Barata Hotels",
            "active": true
        },
        "657": {
            "id": 657,
            "nameEn": "Britannia Hotels",
            "nameAr": "Britannia Hotels",
            "active": true
        },
        "4754": {
            "id": 4754,
            "nameEn": "Gran Central Suites",
            "nameAr": "Gran Central Suites",
            "active": true
        },
        "659": {
            "id": 659,
            "nameEn": "Emeraude Hotels",
            "nameAr": "فنادق إميراود",
            "active": true
        },
        "661": {
            "id": 661,
            "nameEn": "Destiny Scotland Apartments",
            "nameAr": "شقق ديستني اسكتلندا",
            "active": true
        },
        "664": {
            "id": 664,
            "nameEn": "Ferre Hotels",
            "nameAr": "Ferre Hotels",
            "active": true
        },
        "668": {
            "id": 668,
            "nameEn": "Gruppo Laringe",
            "nameAr": "Gruppo Laringe",
            "active": true
        },
        "672": {
            "id": 672,
            "nameEn": "Simps Inn",
            "nameAr": "Simps Inn",
            "active": true
        },
        "673": {
            "id": 673,
            "nameEn": "Martinhal Family Hotels and Resorts",
            "nameAr": "فنادق ومنتجعات مارتنهال العائلية",
            "active": true
        },
        "4769": {
            "id": 4769,
            "nameEn": "Splendom",
            "nameAr": "Splendom",
            "active": true
        },
        "674": {
            "id": 674,
            "nameEn": "Blue Tree Hotels",
            "nameAr": "Blue Tree Hotels",
            "active": true
        },
        "676": {
            "id": 676,
            "nameEn": "Caesars Entertainment",
            "nameAr": "Caesars Entertainment",
            "active": true
        },
        "678": {
            "id": 678,
            "nameEn": "9Hotel Collection",
            "nameAr": "9Hotel Collection",
            "active": true
        },
        "679": {
            "id": 679,
            "nameEn": "Sitges Group",
            "nameAr": "Sitges Group",
            "active": true
        },
        "682": {
            "id": 682,
            "nameEn": "Oceania Hotels",
            "nameAr": "Oceania Hotels",
            "active": true
        },
        "4778": {
            "id": 4778,
            "nameEn": "Solaris Hotels and Resorts",
            "nameAr": "فنادق ومجتمعات سولاريس",
            "active": true
        },
        "683": {
            "id": 683,
            "nameEn": "Cabau Hotels",
            "nameAr": "Cabau Hotels",
            "active": true
        },
        "684": {
            "id": 684,
            "nameEn": "Santos Hotels",
            "nameAr": "فنادق سانتوس",
            "active": true
        },
        "4783": {
            "id": 4783,
            "nameEn": "Bacares",
            "nameAr": "Bacares",
            "active": true
        },
        "689": {
            "id": 689,
            "nameEn": "Event Hospitality",
            "nameAr": "Event Hospitality",
            "active": true
        },
        "690": {
            "id": 690,
            "nameEn": "Empire Hotel Group",
            "nameAr": "Empire Hotel Group",
            "active": true
        },
        "691": {
            "id": 691,
            "nameEn": "Pillow",
            "nameAr": "Pillow",
            "active": true
        },
        "693": {
            "id": 693,
            "nameEn": "Sancoinn Hotels",
            "nameAr": "فنادق سانكوين",
            "active": true
        },
        "694": {
            "id": 694,
            "nameEn": "Mar Hotels",
            "nameAr": "Mar hotels",
            "active": true
        },
        "4790": {
            "id": 4790,
            "nameEn": "Gruppo Euro House/Cianfrocca",
            "nameAr": "Gruppo Euro House/Cianfrocca",
            "active": true
        },
        "696": {
            "id": 696,
            "nameEn": "The Originals Human Hotels and Resorts",
            "nameAr": "فنادق ومنتجعات ذا أوريجينالز هيومن",
            "active": true
        },
        "697": {
            "id": 697,
            "nameEn": "Mantra",
            "nameAr": "Mantra",
            "active": true
        },
        "698": {
            "id": 698,
            "nameEn": "Marstons Inn",
            "nameAr": "Marstons Inn",
            "active": true
        },
        "699": {
            "id": 699,
            "nameEn": "Vivere Stays",
            "nameAr": "VIVERE STAYS",
            "active": true
        },
        "701": {
            "id": 701,
            "nameEn": "Gloria Plaza Hotels",
            "nameAr": "فنادق جلوريا بلازا",
            "active": true
        },
        "702": {
            "id": 702,
            "nameEn": "Onomo",
            "nameAr": "Onomo",
            "active": true
        },
        "4798": {
            "id": 4798,
            "nameEn": "Arlotti Hotels",
            "nameAr": "Arlotti Hotels",
            "active": true
        },
        "703": {
            "id": 703,
            "nameEn": "Windsor Hotels",
            "nameAr": "Windsor Hotels",
            "active": true
        },
        "704": {
            "id": 704,
            "nameEn": "Medium Hotels",
            "nameAr": "Medium hotels",
            "active": true
        },
        "705": {
            "id": 705,
            "nameEn": "Gruppo Le Clarisse",
            "nameAr": "Gruppo Le Clarisse",
            "active": true
        },
        "4804": {
            "id": 4804,
            "nameEn": "Rabat Riads",
            "nameAr": "Rabat Riads",
            "active": true
        },
        "709": {
            "id": 709,
            "nameEn": "Grupo Golf Resort",
            "nameAr": "Grupo Golf Resort",
            "active": true
        },
        "4806": {
            "id": 4806,
            "nameEn": "Ainb Apartments",
            "nameAr": "AinB Apartments",
            "active": true
        },
        "711": {
            "id": 711,
            "nameEn": "Cotesun Hotels",
            "nameAr": "CoteSun Hotels",
            "active": true
        },
        "712": {
            "id": 712,
            "nameEn": "Summit Hotels and Resorts",
            "nameAr": "فنادق ومنتجعات ساميت",
            "active": true
        },
        "713": {
            "id": 713,
            "nameEn": "Thambapanni Hotels",
            "nameAr": "Thambapanni Hotels",
            "active": true
        },
        "714": {
            "id": 714,
            "nameEn": "Coast Hotels",
            "nameAr": "Coast Hotels",
            "active": true
        },
        "716": {
            "id": 716,
            "nameEn": "Gruppo Una",
            "nameAr": "Gruppo UNA",
            "active": true
        },
        "717": {
            "id": 717,
            "nameEn": "Be Live Hotels",
            "nameAr": "فنادق بي لايف",
            "active": true
        },
        "718": {
            "id": 718,
            "nameEn": "Invisa Hoteles",
            "nameAr": "Invisa Hoteles",
            "active": true
        },
        "4814": {
            "id": 4814,
            "nameEn": "Dourox1",
            "nameAr": "DouroX1",
            "active": true
        },
        "719": {
            "id": 719,
            "nameEn": "Amerian Hotels",
            "nameAr": "Amerian Hotels",
            "active": true
        },
        "720": {
            "id": 720,
            "nameEn": "AandO Hotels And Hostels",
            "nameAr": "فنادق ومنتجعات إيه آند أو",
            "active": true
        },
        "4816": {
            "id": 4816,
            "nameEn": "Jase Hotels and Resorts",
            "nameAr": "فنادق ومنتجعات جيس",
            "active": true
        },
        "722": {
            "id": 722,
            "nameEn": "Plaza Inn",
            "nameAr": "Plaza Inn",
            "active": true
        },
        "723": {
            "id": 723,
            "nameEn": "Swiss-Belhotel International",
            "nameAr": "فنادق سويس بل العالمية",
            "active": true
        },
        "4820": {
            "id": 4820,
            "nameEn": "Mediterranea Rural",
            "nameAr": "Mediterranea Rural",
            "active": true
        },
        "725": {
            "id": 725,
            "nameEn": "Pestana Group",
            "nameAr": "Pestana Group",
            "active": true
        },
        "4823": {
            "id": 4823,
            "nameEn": "Otelery",
            "nameAr": "Otelery",
            "active": true
        },
        "728": {
            "id": 728,
            "nameEn": "Lifestyle Hotel",
            "nameAr": "Lifestyle Hotel",
            "active": true
        },
        "729": {
            "id": 729,
            "nameEn": "Budget Motels",
            "nameAr": "Budget Motels",
            "active": true
        },
        "731": {
            "id": 731,
            "nameEn": "Hmc Hotels",
            "nameAr": "HMC Hotels",
            "active": true
        },
        "732": {
            "id": 732,
            "nameEn": "Groupe Valadier",
            "nameAr": "مجموعة فالاديير",
            "active": true
        },
        "734": {
            "id": 734,
            "nameEn": "Abades Hotels",
            "nameAr": "فنادق أباديس",
            "active": true
        },
        "4830": {
            "id": 4830,
            "nameEn": "18 Torres",
            "nameAr": "18 Torres",
            "active": true
        },
        "4835": {
            "id": 4835,
            "nameEn": "Mozart Hotel Group",
            "nameAr": "Mozart Hotel Group",
            "active": true
        },
        "741": {
            "id": 741,
            "nameEn": "Movich Hotels",
            "nameAr": "Movich Hotels",
            "active": true
        },
        "4838": {
            "id": 4838,
            "nameEn": "Urban Hotels",
            "nameAr": "Urban Hotels",
            "active": true
        },
        "743": {
            "id": 743,
            "nameEn": "Hotusa",
            "nameAr": "Hotusa",
            "active": true
        },
        "4839": {
            "id": 4839,
            "nameEn": "Norat Hotels",
            "nameAr": "فنادق نورات",
            "active": true
        },
        "4842": {
            "id": 4842,
            "nameEn": "Butterfly",
            "nameAr": "Butterfly",
            "active": true
        },
        "4843": {
            "id": 4843,
            "nameEn": "Barnapartments",
            "nameAr": "Barnapartments",
            "active": true
        },
        "748": {
            "id": 748,
            "nameEn": "Hipotels",
            "nameAr": "Hipotels",
            "active": true
        },
        "749": {
            "id": 749,
            "nameEn": "Hf Holidays",
            "nameAr": "HF Holidays",
            "active": true
        },
        "750": {
            "id": 750,
            "nameEn": "Tremo Hoteles",
            "nameAr": "Tremo Hoteles",
            "active": true
        },
        "4848": {
            "id": 4848,
            "nameEn": "Eth Hoteles",
            "nameAr": "ETH Hoteles",
            "active": true
        },
        "754": {
            "id": 754,
            "nameEn": "Taru Villa Hotels",
            "nameAr": "Taru Villa Hotels",
            "active": true
        },
        "755": {
            "id": 755,
            "nameEn": "Althoff Hotels",
            "nameAr": "Althoff Hotels",
            "active": true
        },
        "4854": {
            "id": 4854,
            "nameEn": "Moov Hotels",
            "nameAr": "Moov Hotels",
            "active": true
        },
        "759": {
            "id": 759,
            "nameEn": "East West Hospitality",
            "nameAr": "East West Hospitality",
            "active": true
        },
        "4855": {
            "id": 4855,
            "nameEn": "Evok Hotels",
            "nameAr": "Evok Hotels",
            "active": true
        },
        "761": {
            "id": 761,
            "nameEn": "Tobu Hotel Management",
            "nameAr": "Tobu Hotel Management",
            "active": true
        },
        "763": {
            "id": 763,
            "nameEn": "Bespoke",
            "nameAr": "Bespoke",
            "active": true
        },
        "4861": {
            "id": 4861,
            "nameEn": "Sun Siyam Hotels",
            "nameAr": "Sun Siyam Hotels",
            "active": true
        },
        "4862": {
            "id": 4862,
            "nameEn": "Viva Hotel Avellino Ownership",
            "nameAr": "Viva Hotel Avellino Ownership",
            "active": true
        },
        "768": {
            "id": 768,
            "nameEn": "Cheerfulway Hotels and Resorts",
            "nameAr": "فنادق ومنتجعات تشيرفل واي",
            "active": true
        },
        "4866": {
            "id": 4866,
            "nameEn": "Mn Hoteis",
            "nameAr": "MN Hoteis",
            "active": true
        },
        "4867": {
            "id": 4867,
            "nameEn": "Arenal Suites",
            "nameAr": "أرينال سويتس",
            "active": true
        },
        "775": {
            "id": 775,
            "nameEn": "Hospes",
            "nameAr": "Hospes",
            "active": true
        },
        "776": {
            "id": 776,
            "nameEn": "Own Hotels",
            "nameAr": "Own Hotels",
            "active": true
        },
        "777": {
            "id": 777,
            "nameEn": "Blu Hotels",
            "nameAr": "Blu Hotels",
            "active": true
        },
        "779": {
            "id": 779,
            "nameEn": "Amresorts",
            "nameAr": "AMResorts",
            "active": true
        },
        "780": {
            "id": 780,
            "nameEn": "San Agustin Hotels",
            "nameAr": "San Agustin Hotels",
            "active": true
        },
        "782": {
            "id": 782,
            "nameEn": "Wharf Hotels",
            "nameAr": "Wharf Hotels",
            "active": true
        },
        "4879": {
            "id": 4879,
            "nameEn": "Sonel Hotels",
            "nameAr": "Sonel Hotels",
            "active": true
        },
        "784": {
            "id": 784,
            "nameEn": "Feeling Lisbon Apartments",
            "nameAr": "شقق فيلينج لشبونة",
            "active": true
        },
        "785": {
            "id": 785,
            "nameEn": "Hoteles Estelar",
            "nameAr": "Hoteles Estelar",
            "active": true
        },
        "4882": {
            "id": 4882,
            "nameEn": "Valrural",
            "nameAr": "Valrural",
            "active": true
        },
        "787": {
            "id": 787,
            "nameEn": "Central Apartment Group",
            "nameAr": "Central Apartment Group",
            "active": true
        },
        "788": {
            "id": 788,
            "nameEn": "Sunhotels",
            "nameAr": "Sunhotels",
            "active": true
        },
        "4884": {
            "id": 4884,
            "nameEn": "Villas De Llanorrozo",
            "nameAr": "Villas de Llanorrozo",
            "active": true
        },
        "789": {
            "id": 789,
            "nameEn": "Akzent Hotels",
            "nameAr": "AKZENT Hotels",
            "active": true
        },
        "790": {
            "id": 790,
            "nameEn": "Drury Hotels",
            "nameAr": "Drury Hotels",
            "active": true
        },
        "791": {
            "id": 791,
            "nameEn": "Derby Hotels",
            "nameAr": "Derby Hotels",
            "active": true
        },
        "4888": {
            "id": 4888,
            "nameEn": "Iconic Luxury Hotels",
            "nameAr": "Iconic Luxury Hotels",
            "active": true
        },
        "795": {
            "id": 795,
            "nameEn": "Sarova Hotels Kenya",
            "nameAr": "Sarova Hotels Kenya",
            "active": true
        },
        "4893": {
            "id": 4893,
            "nameEn": "Kuwait Continental Hotels",
            "nameAr": "Kuwait Continental Hotels",
            "active": true
        },
        "799": {
            "id": 799,
            "nameEn": "Tierra Viva Hotels",
            "nameAr": "Tierra Viva Hotels",
            "active": true
        },
        "800": {
            "id": 800,
            "nameEn": "Greene King Inns",
            "nameAr": "جرين كينج إنز",
            "active": true
        },
        "802": {
            "id": 802,
            "nameEn": "Sti Morocco",
            "nameAr": "STI Morocco",
            "active": true
        },
        "804": {
            "id": 804,
            "nameEn": "Oxo Hotels",
            "nameAr": "Oxo Hotels",
            "active": true
        },
        "807": {
            "id": 807,
            "nameEn": "Marhaba Hotels Tunisia",
            "nameAr": "Marhaba Hotels Tunisia",
            "active": true
        },
        "808": {
            "id": 808,
            "nameEn": "Cn Jinling Hotels",
            "nameAr": "فنادق سي إن جينلينغ",
            "active": true
        },
        "809": {
            "id": 809,
            "nameEn": "Pacific Hotels",
            "nameAr": "Pacific Hotels",
            "active": true
        },
        "4906": {
            "id": 4906,
            "nameEn": "Aranzazu Hoteles",
            "nameAr": "Aranzazu Hoteles",
            "active": true
        },
        "4907": {
            "id": 4907,
            "nameEn": "Mon Suites",
            "nameAr": "مون سويتس",
            "active": true
        },
        "812": {
            "id": 812,
            "nameEn": "Bnapartments",
            "nameAr": "Bnapartments",
            "active": true
        },
        "813": {
            "id": 813,
            "nameEn": "Young'S Hotels",
            "nameAr": "Young's Hotels",
            "active": true
        },
        "4910": {
            "id": 4910,
            "nameEn": "Casas Do Vale",
            "nameAr": "Casas do Vale",
            "active": true
        },
        "815": {
            "id": 815,
            "nameEn": "Hotel Performance",
            "nameAr": "Hotel Performance",
            "active": true
        },
        "816": {
            "id": 816,
            "nameEn": "Hm Hotels",
            "nameAr": "HM Hotels",
            "active": true
        },
        "817": {
            "id": 817,
            "nameEn": "Petit Palace",
            "nameAr": "Petit Palace",
            "active": true
        },
        "4915": {
            "id": 4915,
            "nameEn": "Hnh Hospitality",
            "nameAr": "إتش إن إتش للضيافة",
            "active": true
        },
        "820": {
            "id": 820,
            "nameEn": "My Story Hotels",
            "nameAr": "My Story Hotels",
            "active": true
        },
        "821": {
            "id": 821,
            "nameEn": "Palia Hotels",
            "nameAr": "Palia Hotels",
            "active": true
        },
        "4917": {
            "id": 4917,
            "nameEn": "Debambu",
            "nameAr": "Debambu",
            "active": true
        },
        "822": {
            "id": 822,
            "nameEn": "Bluesun Hotels and Resorts",
            "nameAr": "فنادق ومنتجعات بلو صن",
            "active": true
        },
        "4919": {
            "id": 4919,
            "nameEn": "Gruppo Villa Del Pino",
            "nameAr": "Gruppo Villa del Pino",
            "active": true
        },
        "824": {
            "id": 824,
            "nameEn": "Necci Hotels",
            "nameAr": "Necci Hotels",
            "active": true
        },
        "825": {
            "id": 825,
            "nameEn": "Spoegler Hotels",
            "nameAr": "Spoegler Hotels",
            "active": true
        },
        "4921": {
            "id": 4921,
            "nameEn": "The Montcalm London",
            "nameAr": "ذا مونتكالم لندن",
            "active": true
        },
        "4922": {
            "id": 4922,
            "nameEn": "Pyramid Hotel Group",
            "nameAr": "مجموعة فنادق بيراميد",
            "active": true
        },
        "827": {
            "id": 827,
            "nameEn": "Lsr Hotels",
            "nameAr": "LSR Hotels",
            "active": true
        },
        "828": {
            "id": 828,
            "nameEn": "Itc Hotels",
            "nameAr": "ITC Hotels",
            "active": true
        },
        "829": {
            "id": 829,
            "nameEn": "Seetel Hotels",
            "nameAr": "Seetel Hotels",
            "active": true
        },
        "830": {
            "id": 830,
            "nameEn": "Green Rich Hotels",
            "nameAr": "Green Rich Hotels",
            "active": true
        },
        "831": {
            "id": 831,
            "nameEn": "Sant Jordi Hostels",
            "nameAr": "Sant Jordi Hostels",
            "active": true
        },
        "832": {
            "id": 832,
            "nameEn": "Hoteles Rh",
            "nameAr": "Hoteles RH",
            "active": true
        },
        "833": {
            "id": 833,
            "nameEn": "Grange Hotels",
            "nameAr": "فنادق جرانج",
            "active": true
        },
        "834": {
            "id": 834,
            "nameEn": "Studios 2 Let",
            "nameAr": "Studios 2 Let",
            "active": true
        },
        "4930": {
            "id": 4930,
            "nameEn": "Capsule And Sauna Century Group",
            "nameAr": "Capsule and Sauna Century Group",
            "active": true
        },
        "835": {
            "id": 835,
            "nameEn": "Mc Hotels",
            "nameAr": "Mc Hotels",
            "active": true
        },
        "836": {
            "id": 836,
            "nameEn": "Grupo Cardoso",
            "nameAr": "Grupo Cardoso",
            "active": true
        },
        "4932": {
            "id": 4932,
            "nameEn": "Inmobiliaria Laguna Sur",
            "nameAr": "Inmobiliaria Laguna Sur",
            "active": true
        },
        "840": {
            "id": 840,
            "nameEn": "Kapama",
            "nameAr": "Kapama",
            "active": true
        },
        "4936": {
            "id": 4936,
            "nameEn": "4L Collection",
            "nameAr": "4L COLLECTION",
            "active": true
        },
        "841": {
            "id": 841,
            "nameEn": "Maxone",
            "nameAr": "MaxOne",
            "active": true
        },
        "844": {
            "id": 844,
            "nameEn": "Vacances Bleues",
            "nameAr": "Vacances Bleues",
            "active": true
        },
        "4940": {
            "id": 4940,
            "nameEn": "Indpt-Aida Hotels",
            "nameAr": "Indpt-Aida Hotels",
            "active": true
        },
        "845": {
            "id": 845,
            "nameEn": "Golden Hotels",
            "nameAr": "Golden Hotels",
            "active": true
        },
        "846": {
            "id": 846,
            "nameEn": "Alexandre Hotels And Utopia Spas",
            "nameAr": "Alexandre Hotels and Utopia Spas",
            "active": true
        },
        "4943": {
            "id": 4943,
            "nameEn": "Hawaiian Hotels and Resorts",
            "nameAr": "فنادق ومنتجعات هاوايان",
            "active": true
        },
        "848": {
            "id": 848,
            "nameEn": "Room Mate Hotels",
            "nameAr": "Room Mate Hotels",
            "active": true
        },
        "849": {
            "id": 849,
            "nameEn": "Gloria Palace Hotels",
            "nameAr": "Gloria Palace Hotels",
            "active": true
        },
        "852": {
            "id": 852,
            "nameEn": "Garbi Hotels",
            "nameAr": "Garbi Hotels",
            "active": true
        },
        "4948": {
            "id": 4948,
            "nameEn": "Vilcon Hotels",
            "nameAr": "Vilcon Hotels",
            "active": true
        },
        "853": {
            "id": 853,
            "nameEn": "Bq Hoteles",
            "nameAr": "BQ Hoteles",
            "active": true
        },
        "4949": {
            "id": 4949,
            "nameEn": "Gruppo Michielan",
            "nameAr": "Gruppo Michielan",
            "active": true
        },
        "854": {
            "id": 854,
            "nameEn": "Lungarno Collection",
            "nameAr": "Lungarno Collection",
            "active": true
        },
        "855": {
            "id": 855,
            "nameEn": "Zenrooms",
            "nameAr": "ZenRooms",
            "active": true
        },
        "856": {
            "id": 856,
            "nameEn": "Swiss Youth Hostels",
            "nameAr": "Swiss Youth Hostels",
            "active": true
        },
        "858": {
            "id": 858,
            "nameEn": "Lakeshore",
            "nameAr": "Lakeshore",
            "active": true
        },
        "859": {
            "id": 859,
            "nameEn": "Popinns",
            "nameAr": "Popinns",
            "active": true
        },
        "861": {
            "id": 861,
            "nameEn": "Bossh Hotels",
            "nameAr": "Bossh Hotels",
            "active": true
        },
        "4958": {
            "id": 4958,
            "nameEn": "Magic Hotels And Resorts",
            "nameAr": "Magic Hotels and Resorts",
            "active": true
        },
        "865": {
            "id": 865,
            "nameEn": "Giglio Hotels",
            "nameAr": "Giglio Hotels",
            "active": true
        },
        "866": {
            "id": 866,
            "nameEn": "Nemea ",
            "nameAr": "نيميا",
            "active": true
        },
        "867": {
            "id": 867,
            "nameEn": "Harbour Plaza Hotels and Resorts",
            "nameAr": "فنادق ومنتجعات هاربور بلازا",
            "active": true
        },
        "868": {
            "id": 868,
            "nameEn": "Hecansa",
            "nameAr": "Hecansa",
            "active": true
        },
        "4965": {
            "id": 4965,
            "nameEn": "Gavimar Hotels",
            "nameAr": "Gavimar Hotels",
            "active": true
        },
        "4966": {
            "id": 4966,
            "nameEn": "Km Hotels Collection",
            "nameAr": "KM Hotels Collection",
            "active": true
        },
        "871": {
            "id": 871,
            "nameEn": "Ramee Group of Hotels ",
            "nameAr": "مجموعة فنادق رامي",
            "active": true
        },
        "872": {
            "id": 872,
            "nameEn": "Gruppo Michol",
            "nameAr": "Gruppo Michol",
            "active": true
        },
        "873": {
            "id": 873,
            "nameEn": "Colorado Group Hotels",
            "nameAr": "مجموعة فنادق كلورادو",
            "active": true
        },
        "876": {
            "id": 876,
            "nameEn": "Thesqua.Re",
            "nameAr": "thesqua.re",
            "active": true
        },
        "877": {
            "id": 877,
            "nameEn": "Jr Kyusyu Hotels",
            "nameAr": "JR Kyusyu Hotels",
            "active": true
        },
        "4973": {
            "id": 4973,
            "nameEn": "Img Hoteles",
            "nameAr": "IMG Hoteles",
            "active": true
        },
        "879": {
            "id": 879,
            "nameEn": "Topparken",
            "nameAr": "TopParken",
            "active": true
        },
        "4975": {
            "id": 4975,
            "nameEn": "Santa Marina Hotels",
            "nameAr": "Santa Marina Hotels",
            "active": true
        },
        "881": {
            "id": 881,
            "nameEn": "Sotetsu",
            "nameAr": "Sotetsu",
            "active": true
        },
        "4977": {
            "id": 4977,
            "nameEn": "Beijuan",
            "nameAr": "Beijuan",
            "active": true
        },
        "4978": {
            "id": 4978,
            "nameEn": "Hf Hotels",
            "nameAr": "فنادق إتش إف",
            "active": true
        },
        "883": {
            "id": 883,
            "nameEn": "Gruppo Fratelli Gatti",
            "nameAr": "Gruppo Fratelli Gatti",
            "active": true
        },
        "887": {
            "id": 887,
            "nameEn": "Zerca Hoteles",
            "nameAr": "Zerca Hoteles",
            "active": true
        },
        "4985": {
            "id": 4985,
            "nameEn": "Torse Hoteles",
            "nameAr": "Torse Hoteles",
            "active": true
        },
        "890": {
            "id": 890,
            "nameEn": "Lindner Hotels and Resorts",
            "nameAr": "فنادق ومنتجعات ليندنر ",
            "active": true
        },
        "892": {
            "id": 892,
            "nameEn": "Original Irish Hotels",
            "nameAr": "Original Irish Hotels",
            "active": true
        },
        "893": {
            "id": 893,
            "nameEn": "Lake District Country Hotels",
            "nameAr": "Lake District Country Hotels",
            "active": true
        },
        "894": {
            "id": 894,
            "nameEn": "Nau Hotels and Resorts",
            "nameAr": "فنادق ومنتجعات إن إيه يو",
            "active": true
        },
        "895": {
            "id": 895,
            "nameEn": "Fattal Hotel Group",
            "nameAr": "Fattal Hotel Group",
            "active": true
        },
        "4991": {
            "id": 4991,
            "nameEn": "Lonardelli Group",
            "nameAr": "Lonardelli Group",
            "active": true
        },
        "4992": {
            "id": 4992,
            "nameEn": "Louis Hotels",
            "nameAr": "فنادق لويس",
            "active": true
        },
        "897": {
            "id": 897,
            "nameEn": "Aeolian Charme Collection",
            "nameAr": "مجموعة إيولايان تشارم",
            "active": true
        },
        "4993": {
            "id": 4993,
            "nameEn": "Py Hotels",
            "nameAr": "PY hotels",
            "active": true
        },
        "899": {
            "id": 899,
            "nameEn": "Alh Group",
            "nameAr": "ALH Group",
            "active": true
        },
        "900": {
            "id": 900,
            "nameEn": "Mystays Hotel Management",
            "nameAr": "Mystays Hotel Management",
            "active": true
        },
        "902": {
            "id": 902,
            "nameEn": "Iti Colonna Hotels and Resorts",
            "nameAr": "فنادق ومنتجعات آي تي آي كولونا",
            "active": true
        },
        "4998": {
            "id": 4998,
            "nameEn": "Hoteles Torreluz",
            "nameAr": "Hoteles Torreluz",
            "active": true
        },
        "907": {
            "id": 907,
            "nameEn": "Planhotel Hospitality Group",
            "nameAr": "PlanHotel Hospitality Group",
            "active": true
        },
        "908": {
            "id": 908,
            "nameEn": "Logis International",
            "nameAr": "Logis International",
            "active": true
        },
        "910": {
            "id": 910,
            "nameEn": "Hoteli Maestral",
            "nameAr": "Hoteli Maestral",
            "active": true
        },
        "911": {
            "id": 911,
            "nameEn": "Azimut Hotels",
            "nameAr": "Azimut Hotels",
            "active": true
        },
        "912": {
            "id": 912,
            "nameEn": "Bd Hotels - Independent",
            "nameAr": "BD Hotels - Independent",
            "active": true
        },
        "5008": {
            "id": 5008,
            "nameEn": "Eklo Hotels",
            "nameAr": "Eklo Hotels",
            "active": true
        },
        "913": {
            "id": 913,
            "nameEn": "Ytl Hotels",
            "nameAr": "YTL Hotels",
            "active": true
        },
        "914": {
            "id": 914,
            "nameEn": "Center Parcs",
            "nameAr": "Center Parcs",
            "active": true
        },
        "915": {
            "id": 915,
            "nameEn": "The Fern Hotels and Resorts",
            "nameAr": "فنادق ومنتجعات ذا فيرن",
            "active": true
        },
        "5013": {
            "id": 5013,
            "nameEn": "Hiphop Hostels",
            "nameAr": "HipHop Hostels",
            "active": true
        },
        "918": {
            "id": 918,
            "nameEn": "Select Hotels Group",
            "nameAr": "Select Hotels Group",
            "active": true
        },
        "922": {
            "id": 922,
            "nameEn": "Decameron Hotels",
            "nameAr": "Decameron Hotels",
            "active": true
        },
        "5018": {
            "id": 5018,
            "nameEn": "Namibian Wildlife Resorts",
            "nameAr": "Namibian Wildlife Resorts",
            "active": true
        },
        "924": {
            "id": 924,
            "nameEn": "African Hotels and Adventures",
            "nameAr": "افريكان هوتلز آند أدفينتشرز",
            "active": true
        },
        "927": {
            "id": 927,
            "nameEn": "Toyoko Inn",
            "nameAr": "Toyoko Inn",
            "active": true
        },
        "928": {
            "id": 928,
            "nameEn": "Orbitur",
            "nameAr": "Orbitur",
            "active": true
        },
        "5024": {
            "id": 5024,
            "nameEn": "Atmosphere",
            "nameAr": "Atmosphere",
            "active": true
        },
        "929": {
            "id": 929,
            "nameEn": "Sanmarcohotels",
            "nameAr": "SanMarcoHotels",
            "active": true
        },
        "930": {
            "id": 930,
            "nameEn": "Hotel Monterey Group",
            "nameAr": "Hotel Monterey Group",
            "active": true
        },
        "5027": {
            "id": 5027,
            "nameEn": "Sun Confort Hotels",
            "nameAr": "Sun Confort Hotels",
            "active": true
        },
        "933": {
            "id": 933,
            "nameEn": "Harbour Hotels",
            "nameAr": "Harbour Hotels",
            "active": true
        },
        "934": {
            "id": 934,
            "nameEn": "Aic Hotel Group",
            "nameAr": "AIC Hotel Group",
            "active": true
        },
        "5030": {
            "id": 5030,
            "nameEn": "Ostar Grupo Hotelero",
            "nameAr": "مجموعة فنادق أوستار",
            "active": true
        },
        "5031": {
            "id": 5031,
            "nameEn": "Lamin Hotels",
            "nameAr": "Lamin Hotels",
            "active": true
        },
        "936": {
            "id": 936,
            "nameEn": "Red Sea Hotels",
            "nameAr": "Red Sea Hotels",
            "active": true
        },
        "939": {
            "id": 939,
            "nameEn": "Playa Hotels and Resorts",
            "nameAr": "فنادق ومنتجعات بلايا",
            "active": true
        },
        "5035": {
            "id": 5035,
            "nameEn": "Lennox Hotels",
            "nameAr": "Lennox Hotels",
            "active": true
        },
        "5037": {
            "id": 5037,
            "nameEn": "Al Eairy Group",
            "nameAr": "AL Eairy Group",
            "active": true
        },
        "5039": {
            "id": 5039,
            "nameEn": "Pavillon De La Reine",
            "nameAr": "Pavillon de la Reine",
            "active": true
        },
        "944": {
            "id": 944,
            "nameEn": "Mh Apartments",
            "nameAr": "MH Apartments",
            "active": true
        },
        "5042": {
            "id": 5042,
            "nameEn": "Austria Trend",
            "nameAr": "Austria Trend",
            "active": true
        },
        "948": {
            "id": 948,
            "nameEn": "Hentalpia",
            "nameAr": "Hentalpia",
            "active": true
        },
        "950": {
            "id": 950,
            "nameEn": "Rimini Residence",
            "nameAr": "Rimini Residence",
            "active": true
        },
        "5046": {
            "id": 5046,
            "nameEn": "Phoenicia Hotels and Resorts",
            "nameAr": "فنادق ومنتجعات فينيشيا",
            "active": true
        },
        "952": {
            "id": 952,
            "nameEn": "Augustus Hotels",
            "nameAr": "Augustus Hotels",
            "active": true
        },
        "953": {
            "id": 953,
            "nameEn": "Frogner House",
            "nameAr": "Frogner House",
            "active": true
        },
        "956": {
            "id": 956,
            "nameEn": "Ibersol",
            "nameAr": "Ibersol",
            "active": true
        },
        "958": {
            "id": 958,
            "nameEn": "Richmond Hotels",
            "nameAr": "فنادق ريتشموند",
            "active": true
        },
        "959": {
            "id": 959,
            "nameEn": "Ermia Hotels and Resorts",
            "nameAr": " فنادق ومنتجعات أرميا",
            "active": true
        },
        "5055": {
            "id": 5055,
            "nameEn": "Lotus Hospitality",
            "nameAr": "Lotus Hospitality",
            "active": true
        },
        "961": {
            "id": 961,
            "nameEn": "El Mouradi Hotels",
            "nameAr": "El Mouradi Hotels",
            "active": true
        },
        "5057": {
            "id": 5057,
            "nameEn": "Superclubs",
            "nameAr": "SuperClubs",
            "active": true
        },
        "962": {
            "id": 962,
            "nameEn": "4R Hotels",
            "nameAr": "4R Hotels",
            "active": true
        },
        "5059": {
            "id": 5059,
            "nameEn": "Coastal Hotels",
            "nameAr": "Coastal Hotels",
            "active": true
        },
        "5063": {
            "id": 5063,
            "nameEn": "Premium Suite Hotels",
            "nameAr": "Premium Suite Hotels",
            "active": true
        },
        "971": {
            "id": 971,
            "nameEn": "Askalu Group",
            "nameAr": "Askalu Group",
            "active": true
        },
        "976": {
            "id": 976,
            "nameEn": "Apogia Hotels",
            "nameAr": "Apogia Hotels",
            "active": true
        },
        "977": {
            "id": 977,
            "nameEn": "Silken Hotels",
            "nameAr": "فنادق سيلكن",
            "active": true
        },
        "5073": {
            "id": 5073,
            "nameEn": "Axel Hotels",
            "nameAr": "Axel Hotels",
            "active": true
        },
        "978": {
            "id": 978,
            "nameEn": "Fuerte Hotels",
            "nameAr": "Fuerte Hotels",
            "active": true
        },
        "980": {
            "id": 980,
            "nameEn": "Relax Innz",
            "nameAr": "Relax Innz",
            "active": true
        },
        "981": {
            "id": 981,
            "nameEn": "Suite Paradise",
            "nameAr": "Suite Paradise",
            "active": true
        },
        "982": {
            "id": 982,
            "nameEn": "Villas2Go2",
            "nameAr": "Villas2Go2",
            "active": true
        },
        "5080": {
            "id": 5080,
            "nameEn": "Fh Hotels",
            "nameAr": "FH Hotels",
            "active": true
        },
        "988": {
            "id": 988,
            "nameEn": "Coco Collection",
            "nameAr": "Coco Collection",
            "active": true
        },
        "989": {
            "id": 989,
            "nameEn": "Sun International",
            "nameAr": "Sun International",
            "active": true
        },
        "990": {
            "id": 990,
            "nameEn": "Premier Inn",
            "nameAr": "بريمير ان",
            "active": true
        },
        "991": {
            "id": 991,
            "nameEn": "Hoshino Resorts",
            "nameAr": "Hoshino Resorts",
            "active": true
        },
        "5088": {
            "id": 5088,
            "nameEn": "Wuau Hotels",
            "nameAr": "Wuau Hotels",
            "active": true
        },
        "997": {
            "id": 997,
            "nameEn": "Escalas Hotels",
            "nameAr": "Escalas Hotels",
            "active": true
        },
        "999": {
            "id": 999,
            "nameEn": "Ax Hotels",
            "nameAr": "AX Hotels",
            "active": true
        },
        "1000": {
            "id": 1000,
            "nameEn": "Lux Resorts and Hotels",
            "nameAr": "فنادق ومنتجعات لوكس",
            "active": true
        },
        "5096": {
            "id": 5096,
            "nameEn": "Jc Hotels",
            "nameAr": "JC Hotels",
            "active": true
        },
        "1003": {
            "id": 1003,
            "nameEn": "The Palm Experience Hotels",
            "nameAr": "The Palm Experience Hotels",
            "active": true
        },
        "5099": {
            "id": 5099,
            "nameEn": "The Pe Hotel Group",
            "nameAr": "The PE Hotel Group",
            "active": true
        },
        "1006": {
            "id": 1006,
            "nameEn": "Atlas Hospitality",
            "nameAr": "Atlas Hospitality",
            "active": true
        },
        "5102": {
            "id": 5102,
            "nameEn": "Myr Hotels",
            "nameAr": "فنادق إم واي أر",
            "active": true
        },
        "1009": {
            "id": 1009,
            "nameEn": "Bilderberg",
            "nameAr": "Bilderberg",
            "active": true
        },
        "5107": {
            "id": 5107,
            "nameEn": "Alpissima",
            "nameAr": "Alpissima",
            "active": true
        },
        "1013": {
            "id": 1013,
            "nameEn": "Selina Hostels",
            "nameAr": "Selina Hostels",
            "active": true
        },
        "1014": {
            "id": 1014,
            "nameEn": "Porto Santo Hotels",
            "nameAr": "Porto Santo Hotels",
            "active": true
        },
        "1016": {
            "id": 1016,
            "nameEn": "Trevpar World",
            "nameAr": "TrevPAR World",
            "active": true
        },
        "5112": {
            "id": 5112,
            "nameEn": "Primavera Hotels",
            "nameAr": "Primavera Hotels",
            "active": true
        },
        "1017": {
            "id": 1017,
            "nameEn": "Effehotels",
            "nameAr": "Effehotels",
            "active": true
        },
        "5117": {
            "id": 5117,
            "nameEn": "Oceana Hotels",
            "nameAr": "Oceana Hotels",
            "active": true
        },
        "1022": {
            "id": 1022,
            "nameEn": "Emar Hoteles",
            "nameAr": "EMAR Hoteles",
            "active": true
        },
        "1025": {
            "id": 1025,
            "nameEn": "Amex",
            "nameAr": "AMEX",
            "active": true
        },
        "5121": {
            "id": 5121,
            "nameEn": "Joli Group",
            "nameAr": "Joli group",
            "active": true
        },
        "5123": {
            "id": 5123,
            "nameEn": "Gruppo Giorgina And  Romantica",
            "nameAr": "Gruppo Giorgina and  Romantica",
            "active": true
        },
        "5125": {
            "id": 5125,
            "nameEn": "Magnolia Hotels",
            "nameAr": "Magnolia Hotels",
            "active": true
        },
        "1032": {
            "id": 1032,
            "nameEn": "Antoinette Hotel Group",
            "nameAr": "Antoinette Hotel Group",
            "active": true
        },
        "5128": {
            "id": 5128,
            "nameEn": "Piu Hotels",
            "nameAr": "PIU HOTELS",
            "active": true
        },
        "1033": {
            "id": 1033,
            "nameEn": "New Otani Hotels",
            "nameAr": "فنادق نيو أوتاني",
            "active": true
        },
        "5129": {
            "id": 5129,
            "nameEn": "Apartamentos Wallada",
            "nameAr": "Apartamentos Wallada",
            "active": true
        },
        "1035": {
            "id": 1035,
            "nameEn": "Candeo Hotels",
            "nameAr": "Candeo Hotels",
            "active": true
        },
        "1037": {
            "id": 1037,
            "nameEn": "Riu Hotels",
            "nameAr": "RIU Hotels",
            "active": true
        },
        "1039": {
            "id": 1039,
            "nameEn": "Travel Charme Hotels",
            "nameAr": "Travel Charme Hotels",
            "active": true
        },
        "1040": {
            "id": 1040,
            "nameEn": "Nobu Hotels",
            "nameAr": "Nobu Hotels",
            "active": true
        },
        "1041": {
            "id": 1041,
            "nameEn": "Gargallo Hotels",
            "nameAr": "Gargallo Hotels",
            "active": true
        },
        "1044": {
            "id": 1044,
            "nameEn": "Orea Hotels",
            "nameAr": "Orea Hotels",
            "active": true
        },
        "1045": {
            "id": 1045,
            "nameEn": "Partouche",
            "nameAr": "Partouche",
            "active": true
        },
        "1048": {
            "id": 1048,
            "nameEn": "Gruppo Roshella",
            "nameAr": "Gruppo Roshella",
            "active": true
        },
        "1051": {
            "id": 1051,
            "nameEn": "Total Valencia",
            "nameAr": "Total Valencia",
            "active": true
        },
        "1052": {
            "id": 1052,
            "nameEn": "Elegant Hotels",
            "nameAr": "Elegant Hotels",
            "active": true
        },
        "5149": {
            "id": 5149,
            "nameEn": "Garda Hotels Italia",
            "nameAr": "Garda Hotels Italia",
            "active": true
        },
        "1054": {
            "id": 1054,
            "nameEn": "Hotansa",
            "nameAr": "Hotansa",
            "active": true
        },
        "5155": {
            "id": 5155,
            "nameEn": "Babel Hotels",
            "nameAr": "Babel Hotels",
            "active": true
        },
        "1061": {
            "id": 1061,
            "nameEn": "Vienna International Hotels",
            "nameAr": "Vienna International Hotels",
            "active": true
        },
        "5157": {
            "id": 5157,
            "nameEn": "Altis Hotels",
            "nameAr": "Altis Hotels",
            "active": true
        },
        "1065": {
            "id": 1065,
            "nameEn": "Apartdirect",
            "nameAr": "ApartDirect",
            "active": true
        },
        "1066": {
            "id": 1066,
            "nameEn": "Curatella Hotels",
            "nameAr": "Curatella Hotels",
            "active": true
        },
        "1067": {
            "id": 1067,
            "nameEn": "Spicers Retreats",
            "nameAr": "Spicers Retreats",
            "active": true
        },
        "1069": {
            "id": 1069,
            "nameEn": "Archipelago International",
            "nameAr": "Archipelago International",
            "active": true
        },
        "1071": {
            "id": 1071,
            "nameEn": "C-Hotels",
            "nameAr": "سي هوتلز",
            "active": true
        },
        "1074": {
            "id": 1074,
            "nameEn": "Hotel Ventures Ltd",
            "nameAr": "Hotel Ventures Ltd",
            "active": true
        },
        "5170": {
            "id": 5170,
            "nameEn": "Tripgeo",
            "nameAr": "TripGeo",
            "active": true
        },
        "1076": {
            "id": 1076,
            "nameEn": "Transamerica Hotels",
            "nameAr": "Transamerica Hotels",
            "active": true
        },
        "5173": {
            "id": 5173,
            "nameEn": "Artiem Hotels",
            "nameAr": "Artiem Hotels",
            "active": true
        },
        "1084": {
            "id": 1084,
            "nameEn": "Unizo Hotel Company",
            "nameAr": "Unizo Hotel Company",
            "active": true
        },
        "1086": {
            "id": 1086,
            "nameEn": "St James'S Hotel",
            "nameAr": "St James's Hotel",
            "active": true
        },
        "1087": {
            "id": 1087,
            "nameEn": "Chincherini Hotels and Resorts",
            "nameAr": " فنادق ومنتجعات تشينشيريني",
            "active": true
        },
        "1088": {
            "id": 1088,
            "nameEn": "Montebelo Hotels and Resorts",
            "nameAr": "فنادق ومنتجعات مونتيبيلو",
            "active": true
        },
        "1089": {
            "id": 1089,
            "nameEn": "Moivaro Lodges and Tented Camps",
            "nameAr": "نزل وكامب مويفارو",
            "active": true
        },
        "1091": {
            "id": 1091,
            "nameEn": "Coral Hotels",
            "nameAr": "Coral Hotels",
            "active": true
        },
        "1096": {
            "id": 1096,
            "nameEn": "Cabinn Hotels",
            "nameAr": "Cabinn Hotels",
            "active": true
        },
        "1098": {
            "id": 1098,
            "nameEn": "Ele Hotels",
            "nameAr": "ELE Hotels",
            "active": true
        },
        "1099": {
            "id": 1099,
            "nameEn": "Santorini/Regency Hotels",
            "nameAr": "Santorini/Regency Hotels",
            "active": true
        },
        "1101": {
            "id": 1101,
            "nameEn": "Pride Hotels",
            "nameAr": "Pride Hotels",
            "active": true
        },
        "1102": {
            "id": 1102,
            "nameEn": "Prince Hotels",
            "nameAr": "Prince Hotels",
            "active": true
        },
        "1104": {
            "id": 1104,
            "nameEn": "Zt Hotels",
            "nameAr": "ZT Hotels",
            "active": true
        },
        "5200": {
            "id": 5200,
            "nameEn": "Esprit De France",
            "nameAr": "Esprit de France",
            "active": true
        },
        "1106": {
            "id": 1106,
            "nameEn": "Vip Hotels",
            "nameAr": "VIP Hotels",
            "active": true
        },
        "1108": {
            "id": 1108,
            "nameEn": "Dimhotels",
            "nameAr": "Dimhotels",
            "active": true
        },
        "5204": {
            "id": 5204,
            "nameEn": "La Regalina",
            "nameAr": "La Regalina",
            "active": true
        },
        "1109": {
            "id": 1109,
            "nameEn": "Onyx Hospitality Group",
            "nameAr": "Onyx Hospitality Group",
            "active": true
        },
        "1110": {
            "id": 1110,
            "nameEn": "Classic Norway",
            "nameAr": "Classic Norway",
            "active": true
        },
        "1111": {
            "id": 1111,
            "nameEn": "Falkensteiner Hotels and Residences",
            "nameAr": "فاندق ومساكن فالكنشتاينر",
            "active": true
        },
        "1112": {
            "id": 1112,
            "nameEn": "Mon Hotels",
            "nameAr": "Mon Hotels",
            "active": true
        },
        "1114": {
            "id": 1114,
            "nameEn": "Hoteles Var",
            "nameAr": "Hoteles Var",
            "active": true
        },
        "5210": {
            "id": 5210,
            "nameEn": "Yourhouse Group",
            "nameAr": "YourHouse Group",
            "active": true
        },
        "1116": {
            "id": 1116,
            "nameEn": "Banyan Tree Hotels and Resorts",
            "nameAr": "فنادق ومنتجعات بانيان تري",
            "active": true
        },
        "1117": {
            "id": 1117,
            "nameEn": "Express Lodging Group",
            "nameAr": "Express Lodging Group",
            "active": true
        },
        "1120": {
            "id": 1120,
            "nameEn": "Xons Hotels",
            "nameAr": "Xons Hotels",
            "active": true
        },
        "1123": {
            "id": 1123,
            "nameEn": "Garden Hotels",
            "nameAr": "Garden hotels",
            "active": true
        },
        "1125": {
            "id": 1125,
            "nameEn": "Seaside Hotels",
            "nameAr": "Seaside Hotels",
            "active": true
        },
        "1126": {
            "id": 1126,
            "nameEn": "Luxury Family Hotels",
            "nameAr": "Luxury Family Hotels",
            "active": true
        },
        "1127": {
            "id": 1127,
            "nameEn": "Southern Cross Hotels",
            "nameAr": "فنادق ساوثرن كروس",
            "active": true
        },
        "1132": {
            "id": 1132,
            "nameEn": "Afribode Accommodation",
            "nameAr": "Afribode Accommodation",
            "active": true
        },
        "1134": {
            "id": 1134,
            "nameEn": "Marquis Hotels",
            "nameAr": "Marquis Hotels",
            "active": true
        },
        "1138": {
            "id": 1138,
            "nameEn": "Concept Hotel Group",
            "nameAr": "Concept Hotel Group",
            "active": true
        },
        "1139": {
            "id": 1139,
            "nameEn": "Sandos and Marconfort",
            "nameAr": "ساندوس آند ماركونفورت",
            "active": true
        },
        "5237": {
            "id": 5237,
            "nameEn": "Freigeist Hotels",
            "nameAr": "Freigeist Hotels",
            "active": true
        },
        "1142": {
            "id": 1142,
            "nameEn": "Quickstay",
            "nameAr": "QuickStay",
            "active": true
        },
        "1144": {
            "id": 1144,
            "nameEn": "Sol Caribe Hotels",
            "nameAr": "Sol Caribe Hotels",
            "active": true
        },
        "5240": {
            "id": 5240,
            "nameEn": "Las Casitas De Tijarafe",
            "nameAr": "Las Casitas de Tijarafe",
            "active": true
        },
        "1145": {
            "id": 1145,
            "nameEn": "Lgh Hotels",
            "nameAr": "LGH Hotels",
            "active": true
        },
        "1146": {
            "id": 1146,
            "nameEn": "Arise",
            "nameAr": "Arise",
            "active": true
        },
        "5242": {
            "id": 5242,
            "nameEn": "Camellias Chain",
            "nameAr": "Camellias Chain",
            "active": true
        },
        "1147": {
            "id": 1147,
            "nameEn": "Grupo Habita",
            "nameAr": "Grupo Habita",
            "active": true
        },
        "5243": {
            "id": 5243,
            "nameEn": "Flor De Rosassa",
            "nameAr": "Flor de Rosassa",
            "active": true
        },
        "5245": {
            "id": 5245,
            "nameEn": "Constance Hotels and Resorts",
            "nameAr": "فنادق ومنتجعات كونستانس",
            "active": true
        },
        "1150": {
            "id": 1150,
            "nameEn": "Playa Senator",
            "nameAr": "Playa Senator",
            "active": true
        },
        "1155": {
            "id": 1155,
            "nameEn": "Mgm Muthu Hotels",
            "nameAr": "MGM Muthu Hotels",
            "active": true
        },
        "1158": {
            "id": 1158,
            "nameEn": "Valamar Riviera",
            "nameAr": "Valamar Riviera",
            "active": true
        },
        "5256": {
            "id": 5256,
            "nameEn": "Mister Bed",
            "nameAr": "Mister Bed",
            "active": true
        },
        "1162": {
            "id": 1162,
            "nameEn": "Pacifica Hotels",
            "nameAr": "Pacifica Hotels",
            "active": true
        },
        "5258": {
            "id": 5258,
            "nameEn": "Ag Hotels",
            "nameAr": "AG Hotels",
            "active": true
        },
        "1163": {
            "id": 1163,
            "nameEn": "Novomalaga",
            "nameAr": "Novomalaga",
            "active": true
        },
        "1164": {
            "id": 1164,
            "nameEn": "Experience Augusta",
            "nameAr": "Experience Augusta",
            "active": true
        },
        "1167": {
            "id": 1167,
            "nameEn": "Meininger",
            "nameAr": "Meininger",
            "active": true
        },
        "5263": {
            "id": 5263,
            "nameEn": "Excellence Hotels",
            "nameAr": "Excellence Hotels",
            "active": true
        },
        "1170": {
            "id": 1170,
            "nameEn": "Ibb Hotel Collection",
            "nameAr": "مجموعة فنادق أي بي بي",
            "active": true
        },
        "5266": {
            "id": 5266,
            "nameEn": "Albir Confort",
            "nameAr": "Albir Confort",
            "active": true
        },
        "1171": {
            "id": 1171,
            "nameEn": "Oporto Home Boutique",
            "nameAr": "Oporto Home Boutique",
            "active": true
        },
        "1174": {
            "id": 1174,
            "nameEn": "Carema Hotels",
            "nameAr": "Carema Hotels",
            "active": true
        },
        "5271": {
            "id": 5271,
            "nameEn": "Fjb Hotels",
            "nameAr": "فنادق إف جيه بي",
            "active": true
        },
        "1178": {
            "id": 1178,
            "nameEn": "H.I.S. Hotel Holdings Co Ltd",
            "nameAr": "H.I.S. Hotel Holdings Co Ltd",
            "active": true
        },
        "5279": {
            "id": 5279,
            "nameEn": "Torre De Canyamel Group",
            "nameAr": "مجموعة توري دي كانياميل",
            "active": true
        },
        "1185": {
            "id": 1185,
            "nameEn": "Portblue Hotels and Resorts",
            "nameAr": "فنادق ومنتجعات بورتبلو",
            "active": true
        },
        "1187": {
            "id": 1187,
            "nameEn": "Rotas Hotels",
            "nameAr": "Rotas Hotels",
            "active": true
        },
        "5287": {
            "id": 5287,
            "nameEn": "Zia",
            "nameAr": "ZIA",
            "active": true
        },
        "5288": {
            "id": 5288,
            "nameEn": "O and L Leisure Hotels and Lodges",
            "nameAr": "فنادق ونزل أو آند إل ليجير",
            "active": true
        },
        "5290": {
            "id": 5290,
            "nameEn": "Ananay Hotels",
            "nameAr": "Ananay Hotels",
            "active": true
        },
        "5292": {
            "id": 5292,
            "nameEn": "Sentrim Kenya Limited",
            "nameAr": "سنتريم كينيا المحدودة",
            "active": true
        },
        "5293": {
            "id": 5293,
            "nameEn": "Gruppo Strozzi",
            "nameAr": "Gruppo Strozzi",
            "active": true
        },
        "5294": {
            "id": 5294,
            "nameEn": "Gruppo Angelo Bellanova",
            "nameAr": "Gruppo Angelo Bellanova",
            "active": true
        },
        "1199": {
            "id": 1199,
            "nameEn": "Azureva",
            "nameAr": "Azureva",
            "active": true
        },
        "5296": {
            "id": 5296,
            "nameEn": "Leomar Hoteles",
            "nameAr": "LEOMAR HOTELES",
            "active": true
        },
        "5302": {
            "id": 5302,
            "nameEn": "Alexandre De Almeida",
            "nameAr": "الكسندر دي الميدا",
            "active": true
        },
        "1209": {
            "id": 1209,
            "nameEn": "Alquilair",
            "nameAr": "Alquilair",
            "active": true
        },
        "1210": {
            "id": 1210,
            "nameEn": "Hospedium",
            "nameAr": "Hospedium",
            "active": true
        },
        "1217": {
            "id": 1217,
            "nameEn": "Plava Laguna",
            "nameAr": "Plava Laguna",
            "active": true
        },
        "5314": {
            "id": 5314,
            "nameEn": "Amaya Hotels",
            "nameAr": "Amaya Hotels",
            "active": true
        },
        "5315": {
            "id": 5315,
            "nameEn": "Hbd Hotels",
            "nameAr": "HBD Hotels",
            "active": true
        },
        "1221": {
            "id": 1221,
            "nameEn": "Sea Hotels",
            "nameAr": "Sea Hotels",
            "active": true
        },
        "1222": {
            "id": 1222,
            "nameEn": "Holidays2",
            "nameAr": "Holidays2",
            "active": true
        },
        "1223": {
            "id": 1223,
            "nameEn": "Hoteles Pato",
            "nameAr": "Hoteles Pato",
            "active": true
        },
        "1225": {
            "id": 1225,
            "nameEn": "Cayres Suites",
            "nameAr": "Cayres Suites",
            "active": true
        },
        "5322": {
            "id": 5322,
            "nameEn": "S Hotels and Resorts",
            "nameAr": "فنادق ومنتجعات إس",
            "active": true
        },
        "5323": {
            "id": 5323,
            "nameEn": "Irotama Hotels",
            "nameAr": "Irotama Hotels",
            "active": true
        },
        "5324": {
            "id": 5324,
            "nameEn": "Dolan Hotels",
            "nameAr": "Dolan Hotels",
            "active": true
        },
        "1229": {
            "id": 1229,
            "nameEn": "Cm Hotels",
            "nameAr": "CM Hotels",
            "active": true
        },
        "5326": {
            "id": 5326,
            "nameEn": "Villas De La Marina",
            "nameAr": "Villas de la Marina",
            "active": true
        },
        "5327": {
            "id": 5327,
            "nameEn": "Apex Hotels",
            "nameAr": "Apex Hotels",
            "active": true
        },
        "1233": {
            "id": 1233,
            "nameEn": "Tang'S Living Group",
            "nameAr": "Tang's Living Group",
            "active": true
        },
        "5330": {
            "id": 5330,
            "nameEn": "Fruela Hoteles",
            "nameAr": "Fruela Hoteles",
            "active": true
        },
        "1237": {
            "id": 1237,
            "nameEn": "Motel One",
            "nameAr": "Motel One",
            "active": true
        },
        "1239": {
            "id": 1239,
            "nameEn": "Hplus",
            "nameAr": "HPlus",
            "active": true
        },
        "1240": {
            "id": 1240,
            "nameEn": "Mhb Hotelaria",
            "nameAr": "MHB Hotelaria",
            "active": true
        },
        "1241": {
            "id": 1241,
            "nameEn": "Handpicked Hotels",
            "nameAr": "Handpicked Hotels",
            "active": true
        },
        "1242": {
            "id": 1242,
            "nameEn": "Palladium Hotel Group",
            "nameAr": "مجموعة فنادق بلاديوم",
            "active": true
        },
        "5338": {
            "id": 5338,
            "nameEn": "Arenzano E Punta San Martino",
            "nameAr": "Arenzano e Punta San Martino",
            "active": true
        },
        "1243": {
            "id": 1243,
            "nameEn": "By Mansley",
            "nameAr": "باي مانسلي",
            "active": true
        },
        "5339": {
            "id": 5339,
            "nameEn": "Park Avenue",
            "nameAr": "Park Avenue",
            "active": true
        },
        "1245": {
            "id": 1245,
            "nameEn": "Nihon Hotel",
            "nameAr": "Nihon Hotel",
            "active": true
        },
        "1246": {
            "id": 1246,
            "nameEn": "Greenland International Hotels Group",
            "nameAr": "مجموعة فنادق جرينلاند العالمية",
            "active": true
        },
        "1247": {
            "id": 1247,
            "nameEn": "Ingenia Holidays",
            "nameAr": "Ingenia Holidays",
            "active": true
        },
        "1248": {
            "id": 1248,
            "nameEn": "Ace Hotel France",
            "nameAr": "ACE hotel France",
            "active": true
        },
        "5345": {
            "id": 5345,
            "nameEn": "Spring Hoteles",
            "nameAr": "Spring Hoteles",
            "active": true
        },
        "5347": {
            "id": 5347,
            "nameEn": "Costa Golf Beach Resort",
            "nameAr": "Costa Golf Beach Resort",
            "active": true
        },
        "1254": {
            "id": 1254,
            "nameEn": "Namaste Apartments",
            "nameAr": "Namaste Apartments",
            "active": true
        },
        "1257": {
            "id": 1257,
            "nameEn": "Surfside Hotel Group",
            "nameAr": "مجموعة فنادق سيرفسايد",
            "active": true
        },
        "5355": {
            "id": 5355,
            "nameEn": "Grupo Galdana",
            "nameAr": "Grupo Galdana",
            "active": true
        },
        "5357": {
            "id": 5357,
            "nameEn": "Lisbon Heritage Hotels",
            "nameAr": "فندق لشبونة هيريتدج",
            "active": true
        },
        "1263": {
            "id": 1263,
            "nameEn": "Hoteles Click Clack",
            "nameAr": "Hoteles Click Clack",
            "active": true
        },
        "5359": {
            "id": 5359,
            "nameEn": "Marsol Hotels and Resorts",
            "nameAr": "فنادق ومنتجعات مارسول",
            "active": true
        },
        "5360": {
            "id": 5360,
            "nameEn": "The Hotel Sphere",
            "nameAr": "The Hotel Sphere",
            "active": true
        },
        "1266": {
            "id": 1266,
            "nameEn": "Parchotels",
            "nameAr": "Parchotels",
            "active": true
        },
        "5362": {
            "id": 5362,
            "nameEn": "Cala Blanca Menorca",
            "nameAr": "Cala Blanca Menorca",
            "active": true
        },
        "1267": {
            "id": 1267,
            "nameEn": "Hotel Management",
            "nameAr": "Hotel Management",
            "active": true
        },
        "5365": {
            "id": 5365,
            "nameEn": "Gruppo Pastine",
            "nameAr": "Gruppo Pastine",
            "active": true
        },
        "5366": {
            "id": 5366,
            "nameEn": "Savoia Hotels",
            "nameAr": "Savoia Hotels",
            "active": true
        },
        "1276": {
            "id": 1276,
            "nameEn": "Milling Hotels",
            "nameAr": "Milling Hotels",
            "active": true
        },
        "1277": {
            "id": 1277,
            "nameEn": "Donnini Apartments",
            "nameAr": "Donnini Apartments",
            "active": true
        },
        "1280": {
            "id": 1280,
            "nameEn": "The Beautique Hotels",
            "nameAr": "The Beautique Hotels",
            "active": true
        },
        "1281": {
            "id": 1281,
            "nameEn": "Thb Hotels",
            "nameAr": "THB hotels",
            "active": true
        },
        "5378": {
            "id": 5378,
            "nameEn": "Ragosta Hotels",
            "nameAr": "Ragosta Hotels",
            "active": true
        },
        "1283": {
            "id": 1283,
            "nameEn": "Sarovar Hotels and Resorts",
            "nameAr": "فنادق ومنتجعات ساروفار",
            "active": true
        },
        "1285": {
            "id": 1285,
            "nameEn": "Castle Collection",
            "nameAr": "كاسل كولكشن",
            "active": true
        },
        "1286": {
            "id": 1286,
            "nameEn": "Freycinet Holiday Houses",
            "nameAr": "Freycinet Holiday Houses",
            "active": true
        },
        "5385": {
            "id": 5385,
            "nameEn": "Primelodge Uk Hotels Ltd",
            "nameAr": "Primelodge UK Hotels Ltd",
            "active": true
        },
        "5386": {
            "id": 5386,
            "nameEn": "Heritage Hotels Kenya",
            "nameAr": "Heritage Hotels Kenya",
            "active": true
        },
        "5387": {
            "id": 5387,
            "nameEn": "Alvear Hotels",
            "nameAr": "Alvear Hotels",
            "active": true
        },
        "5391": {
            "id": 5391,
            "nameEn": "Hotelania",
            "nameAr": "Hotelania",
            "active": true
        },
        "1296": {
            "id": 1296,
            "nameEn": "Calton Living",
            "nameAr": "Calton Living",
            "active": true
        },
        "5392": {
            "id": 5392,
            "nameEn": "Entree Hotels",
            "nameAr": "Entree Hotels",
            "active": true
        },
        "5393": {
            "id": 5393,
            "nameEn": "Central America Riande Hotels",
            "nameAr": "Central America Riande Hotels",
            "active": true
        },
        "5394": {
            "id": 5394,
            "nameEn": "Golden Chain",
            "nameAr": "Golden Chain",
            "active": true
        },
        "1299": {
            "id": 1299,
            "nameEn": "Orange Costa",
            "nameAr": "Orange Costa",
            "active": true
        },
        "5396": {
            "id": 5396,
            "nameEn": "Grand Uk Hotels",
            "nameAr": "Grand UK Hotels",
            "active": true
        },
        "1316": {
            "id": 1316,
            "nameEn": "Iti Marina Hotels and Resorts",
            "nameAr": "فنادق ومنتجعات أي تي أي مارينا",
            "active": true
        },
        "5416": {
            "id": 5416,
            "nameEn": "Balaia Mar Hotel and Apartamentos Da Balaia",
            "nameAr": "فندق وشقق بلايا مار دا بلايا",
            "active": true
        },
        "5419": {
            "id": 5419,
            "nameEn": "Brandt Hospitality Group",
            "nameAr": "مجموعة ضيافة براندت",
            "active": true
        },
        "1325": {
            "id": 1325,
            "nameEn": "Airmanaged Ia",
            "nameAr": "airManaged IA",
            "active": true
        },
        "1326": {
            "id": 1326,
            "nameEn": "Getaway Merimbula",
            "nameAr": "Getaway Merimbula",
            "active": true
        },
        "1327": {
            "id": 1327,
            "nameEn": "Rizzante Hotels",
            "nameAr": "Rizzante Hotels",
            "active": true
        },
        "5425": {
            "id": 5425,
            "nameEn": "Cheval Collection",
            "nameAr": "مجموعة فنادق شيفال",
            "active": true
        },
        "5433": {
            "id": 5433,
            "nameEn": "Alta House",
            "nameAr": "Alta house",
            "active": true
        },
        "5434": {
            "id": 5434,
            "nameEn": "Baglioni Hotels",
            "nameAr": "Baglioni Hotels",
            "active": true
        },
        "1340": {
            "id": 1340,
            "nameEn": "Stay Gia",
            "nameAr": "Stay Gia",
            "active": true
        },
        "1346": {
            "id": 1346,
            "nameEn": "Residence Hotels",
            "nameAr": "فنادق ريزيدنس",
            "active": true
        },
        "5451": {
            "id": 5451,
            "nameEn": "Albatroz Beach and Yacht Club",
            "nameAr": "شاطئ الباتروز ونادي اليخوت",
            "active": true
        },
        "5454": {
            "id": 5454,
            "nameEn": "Miramar Group",
            "nameAr": "Miramar Group",
            "active": true
        },
        "1364": {
            "id": 1364,
            "nameEn": "Northland Properties",
            "nameAr": " نورث لاند بروبرتيز",
            "active": true
        },
        "1374": {
            "id": 1374,
            "nameEn": "Formentera Break",
            "nameAr": "Formentera Break",
            "active": true
        },
        "1376": {
            "id": 1376,
            "nameEn": "Unik Hotels",
            "nameAr": "فنادق أونيك",
            "active": true
        },
        "1389": {
            "id": 1389,
            "nameEn": "Ona Hotels",
            "nameAr": "Ona Hotels",
            "active": true
        },
        "5488": {
            "id": 5488,
            "nameEn": "Isla Hotels",
            "nameAr": "Isla Hotels",
            "active": true
        },
        "1393": {
            "id": 1393,
            "nameEn": "Tu Anfitrion",
            "nameAr": "Tu Anfitrion",
            "active": true
        },
        "1395": {
            "id": 1395,
            "nameEn": "Hoteles Poseidon",
            "nameAr": "Hoteles Poseidon",
            "active": true
        },
        "1396": {
            "id": 1396,
            "nameEn": "Viva Hotels",
            "nameAr": "Viva hotels",
            "active": true
        },
        "5493": {
            "id": 5493,
            "nameEn": "Sresort",
            "nameAr": "SResort",
            "active": true
        },
        "5497": {
            "id": 5497,
            "nameEn": "Lp Hotels",
            "nameAr": "LP hotels",
            "active": true
        },
        "1402": {
            "id": 1402,
            "nameEn": "Langebaan Holiday Homes",
            "nameAr": "Langebaan Holiday Homes",
            "active": true
        },
        "5499": {
            "id": 5499,
            "nameEn": "Gloria Hotels and Resorts",
            "nameAr": "فنادق ومنتجعات جلوريا",
            "active": true
        },
        "1408": {
            "id": 1408,
            "nameEn": "Star Surf Camps Ltd.",
            "nameAr": "Star Surf Camps Ltd.",
            "active": true
        },
        "5514": {
            "id": 5514,
            "nameEn": "Eix Hotels",
            "nameAr": "Eix hotels",
            "active": true
        },
        "1421": {
            "id": 1421,
            "nameEn": "Roussill Hotel",
            "nameAr": "Roussill Hotel",
            "active": true
        },
        "1423": {
            "id": 1423,
            "nameEn": "Singular Apartments",
            "nameAr": "Singular Apartments",
            "active": true
        },
        "1424": {
            "id": 1424,
            "nameEn": "Js Hotels",
            "nameAr": "JS Hotels",
            "active": true
        },
        "1430": {
            "id": 1430,
            "nameEn": "Greenblu Gestioni Turistiche",
            "nameAr": "Greenblu Gestioni Turistiche",
            "active": true
        },
        "5527": {
            "id": 5527,
            "nameEn": "Memmo Hotels",
            "nameAr": "Memmo Hotels",
            "active": true
        },
        "1433": {
            "id": 1433,
            "nameEn": "Rv Hotel",
            "nameAr": "RV Hotel",
            "active": true
        },
        "5529": {
            "id": 5529,
            "nameEn": "Villa Hotels and Resorts",
            "nameAr": "فنادق ومنتجعات فيلا",
            "active": true
        },
        "1436": {
            "id": 1436,
            "nameEn": "R Collections Hotels",
            "nameAr": "R Collections Hotels",
            "active": true
        },
        "1441": {
            "id": 1441,
            "nameEn": "Terrazasalpujarra",
            "nameAr": "TerrazasAlpujarra",
            "active": true
        },
        "5538": {
            "id": 5538,
            "nameEn": "Seramar Hotels",
            "nameAr": "فنادق سيرامار",
            "active": true
        },
        "1443": {
            "id": 1443,
            "nameEn": "Grupo Reside",
            "nameAr": "Grupo Reside",
            "active": true
        },
        "1445": {
            "id": 1445,
            "nameEn": "Huttopia",
            "nameAr": "Huttopia",
            "active": true
        },
        "5543": {
            "id": 5543,
            "nameEn": "Tlh Leisure Resort",
            "nameAr": "TLH Leisure resort",
            "active": true
        },
        "5545": {
            "id": 5545,
            "nameEn": "Lalandia Resorts",
            "nameAr": "Lalandia Resorts",
            "active": true
        },
        "5548": {
            "id": 5548,
            "nameEn": "Irish Court Hotels",
            "nameAr": "Irish Court Hotels",
            "active": true
        },
        "5551": {
            "id": 5551,
            "nameEn": "Galo Resort Hotels",
            "nameAr": "فنادق ومنتجعات جالو",
            "active": true
        },
        "1458": {
            "id": 1458,
            "nameEn": "Integralix",
            "nameAr": "Integralix",
            "active": true
        },
        "1466": {
            "id": 1466,
            "nameEn": "Citrus Hotels",
            "nameAr": "Citrus Hotels",
            "active": true
        },
        "5564": {
            "id": 5564,
            "nameEn": "Jc Hoteles",
            "nameAr": "JC hoteles",
            "active": true
        },
        "5568": {
            "id": 5568,
            "nameEn": "Dc Hoteles",
            "nameAr": "DC Hoteles",
            "active": true
        },
        "1473": {
            "id": 1473,
            "nameEn": "Suncity",
            "nameAr": "Suncity",
            "active": true
        },
        "5573": {
            "id": 5573,
            "nameEn": "Unite Students",
            "nameAr": "Unite Students",
            "active": true
        },
        "1479": {
            "id": 1479,
            "nameEn": "Noble House",
            "nameAr": "Noble House",
            "active": true
        },
        "1481": {
            "id": 1481,
            "nameEn": "Cityblue",
            "nameAr": "CityBlue",
            "active": true
        },
        "1483": {
            "id": 1483,
            "nameEn": "Timhotels",
            "nameAr": "TimHotels",
            "active": true
        },
        "5581": {
            "id": 5581,
            "nameEn": "New Horizons Hotels and Resorts",
            "nameAr": "فنادق ومنتجعات نيو هورايزونز ",
            "active": true
        },
        "1488": {
            "id": 1488,
            "nameEn": "Cirrus Inns",
            "nameAr": "Cirrus Inns",
            "active": true
        },
        "5586": {
            "id": 5586,
            "nameEn": "Augustus Hotels Group",
            "nameAr": "مجموعة فنادق أوجستس",
            "active": true
        },
        "1495": {
            "id": 1495,
            "nameEn": "Casasur Hotels",
            "nameAr": "CasaSur Hotels",
            "active": true
        },
        "1496": {
            "id": 1496,
            "nameEn": "Beach Mate Resorts",
            "nameAr": "Beach Mate Resorts",
            "active": true
        },
        "5592": {
            "id": 5592,
            "nameEn": "Laya Hotels",
            "nameAr": "Laya Hotels",
            "active": true
        },
        "5594": {
            "id": 5594,
            "nameEn": "Faba Hotels",
            "nameAr": "Faba Hotels",
            "active": true
        },
        "5596": {
            "id": 5596,
            "nameEn": "Ross Hotels",
            "nameAr": "Ross Hotels",
            "active": true
        },
        "5597": {
            "id": 5597,
            "nameEn": "Waterfront Hotels and Casinos",
            "nameAr": "فنادق وكازينوهات ووترفرونت",
            "active": true
        },
        "5603": {
            "id": 5603,
            "nameEn": "Sge Hotels",
            "nameAr": "SGE Hotels",
            "active": true
        },
        "1509": {
            "id": 1509,
            "nameEn": "Oporto Invite Apartments",
            "nameAr": "اوبورتو انفيت ابارتمنتس",
            "active": true
        },
        "5609": {
            "id": 5609,
            "nameEn": "Taypikala Hotels",
            "nameAr": "Taypikala Hotels",
            "active": true
        },
        "5612": {
            "id": 5612,
            "nameEn": "Colonna Hotels",
            "nameAr": "Colonna Hotels",
            "active": true
        },
        "1520": {
            "id": 1520,
            "nameEn": "City View Apartments",
            "nameAr": "City View Apartments",
            "active": true
        },
        "5617": {
            "id": 5617,
            "nameEn": "Solymar Hoteles",
            "nameAr": "Solymar Hoteles",
            "active": true
        },
        "5619": {
            "id": 5619,
            "nameEn": "Gruppo Margherini",
            "nameAr": "Gruppo Margherini",
            "active": true
        },
        "1525": {
            "id": 1525,
            "nameEn": "Servatur Hoteles",
            "nameAr": "Servatur Hoteles",
            "active": true
        },
        "1526": {
            "id": 1526,
            "nameEn": "Super Hotel",
            "nameAr": "Super Hotel",
            "active": true
        },
        "5624": {
            "id": 5624,
            "nameEn": "Nest Hostels",
            "nameAr": "Nest Hostels",
            "active": true
        },
        "1532": {
            "id": 1532,
            "nameEn": "Cresta Hotels",
            "nameAr": "Cresta Hotels",
            "active": true
        },
        "5629": {
            "id": 5629,
            "nameEn": "Pga Catalunya Resort",
            "nameAr": "PGA Catalunya Resort",
            "active": true
        },
        "1534": {
            "id": 1534,
            "nameEn": "Kanpo No Yado",
            "nameAr": "Kanpo no Yado",
            "active": true
        },
        "1536": {
            "id": 1536,
            "nameEn": "D'Autor Apartments",
            "nameAr": "D'Autor Apartments",
            "active": true
        },
        "1537": {
            "id": 1537,
            "nameEn": "Patrick Hayat Hotels",
            "nameAr": "فنادق باتريك حياة",
            "active": true
        },
        "1541": {
            "id": 1541,
            "nameEn": "Wanda Hotels and Resorts",
            "nameAr": "فنادق ومنتجعات واندا",
            "active": true
        },
        "5639": {
            "id": 5639,
            "nameEn": "Vr Club Hotels and Resorts",
            "nameAr": "فنادق ومنتجعات في أر كلوب",
            "active": true
        },
        "1554": {
            "id": 1554,
            "nameEn": "Kuretake Hotel and Restaurant",
            "nameAr": "فندق ومطعم كوريتاكي",
            "active": true
        },
        "1561": {
            "id": 1561,
            "nameEn": "Welcome Hotel Group",
            "nameAr": "مجموعة فنادق ويلكم",
            "active": true
        },
        "1568": {
            "id": 1568,
            "nameEn": "Cuencaloft",
            "nameAr": "Cuencaloft",
            "active": true
        },
        "1574": {
            "id": 1574,
            "nameEn": "Actahotels",
            "nameAr": "Actahotels",
            "active": true
        },
        "1579": {
            "id": 1579,
            "nameEn": "Citybreak-Apartments",
            "nameAr": "Citybreak-Apartments",
            "active": true
        },
        "1580": {
            "id": 1580,
            "nameEn": "Wynn Resorts",
            "nameAr": "Wynn Resorts",
            "active": true
        },
        "5679": {
            "id": 5679,
            "nameEn": "Heritage Resorts",
            "nameAr": "Heritage Resorts",
            "active": true
        },
        "1585": {
            "id": 1585,
            "nameEn": "Happy Apartaments",
            "nameAr": "شقق هابي",
            "active": true
        },
        "1596": {
            "id": 1596,
            "nameEn": "Grup El Floc Andorra",
            "nameAr": "Grup el Floc Andorra",
            "active": true
        },
        "5694": {
            "id": 5694,
            "nameEn": "Cedars House",
            "nameAr": "Cedars House",
            "active": true
        },
        "1603": {
            "id": 1603,
            "nameEn": "Valenciaflats",
            "nameAr": "Valenciaflats",
            "active": true
        },
        "1606": {
            "id": 1606,
            "nameEn": "First Cabin",
            "nameAr": "First Cabin",
            "active": true
        },
        "5708": {
            "id": 5708,
            "nameEn": "Cumbres Hotels",
            "nameAr": "Cumbres Hotels",
            "active": true
        },
        "1614": {
            "id": 1614,
            "nameEn": "Sunny Dreams Factory Llc",
            "nameAr": " صني دريمز فاكتوري المحدودة",
            "active": true
        },
        "5713": {
            "id": 5713,
            "nameEn": "Edinburgh First",
            "nameAr": "Edinburgh First",
            "active": true
        },
        "1622": {
            "id": 1622,
            "nameEn": "Your Stay Bristol",
            "nameAr": "Your Stay Bristol",
            "active": true
        },
        "1624": {
            "id": 1624,
            "nameEn": "Dm Hotels",
            "nameAr": "DM Hotels",
            "active": true
        },
        "1628": {
            "id": 1628,
            "nameEn": "Alvarez Arguelles Hotels",
            "nameAr": "Alvarez Arguelles Hotels",
            "active": true
        },
        "5724": {
            "id": 5724,
            "nameEn": "Gb Hotel Group",
            "nameAr": "مجموعة فنادق جي بي",
            "active": true
        },
        "1630": {
            "id": 1630,
            "nameEn": "Turim Hotels",
            "nameAr": "Turim Hotels",
            "active": true
        },
        "1631": {
            "id": 1631,
            "nameEn": "Checkin",
            "nameAr": "Checkin",
            "active": true
        },
        "5727": {
            "id": 5727,
            "nameEn": "Kasa Hotel Collection",
            "nameAr": "مجموعة فنادق كاسا",
            "active": true
        },
        "1633": {
            "id": 1633,
            "nameEn": "Allia Hotels",
            "nameAr": "Allia Hotels",
            "active": true
        },
        "1634": {
            "id": 1634,
            "nameEn": "Antony",
            "nameAr": "Antony",
            "active": true
        },
        "5738": {
            "id": 5738,
            "nameEn": "Mokinba",
            "nameAr": "Mokinba",
            "active": true
        },
        "1653": {
            "id": 1653,
            "nameEn": "Murillo",
            "nameAr": "Murillo",
            "active": true
        },
        "5751": {
            "id": 5751,
            "nameEn": "Sensia Hotels",
            "nameAr": "Sensia Hotels",
            "active": true
        },
        "5753": {
            "id": 5753,
            "nameEn": "The So Hotels and Serviced Apartments",
            "nameAr": "فنادق وشقق ذا إس أو الفندقية",
            "active": true
        },
        "5754": {
            "id": 5754,
            "nameEn": "Inwood Hotels",
            "nameAr": "Inwood Hotels",
            "active": true
        },
        "5762": {
            "id": 5762,
            "nameEn": "Altamar Hotels And Resorts",
            "nameAr": "فنادق ومنتجعات التامار",
            "active": true
        },
        "5767": {
            "id": 5767,
            "nameEn": "Petrucci Hotels",
            "nameAr": "Petrucci Hotels",
            "active": true
        },
        "5771": {
            "id": 5771,
            "nameEn": "Enotel",
            "nameAr": "Enotel",
            "active": true
        },
        "1676": {
            "id": 1676,
            "nameEn": "Dinesen Collection",
            "nameAr": "Dinesen Collection",
            "active": true
        },
        "5772": {
            "id": 5772,
            "nameEn": "Destination Hostels",
            "nameAr": "Destination Hostels",
            "active": true
        },
        "1682": {
            "id": 1682,
            "nameEn": "Karika Casas",
            "nameAr": "Karika Casas",
            "active": true
        },
        "5779": {
            "id": 5779,
            "nameEn": "The Lince Hotels",
            "nameAr": "The Lince Hotels",
            "active": true
        },
        "1685": {
            "id": 1685,
            "nameEn": "Sono Hotels and Resorts",
            "nameAr": "فنادق ومنتجعات سونو",
            "active": true
        },
        "1687": {
            "id": 1687,
            "nameEn": "Fantastay",
            "nameAr": "Fantastay",
            "active": true
        },
        "5783": {
            "id": 5783,
            "nameEn": "Sumus Hotels",
            "nameAr": "Sumus Hotels",
            "active": true
        },
        "5787": {
            "id": 5787,
            "nameEn": "Ilodge",
            "nameAr": "iLodge",
            "active": true
        },
        "5793": {
            "id": 5793,
            "nameEn": "Cg Hotels and Resorts",
            "nameAr": "فنادق ومنتجعات سي جي",
            "active": true
        },
        "5794": {
            "id": 5794,
            "nameEn": "Gruppo De Ierolamo",
            "nameAr": "Gruppo de Ierolamo",
            "active": true
        },
        "5795": {
            "id": 5795,
            "nameEn": "Bruno Valastro",
            "nameAr": "Bruno Valastro",
            "active": true
        },
        "1701": {
            "id": 1701,
            "nameEn": "Alfagar Aparthotels and Resorts",
            "nameAr": "منتجعات وشقق ألفاجار الفندقية",
            "active": true
        },
        "5797": {
            "id": 5797,
            "nameEn": "Dormirdcine",
            "nameAr": "Dormirdcine",
            "active": true
        },
        "1704": {
            "id": 1704,
            "nameEn": "Inkaterra Hotels",
            "nameAr": "Inkaterra Hotels",
            "active": true
        },
        "5800": {
            "id": 5800,
            "nameEn": "Dunas Hotels and Resorts",
            "nameAr": "فنادق ومنتجعات دوناس",
            "active": true
        },
        "5801": {
            "id": 5801,
            "nameEn": "Gallery Hoteles",
            "nameAr": "Gallery Hoteles",
            "active": true
        },
        "1706": {
            "id": 1706,
            "nameEn": "Dossen International Group",
            "nameAr": "مجموعة دوسن الدولية",
            "active": true
        },
        "1709": {
            "id": 1709,
            "nameEn": "Lotte Hotels and Resorts",
            "nameAr": "فنادق ومنتجعات لوتي",
            "active": true
        },
        "1710": {
            "id": 1710,
            "nameEn": "NEA Group",
            "nameAr": "NEA Group",
            "active": true
        },
        "1711": {
            "id": 1711,
            "nameEn": "Atiram Hotels",
            "nameAr": "Atiram Hotels",
            "active": true
        },
        "1712": {
            "id": 1712,
            "nameEn": "Ag Apartments",
            "nameAr": "AG Apartments",
            "active": true
        },
        "1715": {
            "id": 1715,
            "nameEn": "Azuline Hotels",
            "nameAr": "Azuline Hotels",
            "active": true
        },
        "1716": {
            "id": 1716,
            "nameEn": "Windsor Hospitality",
            "nameAr": "ويندسور للضيافة",
            "active": true
        },
        "1717": {
            "id": 1717,
            "nameEn": "Hommyhome",
            "nameAr": "HommyHome",
            "active": true
        },
        "1723": {
            "id": 1723,
            "nameEn": "Voyages Bourdon",
            "nameAr": "Voyages Bourdon",
            "active": true
        },
        "5819": {
            "id": 5819,
            "nameEn": "Planetaria Hotels",
            "nameAr": "Planetaria hotels",
            "active": true
        },
        "1725": {
            "id": 1725,
            "nameEn": "Soho Boutique Hoteles",
            "nameAr": "Soho Boutique Hoteles",
            "active": true
        },
        "1726": {
            "id": 1726,
            "nameEn": "Route Inn",
            "nameAr": "Route Inn",
            "active": true
        },
        "1727": {
            "id": 1727,
            "nameEn": "Dusit Thani Hotels and Resorts ",
            "nameAr": "فنادق ومنتجعات دوسـِت تاني",
            "active": true
        },
        "5833": {
            "id": 5833,
            "nameEn": "Bahiasur",
            "nameAr": "bahiasur",
            "active": true
        },
        "1739": {
            "id": 1739,
            "nameEn": "Vila Gale Hotels",
            "nameAr": "Vila Gale Hotels",
            "active": true
        },
        "1743": {
            "id": 1743,
            "nameEn": "The Edinburgh Address",
            "nameAr": "The Edinburgh Address",
            "active": true
        },
        "1744": {
            "id": 1744,
            "nameEn": "Americas Best Value Inn",
            "nameAr": "أميريكاس بيست فاليو إن",
            "active": true
        },
        "1747": {
            "id": 1747,
            "nameEn": "Staycity Ltd",
            "nameAr": "ستاي سيتي المحدودة",
            "active": true
        },
        "5845": {
            "id": 5845,
            "nameEn": "Cobbs Hotels",
            "nameAr": "Cobbs Hotels",
            "active": true
        },
        "5869": {
            "id": 5869,
            "nameEn": "Sage Hospitality Group",
            "nameAr": "مجموعة سيج للضيافة",
            "active": true
        },
        "1779": {
            "id": 1779,
            "nameEn": "Onefinestay",
            "nameAr": "onefinestay",
            "active": true
        },
        "1783": {
            "id": 1783,
            "nameEn": "Nomads Apt",
            "nameAr": "نومادس أبارتمنت",
            "active": true
        },
        "1792": {
            "id": 1792,
            "nameEn": "Ginger Hotels",
            "nameAr": "Ginger Hotels",
            "active": true
        },
        "5890": {
            "id": 5890,
            "nameEn": "Alif Hotels",
            "nameAr": "Alif Hotels",
            "active": true
        },
        "1796": {
            "id": 1796,
            "nameEn": "Blauhotels",
            "nameAr": "Blauhotels",
            "active": true
        },
        "1797": {
            "id": 1797,
            "nameEn": "Bessahotel",
            "nameAr": "BessaHotel",
            "active": true
        },
        "5894": {
            "id": 5894,
            "nameEn": "Interpass Hotels",
            "nameAr": "فنادق إنترباس",
            "active": true
        },
        "1800": {
            "id": 1800,
            "nameEn": "Serviden",
            "nameAr": "Serviden",
            "active": true
        },
        "5896": {
            "id": 5896,
            "nameEn": "Pellicano Hotels",
            "nameAr": "Pellicano Hotels",
            "active": true
        },
        "1803": {
            "id": 1803,
            "nameEn": "Seasons In Africa",
            "nameAr": "Seasons in Africa",
            "active": true
        },
        "1804": {
            "id": 1804,
            "nameEn": "Gondwana Collection",
            "nameAr": "Gondwana Collection",
            "active": true
        },
        "1808": {
            "id": 1808,
            "nameEn": "Asia Leisure Hotels",
            "nameAr": "Asia Leisure Hotels",
            "active": true
        },
        "5907": {
            "id": 5907,
            "nameEn": "Anantaya Resorts And Spas",
            "nameAr": "Anantaya Resorts and Spas",
            "active": true
        },
        "5909": {
            "id": 5909,
            "nameEn": "Egyptian Armed Forces Hotels",
            "nameAr": "Egyptian Armed Forces Hotels",
            "active": true
        },
        "1817": {
            "id": 1817,
            "nameEn": "Upstalsboom Hotels",
            "nameAr": "Upstalsboom Hotels",
            "active": true
        },
        "5925": {
            "id": 5925,
            "nameEn": "St Pancras Hotel Group",
            "nameAr": "St Pancras Hotel Group",
            "active": true
        },
        "1833": {
            "id": 1833,
            "nameEn": "Td Hotels",
            "nameAr": "TD Hotels",
            "active": true
        },
        "1834": {
            "id": 1834,
            "nameEn": "Club Mahindra",
            "nameAr": "Club Mahindra",
            "active": true
        },
        "1838": {
            "id": 1838,
            "nameEn": "Vitor'S Hotels",
            "nameAr": "Vitor's Hotels",
            "active": true
        },
        "5938": {
            "id": 5938,
            "nameEn": "Trujillo Castellanos",
            "nameAr": "Trujillo Castellanos",
            "active": true
        },
        "5942": {
            "id": 5942,
            "nameEn": "Island Villas Menorca",
            "nameAr": "Island Villas Menorca",
            "active": true
        },
        "1857": {
            "id": 1857,
            "nameEn": "Ctha",
            "nameAr": "CTHA",
            "active": true
        },
        "1863": {
            "id": 1863,
            "nameEn": "Apartagal",
            "nameAr": "Apartagal",
            "active": true
        },
        "1864": {
            "id": 1864,
            "nameEn": "Evenia Hotels",
            "nameAr": "Evenia Hotels",
            "active": true
        },
        "1869": {
            "id": 1869,
            "nameEn": "The Lucas Apartments",
            "nameAr": "ذا لوكاس أبارتمنتس",
            "active": true
        },
        "5967": {
            "id": 5967,
            "nameEn": "Cs Hotels",
            "nameAr": "CS Hotels",
            "active": true
        },
        "5981": {
            "id": 5981,
            "nameEn": "Global Hotels and Resorts",
            "nameAr": "فنادق ومنتجعات جلوبال",
            "active": true
        },
        "1887": {
            "id": 1887,
            "nameEn": "Hotel Grand Chancellor",
            "nameAr": "Hotel Grand Chancellor",
            "active": true
        },
        "1893": {
            "id": 1893,
            "nameEn": "Kn Hoteles",
            "nameAr": "KN hoteles",
            "active": true
        },
        "1894": {
            "id": 1894,
            "nameEn": "Flexistay",
            "nameAr": "Flexistay",
            "active": true
        },
        "1896": {
            "id": 1896,
            "nameEn": "Ciprotur",
            "nameAr": "Ciprotur",
            "active": true
        },
        "6004": {
            "id": 6004,
            "nameEn": "Roc Hotels",
            "nameAr": "Roc Hotels",
            "active": true
        },
        "6009": {
            "id": 6009,
            "nameEn": "Gruppo Bertuccelli",
            "nameAr": "Gruppo Bertuccelli",
            "active": true
        },
        "6016": {
            "id": 6016,
            "nameEn": "Hoteles Hijano",
            "nameAr": "Hoteles Hijano",
            "active": true
        },
        "1921": {
            "id": 1921,
            "nameEn": "Oportonear",
            "nameAr": "OportoNear",
            "active": true
        },
        "1926": {
            "id": 1926,
            "nameEn": "Batani Select Hotels",
            "nameAr": "Batani Select Hotels",
            "active": true
        },
        "1934": {
            "id": 1934,
            "nameEn": "Cosmos Hotels",
            "nameAr": "Cosmos Hotels",
            "active": true
        },
        "1951": {
            "id": 1951,
            "nameEn": "Stay Hotel",
            "nameAr": "Stay Hotel",
            "active": true
        },
        "6050": {
            "id": 6050,
            "nameEn": "Roundhouse Hotels",
            "nameAr": "Roundhouse Hotels",
            "active": true
        },
        "1955": {
            "id": 1955,
            "nameEn": "Picktheplace",
            "nameAr": "PickThePlace",
            "active": true
        },
        "6071": {
            "id": 6071,
            "nameEn": "Gruppo Basto",
            "nameAr": "Gruppo Basto",
            "active": true
        },
        "6080": {
            "id": 6080,
            "nameEn": "Boutique Urban",
            "nameAr": "Boutique Urban",
            "active": true
        },
        "1985": {
            "id": 1985,
            "nameEn": "Citytrip",
            "nameAr": "Citytrip",
            "active": true
        },
        "1986": {
            "id": 1986,
            "nameEn": "Liburnia Riviera Hoteli",
            "nameAr": "Liburnia Riviera Hoteli",
            "active": true
        },
        "6082": {
            "id": 6082,
            "nameEn": "Houda Hotels",
            "nameAr": "Houda Hotels",
            "active": true
        },
        "1987": {
            "id": 1987,
            "nameEn": "Gruppo Fuzier",
            "nameAr": "Gruppo Fuzier",
            "active": true
        },
        "6084": {
            "id": 6084,
            "nameEn": "Cantaloupe Hotels",
            "nameAr": "Cantaloupe Hotels",
            "active": true
        },
        "1989": {
            "id": 1989,
            "nameEn": "Ekho Hotels and Resorts",
            "nameAr": "فنادق ومنتجعات إي كيه إتش أو",
            "active": true
        },
        "1993": {
            "id": 1993,
            "nameEn": "Zleep Hotels",
            "nameAr": "Zleep Hotels",
            "active": true
        },
        "1994": {
            "id": 1994,
            "nameEn": "Gruppo Rocco Costa",
            "nameAr": "Gruppo Rocco Costa",
            "active": true
        },
        "1999": {
            "id": 1999,
            "nameEn": "Cetina Hotels",
            "nameAr": "Cetina Hotels",
            "active": true
        },
        "6095": {
            "id": 6095,
            "nameEn": "Prestigi Hotels",
            "nameAr": "Prestigi Hotels",
            "active": true
        },
        "2000": {
            "id": 2000,
            "nameEn": "Hanmer Holiday Homes",
            "nameAr": "هانمر هوليداي هومز",
            "active": true
        },
        "6113": {
            "id": 6113,
            "nameEn": "The Oscar",
            "nameAr": "ذا أوسكار",
            "active": true
        },
        "2021": {
            "id": 2021,
            "nameEn": "Planet Rural",
            "nameAr": "Planet Rural",
            "active": true
        },
        "2024": {
            "id": 2024,
            "nameEn": "Villa Fontaine",
            "nameAr": "Villa Fontaine",
            "active": true
        },
        "2029": {
            "id": 2029,
            "nameEn": "Hoteles Nuevo Milenio",
            "nameAr": "Hoteles Nuevo Milenio",
            "active": true
        },
        "2034": {
            "id": 2034,
            "nameEn": "Woohoo Group",
            "nameAr": "مجموعة ووهوو ",
            "active": true
        },
        "2042": {
            "id": 2042,
            "nameEn": "Island Holiday Homes",
            "nameAr": "آيلاند هوليداي هومز",
            "active": true
        },
        "2046": {
            "id": 2046,
            "nameEn": "H10 Hoteles",
            "nameAr": "H10 Hoteles",
            "active": true
        },
        "2051": {
            "id": 2051,
            "nameEn": "My Rooms Hotels",
            "nameAr": "My Rooms Hotels",
            "active": true
        },
        "2055": {
            "id": 2055,
            "nameEn": "Royal Park Hotels",
            "nameAr": "Royal Park Hotels",
            "active": true
        },
        "2058": {
            "id": 2058,
            "nameEn": "Zenit",
            "nameAr": "Zenit",
            "active": true
        },
        "2061": {
            "id": 2061,
            "nameEn": "Concorde",
            "nameAr": "Concorde",
            "active": true
        },
        "2063": {
            "id": 2063,
            "nameEn": "New Century Hotel Group",
            "nameAr": "مجموعة فنادق نيو سينشري",
            "active": true
        },
        "2064": {
            "id": 2064,
            "nameEn": "Cozy Apartments",
            "nameAr": "Cozy apartments",
            "active": true
        },
        "6165": {
            "id": 6165,
            "nameEn": "Feel Hostels",
            "nameAr": "Feel Hostels",
            "active": true
        },
        "2074": {
            "id": 2074,
            "nameEn": "Sweet Porto",
            "nameAr": "Sweet Porto",
            "active": true
        },
        "2076": {
            "id": 2076,
            "nameEn": "Hoteles Manquehue",
            "nameAr": "Hoteles Manquehue",
            "active": true
        },
        "2077": {
            "id": 2077,
            "nameEn": "Stil Hotels",
            "nameAr": "Stil Hotels",
            "active": true
        },
        "2080": {
            "id": 2080,
            "nameEn": "Green Door Cottages",
            "nameAr": "Green Door Cottages",
            "active": true
        },
        "2081": {
            "id": 2081,
            "nameEn": "Manilva Sun",
            "nameAr": "Manilva Sun",
            "active": true
        },
        "2088": {
            "id": 2088,
            "nameEn": "Easyhotel",
            "nameAr": "easyHotel",
            "active": true
        },
        "2089": {
            "id": 2089,
            "nameEn": "Langham Hotels",
            "nameAr": "Langham Hotels",
            "active": true
        },
        "2090": {
            "id": 2090,
            "nameEn": "Zanzibar Hotel Group",
            "nameAr": "مجموعة فنادق زنجبار ",
            "active": true
        },
        "2092": {
            "id": 2092,
            "nameEn": "Stella Polaris Hotels",
            "nameAr": "Stella Polaris Hotels",
            "active": true
        },
        "2095": {
            "id": 2095,
            "nameEn": "Paradise Hotels",
            "nameAr": "Paradise Hotels",
            "active": true
        },
        "2110": {
            "id": 2110,
            "nameEn": "Okura Nikko Hotels",
            "nameAr": "Okura Nikko Hotels",
            "active": true
        },
        "2115": {
            "id": 2115,
            "nameEn": "Porto City Hosts",
            "nameAr": "Porto City Hosts",
            "active": true
        },
        "2129": {
            "id": 2129,
            "nameEn": "Daplace Collection",
            "nameAr": "Daplace Collection",
            "active": true
        },
        "2131": {
            "id": 2131,
            "nameEn": "Green Apartments",
            "nameAr": "Green Apartments",
            "active": true
        },
        "2134": {
            "id": 2134,
            "nameEn": "1589 Hotels",
            "nameAr": "1589 Hotels",
            "active": true
        },
        "2140": {
            "id": 2140,
            "nameEn": "Cgh",
            "nameAr": "CGH",
            "active": true
        },
        "2147": {
            "id": 2147,
            "nameEn": "Leela Group",
            "nameAr": "Leela Group",
            "active": true
        },
        "2150": {
            "id": 2150,
            "nameEn": "Dalata Hotel Group",
            "nameAr": "Dalata Hotel Group",
            "active": true
        },
        "2165": {
            "id": 2165,
            "nameEn": "Venanti Hotels",
            "nameAr": "Venanti Hotels",
            "active": true
        },
        "2166": {
            "id": 2166,
            "nameEn": "Hoposa Hotels",
            "nameAr": "فنادق هوبوسا  ",
            "active": true
        },
        "2167": {
            "id": 2167,
            "nameEn": "Your Owm",
            "nameAr": "Your OWM",
            "active": true
        },
        "2169": {
            "id": 2169,
            "nameEn": "Oakwood",
            "nameAr": "Oakwood",
            "active": true
        },
        "2171": {
            "id": 2171,
            "nameEn": "Sbe Hotel Group",
            "nameAr": "SBE Hotel Group",
            "active": true
        },
        "2174": {
            "id": 2174,
            "nameEn": "Ayala Land Hotels And Resorts",
            "nameAr": "فنادق ومنتجعات أيالا لاند",
            "active": true
        },
        "2175": {
            "id": 2175,
            "nameEn": "Gruppo Ercole",
            "nameAr": "Gruppo Ercole",
            "active": true
        },
        "2178": {
            "id": 2178,
            "nameEn": "Hays Hospitality",
            "nameAr": "Hays Hospitality",
            "active": true
        },
        "2180": {
            "id": 2180,
            "nameEn": "Tui Hotels And Resorts",
            "nameAr": "TUI Hotels and Resorts",
            "active": true
        },
        "2181": {
            "id": 2181,
            "nameEn": "Alterhome",
            "nameAr": "AlterHome",
            "active": true
        },
        "2183": {
            "id": 2183,
            "nameEn": "More Family Collection",
            "nameAr": "MORE Family Collection",
            "active": true
        },
        "2185": {
            "id": 2185,
            "nameEn": "Harbor Hotels",
            "nameAr": "Harbor Hotels",
            "active": true
        },
        "2187": {
            "id": 2187,
            "nameEn": "Hankyu Dai Ichi Hotel Group",
            "nameAr": "Hankyu Dai Ichi Hotel Group",
            "active": true
        },
        "2190": {
            "id": 2190,
            "nameEn": "Magic Hotels Tunisia",
            "nameAr": "Magic Hotels Tunisia",
            "active": true
        },
        "2193": {
            "id": 2193,
            "nameEn": "Blue Doors Hotels",
            "nameAr": "Blue Doors Hotels",
            "active": true
        },
        "2207": {
            "id": 2207,
            "nameEn": "Ferrer Hotels",
            "nameAr": "Ferrer Hotels",
            "active": true
        },
        "2215": {
            "id": 2215,
            "nameEn": "Louis Hotels Group",
            "nameAr": "Louis Hotels Group",
            "active": true
        },
        "2217": {
            "id": 2217,
            "nameEn": "Lk Hotel Group",
            "nameAr": "LK Hotel Group",
            "active": true
        },
        "2225": {
            "id": 2225,
            "nameEn": "Citizenm Hotels",
            "nameAr": "CitizenM Hotels",
            "active": true
        },
        "2231": {
            "id": 2231,
            "nameEn": "Accommodation Windsor",
            "nameAr": "Accommodation Windsor",
            "active": true
        },
        "2233": {
            "id": 2233,
            "nameEn": "Hna Group",
            "nameAr": "مجموعة إتش إن إيه",
            "active": true
        },
        "2237": {
            "id": 2237,
            "nameEn": "Lovelydays",
            "nameAr": "Lovelydays",
            "active": true
        },
        "2238": {
            "id": 2238,
            "nameEn": "Charming Stay",
            "nameAr": "Charming Stay",
            "active": true
        },
        "2239": {
            "id": 2239,
            "nameEn": "Classic Lodges",
            "nameAr": "Classic Lodges",
            "active": true
        },
        "2240": {
            "id": 2240,
            "nameEn": "Lisbon Lounge Suites",
            "nameAr": "Lisbon Lounge Suites",
            "active": true
        },
        "2252": {
            "id": 2252,
            "nameEn": "Pure Riad",
            "nameAr": "Pure Riad",
            "active": true
        },
        "2256": {
            "id": 2256,
            "nameEn": "Oz Hotels",
            "nameAr": "فنادق أوز",
            "active": true
        },
        "2260": {
            "id": 2260,
            "nameEn": "Jhat",
            "nameAr": "JHAT",
            "active": true
        },
        "2297": {
            "id": 2297,
            "nameEn": "Surya Hotels Ltd",
            "nameAr": "Surya Hotels Ltd",
            "active": true
        },
        "2298": {
            "id": 2298,
            "nameEn": "Danske Slotshoteller",
            "nameAr": "Danske Slotshoteller",
            "active": true
        },
        "2300": {
            "id": 2300,
            "nameEn": "Gruppo Gravina",
            "nameAr": "مجموعة جرافينا",
            "active": true
        },
        "2303": {
            "id": 2303,
            "nameEn": "The Coaching Inn Group",
            "nameAr": "The Coaching Inn Group",
            "active": true
        },
        "2305": {
            "id": 2305,
            "nameEn": "Discovery Hotel Management",
            "nameAr": "Discovery Hotel Management",
            "active": true
        },
        "2306": {
            "id": 2306,
            "nameEn": "Lion Roars Hotels and Lodges",
            "nameAr": "لايون رورز هوتلز آند لودجيز",
            "active": true
        },
        "2307": {
            "id": 2307,
            "nameEn": "Newmark Hotels, Reserves and Lodges",
            "nameAr": "نيومارك هوتلز ريزيرفيز آند لودجز    ",
            "active": true
        },
        "2309": {
            "id": 2309,
            "nameEn": "Feet Up Hostels Group",
            "nameAr": "Feet Up Hostels Group",
            "active": true
        },
        "2311": {
            "id": 2311,
            "nameEn": "Fergus",
            "nameAr": "FERGUS",
            "active": true
        },
        "2312": {
            "id": 2312,
            "nameEn": "Sunbird Hotels And Resorts",
            "nameAr": "فنادق ومنتجعات صن بيرد",
            "active": true
        },
        "2314": {
            "id": 2314,
            "nameEn": "Kea Hotels",
            "nameAr": "Kea Hotels",
            "active": true
        },
        "2315": {
            "id": 2315,
            "nameEn": "Washington Hotel Corporation",
            "nameAr": "Washington Hotel Corporation",
            "active": true
        },
        "2316": {
            "id": 2316,
            "nameEn": "Sterling Resorts",
            "nameAr": "Sterling Resorts",
            "active": true
        },
        "2317": {
            "id": 2317,
            "nameEn": "Tonelli Hotels",
            "nameAr": "Tonelli Hotels",
            "active": true
        },
        "2320": {
            "id": 2320,
            "nameEn": "Beachcomber Hotels",
            "nameAr": "Beachcomber Hotels",
            "active": true
        },
        "2342": {
            "id": 2342,
            "nameEn": "Protur Hotels",
            "nameAr": "فنادق بروتور",
            "active": true
        },
        "2349": {
            "id": 2349,
            "nameEn": "Medina Hoteles",
            "nameAr": "Medina Hoteles",
            "active": true
        },
        "2358": {
            "id": 2358,
            "nameEn": "Praktik Hotels",
            "nameAr": "Praktik Hotels",
            "active": true
        },
        "2365": {
            "id": 2365,
            "nameEn": "Eva Recommends",
            "nameAr": "Eva Recommends",
            "active": true
        },
        "2366": {
            "id": 2366,
            "nameEn": "El Bulin",
            "nameAr": "El Bulin",
            "active": true
        },
        "2375": {
            "id": 2375,
            "nameEn": "Mediterranean Way",
            "nameAr": "Mediterranean Way",
            "active": true
        },
        "2376": {
            "id": 2376,
            "nameEn": "Valdenoches",
            "nameAr": "Valdenoches",
            "active": true
        },
        "2378": {
            "id": 2378,
            "nameEn": "Hotel Revenue Consultant",
            "nameAr": "Hotel Revenue Consultant",
            "active": true
        },
        "2387": {
            "id": 2387,
            "nameEn": "Terlia",
            "nameAr": "Terlia",
            "active": true
        },
        "2400": {
            "id": 2400,
            "nameEn": "Orchid Hotels",
            "nameAr": "Orchid Hotels",
            "active": true
        },
        "2402": {
            "id": 2402,
            "nameEn": "Kali Hotels",
            "nameAr": "Kali Hotels",
            "active": true
        },
        "2404": {
            "id": 2404,
            "nameEn": "Inturjoven",
            "nameAr": "Inturjoven",
            "active": true
        },
        "2406": {
            "id": 2406,
            "nameEn": "Keihan",
            "nameAr": "Keihan",
            "active": true
        },
        "2407": {
            "id": 2407,
            "nameEn": "Bomporto Hotels",
            "nameAr": "Bomporto Hotels",
            "active": true
        },
        "2408": {
            "id": 2408,
            "nameEn": "Mafra Hotel",
            "nameAr": "Mafra Hotel",
            "active": true
        },
        "2410": {
            "id": 2410,
            "nameEn": "Hotel Wing International",
            "nameAr": "فندق وينج انترناشونال",
            "active": true
        },
        "2412": {
            "id": 2412,
            "nameEn": "Redefine|Bdl Hotels",
            "nameAr": "مجموعة آر بي إتش",
            "active": true
        },
        "2414": {
            "id": 2414,
            "nameEn": "Oro Verde Hotels",
            "nameAr": "Oro Verde Hotels",
            "active": true
        },
        "2415": {
            "id": 2415,
            "nameEn": "Great National Hotels",
            "nameAr": "Great National Hotels",
            "active": true
        },
        "2416": {
            "id": 2416,
            "nameEn": "Arva Hoteles",
            "nameAr": "Arva Hoteles",
            "active": true
        },
        "2423": {
            "id": 2423,
            "nameEn": "Mayyun Group",
            "nameAr": "Mayyun Group",
            "active": true
        },
        "2424": {
            "id": 2424,
            "nameEn": "Sagitario Group",
            "nameAr": "Sagitario group",
            "active": true
        },
        "2429": {
            "id": 2429,
            "nameEn": "City Suites",
            "nameAr": "City Suites",
            "active": true
        },
        "2432": {
            "id": 2432,
            "nameEn": "Hpl Hotels and Resorts",
            "nameAr": "فنادق ومنتجعات إتش بي إل",
            "active": true
        },
        "2434": {
            "id": 2434,
            "nameEn": "Abad Hotels",
            "nameAr": "Abad Hotels",
            "active": true
        },
        "2441": {
            "id": 2441,
            "nameEn": "Room Space Ltd.",
            "nameAr": "Room Space Ltd.",
            "active": true
        },
        "2442": {
            "id": 2442,
            "nameEn": "Dorsett Hospitality International",
            "nameAr": "Dorsett Hospitality International",
            "active": true
        },
        "2448": {
            "id": 2448,
            "nameEn": "La Torreta Del Llac",
            "nameAr": "La Torreta del Llac",
            "active": true
        },
        "2449": {
            "id": 2449,
            "nameEn": "Worldwide Hotels Pte Ltd.",
            "nameAr": "Worldwide Hotels Pte Ltd.",
            "active": true
        },
        "2450": {
            "id": 2450,
            "nameEn": "Karongwe Portfolio",
            "nameAr": "Karongwe Portfolio",
            "active": true
        },
        "2451": {
            "id": 2451,
            "nameEn": "Villa Group",
            "nameAr": "Villa Group",
            "active": true
        },
        "2452": {
            "id": 2452,
            "nameEn": "Aka Hotels",
            "nameAr": "AKA Hotels",
            "active": true
        },
        "2465": {
            "id": 2465,
            "nameEn": "Inntel Hotels",
            "nameAr": "Inntel Hotels",
            "active": true
        },
        "2467": {
            "id": 2467,
            "nameEn": "Malagagrupos",
            "nameAr": "Malagagrupos",
            "active": true
        },
        "2468": {
            "id": 2468,
            "nameEn": "Sm Hoteles",
            "nameAr": "SM Hoteles",
            "active": true
        },
        "2477": {
            "id": 2477,
            "nameEn": "Amrath Hotels",
            "nameAr": "Amrath Hotels",
            "active": true
        },
        "2478": {
            "id": 2478,
            "nameEn": "Hoteles Zar",
            "nameAr": "Hoteles ZAR",
            "active": true
        },
        "2479": {
            "id": 2479,
            "nameEn": "Bella Vista Motels",
            "nameAr": "Bella Vista Motels",
            "active": true
        },
        "2482": {
            "id": 2482,
            "nameEn": "Alvotel",
            "nameAr": "الفوتيل",
            "active": true
        },
        "2483": {
            "id": 2483,
            "nameEn": "Can Calco Hotels",
            "nameAr": "Can Calco Hotels",
            "active": true
        },
        "2484": {
            "id": 2484,
            "nameEn": "1834 Hotels",
            "nameAr": "1834 Hotels",
            "active": true
        },
        "2485": {
            "id": 2485,
            "nameEn": "Resort Quest",
            "nameAr": "Resort Quest",
            "active": true
        },
        "2489": {
            "id": 2489,
            "nameEn": "Fatima Hotels",
            "nameAr": "Fatima hotels",
            "active": true
        },
        "2490": {
            "id": 2490,
            "nameEn": "Pretur Hotel Chain",
            "nameAr": "سلسلة فنادق بريتور ",
            "active": true
        },
        "2492": {
            "id": 2492,
            "nameEn": "Red Carnation",
            "nameAr": "Red Carnation",
            "active": true
        },
        "2493": {
            "id": 2493,
            "nameEn": "Beth Hotels",
            "nameAr": "BETH Hotels",
            "active": true
        },
        "2497": {
            "id": 2497,
            "nameEn": "Point A",
            "nameAr": "Point A",
            "active": true
        },
        "2498": {
            "id": 2498,
            "nameEn": "Rihga Royal Hotels",
            "nameAr": "RIHGA Royal Hotels",
            "active": true
        },
        "2501": {
            "id": 2501,
            "nameEn": "Remington",
            "nameAr": "Remington",
            "active": true
        },
        "2502": {
            "id": 2502,
            "nameEn": "Royal Hotels and Resort",
            "nameAr": "فنادق ومنتجعات رويال",
            "active": true
        },
        "2511": {
            "id": 2511,
            "nameEn": "Cabot Hotels",
            "nameAr": "Cabot hotels",
            "active": true
        },
        "2512": {
            "id": 2512,
            "nameEn": "Roi Soleil",
            "nameAr": "Roi Soleil",
            "active": true
        },
        "2520": {
            "id": 2520,
            "nameEn": "Naudi Group",
            "nameAr": "مجموعة ناودي",
            "active": true
        },
        "2521": {
            "id": 2521,
            "nameEn": "Ana Hotels",
            "nameAr": "فنادق إيه إن إيه",
            "active": true
        },
        "2522": {
            "id": 2522,
            "nameEn": "Tokyu Stay",
            "nameAr": "Tokyu Stay",
            "active": true
        },
        "2523": {
            "id": 2523,
            "nameEn": "Alannia Resorts",
            "nameAr": "Alannia Resorts",
            "active": true
        },
        "2528": {
            "id": 2528,
            "nameEn": "The Park Hotels",
            "nameAr": "فنادق ذا بارك",
            "active": true
        },
        "2530": {
            "id": 2530,
            "nameEn": "Tam Resorts",
            "nameAr": "TAM resorts",
            "active": true
        },
        "2532": {
            "id": 2532,
            "nameEn": "The Inua Collection",
            "nameAr": "مجموعة ذا آي إن يو إيه",
            "active": true
        },
        "2533": {
            "id": 2533,
            "nameEn": "Exclusive Hotels And Venues",
            "nameAr": "Exclusive Hotels and Venues",
            "active": true
        },
        "2535": {
            "id": 2535,
            "nameEn": "Tifco Hotel Group",
            "nameAr": "Tifco Hotel Group",
            "active": true
        },
        "2539": {
            "id": 2539,
            "nameEn": "Grupo Palas",
            "nameAr": "Grupo Palas",
            "active": true
        },
        "2541": {
            "id": 2541,
            "nameEn": "Carvoeiro Clube Group",
            "nameAr": "Carvoeiro Clube Group",
            "active": true
        },
        "2542": {
            "id": 2542,
            "nameEn": "Oakman Inns and Restaurants",
            "nameAr": "نزل ومطاعم أوكمان",
            "active": true
        },
        "2545": {
            "id": 2545,
            "nameEn": "Tourism Adventure Group",
            "nameAr": "Tourism Adventure Group",
            "active": true
        },
        "2547": {
            "id": 2547,
            "nameEn": "Ura Hotels and Resorts",
            "nameAr": "فنادق ومنتجعات أورا",
            "active": true
        },
        "2552": {
            "id": 2552,
            "nameEn": "Westcord Hotels",
            "nameAr": "Westcord Hotels",
            "active": true
        },
        "2561": {
            "id": 2561,
            "nameEn": "Tokyu Hotels",
            "nameAr": "Tokyu Hotels",
            "active": true
        },
        "2562": {
            "id": 2562,
            "nameEn": "Serena Hotels East Africa",
            "nameAr": "Serena Hotels East Africa",
            "active": true
        },
        "2566": {
            "id": 2566,
            "nameEn": "Kastel Hotéis E Pousadas",
            "nameAr": "كاستيل هوتلز إي بوساداس",
            "active": true
        },
        "2567": {
            "id": 2567,
            "nameEn": "Idea Hotels",
            "nameAr": "Idea Hotels",
            "active": true
        },
        "2568": {
            "id": 2568,
            "nameEn": "Iberflat",
            "nameAr": "Iberflat",
            "active": true
        },
        "2570": {
            "id": 2570,
            "nameEn": "City Lodge Hotel Group",
            "nameAr": "City Lodge Hotel Group",
            "active": true
        },
        "2575": {
            "id": 2575,
            "nameEn": "Groep ",
            "nameAr": "جروب",
            "active": true
        },
        "2578": {
            "id": 2578,
            "nameEn": "Santika Hotels and Resorts",
            "nameAr": "فنادق ومنتجعات سانتيكا",
            "active": true
        },
        "2579": {
            "id": 2579,
            "nameEn": "Sorat Hotels Deutschland",
            "nameAr": "SORAT Hotels Deutschland",
            "active": true
        },
        "2582": {
            "id": 2582,
            "nameEn": "Park Plaza Hotels Chile",
            "nameAr": "Park Plaza Hotels Chile",
            "active": true
        },
        "2583": {
            "id": 2583,
            "nameEn": "Noi Hotels",
            "nameAr": "Noi Hotels",
            "active": true
        },
        "2584": {
            "id": 2584,
            "nameEn": "Federal Group Hotels",
            "nameAr": "Federal Group Hotels",
            "active": true
        },
        "2595": {
            "id": 2595,
            "nameEn": "Grupo Brisas",
            "nameAr": "Grupo Brisas",
            "active": true
        },
        "2597": {
            "id": 2597,
            "nameEn": "Couples Resorts",
            "nameAr": "Couples Resorts",
            "active": true
        },
        "2600": {
            "id": 2600,
            "nameEn": "Roberto Naldi Collection",
            "nameAr": "Roberto Naldi Collection",
            "active": true
        },
        "2603": {
            "id": 2603,
            "nameEn": "Cdb Resorts",
            "nameAr": "CDB Resorts",
            "active": true
        },
        "2604": {
            "id": 2604,
            "nameEn": "Cinnamon Hotels and Resorts",
            "nameAr": "فنادق ومنتجعات سينامون",
            "active": true
        },
        "2605": {
            "id": 2605,
            "nameEn": "San Juan Hoteis",
            "nameAr": "San Juan Hoteis",
            "active": true
        },
        "2606": {
            "id": 2606,
            "nameEn": "Uga Hotels",
            "nameAr": "Uga Hotels",
            "active": true
        },
        "2608": {
            "id": 2608,
            "nameEn": "A10 Hotels",
            "nameAr": "فنادق إيه تن",
            "active": true
        },
        "2609": {
            "id": 2609,
            "nameEn": "Aloha Hotels",
            "nameAr": "Aloha Hotels",
            "active": true
        },
        "2612": {
            "id": 2612,
            "nameEn": "Andrew Brownsword Hotels",
            "nameAr": "Andrew Brownsword Hotels",
            "active": true
        },
        "2614": {
            "id": 2614,
            "nameEn": "Sunstream Hotels",
            "nameAr": "Sunstream Hotels",
            "active": true
        },
        "2615": {
            "id": 2615,
            "nameEn": "Elite Hotels Of Sweden",
            "nameAr": "Elite Hotels of Sweden",
            "active": true
        },
        "2620": {
            "id": 2620,
            "nameEn": "Fuller'S",
            "nameAr": "فوليرز",
            "active": true
        },
        "2621": {
            "id": 2621,
            "nameEn": "Tune Hotels",
            "nameAr": "Tune Hotels",
            "active": true
        },
        "2622": {
            "id": 2622,
            "nameEn": "RandB",
            "nameAr": "آر آند بي",
            "active": true
        },
        "2623": {
            "id": 2623,
            "nameEn": "Sandton Hotels",
            "nameAr": "Sandton Hotels",
            "active": true
        },
        "2624": {
            "id": 2624,
            "nameEn": "The City Pub Company",
            "nameAr": "The City Pub Company",
            "active": true
        },
        "2626": {
            "id": 2626,
            "nameEn": "Loi Hotels",
            "nameAr": "Loi Hotels",
            "active": true
        },
        "2628": {
            "id": 2628,
            "nameEn": "Aqua-Aston Hospitality",
            "nameAr": "Aqua-Aston Hospitality",
            "active": true
        },
        "2629": {
            "id": 2629,
            "nameEn": "Castilla Termal",
            "nameAr": "Castilla Termal",
            "active": true
        },
        "2631": {
            "id": 2631,
            "nameEn": "Mz Hoteles",
            "nameAr": "MZ Hoteles",
            "active": true
        },
        "2633": {
            "id": 2633,
            "nameEn": "Machefert Hotels Collection",
            "nameAr": "Machefert Hotels Collection",
            "active": true
        },
        "2634": {
            "id": 2634,
            "nameEn": "Regal Hotels International",
            "nameAr": "Regal Hotels International",
            "active": true
        },
        "2635": {
            "id": 2635,
            "nameEn": "Karisma Hotels and Resorts",
            "nameAr": "فنادق ومنتجعات كاريسما",
            "active": true
        },
        "2638": {
            "id": 2638,
            "nameEn": "Cleopatra Luxury Hotels and Resorts",
            "nameAr": "فنادق ومنتجعات كليوباترا الفاخرة",
            "active": true
        },
        "2640": {
            "id": 2640,
            "nameEn": "Peermont",
            "nameAr": "Peermont",
            "active": true
        },
        "2641": {
            "id": 2641,
            "nameEn": "Olivia Hotels",
            "nameAr": "Olivia Hotels",
            "active": true
        },
        "2643": {
            "id": 2643,
            "nameEn": "Maximilian'S Hotels",
            "nameAr": "فنادق ماكسيميليانس",
            "active": true
        },
        "2644": {
            "id": 2644,
            "nameEn": "BandB Hotels Brasil",
            "nameAr": "فنادق بي أند بي برازيل",
            "active": true
        },
        "2647": {
            "id": 2647,
            "nameEn": "Anew Hotels and Resorts",
            "nameAr": "فنادق ومنتجعات أنيو",
            "active": true
        },
        "2648": {
            "id": 2648,
            "nameEn": "Arena Hospitality Group",
            "nameAr": "مجموعة أرينا للضيافة",
            "active": true
        },
        "2650": {
            "id": 2650,
            "nameEn": "Lemon Hotels",
            "nameAr": "Lemon Hotels",
            "active": true
        },
        "2652": {
            "id": 2652,
            "nameEn": "Unique Hotels",
            "nameAr": "Unique Hotels",
            "active": true
        },
        "2657": {
            "id": 2657,
            "nameEn": "Libere Hospitality",
            "nameAr": "Libere Hospitality",
            "active": true
        },
        "2662": {
            "id": 2662,
            "nameEn": "Explora Hotels",
            "nameAr": "Explora Hotels",
            "active": true
        },
        "2664": {
            "id": 2664,
            "nameEn": "Keys Hotels",
            "nameAr": "Keys Hotels",
            "active": true
        },
        "2665": {
            "id": 2665,
            "nameEn": "Lancemore Group",
            "nameAr": "Lancemore Group",
            "active": true
        },
        "2667": {
            "id": 2667,
            "nameEn": "Hokke Club",
            "nameAr": "Hokke Club",
            "active": true
        },
        "2675": {
            "id": 2675,
            "nameEn": "Sana Hotels",
            "nameAr": "SANA Hotels",
            "active": true
        },
        "2676": {
            "id": 2676,
            "nameEn": "Red Planet",
            "nameAr": "Red Planet",
            "active": true
        },
        "2677": {
            "id": 2677,
            "nameEn": "Itc Hoteles",
            "nameAr": "ITC HOTELES",
            "active": true
        },
        "2684": {
            "id": 2684,
            "nameEn": "Far East Hospitality",
            "nameAr": "Far East Hospitality",
            "active": true
        },
        "2694": {
            "id": 2694,
            "nameEn": "Estanplaza",
            "nameAr": "Estanplaza",
            "active": true
        },
        "2695": {
            "id": 2695,
            "nameEn": "Geco",
            "nameAr": "GECO",
            "active": true
        },
        "2696": {
            "id": 2696,
            "nameEn": "Sinatur Hotels",
            "nameAr": "Sinatur Hotels",
            "active": true
        },
        "2698": {
            "id": 2698,
            "nameEn": "Phc Hotels",
            "nameAr": "PHC Hotels",
            "active": true
        },
        "2702": {
            "id": 2702,
            "nameEn": "Carlton Hotel Collection",
            "nameAr": "Carlton Hotel Collection",
            "active": true
        },
        "2703": {
            "id": 2703,
            "nameEn": "Cph Hotels",
            "nameAr": "CPH Hotels",
            "active": true
        },
        "2704": {
            "id": 2704,
            "nameEn": "Vert Hoteis",
            "nameAr": "Vert Hoteis",
            "active": true
        },
        "2705": {
            "id": 2705,
            "nameEn": "Kyukamura Hotels",
            "nameAr": "فنادق كيوكامورا ",
            "active": true
        },
        "2706": {
            "id": 2706,
            "nameEn": "Elegancia Hotels",
            "nameAr": "فنادق إليجانسيا",
            "active": true
        },
        "2708": {
            "id": 2708,
            "nameEn": "Cosmopolitan Hotel Group",
            "nameAr": "Cosmopolitan Hotel Group",
            "active": true
        },
        "2709": {
            "id": 2709,
            "nameEn": "Aadesa Hotels",
            "nameAr": "Aadesa Hotels",
            "active": true
        },
        "2713": {
            "id": 2713,
            "nameEn": "Jetwing Hotels",
            "nameAr": "Jetwing Hotels",
            "active": true
        },
        "2714": {
            "id": 2714,
            "nameEn": "Nobile Hotels and Resorts",
            "nameAr": "فنادق ومنتجعات نوبل",
            "active": true
        },
        "2717": {
            "id": 2717,
            "nameEn": "Oxford Suites",
            "nameAr": "Oxford Suites",
            "active": true
        },
        "2719": {
            "id": 2719,
            "nameEn": "Bh Hotels",
            "nameAr": "BH Hotels",
            "active": true
        },
        "2721": {
            "id": 2721,
            "nameEn": "Phi Hotel Group",
            "nameAr": " مجموعة فنادق بي إتش آي",
            "active": true
        },
        "2723": {
            "id": 2723,
            "nameEn": "Vr Group - Hotels And Resorts",
            "nameAr": " مجموعة فنادق ومنتجعات في آر ",
            "active": true
        },
        "2725": {
            "id": 2725,
            "nameEn": "Roomzzz",
            "nameAr": "Roomzzz",
            "active": true
        },
        "2726": {
            "id": 2726,
            "nameEn": "Thornybush Collection",
            "nameAr": "Thornybush Collection",
            "active": true
        },
        "2727": {
            "id": 2727,
            "nameEn": "Hotelpartner",
            "nameAr": "HotelPartner",
            "active": true
        },
        "2732": {
            "id": 2732,
            "nameEn": "Mercer Collection",
            "nameAr": "Mercer Collection",
            "active": true
        },
        "2733": {
            "id": 2733,
            "nameEn": "Nonni Hotels",
            "nameAr": "Nonni Hotels",
            "active": true
        },
        "2734": {
            "id": 2734,
            "nameEn": "The Lalit",
            "nameAr": "The LaLit",
            "active": true
        },
        "2737": {
            "id": 2737,
            "nameEn": "Trump International",
            "nameAr": "Trump International",
            "active": true
        },
        "2738": {
            "id": 2738,
            "nameEn": "Luna Hoteis",
            "nameAr": "Luna Hoteis",
            "active": true
        },
        "2740": {
            "id": 2740,
            "nameEn": "Lhp Hotels",
            "nameAr": "LHP hotels",
            "active": true
        },
        "2741": {
            "id": 2741,
            "nameEn": "Formentera Passport",
            "nameAr": "Formentera Passport",
            "active": true
        },
        "2748": {
            "id": 2748,
            "nameEn": "Great Wolf Lodge",
            "nameAr": "Great Wolf Lodge",
            "active": true
        },
        "2749": {
            "id": 2749,
            "nameEn": "Dom Pedro Hotels",
            "nameAr": "Dom Pedro Hotels",
            "active": true
        },
        "2751": {
            "id": 2751,
            "nameEn": "Bella Italia",
            "nameAr": "Bella Italia",
            "active": true
        },
        "2752": {
            "id": 2752,
            "nameEn": "Indpt-Le Ralle Hotels",
            "nameAr": "Indpt-Le Ralle Hotels",
            "active": true
        },
        "2753": {
            "id": 2753,
            "nameEn": "Royal Group",
            "nameAr": "Royal Group",
            "active": true
        },
        "2756": {
            "id": 2756,
            "nameEn": "Forenom",
            "nameAr": "Forenom",
            "active": true
        },
        "2760": {
            "id": 2760,
            "nameEn": "Vik Hotels",
            "nameAr": "VIK Hotels",
            "active": true
        },
        "2761": {
            "id": 2761,
            "nameEn": "Grupotel",
            "nameAr": "Grupotel",
            "active": true
        },
        "2762": {
            "id": 2762,
            "nameEn": "Caroli Hotels",
            "nameAr": "Caroli Hotels",
            "active": true
        },
        "2763": {
            "id": 2763,
            "nameEn": "Casa De Campo",
            "nameAr": "كاسا دي كامبو",
            "active": true
        },
        "2764": {
            "id": 2764,
            "nameEn": "Akena Hotels",
            "nameAr": "AKENA hotels",
            "active": true
        },
        "2772": {
            "id": 2772,
            "nameEn": "Shadar Hotels Venezia",
            "nameAr": "Shadar Hotels Venezia",
            "active": true
        },
        "2773": {
            "id": 2773,
            "nameEn": "Charming Hotels Madeira",
            "nameAr": "Charming Hotels Madeira",
            "active": true
        },
        "2774": {
            "id": 2774,
            "nameEn": "Una Hotels",
            "nameAr": "Una Hotels",
            "active": true
        },
        "2775": {
            "id": 2775,
            "nameEn": "Oceana Collection",
            "nameAr": "Oceana Collection",
            "active": true
        },
        "2776": {
            "id": 2776,
            "nameEn": "Thwaites Hotels, Inns And Lodges",
            "nameAr": "Thwaites Hotels, Inns and Lodges",
            "active": true
        },
        "2777": {
            "id": 2777,
            "nameEn": "Coastlands Hotels and Resorts",
            "nameAr": "فنادق ومنتجعات كوست لاندز ",
            "active": true
        },
        "2778": {
            "id": 2778,
            "nameEn": "Hl - Hoteles Lopez",
            "nameAr": "HL - Hoteles Lopez",
            "active": true
        },
        "2780": {
            "id": 2780,
            "nameEn": "Trh Hoteles",
            "nameAr": "TRH Hoteles",
            "active": true
        },
        "2781": {
            "id": 2781,
            "nameEn": "The Independente",
            "nameAr": "The Independente",
            "active": true
        },
        "2783": {
            "id": 2783,
            "nameEn": "Bourbon Hotels",
            "nameAr": "Bourbon Hotels",
            "active": true
        },
        "2784": {
            "id": 2784,
            "nameEn": "Pineapple Hospitality",
            "nameAr": "Pineapple Hospitality",
            "active": true
        },
        "2785": {
            "id": 2785,
            "nameEn": "Benchmark Resorts and Hotels",
            "nameAr": "فنادق ومنتجعات بينشمارك",
            "active": true
        },
        "2786": {
            "id": 2786,
            "nameEn": "Hoteles Elba",
            "nameAr": "فندق إلبا ",
            "active": true
        },
        "2787": {
            "id": 2787,
            "nameEn": "Grand Hotels Lux",
            "nameAr": "Grand Hotels Lux",
            "active": true
        },
        "2790": {
            "id": 2790,
            "nameEn": "Atua Enkop Africa",
            "nameAr": "أتوا إنكوب أفريقيا",
            "active": true
        },
        "2792": {
            "id": 2792,
            "nameEn": "Riminihotels",
            "nameAr": "RiminiHotels",
            "active": true
        },
        "2794": {
            "id": 2794,
            "nameEn": "Pousadas De Compostela",
            "nameAr": "Pousadas de Compostela",
            "active": true
        },
        "2795": {
            "id": 2795,
            "nameEn": "Diego De Almagro Hotels",
            "nameAr": "Diego de Almagro Hotels",
            "active": true
        },
        "2796": {
            "id": 2796,
            "nameEn": "Fontecruz Hoteles",
            "nameAr": "Fontecruz Hoteles",
            "active": true
        },
        "2797": {
            "id": 2797,
            "nameEn": "Mll Hotels",
            "nameAr": "MLL Hotels",
            "active": true
        },
        "2802": {
            "id": 2802,
            "nameEn": "Paragon Hotels",
            "nameAr": "Paragon Hotels",
            "active": true
        },
        "2803": {
            "id": 2803,
            "nameEn": "Gruppo Arcadia - Guglie",
            "nameAr": "Gruppo Arcadia - Guglie",
            "active": true
        },
        "2804": {
            "id": 2804,
            "nameEn": "Sandals",
            "nameAr": "Sandals",
            "active": true
        },
        "2805": {
            "id": 2805,
            "nameEn": "Ria Park Hotels",
            "nameAr": "Ria Park Hotels",
            "active": true
        },
        "2806": {
            "id": 2806,
            "nameEn": "Champneys Spa Resorts",
            "nameAr": "Champneys Spa Resorts",
            "active": true
        },
        "2807": {
            "id": 2807,
            "nameEn": "Htop Hotels",
            "nameAr": "HTop Hotels",
            "active": true
        },
        "2809": {
            "id": 2809,
            "nameEn": "Posadas De España",
            "nameAr": "بوساداس دي إسبانيا",
            "active": true
        },
        "2814": {
            "id": 2814,
            "nameEn": "Sandos Hotels and Resorts",
            "nameAr": "فنادق ومنتجعات ساندوس ",
            "active": true
        },
        "2815": {
            "id": 2815,
            "nameEn": "My Place Hotels Wikipedia",
            "nameAr": "فنادق ماي بليس ",
            "active": true
        },
        "2817": {
            "id": 2817,
            "nameEn": "Magic Costa Blanca",
            "nameAr": "Magic Costa Blanca",
            "active": true
        },
        "2818": {
            "id": 2818,
            "nameEn": "Amazonia Hotels",
            "nameAr": "Amazonia Hotels",
            "active": true
        },
        "2820": {
            "id": 2820,
            "nameEn": "Shilo Inn",
            "nameAr": "Shilo Inn",
            "active": true
        },
        "2822": {
            "id": 2822,
            "nameEn": "Legacy Hotels And Resorts",
            "nameAr": "فنادق ومنتجعات ليجاسي",
            "active": true
        },
        "2823": {
            "id": 2823,
            "nameEn": "Danubius Hotels",
            "nameAr": "Danubius Hotels",
            "active": true
        },
        "2824": {
            "id": 2824,
            "nameEn": "Europlan",
            "nameAr": "Europlan",
            "active": true
        },
        "2825": {
            "id": 2825,
            "nameEn": "Gruppo Mediterraneo",
            "nameAr": "Gruppo Mediterraneo",
            "active": true
        },
        "2828": {
            "id": 2828,
            "nameEn": "Relaxia",
            "nameAr": "Relaxia",
            "active": true
        },
        "2829": {
            "id": 2829,
            "nameEn": "Flag Hotels",
            "nameAr": "Flag Hotels",
            "active": true
        },
        "2830": {
            "id": 2830,
            "nameEn": "Manoli Hotels",
            "nameAr": "مانولي هوتلز",
            "active": true
        },
        "2831": {
            "id": 2831,
            "nameEn": "Victor’S Residenz-Hotels",
            "nameAr": "فنادق فيكتور ريزيدينز",
            "active": true
        },
        "2832": {
            "id": 2832,
            "nameEn": "Thalazur France",
            "nameAr": "Thalazur France",
            "active": true
        },
        "2834": {
            "id": 2834,
            "nameEn": "Gto Hotels",
            "nameAr": "Gto Hotels",
            "active": true
        },
        "2835": {
            "id": 2835,
            "nameEn": "N1 Hotels",
            "nameAr": "N1 Hotels",
            "active": true
        },
        "2836": {
            "id": 2836,
            "nameEn": "Capella Hotel Group",
            "nameAr": "Capella Hotel Group",
            "active": true
        },
        "2838": {
            "id": 2838,
            "nameEn": "City Apartments",
            "nameAr": "City Apartments",
            "active": true
        },
        "2840": {
            "id": 2840,
            "nameEn": "Dorisol Hotels",
            "nameAr": " فنادق دوريسول",
            "active": true
        },
        "2842": {
            "id": 2842,
            "nameEn": "Village Montana",
            "nameAr": "Village Montana",
            "active": true
        },
        "2843": {
            "id": 2843,
            "nameEn": "Ms Hoteles",
            "nameAr": "MS Hoteles",
            "active": true
        },
        "2845": {
            "id": 2845,
            "nameEn": "Lisbon City Hotels",
            "nameAr": "Lisbon City Hotels",
            "active": true
        },
        "2847": {
            "id": 2847,
            "nameEn": "Gais Hotels",
            "nameAr": "GAIS Hotels",
            "active": true
        },
        "2848": {
            "id": 2848,
            "nameEn": "Hipotels Hotels and Resorts",
            "nameAr": "فنادق ومنتجعات هيبوتيلز",
            "active": true
        },
        "2852": {
            "id": 2852,
            "nameEn": "Garden and City",
            "nameAr": "جاردن آند سيتي",
            "active": true
        },
        "2853": {
            "id": 2853,
            "nameEn": "Valentin Hotels",
            "nameAr": "Valentin hotels",
            "active": true
        },
        "2856": {
            "id": 2856,
            "nameEn": "Polo Hotels",
            "nameAr": "Polo Hotels",
            "active": true
        },
        "2859": {
            "id": 2859,
            "nameEn": "Singularstays",
            "nameAr": "SingularStays",
            "active": true
        },
        "2861": {
            "id": 2861,
            "nameEn": "Maistra Hospitality Group",
            "nameAr": "Maistra Hospitality Group",
            "active": true
        },
        "2868": {
            "id": 2868,
            "nameEn": "Elite Hotels Uk",
            "nameAr": "Elite Hotels UK",
            "active": true
        },
        "2869": {
            "id": 2869,
            "nameEn": "Westmark Hotels",
            "nameAr": "فنادق ويستمارك",
            "active": true
        },
        "2871": {
            "id": 2871,
            "nameEn": "Red Carpet Inn",
            "nameAr": "Red Carpet Inn",
            "active": true
        },
        "2873": {
            "id": 2873,
            "nameEn": "O’Callaghan Collection",
            "nameAr": "فنادق أوكالاهان",
            "active": true
        },
        "2876": {
            "id": 2876,
            "nameEn": "Ibizea Sl",
            "nameAr": "IBIZEA SL",
            "active": true
        },
        "2895": {
            "id": 2895,
            "nameEn": "Letsroost",
            "nameAr": "LetsRoost",
            "active": true
        },
        "2897": {
            "id": 2897,
            "nameEn": "Travdo Hotels and Resorts",
            "nameAr": "فنادق ومنتجعات ترافدو",
            "active": true
        },
        "2898": {
            "id": 2898,
            "nameEn": "Hotel Solutions",
            "nameAr": "Hotel Solutions",
            "active": true
        },
        "2909": {
            "id": 2909,
            "nameEn": "Morvan Hotels",
            "nameAr": "Morvan Hotels",
            "active": true
        },
        "2913": {
            "id": 2913,
            "nameEn": "Vienna Hotel Group",
            "nameAr": "مجموعة فنادق فيينا",
            "active": true
        },
        "2914": {
            "id": 2914,
            "nameEn": "The Exsel Authentic Hotels Group",
            "nameAr": "مجموعة فنادق ذا إكسيل أوثينتك",
            "active": true
        },
        "2915": {
            "id": 2915,
            "nameEn": "Trimetys Hotels",
            "nameAr": "Trimetys Hotels",
            "active": true
        },
        "2916": {
            "id": 2916,
            "nameEn": "Robert Parker Collection",
            "nameAr": "مجموعة روبرت باركر",
            "active": true
        },
        "2918": {
            "id": 2918,
            "nameEn": "Hotel Inn Design",
            "nameAr": "Hotel Inn Design",
            "active": true
        },
        "2920": {
            "id": 2920,
            "nameEn": "Bon Hotels",
            "nameAr": "BON Hotels",
            "active": true
        },
        "2921": {
            "id": 2921,
            "nameEn": "Omena Hotels",
            "nameAr": "Omena Hotels",
            "active": true
        },
        "2931": {
            "id": 2931,
            "nameEn": "Centro Hotels",
            "nameAr": "Centro Hotels",
            "active": true
        },
        "2938": {
            "id": 2938,
            "nameEn": "Taleni Africa",
            "nameAr": "Taleni Africa",
            "active": true
        },
        "2939": {
            "id": 2939,
            "nameEn": "Sardinero Hoteles",
            "nameAr": "Sardinero Hoteles",
            "active": true
        },
        "2953": {
            "id": 2953,
            "nameEn": "Subur Hotels",
            "nameAr": "Subur hotels",
            "active": true
        },
        "2954": {
            "id": 2954,
            "nameEn": "Durlet Apartments",
            "nameAr": "Durlet Apartments",
            "active": true
        },
        "2955": {
            "id": 2955,
            "nameEn": "Le Relax Hotels",
            "nameAr": "Le Relax Hotels",
            "active": true
        },
        "2960": {
            "id": 2960,
            "nameEn": "Aqua Natura",
            "nameAr": "Aqua natura",
            "active": true
        },
        "2964": {
            "id": 2964,
            "nameEn": "Hotels and Resorts Of Morrocco",
            "nameAr": "هوتلز آند ريزورتس اوف موروكو",
            "active": true
        },
        "2965": {
            "id": 2965,
            "nameEn": "Tisara Hotels",
            "nameAr": "Tisara Hotels",
            "active": true
        },
        "2966": {
            "id": 2966,
            "nameEn": "Bg Hotels",
            "nameAr": "BG Hotels",
            "active": true
        },
        "2967": {
            "id": 2967,
            "nameEn": "Fosshotels",
            "nameAr": "Fosshotels",
            "active": true
        },
        "2968": {
            "id": 2968,
            "nameEn": "Viaggio Hospitality Group",
            "nameAr": "مجموعة فياجو للضيافة",
            "active": true
        },
        "2975": {
            "id": 2975,
            "nameEn": "Sun Resorts",
            "nameAr": "Sun Resorts",
            "active": true
        },
        "2976": {
            "id": 2976,
            "nameEn": "Malmaison and Hotel Du Vin Hotels",
            "nameAr": "مالميزون آند هوتل دو فين هوتلز",
            "active": true
        },
        "2980": {
            "id": 2980,
            "nameEn": "My Apartments",
            "nameAr": "My Apartments",
            "active": true
        },
        "2982": {
            "id": 2982,
            "nameEn": "Atrium Hotels",
            "nameAr": "Atrium Hotels",
            "active": true
        },
        "2984": {
            "id": 2984,
            "nameEn": "Ibiza Feeling",
            "nameAr": "Ibiza Feeling",
            "active": true
        },
        "2985": {
            "id": 2985,
            "nameEn": "Budgetel Inns and Suites",
            "nameAr": "بدجدتيل إنز آند سويتس",
            "active": true
        },
        "2991": {
            "id": 2991,
            "nameEn": "Medplaya",
            "nameAr": "Medplaya",
            "active": true
        },
        "2992": {
            "id": 2992,
            "nameEn": "Ruby Hotels",
            "nameAr": "Ruby Hotels",
            "active": true
        },
        "2993": {
            "id": 2993,
            "nameEn": "Guitart Hotels",
            "nameAr": "Guitart Hotels",
            "active": true
        },
        "2995": {
            "id": 2995,
            "nameEn": "Hanwha Hotels and Resorts",
            "nameAr": "فنادق ومنتجعات هانوا",
            "active": true
        },
        "2996": {
            "id": 2996,
            "nameEn": "Husa Hotels",
            "nameAr": "فنادق هوسا",
            "active": true
        },
        "2997": {
            "id": 2997,
            "nameEn": "Nesuto Hotels and Apartment Hotels",
            "nameAr": "نيسوتو للفنادق والشقق الفندقية",
            "active": true
        },
        "2999": {
            "id": 2999,
            "nameEn": "Porto Bay Hotels and Resorts",
            "nameAr": "فنادق ومنتجعات بورتو باي",
            "active": true
        },
        "3003": {
            "id": 3003,
            "nameEn": "Honotel",
            "nameAr": "Honotel",
            "active": true
        },
        "3005": {
            "id": 3005,
            "nameEn": "Our Zanzibar",
            "nameAr": "Our Zanzibar",
            "active": true
        },
        "3006": {
            "id": 3006,
            "nameEn": "Crown Resorts",
            "nameAr": "Crown resorts",
            "active": true
        },
        "3007": {
            "id": 3007,
            "nameEn": "Lopesan Hotel Group",
            "nameAr": "مجموعة فنادق لوبيسان",
            "active": true
        },
        "3009": {
            "id": 3009,
            "nameEn": "Bensaude Hotels",
            "nameAr": "Bensaude Hotels",
            "active": true
        },
        "3016": {
            "id": 3016,
            "nameEn": "Alsol Turismo",
            "nameAr": "Alsol Turismo",
            "active": true
        },
        "3017": {
            "id": 3017,
            "nameEn": "Gruppo Farruggio",
            "nameAr": "Gruppo Farruggio",
            "active": true
        },
        "3021": {
            "id": 3021,
            "nameEn": "Hovima",
            "nameAr": "Hovima",
            "active": true
        },
        "3022": {
            "id": 3022,
            "nameEn": "Civis Hoteles",
            "nameAr": "Civis Hoteles",
            "active": true
        },
        "3025": {
            "id": 3025,
            "nameEn": "Ostello Bello",
            "nameAr": "Ostello Bello",
            "active": true
        },
        "3027": {
            "id": 3027,
            "nameEn": "Sb Hotels",
            "nameAr": "SB Hotels",
            "active": true
        },
        "3028": {
            "id": 3028,
            "nameEn": "Future Inns Hotels",
            "nameAr": "Future Inns Hotels",
            "active": true
        },
        "3030": {
            "id": 3030,
            "nameEn": "Bonsai Hotels",
            "nameAr": "Bonsai Hotels",
            "active": true
        },
        "3034": {
            "id": 3034,
            "nameEn": "Wallis Holidays",
            "nameAr": "Wallis Holidays",
            "active": true
        },
        "3036": {
            "id": 3036,
            "nameEn": "Gruppo Trifoglio",
            "nameAr": "Gruppo Trifoglio",
            "active": true
        },
        "3038": {
            "id": 3038,
            "nameEn": "Cuenca Con Caracter",
            "nameAr": "Cuenca con caracter",
            "active": true
        },
        "3039": {
            "id": 3039,
            "nameEn": "Gjp Hotels and Resorts",
            "nameAr": "فنادق ومنتجعات جي جيه بي",
            "active": true
        },
        "3040": {
            "id": 3040,
            "nameEn": "Lost Lisbon",
            "nameAr": "Lost Lisbon",
            "active": true
        },
        "3042": {
            "id": 3042,
            "nameEn": "Escarpment Group",
            "nameAr": "Escarpment Group",
            "active": true
        },
        "3043": {
            "id": 3043,
            "nameEn": "Ghsm Group",
            "nameAr": "GHSM group",
            "active": true
        },
        "3044": {
            "id": 3044,
            "nameEn": "Brend Hotels",
            "nameAr": "Brend Hotels",
            "active": true
        },
        "3046": {
            "id": 3046,
            "nameEn": "Oca Hoteles",
            "nameAr": "Oca Hoteles",
            "active": true
        },
        "3048": {
            "id": 3048,
            "nameEn": "Horstmann",
            "nameAr": "هورستمان",
            "active": true
        },
        "3049": {
            "id": 3049,
            "nameEn": "Av Hotels",
            "nameAr": "AV Hotels",
            "active": true
        },
        "3051": {
            "id": 3051,
            "nameEn": "Abac Group",
            "nameAr": "ABaC Group",
            "active": true
        },
        "3054": {
            "id": 3054,
            "nameEn": "Leardini Group",
            "nameAr": "Leardini Group",
            "active": true
        },
        "3056": {
            "id": 3056,
            "nameEn": "Prem Group",
            "nameAr": "مجموعة بريم",
            "active": true
        },
        "3059": {
            "id": 3059,
            "nameEn": "Sip Group",
            "nameAr": "SIP Group",
            "active": true
        },
        "3061": {
            "id": 3061,
            "nameEn": "30 Degrees Hotels",
            "nameAr": "30 Degrees Hotels",
            "active": true
        },
        "3064": {
            "id": 3064,
            "nameEn": "Groupe Sibuet",
            "nameAr": "Groupe Sibuet",
            "active": true
        },
        "3066": {
            "id": 3066,
            "nameEn": "Sydney Lodges",
            "nameAr": "Sydney Lodges",
            "active": true
        },
        "3069": {
            "id": 3069,
            "nameEn": "Karibea Hotels",
            "nameAr": "Karibea Hotels",
            "active": true
        },
        "3070": {
            "id": 3070,
            "nameEn": "View Hotel",
            "nameAr": "View Hotel",
            "active": true
        },
        "3073": {
            "id": 3073,
            "nameEn": "Destiny Student",
            "nameAr": "Destiny Student",
            "active": true
        },
        "3076": {
            "id": 3076,
            "nameEn": "Welcome Hotels",
            "nameAr": "Welcome Hotels",
            "active": true
        },
        "3081": {
            "id": 3081,
            "nameEn": "Leonic Hotels",
            "nameAr": "Leonic Hotels",
            "active": true
        },
        "3084": {
            "id": 3084,
            "nameEn": "Cabilli Group",
            "nameAr": "Cabilli Group",
            "active": true
        },
        "3086": {
            "id": 3086,
            "nameEn": "Pabisa Hotels",
            "nameAr": "Pabisa Hotels",
            "active": true
        },
        "3088": {
            "id": 3088,
            "nameEn": "Tts Group",
            "nameAr": "TTS Group",
            "active": true
        },
        "3093": {
            "id": 3093,
            "nameEn": "Olissippo Hotels",
            "nameAr": "Olissippo Hotels",
            "active": true
        },
        "3094": {
            "id": 3094,
            "nameEn": "R2 Hotels",
            "nameAr": "R2 Hotels",
            "active": true
        },
        "3095": {
            "id": 3095,
            "nameEn": "Danhostel",
            "nameAr": "Danhostel",
            "active": true
        },
        "3096": {
            "id": 3096,
            "nameEn": "Btgroup",
            "nameAr": "مجموعة بي تي",
            "active": true
        },
        "3097": {
            "id": 3097,
            "nameEn": "Zenitude",
            "nameAr": "Zenitude",
            "active": true
        },
        "3098": {
            "id": 3098,
            "nameEn": "Nordotel",
            "nameAr": "Nordotel",
            "active": true
        },
        "3103": {
            "id": 3103,
            "nameEn": "Seabel Hotels Tunisia",
            "nameAr": "Seabel Hotels Tunisia",
            "active": true
        },
        "3106": {
            "id": 3106,
            "nameEn": "Kaktus Group",
            "nameAr": "Kaktus Group",
            "active": true
        },
        "3108": {
            "id": 3108,
            "nameEn": "Hoteles Benidorm",
            "nameAr": "Hoteles Benidorm",
            "active": true
        },
        "3111": {
            "id": 3111,
            "nameEn": "Ml Hotels",
            "nameAr": "ML Hotels",
            "active": true
        },
        "3112": {
            "id": 3112,
            "nameEn": "Cadena Hoteles Gf",
            "nameAr": "Cadena Hoteles GF",
            "active": true
        },
        "3113": {
            "id": 3113,
            "nameEn": "Crown and Champa Resorts Maldives",
            "nameAr": "منتجعات كراون آند تشامبا المالديف",
            "active": true
        },
        "3114": {
            "id": 3114,
            "nameEn": "Colina Hotels and Resorts",
            "nameAr": "فنادق ومنتجعات كولينا",
            "active": true
        },
        "3116": {
            "id": 3116,
            "nameEn": "Kaizen Hoteles",
            "nameAr": "Kaizen Hoteles",
            "active": true
        },
        "3121": {
            "id": 3121,
            "nameEn": "Intimate Hotels",
            "nameAr": "Intimate Hotels",
            "active": true
        },
        "3122": {
            "id": 3122,
            "nameEn": "Riversun Touristic",
            "nameAr": "Riversun Touristic",
            "active": true
        },
        "3123": {
            "id": 3123,
            "nameEn": "Danske Hoteller",
            "nameAr": "Danske Hoteller",
            "active": true
        },
        "3124": {
            "id": 3124,
            "nameEn": "Aqua Hotel",
            "nameAr": "فندق أكوا",
            "active": true
        },
        "3125": {
            "id": 3125,
            "nameEn": "Izan Hoteles",
            "nameAr": "Izan Hoteles",
            "active": true
        },
        "3126": {
            "id": 3126,
            "nameEn": "Benalmadena Palace",
            "nameAr": "Benalmadena Palace",
            "active": true
        },
        "3140": {
            "id": 3140,
            "nameEn": "Gruppo Orefice",
            "nameAr": "Gruppo Orefice",
            "active": true
        },
        "3141": {
            "id": 3141,
            "nameEn": "Alegria Hotels",
            "nameAr": "Alegria hotels",
            "active": true
        },
        "3145": {
            "id": 3145,
            "nameEn": "Palace Resorts",
            "nameAr": "Palace Resorts",
            "active": true
        },
        "3150": {
            "id": 3150,
            "nameEn": "Dedeman Hotels and Resorts International",
            "nameAr": "فنادق ومنتجعات ديدمان العالمية",
            "active": true
        },
        "3152": {
            "id": 3152,
            "nameEn": "The Hoxton Hotels",
            "nameAr": "The Hoxton Hotels",
            "active": true
        },
        "3159": {
            "id": 3159,
            "nameEn": "Grupo Hotelero Santa Fe",
            "nameAr": "Grupo Hotelero Santa Fe",
            "active": true
        },
        "3160": {
            "id": 3160,
            "nameEn": "Totalstay",
            "nameAr": "Totalstay",
            "active": true
        },
        "3162": {
            "id": 3162,
            "nameEn": "Tierra Hoteles",
            "nameAr": "Tierra Hoteles",
            "active": true
        },
        "3163": {
            "id": 3163,
            "nameEn": "River Hotel",
            "nameAr": "River Hotel",
            "active": true
        },
        "3165": {
            "id": 3165,
            "nameEn": "The Royal Resorts",
            "nameAr": "The Royal Resorts",
            "active": true
        },
        "3167": {
            "id": 3167,
            "nameEn": "Rossio Garden and Boutique Hotels",
            "nameAr": "فنادق روسيو غاردين البوتيكية",
            "active": true
        },
        "3169": {
            "id": 3169,
            "nameEn": "Meitetsu Inn",
            "nameAr": "Meitetsu Inn",
            "active": true
        },
        "3171": {
            "id": 3171,
            "nameEn": "Nice Way Hostels",
            "nameAr": "بيوت شباب نايس واي",
            "active": true
        },
        "3173": {
            "id": 3173,
            "nameEn": "Icmi",
            "nameAr": "ICMI",
            "active": true
        },
        "3175": {
            "id": 3175,
            "nameEn": "Sterling Holidays Resorts",
            "nameAr": "Sterling Holidays Resorts",
            "active": true
        },
        "3177": {
            "id": 3177,
            "nameEn": "Arc Hotels",
            "nameAr": "Arc Hotels",
            "active": true
        },
        "3180": {
            "id": 3180,
            "nameEn": "Pinewood Hotels",
            "nameAr": "Pinewood Hotels",
            "active": true
        },
        "3182": {
            "id": 3182,
            "nameEn": "Astotel",
            "nameAr": "Astotel",
            "active": true
        },
        "3183": {
            "id": 3183,
            "nameEn": "Via Inn Hotel Chain",
            "nameAr": "VIA INN HOTEL CHAIN",
            "active": true
        },
        "3184": {
            "id": 3184,
            "nameEn": "Suncani Hvar Hotels",
            "nameAr": "Suncani Hvar Hotels",
            "active": true
        },
        "3185": {
            "id": 3185,
            "nameEn": "Serendib Hotels and Resorts",
            "nameAr": "فنادق ومنتجعات سيرينديب",
            "active": true
        },
        "3187": {
            "id": 3187,
            "nameEn": "The Peninsula Group",
            "nameAr": "The Peninsula Group",
            "active": true
        },
        "3188": {
            "id": 3188,
            "nameEn": "Real Hotels Group",
            "nameAr": "مجموعة فنادق ريال",
            "active": true
        },
        "3189": {
            "id": 3189,
            "nameEn": "The Collector'S Hotels",
            "nameAr": "The Collector's Hotels",
            "active": true
        },
        "3191": {
            "id": 3191,
            "nameEn": "MiramarandMetropol",
            "nameAr": "ميرامار آند متروبول",
            "active": true
        },
        "3192": {
            "id": 3192,
            "nameEn": "Paris Inn Group",
            "nameAr": "باريس إن جروب",
            "active": true
        },
        "3193": {
            "id": 3193,
            "nameEn": "Curious",
            "nameAr": "Curious",
            "active": true
        },
        "3196": {
            "id": 3196,
            "nameEn": "Amadria Park",
            "nameAr": "Amadria Park",
            "active": true
        },
        "3197": {
            "id": 3197,
            "nameEn": "Cerini Hotels",
            "nameAr": "Cerini Hotels",
            "active": true
        },
        "3204": {
            "id": 3204,
            "nameEn": "Tequendama Hotels",
            "nameAr": "Tequendama Hotels",
            "active": true
        },
        "3208": {
            "id": 3208,
            "nameEn": "Rochester Hotels",
            "nameAr": "Rochester Hotels",
            "active": true
        },
        "3214": {
            "id": 3214,
            "nameEn": "Aaa Hotels and Resorts",
            "nameAr": "فنادق ومنتجعات إيه إيه إيه",
            "active": true
        },
        "3215": {
            "id": 3215,
            "nameEn": "Ghm Hoteles",
            "nameAr": "GHM Hoteles",
            "active": true
        },
        "3216": {
            "id": 3216,
            "nameEn": "Leisure Hotels",
            "nameAr": "Leisure Hotels",
            "active": true
        },
        "3217": {
            "id": 3217,
            "nameEn": "Original Resorts",
            "nameAr": "Original Resorts",
            "active": true
        },
        "3223": {
            "id": 3223,
            "nameEn": "Oasis Hotels and Resorts",
            "nameAr": "فنادق ومنتجعات أويسيز",
            "active": true
        },
        "3225": {
            "id": 3225,
            "nameEn": "Speke Group Of Hotels",
            "nameAr": "Speke Group of Hotels",
            "active": true
        },
        "3226": {
            "id": 3226,
            "nameEn": "Can Cera Group",
            "nameAr": "Can Cera Group",
            "active": true
        },
        "3229": {
            "id": 3229,
            "nameEn": "Cds Hotels",
            "nameAr": "CDS Hotels",
            "active": true
        },
        "3230": {
            "id": 3230,
            "nameEn": "Azzahar Hotels",
            "nameAr": "Azzahar Hotels",
            "active": true
        },
        "3232": {
            "id": 3232,
            "nameEn": "Biz Apartment",
            "nameAr": "Biz Apartment",
            "active": true
        },
        "3233": {
            "id": 3233,
            "nameEn": "Ilusion Hotels",
            "nameAr": "Ilusion Hotels",
            "active": true
        },
        "3238": {
            "id": 3238,
            "nameEn": "Grupo Mambo Hotels",
            "nameAr": "Grupo Mambo Hotels",
            "active": true
        },
        "3239": {
            "id": 3239,
            "nameEn": "Connect Hotels",
            "nameAr": "Connect Hotels",
            "active": true
        },
        "3241": {
            "id": 3241,
            "nameEn": "Yit Hoteles",
            "nameAr": "YIT Hoteles",
            "active": true
        },
        "3242": {
            "id": 3242,
            "nameEn": "Eizasa Hoteles",
            "nameAr": "Eizasa Hoteles",
            "active": true
        },
        "3243": {
            "id": 3243,
            "nameEn": "Aromar Hotels",
            "nameAr": "Aromar Hotels",
            "active": true
        },
        "3253": {
            "id": 3253,
            "nameEn": "Vacanze Col Cuore",
            "nameAr": "Vacanze col Cuore",
            "active": true
        },
        "3254": {
            "id": 3254,
            "nameEn": "Ur Hotels",
            "nameAr": "UR Hotels",
            "active": true
        },
        "3256": {
            "id": 3256,
            "nameEn": "Ottimistica Hotels",
            "nameAr": "Ottimistica Hotels",
            "active": true
        },
        "3260": {
            "id": 3260,
            "nameEn": "Apollo Hotels and Resorts",
            "nameAr": "فنادق ومنتجعات أبوللو",
            "active": true
        },
        "3261": {
            "id": 3261,
            "nameEn": "Sunstar Hotels",
            "nameAr": "Sunstar Hotels",
            "active": true
        },
        "3269": {
            "id": 3269,
            "nameEn": "Sun N Sand",
            "nameAr": "Sun N Sand",
            "active": true
        },
        "3272": {
            "id": 3272,
            "nameEn": "Urh Hotels",
            "nameAr": "URH Hotels",
            "active": true
        },
        "3273": {
            "id": 3273,
            "nameEn": "Executive Hotels and Resorts",
            "nameAr": "التنفيذي للفنادق والمنتجعات",
            "active": true
        },
        "3275": {
            "id": 3275,
            "nameEn": "Samba Hotels",
            "nameAr": "Samba Hotels",
            "active": true
        },
        "3276": {
            "id": 3276,
            "nameEn": "Grupo Premium",
            "nameAr": "Grupo Premium",
            "active": true
        },
        "3277": {
            "id": 3277,
            "nameEn": "Hostelling Scotland",
            "nameAr": "Hostelling Scotland",
            "active": true
        },
        "3279": {
            "id": 3279,
            "nameEn": "Vp Hotels",
            "nameAr": "VP Hotels",
            "active": true
        },
        "3284": {
            "id": 3284,
            "nameEn": "Cdh",
            "nameAr": "CDH",
            "active": true
        },
        "3286": {
            "id": 3286,
            "nameEn": "Helios Hotels",
            "nameAr": "Helios Hotels",
            "active": true
        },
        "3292": {
            "id": 3292,
            "nameEn": "Dancamps",
            "nameAr": "Dancamps",
            "active": true
        },
        "3293": {
            "id": 3293,
            "nameEn": "Hotel Edda",
            "nameAr": "Hotel Edda",
            "active": true
        },
        "3295": {
            "id": 3295,
            "nameEn": "K and K Hotels",
            "nameAr": "فنادق كيه آند كيه",
            "active": true
        },
        "3296": {
            "id": 3296,
            "nameEn": "Sunway Hotels And Resorts",
            "nameAr": "Sunway Hotels and Resorts",
            "active": true
        },
        "3298": {
            "id": 3298,
            "nameEn": "Torel Boutiques Hotels",
            "nameAr": "Torel Boutiques Hotels",
            "active": true
        },
        "3299": {
            "id": 3299,
            "nameEn": "Autentics Hotels Andorra",
            "nameAr": "Autentics Hotels Andorra",
            "active": true
        },
        "3306": {
            "id": 3306,
            "nameEn": "Dreamsapt",
            "nameAr": "Dreamsapt",
            "active": true
        },
        "3308": {
            "id": 3308,
            "nameEn": "Gruppo Ginori",
            "nameAr": "Gruppo Ginori",
            "active": true
        },
        "3317": {
            "id": 3317,
            "nameEn": "Atlanthal",
            "nameAr": "Atlanthal",
            "active": true
        },
        "3318": {
            "id": 3318,
            "nameEn": "Superhostel",
            "nameAr": "SuperHostel",
            "active": true
        },
        "3319": {
            "id": 3319,
            "nameEn": "Fortune Hotels",
            "nameAr": "Fortune Hotels",
            "active": true
        },
        "3322": {
            "id": 3322,
            "nameEn": "City Style Hotels",
            "nameAr": "City Style Hotels",
            "active": true
        },
        "3324": {
            "id": 3324,
            "nameEn": "Garibaldi Hotels",
            "nameAr": "Garibaldi Hotels",
            "active": true
        },
        "3325": {
            "id": 3325,
            "nameEn": "Edinburgh Pearl Apartments",
            "nameAr": "Edinburgh Pearl Apartments",
            "active": true
        },
        "3331": {
            "id": 3331,
            "nameEn": "Hoti Hoteis",
            "nameAr": "Hoti Hoteis",
            "active": true
        },
        "3332": {
            "id": 3332,
            "nameEn": "Faro Hostels",
            "nameAr": "بيوت شباب فارو",
            "active": true
        },
        "3334": {
            "id": 3334,
            "nameEn": "Azoris",
            "nameAr": "Azoris",
            "active": true
        },
        "3335": {
            "id": 3335,
            "nameEn": "Jugendherberge",
            "nameAr": "يوجين دير بيرج",
            "active": true
        },
        "3343": {
            "id": 3343,
            "nameEn": "Casaturis",
            "nameAr": "CasaTuris",
            "active": true
        },
        "3344": {
            "id": 3344,
            "nameEn": "Prestige Hotels and Resorts",
            "nameAr": "فنادق ومنتجعات برستيج",
            "active": true
        },
        "3348": {
            "id": 3348,
            "nameEn": "Apartment Hotel Mimaru",
            "nameAr": "APARTMENT HOTEL MIMARU",
            "active": true
        },
        "3350": {
            "id": 3350,
            "nameEn": "Legacy Hotels Uk",
            "nameAr": "Legacy Hotels UK",
            "active": true
        },
        "3351": {
            "id": 3351,
            "nameEn": "Residhotel",
            "nameAr": "Residhotel",
            "active": true
        },
        "3354": {
            "id": 3354,
            "nameEn": "Metro Inns",
            "nameAr": "Metro Inns",
            "active": true
        },
        "3356": {
            "id": 3356,
            "nameEn": "Ee Hotels",
            "nameAr": "EE Hotels",
            "active": true
        },
        "3357": {
            "id": 3357,
            "nameEn": "Argyle Hotel Group",
            "nameAr": "مجموعة فنادق أرجيل",
            "active": true
        },
        "3360": {
            "id": 3360,
            "nameEn": "Arha Hoteles",
            "nameAr": "ARHA Hoteles",
            "active": true
        },
        "3361": {
            "id": 3361,
            "nameEn": "Alexandre Hotels Tenerife",
            "nameAr": "Alexandre hotels Tenerife",
            "active": true
        },
        "3362": {
            "id": 3362,
            "nameEn": "Sunplace Hotels and Resorts",
            "nameAr": "فنادق ومنتجعات صن بليس",
            "active": true
        },
        "3363": {
            "id": 3363,
            "nameEn": "Be My Guest",
            "nameAr": "Be my Guest",
            "active": true
        },
        "3364": {
            "id": 3364,
            "nameEn": "Hf Hotels, Lda",
            "nameAr": "HF Hotels, LDA",
            "active": true
        },
        "3367": {
            "id": 3367,
            "nameEn": "Mantis Collection",
            "nameAr": "Mantis Collection",
            "active": true
        },
        "3368": {
            "id": 3368,
            "nameEn": "Hiisi Homes and Hotels",
            "nameAr": "هيسي هومز آند هوتلز",
            "active": true
        },
        "3369": {
            "id": 3369,
            "nameEn": "The Inns",
            "nameAr": "The Inns",
            "active": true
        },
        "3373": {
            "id": 3373,
            "nameEn": "Ahotels",
            "nameAr": "Ahotels",
            "active": true
        },
        "3374": {
            "id": 3374,
            "nameEn": "Aire Apartments",
            "nameAr": "شقق إير",
            "active": true
        },
        "3376": {
            "id": 3376,
            "nameEn": "Azure Hospitality",
            "nameAr": "أزور للضيافة",
            "active": true
        },
        "3380": {
            "id": 3380,
            "nameEn": "Pars Hostels",
            "nameAr": "Pars Hostels",
            "active": true
        },
        "3381": {
            "id": 3381,
            "nameEn": "Holiday Club",
            "nameAr": "Holiday Club",
            "active": true
        },
        "3382": {
            "id": 3382,
            "nameEn": "Lemon Tree",
            "nameAr": "Lemon Tree",
            "active": true
        },
        "3384": {
            "id": 3384,
            "nameEn": "Grupo Mur",
            "nameAr": "Grupo MUR",
            "active": true
        },
        "3386": {
            "id": 3386,
            "nameEn": "Homely Apartments",
            "nameAr": "Homely Apartments",
            "active": true
        },
        "3388": {
            "id": 3388,
            "nameEn": "Tafer Hotels and Resorts",
            "nameAr": "فنادق ومنتجعات تافر",
            "active": true
        },
        "3398": {
            "id": 3398,
            "nameEn": "Redwings Lodge",
            "nameAr": "Redwings Lodge",
            "active": true
        },
        "3404": {
            "id": 3404,
            "nameEn": "Azalaï Hotel Group",
            "nameAr": "مجموعة فنادق أزلاي",
            "active": true
        },
        "3414": {
            "id": 3414,
            "nameEn": "Weitzer Hotels",
            "nameAr": "Weitzer Hotels",
            "active": true
        },
        "3416": {
            "id": 3416,
            "nameEn": "Keikyu Ex Inn",
            "nameAr": "Keikyu EX Inn",
            "active": true
        },
        "3423": {
            "id": 3423,
            "nameEn": "Aguamarina",
            "nameAr": "Aguamarina",
            "active": true
        },
        "3426": {
            "id": 3426,
            "nameEn": "Old Town Gesthousess",
            "nameAr": "Old Town Gesthousess",
            "active": true
        },
        "3450": {
            "id": 3450,
            "nameEn": "Platinum Hotel Group",
            "nameAr": "مجموعة فنادق بلاتينيوم",
            "active": true
        },
        "3451": {
            "id": 3451,
            "nameEn": "Turquoise Apartments",
            "nameAr": "Turquoise Apartments",
            "active": true
        },
        "3452": {
            "id": 3452,
            "nameEn": "Trendyhost Apartments",
            "nameAr": "شقق ترندي هوست",
            "active": true
        },
        "3457": {
            "id": 3457,
            "nameEn": "Almex",
            "nameAr": "Almex",
            "active": true
        },
        "3458": {
            "id": 3458,
            "nameEn": "360 Apartments",
            "nameAr": "360 Apartments",
            "active": true
        },
        "3482": {
            "id": 3482,
            "nameEn": "Gruppo Borra",
            "nameAr": "Gruppo Borra",
            "active": true
        },
        "3484": {
            "id": 3484,
            "nameEn": "Ritual Hotels",
            "nameAr": "Ritual Hotels",
            "active": true
        },
        "3485": {
            "id": 3485,
            "nameEn": "Lindbergh Hotels",
            "nameAr": "Lindbergh Hotels",
            "active": true
        },
        "3490": {
            "id": 3490,
            "nameEn": "Ohtels",
            "nameAr": "Ohtels",
            "active": true
        },
        "3491": {
            "id": 3491,
            "nameEn": "Emperoom Hotels",
            "nameAr": "Emperoom Hotels",
            "active": true
        },
        "3494": {
            "id": 3494,
            "nameEn": "Lava Resorts",
            "nameAr": "Lava Resorts",
            "active": true
        },
        "3511": {
            "id": 3511,
            "nameEn": "Fasano",
            "nameAr": "Fasano",
            "active": true
        },
        "3515": {
            "id": 3515,
            "nameEn": "Treehouse Hotels and Resorts",
            "nameAr": "فنادق ومنتجعات تري هاوس ",
            "active": true
        },
        "3517": {
            "id": 3517,
            "nameEn": "Andrin La Torre",
            "nameAr": "Andrin La Torre",
            "active": true
        },
        "3521": {
            "id": 3521,
            "nameEn": "Axis Hoteis",
            "nameAr": "Axis Hoteis",
            "active": true
        },
        "3530": {
            "id": 3530,
            "nameEn": "Gb Hotels Abano Terme",
            "nameAr": "GB Hotels Abano Terme",
            "active": true
        },
        "3531": {
            "id": 3531,
            "nameEn": "Selenta Group",
            "nameAr": "Selenta Group",
            "active": true
        },
        "3532": {
            "id": 3532,
            "nameEn": "Fragrance Hotel",
            "nameAr": "Fragrance Hotel",
            "active": true
        },
        "3539": {
            "id": 3539,
            "nameEn": "Robinson Club",
            "nameAr": "Robinson Club",
            "active": true
        },
        "3540": {
            "id": 3540,
            "nameEn": "Inn Collection Group",
            "nameAr": "Inn Collection Group",
            "active": true
        },
        "3543": {
            "id": 3543,
            "nameEn": "Black Home Gmbh",
            "nameAr": "Black Home GmbH",
            "active": true
        },
        "3548": {
            "id": 3548,
            "nameEn": "Ker Hotels",
            "nameAr": "Ker Hotels",
            "active": true
        },
        "3553": {
            "id": 3553,
            "nameEn": "Four Views Hotels",
            "nameAr": "Four Views Hotels",
            "active": true
        },
        "3560": {
            "id": 3560,
            "nameEn": "Nord Collection",
            "nameAr": "Nord Collection",
            "active": true
        },
        "3562": {
            "id": 3562,
            "nameEn": "Nexus Leisure",
            "nameAr": "Nexus Leisure",
            "active": true
        },
        "3569": {
            "id": 3569,
            "nameEn": "Montelia",
            "nameAr": "Montelia",
            "active": true
        },
        "3576": {
            "id": 3576,
            "nameEn": "Vida Hoteles and Apartamentos",
            "nameAr": "فنادق وشقق فيدا",
            "active": true
        },
        "3584": {
            "id": 3584,
            "nameEn": "Luxury Art Resort",
            "nameAr": "Luxury Art Resort",
            "active": true
        },
        "3585": {
            "id": 3585,
            "nameEn": "Lifeclass",
            "nameAr": "LifeClass",
            "active": true
        },
        "3591": {
            "id": 3591,
            "nameEn": "Ambienthotels",
            "nameAr": "Ambienthotels",
            "active": true
        },
        "3593": {
            "id": 3593,
            "nameEn": "Gruppo San Martino",
            "nameAr": "Gruppo San Martino",
            "active": true
        },
        "3594": {
            "id": 3594,
            "nameEn": "Toledo Ap",
            "nameAr": "TOLEDO AP",
            "active": true
        },
        "3600": {
            "id": 3600,
            "nameEn": "La LecherâˆŠâ‰ A De Babia",
            "nameAr": "La Lecher√≠a de Babia",
            "active": true
        },
        "3602": {
            "id": 3602,
            "nameEn": "Vincci",
            "nameAr": "Vincci",
            "active": true
        },
        "3606": {
            "id": 3606,
            "nameEn": "Hotelito Boutique",
            "nameAr": "Hotelito Boutique",
            "active": true
        },
        "3607": {
            "id": 3607,
            "nameEn": "Cuevas De Vinayo",
            "nameAr": "Cuevas de Vinayo",
            "active": true
        },
        "3611": {
            "id": 3611,
            "nameEn": "Arp Hansen",
            "nameAr": "Arp Hansen",
            "active": true
        },
        "3615": {
            "id": 3615,
            "nameEn": "Why The Best Hotels",
            "nameAr": "Why The Best Hotels",
            "active": true
        },
        "3616": {
            "id": 3616,
            "nameEn": "Affinia",
            "nameAr": "Affinia",
            "active": true
        },
        "3619": {
            "id": 3619,
            "nameEn": "Faranda Hotels and Resorts",
            "nameAr": "فنادق ومنتجعات فراندا",
            "active": true
        },
        "3622": {
            "id": 3622,
            "nameEn": "Tuapartamento.Com",
            "nameAr": "توبارتمنتو.كوم",
            "active": true
        },
        "3632": {
            "id": 3632,
            "nameEn": "Latitud Hoteles",
            "nameAr": "Latitud Hoteles",
            "active": true
        },
        "3634": {
            "id": 3634,
            "nameEn": "Oporto Street And Oporto Collection",
            "nameAr": "Oporto Street and Oporto Collection",
            "active": true
        },
        "3647": {
            "id": 3647,
            "nameEn": "Marina D'Or",
            "nameAr": "Marina D'Or",
            "active": true
        },
        "3650": {
            "id": 3650,
            "nameEn": "Temmos",
            "nameAr": "Temmos",
            "active": true
        },
        "3652": {
            "id": 3652,
            "nameEn": "Toboso Hotels And Apartments",
            "nameAr": "Toboso Hotels and Apartments",
            "active": true
        },
        "3655": {
            "id": 3655,
            "nameEn": "Mercer Hoteles",
            "nameAr": "فنادق ميرسير",
            "active": true
        },
        "3665": {
            "id": 3665,
            "nameEn": "Clare Coast Hotels",
            "nameAr": "Clare Coast Hotels",
            "active": true
        },
        "3667": {
            "id": 3667,
            "nameEn": "El Redall",
            "nameAr": "El Redall",
            "active": true
        },
        "3674": {
            "id": 3674,
            "nameEn": "Stay",
            "nameAr": "STAY",
            "active": true
        },
        "3680": {
            "id": 3680,
            "nameEn": "Kabania",
            "nameAr": "Kabania",
            "active": true
        },
        "3682": {
            "id": 3682,
            "nameEn": "Flying Butler",
            "nameAr": "Flying Butler",
            "active": true
        },
        "3683": {
            "id": 3683,
            "nameEn": "Ca Pilarona",
            "nameAr": "Ca Pilarona",
            "active": true
        },
        "3687": {
            "id": 3687,
            "nameEn": "Equeva Group",
            "nameAr": "Equeva Group",
            "active": true
        },
        "3694": {
            "id": 3694,
            "nameEn": "Voa Hotels",
            "nameAr": "VOA Hotels",
            "active": true
        },
        "3697": {
            "id": 3697,
            "nameEn": "Domitys",
            "nameAr": "DOMITYS",
            "active": true
        },
        "3709": {
            "id": 3709,
            "nameEn": "Shiadu Group",
            "nameAr": "Shiadu Group",
            "active": true
        },
        "3715": {
            "id": 3715,
            "nameEn": "Cgh-Earth",
            "nameAr": "CGH-Earth",
            "active": true
        },
        "3716": {
            "id": 3716,
            "nameEn": "Mcgettigan Hotel Group",
            "nameAr": "McGettigan Hotel Group",
            "active": true
        },
        "3720": {
            "id": 3720,
            "nameEn": "De Historiske Hoteller Norway",
            "nameAr": "De Historiske Hoteller Norway",
            "active": true
        },
        "3736": {
            "id": 3736,
            "nameEn": "Eurosun Hotels",
            "nameAr": "Eurosun Hotels",
            "active": true
        },
        "3742": {
            "id": 3742,
            "nameEn": "Imperial",
            "nameAr": "Imperial",
            "active": true
        },
        "3752": {
            "id": 3752,
            "nameEn": "Comitas Hoteles",
            "nameAr": "Comitas Hoteles",
            "active": true
        },
        "3754": {
            "id": 3754,
            "nameEn": "Omnia Collection",
            "nameAr": "Omnia Collection",
            "active": true
        },
        "3757": {
            "id": 3757,
            "nameEn": "Gruppo Fargion",
            "nameAr": "Gruppo Fargion",
            "active": true
        },
        "3763": {
            "id": 3763,
            "nameEn": "Nn Hotels",
            "nameAr": "NN Hotels",
            "active": true
        },
        "3766": {
            "id": 3766,
            "nameEn": "Quick Palace",
            "nameAr": "Quick Palace",
            "active": true
        },
        "3769": {
            "id": 3769,
            "nameEn": "Next Story Group",
            "nameAr": "Next Story Group",
            "active": true
        },
        "3777": {
            "id": 3777,
            "nameEn": "Derag Livinghotels",
            "nameAr": "Derag Livinghotels",
            "active": true
        },
        "3778": {
            "id": 3778,
            "nameEn": "Village Center",
            "nameAr": "Village Center",
            "active": true
        },
        "3785": {
            "id": 3785,
            "nameEn": "Southofafrica",
            "nameAr": "SouthofAfrica",
            "active": true
        },
        "3788": {
            "id": 3788,
            "nameEn": "Sina Hotels",
            "nameAr": "Sina Hotels",
            "active": true
        },
        "3789": {
            "id": 3789,
            "nameEn": "Soges Group",
            "nameAr": "Soges Group",
            "active": true
        },
        "3790": {
            "id": 3790,
            "nameEn": "Bahia Principe",
            "nameAr": "Bahia Principe",
            "active": true
        },
        "3791": {
            "id": 3791,
            "nameEn": "Dicohotels",
            "nameAr": "Dicohotels",
            "active": true
        },
        "3792": {
            "id": 3792,
            "nameEn": "Inatel",
            "nameAr": "INATEL",
            "active": true
        },
        "3793": {
            "id": 3793,
            "nameEn": "Scottish Inn",
            "nameAr": "Scottish Inn",
            "active": true
        },
        "3794": {
            "id": 3794,
            "nameEn": "Ace Hotel",
            "nameAr": "Ace Hotel",
            "active": true
        },
        "3795": {
            "id": 3795,
            "nameEn": "Treguer Hotels",
            "nameAr": "Treguer Hotels",
            "active": true
        },
        "3799": {
            "id": 3799,
            "nameEn": "Shine Hotels",
            "nameAr": "Shine Hotels",
            "active": true
        },
        "3800": {
            "id": 3800,
            "nameEn": "Manorview Hotels",
            "nameAr": "Manorview Hotels",
            "active": true
        },
        "3803": {
            "id": 3803,
            "nameEn": "Freedom Hotels",
            "nameAr": "Freedom Hotels",
            "active": true
        },
        "3805": {
            "id": 3805,
            "nameEn": "Casola Group",
            "nameAr": "Casola Group",
            "active": true
        },
        "3806": {
            "id": 3806,
            "nameEn": "Petit Hotels",
            "nameAr": "Petit Hotels",
            "active": true
        },
        "3818": {
            "id": 3818,
            "nameEn": "Basic Menorca",
            "nameAr": "Basic Menorca",
            "active": true
        },
        "3820": {
            "id": 3820,
            "nameEn": "Hoteles Lucerna",
            "nameAr": "Hoteles Lucerna",
            "active": true
        },
        "3824": {
            "id": 3824,
            "nameEn": "Genting Malaysia",
            "nameAr": "Genting Malaysia",
            "active": true
        },
        "3829": {
            "id": 3829,
            "nameEn": "Neya Hotels",
            "nameAr": "Neya Hotels",
            "active": true
        },
        "3833": {
            "id": 3833,
            "nameEn": "Bannatyne",
            "nameAr": "Bannatyne",
            "active": true
        },
        "3834": {
            "id": 3834,
            "nameEn": "Mix Hotels",
            "nameAr": "Mix Hotels",
            "active": true
        },
        "3835": {
            "id": 3835,
            "nameEn": "Masters Inn",
            "nameAr": "Masters Inn",
            "active": true
        },
        "3838": {
            "id": 3838,
            "nameEn": "Bed4U",
            "nameAr": "Bed4U",
            "active": true
        },
        "3842": {
            "id": 3842,
            "nameEn": "Scenic Hotel Group",
            "nameAr": "مجموعة فنادق سينيك",
            "active": true
        },
        "3843": {
            "id": 3843,
            "nameEn": "Marins Park Hotels",
            "nameAr": "Marins Park Hotels",
            "active": true
        },
        "3846": {
            "id": 3846,
            "nameEn": "Compass Hospitality",
            "nameAr": "Compass Hospitality",
            "active": true
        },
        "3861": {
            "id": 3861,
            "nameEn": "Zafiro Hotels",
            "nameAr": "Zafiro Hotels",
            "active": true
        },
        "3863": {
            "id": 3863,
            "nameEn": "Sh Hotels",
            "nameAr": "SH Hotels",
            "active": true
        },
        "3864": {
            "id": 3864,
            "nameEn": "Seaclub Hotels",
            "nameAr": "Seaclub Hotels",
            "active": true
        },
        "3866": {
            "id": 3866,
            "nameEn": "Hoteles Living",
            "nameAr": "Hoteles Living",
            "active": true
        },
        "3870": {
            "id": 3870,
            "nameEn": "Uve Hoteles",
            "nameAr": "UVE Hoteles",
            "active": true
        },
        "3876": {
            "id": 3876,
            "nameEn": "Crerar Hotel Group",
            "nameAr": "مجموعة فنادق كريرار",
            "active": true
        },
        "3877": {
            "id": 3877,
            "nameEn": "Macia Hoteles",
            "nameAr": "Macia Hoteles",
            "active": true
        },
        "3878": {
            "id": 3878,
            "nameEn": "La Siredrah",
            "nameAr": "La Siredrah",
            "active": true
        },
        "3883": {
            "id": 3883,
            "nameEn": "Universal Orlando Resort",
            "nameAr": "Universal Orlando Resort",
            "active": true
        },
        "3889": {
            "id": 3889,
            "nameEn": "Dormero",
            "nameAr": "Dormero",
            "active": true
        },
        "3891": {
            "id": 3891,
            "nameEn": "Zencity",
            "nameAr": "زين سيتي",
            "active": true
        },
        "3895": {
            "id": 3895,
            "nameEn": "Villa D'Este Group",
            "nameAr": "Villa D'Este Group",
            "active": true
        },
        "3896": {
            "id": 3896,
            "nameEn": "Corte Realdi",
            "nameAr": "Corte Realdi",
            "active": true
        },
        "3897": {
            "id": 3897,
            "nameEn": "Solans Hotels",
            "nameAr": "Solans Hotels",
            "active": true
        },
        "3899": {
            "id": 3899,
            "nameEn": "Paya Hotels",
            "nameAr": "Paya Hotels",
            "active": true
        },
        "3900": {
            "id": 3900,
            "nameEn": "Oasis Atlantico HotelsandResorts",
            "nameAr": "فنادق ومنتجعات أويسيز أتلانتكو",
            "active": true
        },
        "3906": {
            "id": 3906,
            "nameEn": "Sirenis Hotels and Resorts",
            "nameAr": "فنادق ومنتجعات سيرينيس",
            "active": true
        },
        "3911": {
            "id": 3911,
            "nameEn": "Jsh Hotels Collection",
            "nameAr": "مجموعة فنادق جيه إس إتش",
            "active": true
        },
        "3913": {
            "id": 3913,
            "nameEn": "Aurora Hotel Collection",
            "nameAr": "Aurora Hotel Collection",
            "active": true
        },
        "3915": {
            "id": 3915,
            "nameEn": "Duna Parque Group",
            "nameAr": "Duna Parque Group",
            "active": true
        },
        "3917": {
            "id": 3917,
            "nameEn": "Lario Hotels",
            "nameAr": "Lario Hotels",
            "active": true
        },
        "3919": {
            "id": 3919,
            "nameEn": "Africa Albida Tourism",
            "nameAr": "Africa Albida Tourism",
            "active": true
        },
        "3921": {
            "id": 3921,
            "nameEn": "Strathmore Hotels",
            "nameAr": "Strathmore Hotels",
            "active": true
        },
        "3923": {
            "id": 3923,
            "nameEn": "Celuisma Hoteles",
            "nameAr": "Celuisma Hoteles",
            "active": true
        },
        "3925": {
            "id": 3925,
            "nameEn": "Anastasia E Violino",
            "nameAr": "Anastasia e Violino",
            "active": true
        },
        "3926": {
            "id": 3926,
            "nameEn": "Somriu Hotels",
            "nameAr": "Somriu Hotels",
            "active": true
        },
        "3928": {
            "id": 3928,
            "nameEn": "Naples Hotel Group",
            "nameAr": "مجموعة فنادق نابلس",
            "active": true
        },
        "3929": {
            "id": 3929,
            "nameEn": "Eden Hotels",
            "nameAr": "Eden Hotels",
            "active": true
        },
        "3930": {
            "id": 3930,
            "nameEn": "Okko Hotels Group",
            "nameAr": "مجموعة فنادق أوكو",
            "active": true
        },
        "3932": {
            "id": 3932,
            "nameEn": "Hoteles Porcel",
            "nameAr": "Hoteles Porcel",
            "active": true
        },
        "3939": {
            "id": 3939,
            "nameEn": "Acme Hotels and Stn Apartments",
            "nameAr": "فنادق أكمي وشقق إس تي إن",
            "active": true
        },
        "3941": {
            "id": 3941,
            "nameEn": "Hotelsenville",
            "nameAr": "Hotelsenville",
            "active": true
        },
        "3942": {
            "id": 3942,
            "nameEn": "Belver Hotels and Resorts",
            "nameAr": "فنادق ومنتجعات بيلفر",
            "active": true
        },
        "3943": {
            "id": 3943,
            "nameEn": "Servigroup",
            "nameAr": "Servigroup",
            "active": true
        },
        "3944": {
            "id": 3944,
            "nameEn": "Agua Hotels",
            "nameAr": "Agua Hotels",
            "active": true
        },
        "3946": {
            "id": 3946,
            "nameEn": "Tangerine Hotels",
            "nameAr": "Tangerine Hotels",
            "active": true
        },
        "3955": {
            "id": 3955,
            "nameEn": "B_Smart Selection",
            "nameAr": "b_smart selection",
            "active": true
        },
        "3956": {
            "id": 3956,
            "nameEn": "Jaz Collection",
            "nameAr": "Jaz Collection",
            "active": true
        },
        "3959": {
            "id": 3959,
            "nameEn": "Cervia Club Hotels",
            "nameAr": "Cervia Club Hotels",
            "active": true
        },
        "3960": {
            "id": 3960,
            "nameEn": "Terrado Hotels",
            "nameAr": "Terrado Hotels",
            "active": true
        },
        "3963": {
            "id": 3963,
            "nameEn": "Jjw Hotels and Resorts",
            "nameAr": " فنادق ومنتجعات جيه جيه دابليو",
            "active": true
        },
        "3964": {
            "id": 3964,
            "nameEn": "Grup Frigola",
            "nameAr": "Grup Frigola",
            "active": true
        },
        "3965": {
            "id": 3965,
            "nameEn": "Gch Hotel Group",
            "nameAr": "GCH Hotel Group",
            "active": true
        },
        "3968": {
            "id": 3968,
            "nameEn": "Hotels Ocre and Azur",
            "nameAr": "فنادق أوكري وأزور",
            "active": true
        },
        "3969": {
            "id": 3969,
            "nameEn": "Altiplanico Hoteles",
            "nameAr": "Altiplanico Hoteles",
            "active": true
        },
        "3977": {
            "id": 3977,
            "nameEn": "The Zanzibar Collection",
            "nameAr": "The Zanzibar Collection",
            "active": true
        },
        "3978": {
            "id": 3978,
            "nameEn": "Son Parc Hotels",
            "nameAr": "Son Parc Hotels",
            "active": true
        },
        "3980": {
            "id": 3980,
            "nameEn": "Continental Bay",
            "nameAr": "Continental Bay",
            "active": true
        },
        "3981": {
            "id": 3981,
            "nameEn": "Gh Suites",
            "nameAr": "GH Suites",
            "active": true
        },
        "3983": {
            "id": 3983,
            "nameEn": "Gruppo Agli Artisti",
            "nameAr": "Gruppo Agli Artisti",
            "active": true
        },
        "3984": {
            "id": 3984,
            "nameEn": "Gf Hoteles",
            "nameAr": "GF Hoteles",
            "active": true
        },
        "3987": {
            "id": 3987,
            "nameEn": "Abapart",
            "nameAr": "ABAPART",
            "active": true
        },
        "3988": {
            "id": 3988,
            "nameEn": "De Groote Hotels",
            "nameAr": "De Groote Hotels",
            "active": true
        },
        "3990": {
            "id": 3990,
            "nameEn": "Anilana Hotels",
            "nameAr": "Anilana Hotels",
            "active": true
        },
        "3996": {
            "id": 3996,
            "nameEn": "Rf Hoteles",
            "nameAr": "RF Hoteles",
            "active": true
        },
        "3999": {
            "id": 3999,
            "nameEn": "Hoteles Bcl Group",
            "nameAr": "مجموعة فنادق بي سي إل",
            "active": true
        },
        "4001": {
            "id": 4001,
            "nameEn": "Inn Lov",
            "nameAr": "Inn lov",
            "active": true
        },
        "4002": {
            "id": 4002,
            "nameEn": "Europe Hotels",
            "nameAr": "Europe Hotels",
            "active": true
        },
        "4004": {
            "id": 4004,
            "nameEn": "Adriatic Luxury Hotels",
            "nameAr": "Adriatic Luxury Hotels",
            "active": true
        },
        "4005": {
            "id": 4005,
            "nameEn": "Suites You Apartments",
            "nameAr": "Suites You Apartments",
            "active": true
        },
        "4007": {
            "id": 4007,
            "nameEn": "Enjoy Resorts",
            "nameAr": "Enjoy Resorts",
            "active": true
        },
        "4008": {
            "id": 4008,
            "nameEn": "Mc Apartamentos",
            "nameAr": "MC Apartamentos",
            "active": true
        },
        "4010": {
            "id": 4010,
            "nameEn": "Mar Senses Hotels and Homes",
            "nameAr": "مار سينسيز هوتلز آند هومز",
            "active": true
        },
        "4012": {
            "id": 4012,
            "nameEn": "Beatriz Hoteles",
            "nameAr": "Beatriz Hoteles",
            "active": true
        },
        "4015": {
            "id": 4015,
            "nameEn": "Eurasia Hotels Group",
            "nameAr": "مجموعة فنادق أوراسيا",
            "active": true
        },
        "4021": {
            "id": 4021,
            "nameEn": "Toni Hotels",
            "nameAr": "Toni Hotels",
            "active": true
        },
        "4022": {
            "id": 4022,
            "nameEn": "Clique Hotel And Resorts",
            "nameAr": "Clique Hotel and Resorts",
            "active": true
        },
        "4023": {
            "id": 4023,
            "nameEn": "Capital Hotel Group",
            "nameAr": "Capital Hotel Group",
            "active": true
        },
        "4026": {
            "id": 4026,
            "nameEn": "Savoy Group",
            "nameAr": "Savoy Group",
            "active": true
        },
        "4027": {
            "id": 4027,
            "nameEn": "Centerhotels",
            "nameAr": "Centerhotels",
            "active": true
        },
        "4028": {
            "id": 4028,
            "nameEn": "Mamaison Hotels and Residences",
            "nameAr": "فنادق وريزيدنس ما ميزون",
            "active": true
        },
        "4029": {
            "id": 4029,
            "nameEn": "Thalassa Hotels Tunisia",
            "nameAr": "Thalassa Hotels Tunisia",
            "active": true
        },
        "4032": {
            "id": 4032,
            "nameEn": "Access London Ltd",
            "nameAr": "Access London Ltd",
            "active": true
        },
        "4036": {
            "id": 4036,
            "nameEn": "Icelandair Hotels",
            "nameAr": "Icelandair Hotels",
            "active": true
        },
        "4038": {
            "id": 4038,
            "nameEn": "Countrywide Hotels",
            "nameAr": "Countrywide Hotels",
            "active": true
        },
        "4039": {
            "id": 4039,
            "nameEn": "Mac Hotels",
            "nameAr": "Mac hotels",
            "active": true
        },
        "4042": {
            "id": 4042,
            "nameEn": "Latour Hotels and Resorts",
            "nameAr": "فنادق ومنتجعات لاتور",
            "active": true
        },
        "4044": {
            "id": 4044,
            "nameEn": "Maxi Hoteles",
            "nameAr": "Maxi Hoteles",
            "active": true
        },
        "4047": {
            "id": 4047,
            "nameEn": "Gruppo Dimora Dogale",
            "nameAr": "Gruppo Dimora Dogale",
            "active": true
        },
        "4051": {
            "id": 4051,
            "nameEn": "Grupo Florescente",
            "nameAr": "Grupo Florescente",
            "active": true
        },
        "4053": {
            "id": 4053,
            "nameEn": "Els Masos D'En Coll",
            "nameAr": "Els Masos d'en Coll",
            "active": true
        },
        "4056": {
            "id": 4056,
            "nameEn": "Seymour Hotels",
            "nameAr": "Seymour Hotels",
            "active": true
        },
        "4057": {
            "id": 4057,
            "nameEn": "Bluebay Resorts",
            "nameAr": "BlueBay Resorts",
            "active": true
        },
        "4058": {
            "id": 4058,
            "nameEn": "Di Popolo Hotels",
            "nameAr": "Di Popolo hotels",
            "active": true
        },
        "4061": {
            "id": 4061,
            "nameEn": "Hostel One",
            "nameAr": "Hostel One",
            "active": true
        },
        "4064": {
            "id": 4064,
            "nameEn": "Bondia Hotels",
            "nameAr": "Bondia Hotels",
            "active": true
        },
        "4066": {
            "id": 4066,
            "nameEn": "Dreamplace Hotels and Resorts",
            "nameAr": "فنادق ومنتجعات دريم بليس",
            "active": true
        },
        "4067": {
            "id": 4067,
            "nameEn": "Caithness Collection",
            "nameAr": "Caithness Collection",
            "active": true
        },
        "4069": {
            "id": 4069,
            "nameEn": "Gruppo D'Este Srl",
            "nameAr": "Gruppo D'Este Srl",
            "active": true
        },
        "4070": {
            "id": 4070,
            "nameEn": "Econotels",
            "nameAr": "Econotels",
            "active": true
        },
        "4072": {
            "id": 4072,
            "nameEn": "Serrano Hotels",
            "nameAr": "Serrano Hotels",
            "active": true
        },
        "4074": {
            "id": 4074,
            "nameEn": "Lu' Hotels",
            "nameAr": "Lu' Hotels",
            "active": true
        },
        "4075": {
            "id": 4075,
            "nameEn": "Top Canary Villas",
            "nameAr": "Top Canary Villas",
            "active": true
        },
        "4078": {
            "id": 4078,
            "nameEn": "Port Hotels",
            "nameAr": "Port Hotels",
            "active": true
        },
        "4080": {
            "id": 4080,
            "nameEn": "Holiday World",
            "nameAr": "Holiday World",
            "active": true
        },
        "4084": {
            "id": 4084,
            "nameEn": "Aitken Spence",
            "nameAr": "Aitken Spence",
            "active": true
        },
        "4089": {
            "id": 4089,
            "nameEn": "Africamps",
            "nameAr": "AfriCamps",
            "active": true
        },
        "4090": {
            "id": 4090,
            "nameEn": "Attica21 Hotels",
            "nameAr": "Attica21 Hotels",
            "active": true
        },
        "4092": {
            "id": 4092,
            "nameEn": "Boudl Hotels and Resorts",
            "nameAr": "بودل للفنادق والمنتجعات",
            "active": true
        },
        "4093": {
            "id": 4093,
            "nameEn": "Park Royal Hotels and Resorts",
            "nameAr": "فنادق ومنتجعات بارك رويال",
            "active": true
        },
        "4095": {
            "id": 4095,
            "nameEn": "Topotel",
            "nameAr": "Topotel",
            "active": true
        }
    },
    "facilityTags": {
        "1": {
            "id": 1,
            "nameEn": "24 hour",
            "nameAr": "24 ساعة",
            "active": true,
            "color": "#319E37"
        },
        "2": {
            "id": 2,
            "nameEn": "Extra charge",
            "nameAr": "رسوم اضافية",
            "active": true,
            "color": "#3665AC"
        },
        "3": {
            "id": 3,
            "nameEn": "Free",
            "nameAr": "مجاناً",
            "active": true,
            "color": "#319E37"
        },
        "4": {
            "id": 4,
            "nameEn": "Limited hours",
            "nameAr": "ساعات محدودة",
            "active": true,
            "color": "#3665AC"
        },
        "5": {
            "id": 5,
            "nameEn": "On request",
            "nameAr": "تحت الطلب",
            "active": true,
            "color": "#EA8D35"
        }
    },
    "facilities": {
        "1": {
            "id": 1,
            "nameEn": "Accessibility lifts",
            "nameAr": "مصاعد مناسبة لذوي الاحتياجات الخاصة",
            "active": true,
            "rank": 3,
            "type": "1",
            "popular": false,
            "popularityRank": 0,
            "starRank": 0,
            "facilityCategoryId": 13
        },
        "2": {
            "id": 2,
            "nameEn": "Roll-in shower",
            "nameAr": "دش ملائم لمستخدمي الكراسي المتحركة",
            "active": true,
            "rank": 5,
            "type": "1",
            "popular": false,
            "popularityRank": null,
            "starRank": 0,
            "facilityCategoryId": 13
        },
        "3": {
            "id": 3,
            "nameEn": "Toilet with grab rails",
            "nameAr": "مرحاض بمقابض",
            "active": true,
            "rank": 4,
            "type": "1",
            "popular": false,
            "popularityRank": null,
            "starRank": 0,
            "facilityCategoryId": 13
        },
        "4": {
            "id": 4,
            "nameEn": "Wheelchair accessible",
            "nameAr": "ملائمة لمستخدمي الكراسي المتحركة",
            "active": true,
            "rank": 1,
            "type": "1",
            "popular": false,
            "popularityRank": null,
            "starRank": 0,
            "facilityCategoryId": 13
        },
        "5": {
            "id": 5,
            "nameEn": "Wheelchair accessible rooms",
            "nameAr": "غرف يسهل الوصول إليها بالكراسي المتحركة",
            "active": true,
            "rank": 2,
            "type": "1",
            "popular": false,
            "popularityRank": null,
            "starRank": 0,
            "facilityCategoryId": 13
        },
        "6": {
            "id": 6,
            "nameEn": "Arcade",
            "nameAr": "صالة العاب",
            "active": true,
            "rank": 25,
            "type": "1",
            "popular": false,
            "popularityRank": null,
            "starRank": 0,
            "facilityCategoryId": 19
        },
        "7": {
            "id": 7,
            "nameEn": "Archery",
            "nameAr": "رّماية",
            "active": true,
            "rank": 21,
            "type": "1",
            "popular": false,
            "popularityRank": null,
            "starRank": 0,
            "facilityCategoryId": 19
        },
        "8": {
            "id": 8,
            "nameEn": "Badminton",
            "nameAr": "كرة الريشة",
            "active": true,
            "rank": 16,
            "type": "1",
            "popular": false,
            "popularityRank": null,
            "starRank": 0,
            "facilityCategoryId": 19
        },
        "9": {
            "id": 9,
            "nameEn": "Basketball court",
            "nameAr": "ملعب كرة السلة",
            "active": true,
            "rank": 13,
            "type": "1",
            "popular": false,
            "popularityRank": null,
            "starRank": 0,
            "facilityCategoryId": 19
        },
        "10": {
            "id": 10,
            "nameEn": "Beach volleyball",
            "nameAr": "الكرة الطائرة الشاطئية",
            "active": true,
            "rank": 18,
            "type": "1",
            "popular": false,
            "popularityRank": null,
            "starRank": 0,
            "facilityCategoryId": 19
        },
        "11": {
            "id": 11,
            "nameEn": "Boating",
            "nameAr": "ركوب الزوارق",
            "active": true,
            "rank": 10,
            "type": "1",
            "popular": false,
            "popularityRank": null,
            "starRank": 0,
            "facilityCategoryId": 19
        },
        "12": {
            "id": 12,
            "nameEn": "Bowling",
            "nameAr": "بولينغ",
            "active": true,
            "rank": 24,
            "type": "1",
            "popular": false,
            "popularityRank": null,
            "starRank": 0,
            "facilityCategoryId": 19
        },
        "13": {
            "id": 13,
            "nameEn": "Canoeing",
            "nameAr": "التجديف بالقوارب",
            "active": true,
            "rank": 9,
            "type": "1",
            "popular": false,
            "popularityRank": null,
            "starRank": 0,
            "facilityCategoryId": 19
        },
        "15": {
            "id": 15,
            "nameEn": "Darts",
            "nameAr": "لعبة السهام المريشة",
            "active": true,
            "rank": 27,
            "type": "1",
            "popular": false,
            "popularityRank": null,
            "starRank": 0,
            "facilityCategoryId": 19
        },
        "16": {
            "id": 16,
            "nameEn": "Fishing",
            "nameAr": "صيد السمك",
            "active": true,
            "rank": 8,
            "type": "1",
            "popular": false,
            "popularityRank": null,
            "starRank": 0,
            "facilityCategoryId": 19
        },
        "17": {
            "id": 17,
            "nameEn": "Golf course",
            "nameAr": "ملعب جولف",
            "active": true,
            "rank": 11,
            "type": "1",
            "popular": false,
            "popularityRank": null,
            "starRank": 0,
            "facilityCategoryId": 19
        },
        "18": {
            "id": 18,
            "nameEn": "Horseback riding",
            "nameAr": "رياضة ركوب الخيل",
            "active": true,
            "rank": 20,
            "type": "1",
            "popular": false,
            "popularityRank": null,
            "starRank": 0,
            "facilityCategoryId": 19
        },
        "19": {
            "id": 19,
            "nameEn": "Ice skating",
            "nameAr": "التزحلق على الجليد",
            "active": true,
            "rank": 23,
            "type": "1",
            "popular": false,
            "popularityRank": null,
            "starRank": 0,
            "facilityCategoryId": 19
        },
        "20": {
            "id": 20,
            "nameEn": "Jetskis",
            "nameAr": "جت سكي",
            "active": true,
            "rank": 2,
            "type": "1",
            "popular": false,
            "popularityRank": null,
            "starRank": 0,
            "facilityCategoryId": 19
        },
        "21": {
            "id": 21,
            "nameEn": "Karaoke",
            "nameAr": "كاريوكي",
            "active": true,
            "rank": 26,
            "type": "1",
            "popular": false,
            "popularityRank": null,
            "starRank": 0,
            "facilityCategoryId": 19
        },
        "22": {
            "id": 22,
            "nameEn": "Mini golf",
            "nameAr": "ملعب جولف صغير",
            "active": true,
            "rank": 12,
            "type": "1",
            "popular": false,
            "popularityRank": null,
            "starRank": 0,
            "facilityCategoryId": 19
        },
        "23": {
            "id": 23,
            "nameEn": "Night club",
            "nameAr": "ملهى ليلي",
            "active": true,
            "rank": 31,
            "type": "1",
            "popular": false,
            "popularityRank": 0,
            "starRank": 0,
            "facilityCategoryId": 19
        },
        "24": {
            "id": 24,
            "nameEn": "Picnic area",
            "nameAr": "منتزه",
            "active": true,
            "rank": 19,
            "type": "1",
            "popular": false,
            "popularityRank": null,
            "starRank": 0,
            "facilityCategoryId": 19
        },
        "25": {
            "id": 25,
            "nameEn": "Sailing",
            "nameAr": "إبحار",
            "active": true,
            "rank": 7,
            "type": "1",
            "popular": false,
            "popularityRank": null,
            "starRank": 0,
            "facilityCategoryId": 19
        },
        "26": {
            "id": 26,
            "nameEn": "Scuba diving",
            "nameAr": "رياضة الغوص",
            "active": true,
            "rank": 5,
            "type": "1",
            "popular": false,
            "popularityRank": null,
            "starRank": 0,
            "facilityCategoryId": 19
        },
        "27": {
            "id": 27,
            "nameEn": "Skiing",
            "nameAr": "التزلج على الجليد",
            "active": true,
            "rank": 22,
            "type": "1",
            "popular": false,
            "popularityRank": null,
            "starRank": 0,
            "facilityCategoryId": 19
        },
        "28": {
            "id": 28,
            "nameEn": "Snorkelling",
            "nameAr": "رياضة الغوص الحر",
            "active": true,
            "rank": 3,
            "type": "1",
            "popular": false,
            "popularityRank": null,
            "starRank": 0,
            "facilityCategoryId": 19
        },
        "29": {
            "id": 29,
            "nameEn": "Squash",
            "nameAr": "الإسكواش",
            "active": true,
            "rank": 17,
            "type": "1",
            "popular": false,
            "popularityRank": null,
            "starRank": 0,
            "facilityCategoryId": 19
        },
        "30": {
            "id": 30,
            "nameEn": "Surfing",
            "nameAr": "التزلج على الأمواج",
            "active": true,
            "rank": 6,
            "type": "1",
            "popular": false,
            "popularityRank": null,
            "starRank": 0,
            "facilityCategoryId": 19
        },
        "31": {
            "id": 31,
            "nameEn": "Table tennis",
            "nameAr": "كرة الطاولة",
            "active": true,
            "rank": 28,
            "type": "1",
            "popular": false,
            "popularityRank": null,
            "starRank": 0,
            "facilityCategoryId": 19
        },
        "32": {
            "id": 32,
            "nameEn": "Tennis court",
            "nameAr": "ملعب تنس",
            "active": true,
            "rank": 15,
            "type": "1",
            "popular": false,
            "popularityRank": null,
            "starRank": 0,
            "facilityCategoryId": 19
        },
        "33": {
            "id": 33,
            "nameEn": "Volleyball court",
            "nameAr": "ملعب كرة الطائرة",
            "active": true,
            "rank": 14,
            "type": "1",
            "popular": false,
            "popularityRank": null,
            "starRank": 0,
            "facilityCategoryId": 19
        },
        "34": {
            "id": 34,
            "nameEn": "Water park",
            "nameAr": "مدينة ملاهي مائية",
            "active": true,
            "rank": 1,
            "type": "1",
            "popular": true,
            "popularityRank": 21,
            "starRank": 0,
            "facilityCategoryId": 19
        },
        "35": {
            "id": 35,
            "nameEn": "Water sports",
            "nameAr": "رياضات مائيه",
            "active": true,
            "rank": 4,
            "type": "1",
            "popular": false,
            "popularityRank": null,
            "starRank": 0,
            "facilityCategoryId": 19
        },
        "36": {
            "id": 36,
            "nameEn": "Aerobics",
            "nameAr": "أيروبيكس",
            "active": true,
            "rank": 9,
            "type": "1",
            "popular": false,
            "popularityRank": null,
            "starRank": 0,
            "facilityCategoryId": 16
        },
        "37": {
            "id": 37,
            "nameEn": "Barber/beauty salon",
            "nameAr": "صالون",
            "active": true,
            "rank": 7,
            "type": "1",
            "popular": false,
            "popularityRank": null,
            "starRank": 0,
            "facilityCategoryId": 16
        },
        "38": {
            "id": 38,
            "nameEn": "Gym/fitness centre",
            "nameAr": "صالة ألعاب رياضية",
            "active": true,
            "rank": 1,
            "type": "1",
            "popular": true,
            "popularityRank": 16,
            "starRank": 0,
            "facilityCategoryId": 16
        },
        "39": {
            "id": 39,
            "nameEn": "Massage",
            "nameAr": "مساج",
            "active": true,
            "rank": 6,
            "type": "1",
            "popular": false,
            "popularityRank": null,
            "starRank": 0,
            "facilityCategoryId": 16
        },
        "40": {
            "id": 40,
            "nameEn": "Sauna",
            "nameAr": "ساونا",
            "active": true,
            "rank": 4,
            "type": "1",
            "popular": true,
            "popularityRank": 19,
            "starRank": 0,
            "facilityCategoryId": 16
        },
        "41": {
            "id": 41,
            "nameEn": "Solarium",
            "nameAr": "حمام شمسي",
            "active": true,
            "rank": 10,
            "type": "1",
            "popular": false,
            "popularityRank": null,
            "starRank": 0,
            "facilityCategoryId": 16
        },
        "42": {
            "id": 42,
            "nameEn": "Spa/health club",
            "nameAr": "منتجع صحي",
            "active": true,
            "rank": 2,
            "type": "1",
            "popular": true,
            "popularityRank": 17,
            "starRank": 0,
            "facilityCategoryId": 16
        },
        "43": {
            "id": 43,
            "nameEn": "Steam room",
            "nameAr": "حمام بخار",
            "active": true,
            "rank": 5,
            "type": "1",
            "popular": false,
            "popularityRank": null,
            "starRank": 0,
            "facilityCategoryId": 16
        },
        "44": {
            "id": 44,
            "nameEn": "Turkish bath/hammam",
            "nameAr": "حمام تركي",
            "active": true,
            "rank": 3,
            "type": "1",
            "popular": true,
            "popularityRank": 18,
            "starRank": 0,
            "facilityCategoryId": 16
        },
        "45": {
            "id": 45,
            "nameEn": "Yoga",
            "nameAr": "اليوغا",
            "active": true,
            "rank": 8,
            "type": "1",
            "popular": false,
            "popularityRank": null,
            "starRank": 0,
            "facilityCategoryId": 16
        },
        "46": {
            "id": 46,
            "nameEn": "Babysitting service",
            "nameAr": "خدمة مجالسة الأطفال",
            "active": true,
            "rank": 1,
            "type": "1",
            "popular": true,
            "popularityRank": 6,
            "starRank": 0,
            "facilityCategoryId": 17
        },
        "47": {
            "id": 47,
            "nameEn": "Books, DVDs, music for children",
            "nameAr": "كتب وأفلام وموسيقى للأطفال",
            "active": true,
            "rank": 7,
            "type": "1",
            "popular": false,
            "popularityRank": null,
            "starRank": 0,
            "facilityCategoryId": 17
        },
        "48": {
            "id": 48,
            "nameEn": "Child-friendly buffet",
            "nameAr": "بوفيه مناسب للأطفال",
            "active": true,
            "rank": 6,
            "type": "1",
            "popular": false,
            "popularityRank": null,
            "starRank": 0,
            "facilityCategoryId": 17
        },
        "49": {
            "id": 49,
            "nameEn": "Children's activities",
            "nameAr": "أنشطة للأطفال",
            "active": true,
            "rank": 4,
            "type": "1",
            "popular": true,
            "popularityRank": 37,
            "starRank": 0,
            "facilityCategoryId": 17
        },
        "50": {
            "id": 50,
            "nameEn": "Children's TV channels",
            "nameAr": "القنوات التلفزيونية للأطفال",
            "active": true,
            "rank": 5,
            "type": "1",
            "popular": false,
            "popularityRank": null,
            "starRank": 0,
            "facilityCategoryId": 17
        },
        "51": {
            "id": 51,
            "nameEn": "Kids pool",
            "nameAr": "حمام سباحة للأطفال",
            "active": true,
            "rank": 2,
            "type": "1",
            "popular": true,
            "popularityRank": 33,
            "starRank": 0,
            "facilityCategoryId": 17
        },
        "52": {
            "id": 52,
            "nameEn": "Playground",
            "nameAr": "ملعب الاطفال",
            "active": true,
            "rank": 3,
            "type": "1",
            "popular": true,
            "popularityRank": 10,
            "starRank": 0,
            "facilityCategoryId": 17
        },
        "53": {
            "id": 53,
            "nameEn": "Bakery",
            "nameAr": "مخبز",
            "active": true,
            "rank": 6,
            "type": "1",
            "popular": false,
            "popularityRank": null,
            "starRank": 0,
            "facilityCategoryId": 15
        },
        "55": {
            "id": 55,
            "nameEn": "Breakfast",
            "nameAr": "وجبة افطار",
            "active": true,
            "rank": 2,
            "type": "1",
            "popular": false,
            "popularityRank": null,
            "starRank": 0,
            "facilityCategoryId": 15
        },
        "56": {
            "id": 56,
            "nameEn": "Buffet",
            "nameAr": "بوفيه",
            "active": true,
            "rank": 5,
            "type": "1",
            "popular": true,
            "popularityRank": 9,
            "starRank": 0,
            "facilityCategoryId": 15
        },
        "57": {
            "id": 57,
            "nameEn": "Café",
            "nameAr": "مقهى",
            "active": true,
            "rank": 3,
            "type": "1",
            "popular": false,
            "popularityRank": null,
            "starRank": 0,
            "facilityCategoryId": 15
        },
        "58": {
            "id": 58,
            "nameEn": "Ice machine",
            "nameAr": "مكينة ثلج",
            "active": true,
            "rank": 9,
            "type": "1",
            "popular": false,
            "popularityRank": null,
            "starRank": 0,
            "facilityCategoryId": 15
        },
        "59": {
            "id": 59,
            "nameEn": "Restaurant",
            "nameAr": "مطعم",
            "active": true,
            "rank": 1,
            "type": "1",
            "popular": true,
            "popularityRank": 36,
            "starRank": 0,
            "facilityCategoryId": 15
        },
        "60": {
            "id": 60,
            "nameEn": "Special diet meals",
            "nameAr": "وجبات الحمية الخاصة",
            "active": true,
            "rank": 7,
            "type": "1",
            "popular": false,
            "popularityRank": null,
            "starRank": 0,
            "facilityCategoryId": 15
        },
        "61": {
            "id": 61,
            "nameEn": "Vending machines",
            "nameAr": "آلات البيع",
            "active": true,
            "rank": 8,
            "type": "1",
            "popular": false,
            "popularityRank": null,
            "starRank": 0,
            "facilityCategoryId": 15
        },
        "62": {
            "id": 62,
            "nameEn": "Bellboy",
            "nameAr": "خادم الفندق",
            "active": true,
            "rank": 9,
            "type": "1",
            "popular": false,
            "popularityRank": null,
            "starRank": 0,
            "facilityCategoryId": 12
        },
        "63": {
            "id": 63,
            "nameEn": "Concierge",
            "nameAr": "خدمة الاستعلامات والإرشاد",
            "active": true,
            "rank": 4,
            "type": "1",
            "popular": true,
            "popularityRank": 25,
            "starRank": 0,
            "facilityCategoryId": 12
        },
        "64": {
            "id": 64,
            "nameEn": "Currency exchange",
            "nameAr": "صرف العملات",
            "active": true,
            "rank": 12,
            "type": "1",
            "popular": false,
            "popularityRank": null,
            "starRank": 0,
            "facilityCategoryId": 12
        },
        "65": {
            "id": 65,
            "nameEn": "Dry cleaning service",
            "nameAr": "خدمة التنظيف الجاف",
            "active": true,
            "rank": 6,
            "type": "1",
            "popular": true,
            "popularityRank": 40,
            "starRank": 0,
            "facilityCategoryId": 12
        },
        "66": {
            "id": 66,
            "nameEn": "Express check-in/check-out",
            "nameAr": "خدمة سرعة إنهاء إجراءات الوصول والمغادرة",
            "active": true,
            "rank": 7,
            "type": "1",
            "popular": true,
            "popularityRank": 7,
            "starRank": 0,
            "facilityCategoryId": 12
        },
        "67": {
            "id": 67,
            "nameEn": "Front desk",
            "nameAr": "مكتب استقبال",
            "active": true,
            "rank": 1,
            "type": "1",
            "popular": true,
            "popularityRank": 8,
            "starRank": 0,
            "facilityCategoryId": 12
        },
        "68": {
            "id": 68,
            "nameEn": "Housekeeping",
            "nameAr": "خدمة التنظيف",
            "active": true,
            "rank": 3,
            "type": "1",
            "popular": true,
            "popularityRank": 27,
            "starRank": 0,
            "facilityCategoryId": 12
        },
        "69": {
            "id": 69,
            "nameEn": "Laundry service",
            "nameAr": "خدمة غسيل للملابس",
            "active": true,
            "rank": 5,
            "type": "1",
            "popular": true,
            "popularityRank": 28,
            "starRank": 0,
            "facilityCategoryId": 12
        },
        "70": {
            "id": 70,
            "nameEn": "Luggage storage",
            "nameAr": "تخزين الأمتعة",
            "active": true,
            "rank": 8,
            "type": "1",
            "popular": false,
            "popularityRank": null,
            "starRank": 0,
            "facilityCategoryId": 12
        },
        "71": {
            "id": 71,
            "nameEn": "Room service",
            "nameAr": "خدمة الغرف",
            "active": true,
            "rank": 2,
            "type": "1",
            "popular": true,
            "popularityRank": 24,
            "starRank": 0,
            "facilityCategoryId": 12
        },
        "72": {
            "id": 72,
            "nameEn": "Translation service",
            "nameAr": "خدمات الترجمة",
            "active": true,
            "rank": 11,
            "type": "1",
            "popular": false,
            "popularityRank": null,
            "starRank": 0,
            "facilityCategoryId": 12
        },
        "73": {
            "id": 73,
            "nameEn": "Wake-up call",
            "nameAr": "خدمة الإيقاظ",
            "active": true,
            "rank": 10,
            "type": "1",
            "popular": false,
            "popularityRank": null,
            "starRank": 0,
            "facilityCategoryId": 12
        },
        "74": {
            "id": 74,
            "nameEn": "Air conditioning",
            "nameAr": "تكييف",
            "active": true,
            "rank": 1,
            "type": "1",
            "popular": true,
            "popularityRank": 11,
            "starRank": 0,
            "facilityCategoryId": 20
        },
        "75": {
            "id": 75,
            "nameEn": "ATM",
            "nameAr": "آلة صرف النقود",
            "active": true,
            "rank": 5,
            "type": "1",
            "popular": true,
            "popularityRank": 22,
            "starRank": 0,
            "facilityCategoryId": 20
        },
        "76": {
            "id": 76,
            "nameEn": "Ballroom",
            "nameAr": "قاعة المناسبات",
            "active": true,
            "rank": 22,
            "type": "1",
            "popular": false,
            "popularityRank": null,
            "starRank": 0,
            "facilityCategoryId": 20
        },
        "77": {
            "id": 77,
            "nameEn": "Business centre",
            "nameAr": "مركز أعمال",
            "active": true,
            "rank": 13,
            "type": "1",
            "popular": false,
            "popularityRank": null,
            "starRank": 0,
            "facilityCategoryId": 20
        },
        "78": {
            "id": 78,
            "nameEn": "Central heating",
            "nameAr": "تدفئة مركزية",
            "active": true,
            "rank": 2,
            "type": "1",
            "popular": false,
            "popularityRank": null,
            "starRank": 0,
            "facilityCategoryId": 20
        },
        "79": {
            "id": 79,
            "nameEn": "Cloakroom",
            "nameAr": "غرفة المعاطف",
            "active": true,
            "rank": 14,
            "type": "1",
            "popular": false,
            "popularityRank": null,
            "starRank": 0,
            "facilityCategoryId": 20
        },
        "80": {
            "id": 80,
            "nameEn": "Conference room ",
            "nameAr": "غرفة المؤتمرات",
            "active": true,
            "rank": 29,
            "type": "1",
            "popular": true,
            "popularityRank": 29,
            "starRank": 0,
            "facilityCategoryId": 20
        },
        "81": {
            "id": 81,
            "nameEn": "First aid",
            "nameAr": "الإسعافات الأولية",
            "active": true,
            "rank": 17,
            "type": "1",
            "popular": false,
            "popularityRank": null,
            "starRank": 0,
            "facilityCategoryId": 20
        },
        "82": {
            "id": 82,
            "nameEn": "Garden",
            "nameAr": "حديقة",
            "active": true,
            "rank": 16,
            "type": "1",
            "popular": false,
            "popularityRank": null,
            "starRank": 0,
            "facilityCategoryId": 20
        },
        "83": {
            "id": 83,
            "nameEn": "Heating",
            "nameAr": "تدفئة",
            "active": true,
            "rank": 3,
            "type": "1",
            "popular": false,
            "popularityRank": null,
            "starRank": 0,
            "facilityCategoryId": 20
        },
        "84": {
            "id": 84,
            "nameEn": "Library",
            "nameAr": "مكتبة",
            "active": true,
            "rank": 15,
            "type": "1",
            "popular": false,
            "popularityRank": null,
            "starRank": 0,
            "facilityCategoryId": 20
        },
        "85": {
            "id": 85,
            "nameEn": "Lifts",
            "nameAr": "مصاعد",
            "active": true,
            "rank": 4,
            "type": "1",
            "popular": true,
            "popularityRank": 23,
            "starRank": 0,
            "facilityCategoryId": 20
        },
        "86": {
            "id": 86,
            "nameEn": "Lounge",
            "nameAr": "صالة استراحة",
            "active": true,
            "rank": 9,
            "type": "1",
            "popular": false,
            "popularityRank": null,
            "starRank": 0,
            "facilityCategoryId": 20
        },
        "87": {
            "id": 87,
            "nameEn": "Multilingual staff",
            "nameAr": "طاقم متعدد اللغات",
            "active": true,
            "rank": 10,
            "type": "1",
            "popular": false,
            "popularityRank": null,
            "starRank": 0,
            "facilityCategoryId": 20
        },
        "88": {
            "id": 88,
            "nameEn": "Non-smoking hotel",
            "nameAr": "ممنوع التدخين في كل الأماكن",
            "active": true,
            "rank": 6,
            "type": "1",
            "popular": true,
            "popularityRank": 15,
            "starRank": 0,
            "facilityCategoryId": 20
        },
        "89": {
            "id": 89,
            "nameEn": "Non-smoking rooms",
            "nameAr": "غرف ممنوع فيها التدخين",
            "active": true,
            "rank": 7,
            "type": "1",
            "popular": true,
            "popularityRank": 13,
            "starRank": 0,
            "facilityCategoryId": 20
        },
        "90": {
            "id": 90,
            "nameEn": "Pets allowed",
            "nameAr": "الحيوانات الأليفة مسموح بها",
            "active": true,
            "rank": 19,
            "type": "1",
            "popular": false,
            "popularityRank": 0,
            "starRank": 0,
            "facilityCategoryId": 20
        },
        "91": {
            "id": 91,
            "nameEn": "Pets not allowed",
            "nameAr": "الحيوانات الأليفة غير مسموح بها",
            "active": true,
            "rank": 18,
            "type": "1",
            "popular": false,
            "popularityRank": 0,
            "starRank": 0,
            "facilityCategoryId": 20
        },
        "92": {
            "id": 92,
            "nameEn": "Security",
            "nameAr": "خدمات الأمن",
            "active": true,
            "rank": 11,
            "type": "1",
            "popular": false,
            "popularityRank": null,
            "starRank": 0,
            "facilityCategoryId": 20
        },
        "93": {
            "id": 93,
            "nameEn": "Security features",
            "nameAr": "ميزات الأمان",
            "active": true,
            "rank": 12,
            "type": "1",
            "popular": false,
            "popularityRank": null,
            "starRank": 0,
            "facilityCategoryId": 20
        },
        "94": {
            "id": 94,
            "nameEn": "Smoking area",
            "nameAr": "منطقة مخصصة للتدخين",
            "active": true,
            "rank": 21,
            "type": "1",
            "popular": true,
            "popularityRank": 14,
            "starRank": 0,
            "facilityCategoryId": 20
        },
        "95": {
            "id": 95,
            "nameEn": "Smoking rooms",
            "nameAr": "غرف للمدخنين",
            "active": true,
            "rank": 20,
            "type": "1",
            "popular": true,
            "popularityRank": 12,
            "starRank": 0,
            "facilityCategoryId": 20
        },
        "96": {
            "id": 96,
            "nameEn": "Soundproof rooms",
            "nameAr": "غرف عازلة للصوت",
            "active": true,
            "rank": 8,
            "type": "1",
            "popular": true,
            "popularityRank": 26,
            "starRank": 0,
            "facilityCategoryId": 20
        },
        "97": {
            "id": 97,
            "nameEn": "Wi-Fi",
            "nameAr": "واي فاي",
            "active": true,
            "rank": 1,
            "type": "1",
            "popular": true,
            "popularityRank": 1,
            "starRank": 0,
            "facilityCategoryId": 11
        },
        "98": {
            "id": 98,
            "nameEn": "Limousine service",
            "nameAr": "خدمة ليموزين",
            "active": true,
            "rank": 5,
            "type": "1",
            "popular": true,
            "popularityRank": 35,
            "starRank": 0,
            "facilityCategoryId": 18
        },
        "99": {
            "id": 99,
            "nameEn": "Parking",
            "nameAr": "موقف سيارات",
            "active": true,
            "rank": 6,
            "type": "1",
            "popular": true,
            "popularityRank": 43,
            "starRank": 0,
            "facilityCategoryId": 18
        },
        "100": {
            "id": 100,
            "nameEn": "Shuttle service",
            "nameAr": "خدمة النقل",
            "active": true,
            "rank": 2,
            "type": "1",
            "popular": true,
            "popularityRank": 41,
            "starRank": 0,
            "facilityCategoryId": 18
        },
        "101": {
            "id": 101,
            "nameEn": "Shuttle to airport",
            "nameAr": "خدمة نقل إلى المطار",
            "active": true,
            "rank": 1,
            "type": "1",
            "popular": true,
            "popularityRank": 2,
            "starRank": 0,
            "facilityCategoryId": 18
        },
        "102": {
            "id": 102,
            "nameEn": "Taxi service",
            "nameAr": "خدمة سيارات الأجرة",
            "active": true,
            "rank": 4,
            "type": "1",
            "popular": false,
            "popularityRank": null,
            "starRank": 0,
            "facilityCategoryId": 18
        },
        "103": {
            "id": 103,
            "nameEn": "Valet parking",
            "nameAr": "خدمة صف السيارات",
            "active": true,
            "rank": 3,
            "type": "1",
            "popular": true,
            "popularityRank": 42,
            "starRank": 0,
            "facilityCategoryId": 18
        },
        "104": {
            "id": 104,
            "nameEn": "Beach access",
            "nameAr": "دخول عالشاطئ",
            "active": true,
            "rank": 1,
            "type": "1",
            "popular": true,
            "popularityRank": 3,
            "starRank": 0,
            "facilityCategoryId": 14
        },
        "105": {
            "id": 105,
            "nameEn": "Indoor pool",
            "nameAr": "حمام سباحة داخلي",
            "active": true,
            "rank": 6,
            "type": "1",
            "popular": true,
            "popularityRank": 32,
            "starRank": 0,
            "facilityCategoryId": 14
        },
        "106": {
            "id": 106,
            "nameEn": "Infinity pool",
            "nameAr": "حمام سباحة لا متناهي",
            "active": true,
            "rank": 4,
            "type": "1",
            "popular": true,
            "popularityRank": 5,
            "starRank": 0,
            "facilityCategoryId": 14
        },
        "107": {
            "id": 107,
            "nameEn": "Jacuzzi",
            "nameAr": "جاكوزي",
            "active": true,
            "rank": 8,
            "type": "1",
            "popular": false,
            "popularityRank": null,
            "starRank": 0,
            "facilityCategoryId": 14
        },
        "108": {
            "id": 108,
            "nameEn": "Outdoor pool",
            "nameAr": "حمام سباحة خارجى",
            "active": true,
            "rank": 5,
            "type": "1",
            "popular": true,
            "popularityRank": 31,
            "starRank": 0,
            "facilityCategoryId": 14
        },
        "109": {
            "id": 109,
            "nameEn": "Pool bar",
            "nameAr": "بار حمام السباحة",
            "active": true,
            "rank": 7,
            "type": "1",
            "popular": false,
            "popularityRank": 0,
            "starRank": 0,
            "facilityCategoryId": 14
        },
        "110": {
            "id": 110,
            "nameEn": "Private beach",
            "nameAr": "شاطئ خاص",
            "active": true,
            "rank": 2,
            "type": "1",
            "popular": true,
            "popularityRank": 5,
            "starRank": 0,
            "facilityCategoryId": 14
        },
        "111": {
            "id": 111,
            "nameEn": "Salt water pool",
            "nameAr": "حمام سباحة مياه مالحة",
            "active": true,
            "rank": 9,
            "type": "1",
            "popular": false,
            "popularityRank": null,
            "starRank": 0,
            "facilityCategoryId": 14
        },
        "112": {
            "id": 112,
            "nameEn": "Swimming pool",
            "nameAr": "حمام سباحة",
            "active": true,
            "rank": 3,
            "type": "1",
            "popular": true,
            "popularityRank": 4,
            "starRank": 0,
            "facilityCategoryId": 14
        },
        "113": {
            "id": 113,
            "nameEn": "Bicycle rental service",
            "nameAr": "تأجير الدراجات",
            "active": true,
            "rank": 2,
            "type": "1",
            "popular": true,
            "popularityRank": 44,
            "starRank": 0,
            "facilityCategoryId": 22
        },
        "114": {
            "id": 114,
            "nameEn": "Car rental service",
            "nameAr": "خدمة تأجير السيارات",
            "active": true,
            "rank": 1,
            "type": "1",
            "popular": true,
            "popularityRank": 34,
            "starRank": 0,
            "facilityCategoryId": 22
        },
        "115": {
            "id": 115,
            "nameEn": "Doctor on call",
            "nameAr": "طبيب تحت الطلب",
            "active": true,
            "rank": 4,
            "type": "1",
            "popular": false,
            "popularityRank": null,
            "starRank": 0,
            "facilityCategoryId": 22
        },
        "116": {
            "id": 116,
            "nameEn": "Medical service",
            "nameAr": "خدمات طبية",
            "active": true,
            "rank": 5,
            "type": "1",
            "popular": false,
            "popularityRank": null,
            "starRank": 0,
            "facilityCategoryId": 22
        },
        "117": {
            "id": 117,
            "nameEn": "Photocopier",
            "nameAr": "الة ناسخة",
            "active": true,
            "rank": 6,
            "type": "1",
            "popular": false,
            "popularityRank": null,
            "starRank": 0,
            "facilityCategoryId": 22
        },
        "118": {
            "id": 118,
            "nameEn": "Printer",
            "nameAr": "مطبعة",
            "active": true,
            "rank": 7,
            "type": "1",
            "popular": false,
            "popularityRank": null,
            "starRank": 0,
            "facilityCategoryId": 22
        },
        "119": {
            "id": 119,
            "nameEn": "Travel services",
            "nameAr": "خدمات السفر",
            "active": true,
            "rank": 3,
            "type": "1",
            "popular": false,
            "popularityRank": null,
            "starRank": 0,
            "facilityCategoryId": 22
        },
        "120": {
            "id": 120,
            "nameEn": "Wedding services",
            "nameAr": "خدمات الزفاف",
            "active": true,
            "rank": 8,
            "type": "1",
            "popular": true,
            "popularityRank": 45,
            "starRank": 0,
            "facilityCategoryId": 22
        },
        "121": {
            "id": 121,
            "nameEn": "Florist",
            "nameAr": "متجر أزهار",
            "active": true,
            "rank": 4,
            "type": "1",
            "popular": false,
            "popularityRank": null,
            "starRank": 0,
            "facilityCategoryId": 23
        },
        "122": {
            "id": 122,
            "nameEn": "Gift shop",
            "nameAr": "متجر الهدايا",
            "active": true,
            "rank": 3,
            "type": "1",
            "popular": true,
            "popularityRank": 38,
            "starRank": 0,
            "facilityCategoryId": 23
        },
        "123": {
            "id": 123,
            "nameEn": "Pharmacy",
            "nameAr": "صيدلية",
            "active": true,
            "rank": 5,
            "type": "1",
            "popular": false,
            "popularityRank": null,
            "starRank": 0,
            "facilityCategoryId": 23
        },
        "124": {
            "id": 124,
            "nameEn": "Shops",
            "nameAr": "محلات تجارية",
            "active": true,
            "rank": 1,
            "type": "1",
            "popular": true,
            "popularityRank": 39,
            "starRank": 0,
            "facilityCategoryId": 23
        },
        "125": {
            "id": 125,
            "nameEn": "Supermarket",
            "nameAr": "سوبر ماركت",
            "active": true,
            "rank": 2,
            "type": "1",
            "popular": false,
            "popularityRank": null,
            "starRank": 0,
            "facilityCategoryId": 23
        },
        "126": {
            "id": 126,
            "nameEn": "Bathrobe",
            "nameAr": "رداء الحمام",
            "active": true,
            "rank": 8,
            "type": "2",
            "popular": false,
            "popularityRank": null,
            "starRank": 0,
            "facilityCategoryId": 25
        },
        "127": {
            "id": 127,
            "nameEn": "Bathtub",
            "nameAr": "حوض الاستحمام",
            "active": true,
            "rank": 2,
            "type": "2",
            "popular": true,
            "popularityRank": 4,
            "starRank": 0,
            "facilityCategoryId": 25
        },
        "128": {
            "id": 128,
            "nameEn": "Bidet",
            "nameAr": "شطاف (بيديه)",
            "active": true,
            "rank": 10,
            "type": "2",
            "popular": false,
            "popularityRank": 0,
            "starRank": 0,
            "facilityCategoryId": 25
        },
        "129": {
            "id": 129,
            "nameEn": "Hairdryer",
            "nameAr": "مجفف الشعر",
            "active": true,
            "rank": 5,
            "type": "2",
            "popular": false,
            "popularityRank": null,
            "starRank": 0,
            "facilityCategoryId": 25
        },
        "130": {
            "id": 130,
            "nameEn": "Jacuzzi",
            "nameAr": "جاكوزي",
            "active": true,
            "rank": 4,
            "type": "2",
            "popular": true,
            "popularityRank": 5,
            "starRank": 0,
            "facilityCategoryId": 25
        },
        "131": {
            "id": 131,
            "nameEn": "Private bathroom",
            "nameAr": "حمام خاص",
            "active": true,
            "rank": 1,
            "type": "2",
            "popular": false,
            "popularityRank": null,
            "starRank": 0,
            "facilityCategoryId": 25
        },
        "132": {
            "id": 132,
            "nameEn": "Shaving mirror",
            "nameAr": "مرآة حلاقة",
            "active": true,
            "rank": 11,
            "type": "2",
            "popular": false,
            "popularityRank": null,
            "starRank": 0,
            "facilityCategoryId": 25
        },
        "133": {
            "id": 133,
            "nameEn": "Shower",
            "nameAr": "دش",
            "active": true,
            "rank": 3,
            "type": "2",
            "popular": false,
            "popularityRank": null,
            "starRank": 0,
            "facilityCategoryId": 25
        },
        "134": {
            "id": 134,
            "nameEn": "Slippers",
            "nameAr": "شباشب",
            "active": true,
            "rank": 9,
            "type": "2",
            "popular": false,
            "popularityRank": null,
            "starRank": 0,
            "facilityCategoryId": 25
        },
        "135": {
            "id": 135,
            "nameEn": "Toilet paper",
            "nameAr": "ورق التواليت",
            "active": true,
            "rank": 12,
            "type": "2",
            "popular": false,
            "popularityRank": null,
            "starRank": 0,
            "facilityCategoryId": 25
        },
        "136": {
            "id": 136,
            "nameEn": "Toiletries",
            "nameAr": "مستلزمات الحمام",
            "active": true,
            "rank": 6,
            "type": "2",
            "popular": false,
            "popularityRank": null,
            "starRank": 0,
            "facilityCategoryId": 25
        },
        "137": {
            "id": 137,
            "nameEn": "Towels",
            "nameAr": "مناشف",
            "active": true,
            "rank": 7,
            "type": "2",
            "popular": false,
            "popularityRank": null,
            "starRank": 0,
            "facilityCategoryId": 25
        },
        "138": {
            "id": 138,
            "nameEn": "Clothes rack",
            "nameAr": "رف الملابس",
            "active": true,
            "rank": 8,
            "type": "2",
            "popular": false,
            "popularityRank": null,
            "starRank": 0,
            "facilityCategoryId": 29
        },
        "139": {
            "id": 139,
            "nameEn": "Dry cleaning service",
            "nameAr": "خدمة التنظيف الجاف",
            "active": true,
            "rank": 6,
            "type": "2",
            "popular": false,
            "popularityRank": null,
            "starRank": 0,
            "facilityCategoryId": 12
        },
        "140": {
            "id": 140,
            "nameEn": "Iron and board",
            "nameAr": "مكواة و طاولة الكي",
            "active": true,
            "rank": 2,
            "type": "2",
            "popular": true,
            "popularityRank": 14,
            "starRank": 0,
            "facilityCategoryId": 29
        },
        "141": {
            "id": 141,
            "nameEn": "Ironing service",
            "nameAr": "خدمة الكي",
            "active": true,
            "rank": 7,
            "type": "2",
            "popular": false,
            "popularityRank": null,
            "starRank": 0,
            "facilityCategoryId": 29
        },
        "142": {
            "id": 142,
            "nameEn": "Laundry service",
            "nameAr": "خدمة غسيل للملابس",
            "active": true,
            "rank": 5,
            "type": "2",
            "popular": false,
            "popularityRank": null,
            "starRank": 0,
            "facilityCategoryId": 12
        },
        "143": {
            "id": 143,
            "nameEn": "Tumble dryer",
            "nameAr": "آلة تجفيف الملابس",
            "active": true,
            "rank": 4,
            "type": "2",
            "popular": false,
            "popularityRank": null,
            "starRank": 0,
            "facilityCategoryId": 29
        },
        "144": {
            "id": 144,
            "nameEn": "Wardrobe/closet",
            "nameAr": "خزانة ملابس",
            "active": true,
            "rank": 1,
            "type": "2",
            "popular": false,
            "popularityRank": null,
            "starRank": 0,
            "facilityCategoryId": 29
        },
        "145": {
            "id": 145,
            "nameEn": "Washing machine",
            "nameAr": "غسالة",
            "active": true,
            "rank": 3,
            "type": "2",
            "popular": false,
            "popularityRank": null,
            "starRank": 0,
            "facilityCategoryId": 29
        },
        "146": {
            "id": 146,
            "nameEn": "Cable channels",
            "nameAr": "قنوات مدفوعة الاشتراك",
            "active": true,
            "rank": 4,
            "type": "2",
            "popular": false,
            "popularityRank": null,
            "starRank": 0,
            "facilityCategoryId": 27
        },
        "147": {
            "id": 147,
            "nameEn": "TV",
            "nameAr": "تلفزيون",
            "active": true,
            "rank": 1,
            "type": "2",
            "popular": true,
            "popularityRank": 8,
            "starRank": 0,
            "facilityCategoryId": 27
        },
        "148": {
            "id": 148,
            "nameEn": "International channels",
            "nameAr": "القنوات الدولية",
            "active": true,
            "rank": 2,
            "type": "2",
            "popular": false,
            "popularityRank": null,
            "starRank": 0,
            "facilityCategoryId": 27
        },
        "149": {
            "id": 149,
            "nameEn": "Video on demand",
            "nameAr": "الفيديو حسب الطلب",
            "active": true,
            "rank": 3,
            "type": "2",
            "popular": true,
            "popularityRank": 15,
            "starRank": 0,
            "facilityCategoryId": 27
        },
        "150": {
            "id": 150,
            "nameEn": "Bottled water",
            "nameAr": "مياه معبأة",
            "active": true,
            "rank": 13,
            "type": "2",
            "popular": false,
            "popularityRank": null,
            "starRank": 0,
            "facilityCategoryId": 26
        },
        "151": {
            "id": 151,
            "nameEn": "Chocolates",
            "nameAr": "شوكولاتة",
            "active": true,
            "rank": 16,
            "type": "2",
            "popular": false,
            "popularityRank": null,
            "starRank": 0,
            "facilityCategoryId": 26
        },
        "152": {
            "id": 152,
            "nameEn": "Coffee",
            "nameAr": "قهوة",
            "active": true,
            "rank": 11,
            "type": "2",
            "popular": false,
            "popularityRank": null,
            "starRank": 0,
            "facilityCategoryId": 26
        },
        "153": {
            "id": 153,
            "nameEn": "Coffee/tea maker",
            "nameAr": "ماكينة تحضير الشاي والقهوة",
            "active": true,
            "rank": 12,
            "type": "2",
            "popular": false,
            "popularityRank": null,
            "starRank": 0,
            "facilityCategoryId": 26
        },
        "154": {
            "id": 154,
            "nameEn": "Cookies",
            "nameAr": "بسكويت",
            "active": true,
            "rank": 15,
            "type": "2",
            "popular": false,
            "popularityRank": null,
            "starRank": 0,
            "facilityCategoryId": 26
        },
        "155": {
            "id": 155,
            "nameEn": "Dishwasher",
            "nameAr": "غسالة أطباق",
            "active": true,
            "rank": 7,
            "type": "2",
            "popular": false,
            "popularityRank": null,
            "starRank": 0,
            "facilityCategoryId": 26
        },
        "156": {
            "id": 156,
            "nameEn": "Electric kettle",
            "nameAr": "غلاية مياه كهربائية",
            "active": true,
            "rank": 14,
            "type": "2",
            "popular": false,
            "popularityRank": null,
            "starRank": 0,
            "facilityCategoryId": 26
        },
        "157": {
            "id": 157,
            "nameEn": "Kitchen",
            "nameAr": "مطبخ",
            "active": true,
            "rank": 1,
            "type": "2",
            "popular": true,
            "popularityRank": 10,
            "starRank": 0,
            "facilityCategoryId": 26
        },
        "158": {
            "id": 158,
            "nameEn": "Kitchenette",
            "nameAr": "مطبخ صغير",
            "active": true,
            "rank": 2,
            "type": "2",
            "popular": true,
            "popularityRank": 11,
            "starRank": 0,
            "facilityCategoryId": 26
        },
        "159": {
            "id": 159,
            "nameEn": "Kitchenware",
            "nameAr": "أدوات المطبخ",
            "active": true,
            "rank": 8,
            "type": "2",
            "popular": false,
            "popularityRank": null,
            "starRank": 0,
            "facilityCategoryId": 26
        },
        "160": {
            "id": 160,
            "nameEn": "Microwave",
            "nameAr": "ميكروويف",
            "active": true,
            "rank": 4,
            "type": "2",
            "popular": false,
            "popularityRank": null,
            "starRank": 0,
            "facilityCategoryId": 26
        },
        "161": {
            "id": 161,
            "nameEn": "Minibar",
            "nameAr": "ميني بار",
            "active": true,
            "rank": 9,
            "type": "2",
            "popular": false,
            "popularityRank": null,
            "starRank": 0,
            "facilityCategoryId": 26
        },
        "162": {
            "id": 162,
            "nameEn": "Nespresso machine",
            "nameAr": "آلة نسبرسو",
            "active": true,
            "rank": 10,
            "type": "2",
            "popular": true,
            "popularityRank": 13,
            "starRank": 0,
            "facilityCategoryId": 26
        },
        "163": {
            "id": 163,
            "nameEn": "Oven",
            "nameAr": "فرن",
            "active": true,
            "rank": 5,
            "type": "2",
            "popular": false,
            "popularityRank": null,
            "starRank": 0,
            "facilityCategoryId": 26
        },
        "164": {
            "id": 164,
            "nameEn": "Refrigerator",
            "nameAr": "ثلاجة",
            "active": true,
            "rank": 3,
            "type": "2",
            "popular": true,
            "popularityRank": 12,
            "starRank": 0,
            "facilityCategoryId": 26
        },
        "165": {
            "id": 165,
            "nameEn": "Stovetop",
            "nameAr": "موقد",
            "active": true,
            "rank": 6,
            "type": "2",
            "popular": false,
            "popularityRank": null,
            "starRank": 0,
            "facilityCategoryId": 26
        },
        "166": {
            "id": 166,
            "nameEn": "Arm chair",
            "nameAr": "كرسي بمسند",
            "active": true,
            "rank": 11,
            "type": "2",
            "popular": false,
            "popularityRank": null,
            "starRank": 0,
            "facilityCategoryId": 28
        },
        "167": {
            "id": 167,
            "nameEn": "Balcony/terrace",
            "nameAr": "تراس/شرفة",
            "active": true,
            "rank": 1,
            "type": "2",
            "popular": true,
            "popularityRank": 2,
            "starRank": 0,
            "facilityCategoryId": 28
        },
        "168": {
            "id": 168,
            "nameEn": "Bed linen",
            "nameAr": "مفارش السرير",
            "active": true,
            "rank": 12,
            "type": "2",
            "popular": false,
            "popularityRank": null,
            "starRank": 0,
            "facilityCategoryId": 28
        },
        "169": {
            "id": 169,
            "nameEn": "Carpeted floors",
            "nameAr": "أرضية مغطاة بالسجاد",
            "active": true,
            "rank": 15,
            "type": "2",
            "popular": false,
            "popularityRank": null,
            "starRank": 0,
            "facilityCategoryId": 28
        },
        "170": {
            "id": 170,
            "nameEn": "Desk",
            "nameAr": "مكتب",
            "active": true,
            "rank": 8,
            "type": "2",
            "popular": false,
            "popularityRank": null,
            "starRank": 0,
            "facilityCategoryId": 28
        },
        "171": {
            "id": 171,
            "nameEn": "Dining area",
            "nameAr": "منطقة لتناول الطعام",
            "active": true,
            "rank": 5,
            "type": "2",
            "popular": false,
            "popularityRank": null,
            "starRank": 0,
            "facilityCategoryId": 28
        },
        "172": {
            "id": 172,
            "nameEn": "Dressing table",
            "nameAr": "منضدة الزينة",
            "active": true,
            "rank": 13,
            "type": "2",
            "popular": false,
            "popularityRank": null,
            "starRank": 0,
            "facilityCategoryId": 28
        },
        "173": {
            "id": 173,
            "nameEn": "Fan",
            "nameAr": "مروحة",
            "active": true,
            "rank": 9,
            "type": "2",
            "popular": false,
            "popularityRank": null,
            "starRank": 0,
            "facilityCategoryId": 28
        },
        "174": {
            "id": 174,
            "nameEn": "Fire place",
            "nameAr": "موقد نار",
            "active": true,
            "rank": 14,
            "type": "2",
            "popular": false,
            "popularityRank": null,
            "starRank": 0,
            "facilityCategoryId": 28
        },
        "175": {
            "id": 175,
            "nameEn": "Hardwood/parquet floors",
            "nameAr": "أرضية خشبية",
            "active": true,
            "rank": 16,
            "type": "2",
            "popular": false,
            "popularityRank": null,
            "starRank": 0,
            "facilityCategoryId": 28
        },
        "176": {
            "id": 176,
            "nameEn": "Living room",
            "nameAr": "غرفة الجلوس",
            "active": true,
            "rank": 6,
            "type": "2",
            "popular": false,
            "popularityRank": null,
            "starRank": 0,
            "facilityCategoryId": 28
        },
        "177": {
            "id": 177,
            "nameEn": "Mirror",
            "nameAr": "مرآة",
            "active": true,
            "rank": 10,
            "type": "2",
            "popular": false,
            "popularityRank": null,
            "starRank": 0,
            "facilityCategoryId": 28
        },
        "178": {
            "id": 178,
            "nameEn": "Patio",
            "nameAr": "فناء",
            "active": true,
            "rank": 2,
            "type": "2",
            "popular": false,
            "popularityRank": null,
            "starRank": 0,
            "facilityCategoryId": 28
        },
        "179": {
            "id": 179,
            "nameEn": "Sitting area",
            "nameAr": "منطقة جلوس",
            "active": true,
            "rank": 7,
            "type": "2",
            "popular": false,
            "popularityRank": null,
            "starRank": 0,
            "facilityCategoryId": 28
        },
        "180": {
            "id": 180,
            "nameEn": "Sofa",
            "nameAr": "اريكة",
            "active": true,
            "rank": 4,
            "type": "2",
            "popular": false,
            "popularityRank": null,
            "starRank": 0,
            "facilityCategoryId": 28
        },
        "181": {
            "id": 181,
            "nameEn": "Sofa bed",
            "nameAr": "كنبة سرير",
            "active": true,
            "rank": 3,
            "type": "2",
            "popular": true,
            "popularityRank": 6,
            "starRank": 0,
            "facilityCategoryId": 28
        },
        "182": {
            "id": 182,
            "nameEn": "Tile/marble floors",
            "nameAr": "أرضية بلاط / رخام",
            "active": true,
            "rank": 17,
            "type": "2",
            "popular": false,
            "popularityRank": null,
            "starRank": 0,
            "facilityCategoryId": 28
        },
        "183": {
            "id": 183,
            "nameEn": "220 volt",
            "nameAr": "220 فولت",
            "active": true,
            "rank": 4,
            "type": "2",
            "popular": false,
            "popularityRank": null,
            "starRank": 0,
            "facilityCategoryId": 30
        },
        "184": {
            "id": 184,
            "nameEn": "Air conditioning",
            "nameAr": "تكييف",
            "active": true,
            "rank": 1,
            "type": "2",
            "popular": true,
            "popularityRank": 3,
            "starRank": 0,
            "facilityCategoryId": 30
        },
        "185": {
            "id": 185,
            "nameEn": "Pets allowed",
            "nameAr": "الحيوانات الأليفة مسموح بها",
            "active": true,
            "rank": 6,
            "type": "2",
            "popular": false,
            "popularityRank": 0,
            "starRank": 0,
            "facilityCategoryId": 30
        },
        "186": {
            "id": 186,
            "nameEn": "Pets not allowed",
            "nameAr": "الحيوانات الأليفة غير مسموح بها",
            "active": true,
            "rank": 7,
            "type": "2",
            "popular": false,
            "popularityRank": null,
            "starRank": 0,
            "facilityCategoryId": 30
        },
        "187": {
            "id": 187,
            "nameEn": "Safe",
            "nameAr": "خزينة",
            "active": true,
            "rank": 3,
            "type": "2",
            "popular": false,
            "popularityRank": null,
            "starRank": 0,
            "facilityCategoryId": 30
        },
        "188": {
            "id": 188,
            "nameEn": "Soundproofing",
            "nameAr": "عازل للصوت",
            "active": true,
            "rank": 2,
            "type": "2",
            "popular": false,
            "popularityRank": 7,
            "starRank": 0,
            "facilityCategoryId": 30
        },
        "189": {
            "id": 189,
            "nameEn": "Telephone",
            "nameAr": "هاتف",
            "active": true,
            "rank": 5,
            "type": "2",
            "popular": false,
            "popularityRank": null,
            "starRank": 0,
            "facilityCategoryId": 30
        },
        "190": {
            "id": 190,
            "nameEn": "Wi-Fi",
            "nameAr": "واي فاي",
            "active": true,
            "rank": 1,
            "type": "2",
            "popular": true,
            "popularityRank": 1,
            "starRank": 0,
            "facilityCategoryId": 24
        },
        "191": {
            "id": 191,
            "nameEn": "Cribs available",
            "nameAr": "أسرة للأطفال متوفرة",
            "active": true,
            "rank": 1,
            "type": "2",
            "popular": false,
            "popularityRank": null,
            "starRank": 0,
            "facilityCategoryId": 31
        },
        "192": {
            "id": 192,
            "nameEn": "Housekeeping",
            "nameAr": "خدمة التنظيف",
            "active": true,
            "rank": 3,
            "type": "2",
            "popular": false,
            "popularityRank": null,
            "starRank": 0,
            "facilityCategoryId": 31
        },
        "193": {
            "id": 193,
            "nameEn": "Room service",
            "nameAr": "خدمة الغرف",
            "active": true,
            "rank": 2,
            "type": "2",
            "popular": false,
            "popularityRank": null,
            "starRank": 0,
            "facilityCategoryId": 31
        },
        "194": {
            "id": 194,
            "nameEn": "Wake-up call",
            "nameAr": "خدمة الإيقاظ",
            "active": true,
            "rank": 4,
            "type": "2",
            "popular": false,
            "popularityRank": null,
            "starRank": 0,
            "facilityCategoryId": 31
        },
        "195": {
            "id": 195,
            "nameEn": "Shared Bathroom",
            "nameAr": "حمام مشترك",
            "active": true,
            "rank": 0,
            "type": "2",
            "popular": false,
            "popularityRank": 0,
            "starRank": 0,
            "facilityCategoryId": 25
        },
        "8000": {
            "id": 8000,
            "nameEn": "Temperature Screening of guests",
            "nameAr": "فحص درجة حرارة كافة النزلاء ",
            "active": true,
            "rank": 1,
            "type": "1",
            "popular": true,
            "popularityRank": 1,
            "starRank": 0,
            "facilityCategoryId": 800
        },
        "8001": {
            "id": 8001,
            "nameEn": "Open buffets serviced by staff",
            "nameAr": "بوفيه مفتوح مع خدمة ",
            "active": true,
            "rank": 1,
            "type": "1",
            "popular": false,
            "popularityRank": 0,
            "starRank": 0,
            "facilityCategoryId": 801
        },
        "8002": {
            "id": 8002,
            "nameEn": "Contactless check-in and check-out available",
            "nameAr": "تسجيل وصول وخروج بدون تلامس",
            "active": true,
            "rank": 2,
            "type": "1",
            "popular": false,
            "popularityRank": 0,
            "starRank": 0,
            "facilityCategoryId": 800
        },
        "8003": {
            "id": 8003,
            "nameEn": "Usage of disposable covers for valet",
            "nameAr": "استخدام الأغطية التي تستخدم مرة واحدة فقط من قبل فريق خدمة صف السيارات",
            "active": true,
            "rank": 3,
            "type": "1",
            "popular": false,
            "popularityRank": 0,
            "starRank": 0,
            "facilityCategoryId": 800
        },
        "8004": {
            "id": 8004,
            "nameEn": "Disposable utensils & dishes available in restaurants & room service",
            "nameAr": "الأواني والأطباق التي تستخدم لمرة واحدة متوفرة في المطاعم ولخدمة الغرف",
            "active": true,
            "rank": 2,
            "type": "1",
            "popular": false,
            "popularityRank": 0,
            "starRank": 0,
            "facilityCategoryId": 801
        },
        "8005": {
            "id": 8005,
            "nameEn": "Distance set between tables",
            "nameAr": "المسافة بين الطاولات",
            "active": true,
            "rank": 3,
            "type": "1",
            "popular": false,
            "popularityRank": 0,
            "starRank": 0,
            "facilityCategoryId": 801
        },
        "8006": {
            "id": 8006,
            "nameEn": "Utensils and dishes fully sterilized",
            "nameAr": "يتم تعقيم الأواني والأطباق",
            "active": true,
            "rank": 4,
            "type": "1",
            "popular": false,
            "popularityRank": 0,
            "starRank": 0,
            "facilityCategoryId": 801
        },
        "8007": {
            "id": 8007,
            "nameEn": "Regular sanitization of the overall property & common areas",
            "nameAr": "االتعقيم المنتظم للمنشأة والأماكن العامة",
            "active": true,
            "rank": 1,
            "type": "1",
            "popular": true,
            "popularityRank": 7,
            "starRank": 0,
            "facilityCategoryId": 802
        },
        "8008": {
            "id": 8008,
            "nameEn": "Social distance guidelines set for common areas",
            "nameAr": "يتم تطبيق قواعد التباعد الاجتماعي في الأماكن العامة",
            "active": true,
            "rank": 2,
            "type": "1",
            "popular": true,
            "popularityRank": 2,
            "starRank": 0,
            "facilityCategoryId": 802
        },
        "8009": {
            "id": 8009,
            "nameEn": "Masks are available to guests",
            "nameAr": "توفر الكمامات للنزلاء",
            "active": true,
            "rank": 3,
            "type": "1",
            "popular": false,
            "popularityRank": 0,
            "starRank": 0,
            "facilityCategoryId": 802
        },
        "8010": {
            "id": 8010,
            "nameEn": "Gloves are available to guests",
            "nameAr": "توفر القفازات للنزلاء",
            "active": true,
            "rank": 4,
            "type": "1",
            "popular": false,
            "popularityRank": 0,
            "starRank": 0,
            "facilityCategoryId": 802
        },
        "8011": {
            "id": 8011,
            "nameEn": "Free hand sanitizer available to guests",
            "nameAr": "معقم يد مجاني للنزلاء ",
            "active": true,
            "rank": 5,
            "type": "1",
            "popular": false,
            "popularityRank": 0,
            "starRank": 0,
            "facilityCategoryId": 802
        },
        "8012": {
            "id": 8012,
            "nameEn": "Masks are mandatory in common areas",
            "nameAr": "ارتداء الكمامات إجباري في الأماكن العامة",
            "active": true,
            "rank": 6,
            "type": "1",
            "popular": false,
            "popularityRank": 0,
            "starRank": 0,
            "facilityCategoryId": 802
        },
        "8013": {
            "id": 8013,
            "nameEn": "Capacity restrictions in place for common areas, restaurants & facilities",
            "nameAr": "الالتزام بالحد الأعلى المسموح به للنزلاء في المطاعم",
            "active": true,
            "rank": 7,
            "type": "1",
            "popular": true,
            "popularityRank": 6,
            "starRank": 0,
            "facilityCategoryId": 802
        },
        "8014": {
            "id": 8014,
            "nameEn": "A dedicated hygiene manager is available",
            "nameAr": "وجود مدير تعقيم متخصص",
            "active": true,
            "rank": 8,
            "type": "1",
            "popular": false,
            "popularityRank": 0,
            "starRank": 0,
            "facilityCategoryId": 802
        },
        "8015": {
            "id": 8015,
            "nameEn": "Property uses a professional cleaning service",
            "nameAr": "تستخدم المنشأة فريق تنظيف متخصص",
            "active": true,
            "rank": 9,
            "type": "1",
            "popular": false,
            "popularityRank": 0,
            "starRank": 0,
            "facilityCategoryId": 802
        },
        "8016": {
            "id": 8016,
            "nameEn": "Contactless room service is available",
            "nameAr": "خدمة الغرف بدون تلامس",
            "active": true,
            "rank": 1,
            "type": "1",
            "popular": true,
            "popularityRank": 3,
            "starRank": 0,
            "facilityCategoryId": 803
        },
        "8017": {
            "id": 8017,
            "nameEn": "Rooms are sealed after disinfection",
            "nameAr": "إغلاق الغرف بعد التعقيم",
            "active": true,
            "rank": 2,
            "type": "1",
            "popular": true,
            "popularityRank": 4,
            "starRank": 0,
            "facilityCategoryId": 803
        },
        "8018": {
            "id": 8018,
            "nameEn": "Masks are available in the room",
            "nameAr": "توفر الكمامات في الغرف",
            "active": true,
            "rank": 3,
            "type": "1",
            "popular": false,
            "popularityRank": 0,
            "starRank": 0,
            "facilityCategoryId": 803
        },
        "8019": {
            "id": 8019,
            "nameEn": "Gloves are available in the room",
            "nameAr": "توفر القفازات في الغرف",
            "active": true,
            "rank": 4,
            "type": "1",
            "popular": false,
            "popularityRank": 0,
            "starRank": 0,
            "facilityCategoryId": 803
        },
        "8020": {
            "id": 8020,
            "nameEn": "Free hand sanitizer in the room",
            "nameAr": "توفر معقم يد مجاني في الغرف",
            "active": true,
            "rank": 5,
            "type": "1",
            "popular": false,
            "popularityRank": 0,
            "starRank": 0,
            "facilityCategoryId": 803
        },
        "8021": {
            "id": 8021,
            "nameEn": "Rooms are fully disinfected upon check-out / before check-in",
            "nameAr": "يتم تعقيم الغرف بشكل كامل قبل وبعد مغادرة النزلاء",
            "active": true,
            "rank": 6,
            "type": "1",
            "popular": false,
            "popularityRank": 0,
            "starRank": 0,
            "facilityCategoryId": 803
        },
        "8022": {
            "id": 8022,
            "nameEn": "Mini bar is currently not available",
            "nameAr": "لا تتوفر خدمة المني-بار حالياً",
            "active": true,
            "rank": 7,
            "type": "1",
            "popular": false,
            "popularityRank": 0,
            "starRank": 0,
            "facilityCategoryId": 803
        },
        "8023": {
            "id": 8023,
            "nameEn": "Temperature screening of staff",
            "nameAr": "قياس درجة حرارة الموظفين",
            "active": true,
            "rank": 1,
            "type": "1",
            "popular": false,
            "popularityRank": 0,
            "starRank": 0,
            "facilityCategoryId": 804
        },
        "8024": {
            "id": 8024,
            "nameEn": "Masks are mandatory for staff who are in direct contact with guests",
            "nameAr": "ارتداء الكمامات إجباري لجميع الموظفين الذين يتعاملون مع النزلاء بشكل مباشر",
            "active": true,
            "rank": 2,
            "type": "1",
            "popular": true,
            "popularityRank": 5,
            "starRank": 0,
            "facilityCategoryId": 804
        },
        "8025": {
            "id": 8025,
            "nameEn": "Social distance guidelines set & adhered to",
            "nameAr": "يتم العمل وتطبيق قواعد التباعد الاجتماعي",
            "active": true,
            "rank": 3,
            "type": "1",
            "popular": false,
            "popularityRank": 0,
            "starRank": 0,
            "facilityCategoryId": 804
        }
    },
    "propertyTypes": {
        "1": {
            "id": 1,
            "nameEn": "Pension",
            "nameAr": "Pension",
            "active": true
        },
        "2": {
            "id": 2,
            "nameEn": "Other",
            "nameAr": "أخرى",
            "active": true
        },
        "3": {
            "id": 3,
            "nameEn": "Inn",
            "nameAr": "استراحة",
            "active": true
        },
        "4": {
            "id": 4,
            "nameEn": "Pousada (Brazil)",
            "nameAr": "بوسادا (البرازيل)",
            "active": true
        },
        "5": {
            "id": 5,
            "nameEn": "Pousada (Portugal)",
            "nameAr": "بوسادا (البرتغال)",
            "active": true
        },
        "6": {
            "id": 6,
            "nameEn": "Townhouse",
            "nameAr": "تاون هاوس",
            "active": true
        },
        "7": {
            "id": 7,
            "nameEn": "Cruise",
            "nameAr": "رحلة بحرية",
            "active": true
        },
        "8": {
            "id": 8,
            "nameEn": "Riad",
            "nameAr": "رياض",
            "active": true
        },
        "9": {
            "id": 9,
            "nameEn": "Bed & breakfast",
            "nameAr": "سرير ووجبة إفطار",
            "active": true
        },
        "10": {
            "id": 10,
            "nameEn": "Safari/Tentalow",
            "nameAr": "سفاري / Tentalow",
            "active": true
        },
        "11": {
            "id": 11,
            "nameEn": "Residence",
            "nameAr": "سكن",
            "active": true
        },
        "12": {
            "id": 12,
            "nameEn": "Chalet",
            "nameAr": "شاليه",
            "active": true
        },
        "13": {
            "id": 13,
            "nameEn": "Apartment",
            "nameAr": "شقة",
            "active": true
        },
        "14": {
            "id": 14,
            "nameEn": "Condo",
            "nameAr": "شقة خاصة",
            "active": true
        },
        "15": {
            "id": 15,
            "nameEn": "Aparthotel",
            "nameAr": "شقق فندقية",
            "active": true
        },
        "16": {
            "id": 16,
            "nameEn": "Property",
            "nameAr": "منشأة",
            "active": true
        },
        "17": {
            "id": 17,
            "nameEn": "Hotel",
            "nameAr": "فندق",
            "active": true
        },
        "18": {
            "id": 18,
            "nameEn": "Motel",
            "nameAr": "فندق صغير",
            "active": true
        },
        "19": {
            "id": 19,
            "nameEn": "Tree house property",
            "nameAr": "فندق معلّق",
            "active": true
        },
        "20": {
            "id": 20,
            "nameEn": "Villa",
            "nameAr": "فيلا",
            "active": true
        },
        "21": {
            "id": 21,
            "nameEn": "Houseboat",
            "nameAr": "قارب",
            "active": true
        },
        "22": {
            "id": 22,
            "nameEn": "Palace",
            "nameAr": "قصر",
            "active": true
        },
        "23": {
            "id": 23,
            "nameEn": "Castle",
            "nameAr": "قلعة",
            "active": true
        },
        "24": {
            "id": 24,
            "nameEn": "Cottage",
            "nameAr": "كوخ",
            "active": true
        },
        "25": {
            "id": 25,
            "nameEn": "Cabin",
            "nameAr": "كوخ صغير",
            "active": true
        },
        "26": {
            "id": 26,
            "nameEn": "Lodge",
            "nameAr": "لودج",
            "active": true
        },
        "27": {
            "id": 27,
            "nameEn": "Ranch",
            "nameAr": "مزرعة",
            "active": true
        },
        "28": {
            "id": 28,
            "nameEn": "Campsite",
            "nameAr": "مكان للتخييم",
            "active": true
        },
        "29": {
            "id": 29,
            "nameEn": "Agritourism property",
            "nameAr": "ملكية زراعية",
            "active": true
        },
        "30": {
            "id": 30,
            "nameEn": "All-inclusive property",
            "nameAr": "ملكية شاملة",
            "active": true
        },
        "31": {
            "id": 31,
            "nameEn": "Resort",
            "nameAr": "منتجع",
            "active": true
        },
        "32": {
            "id": 32,
            "nameEn": "Condominium resort",
            "nameAr": "منتجع شقق فندقية",
            "active": true
        },
        "33": {
            "id": 33,
            "nameEn": "Private vacation home",
            "nameAr": "منزل خاص للعطلات",
            "active": true
        },
        "34": {
            "id": 34,
            "nameEn": "Country house",
            "nameAr": "منزل ريفي",
            "active": true
        },
        "35": {
            "id": 35,
            "nameEn": "Guesthouse",
            "nameAr": "منزل عائلي",
            "active": true
        },
        "36": {
            "id": 36,
            "nameEn": "Ryokan",
            "nameAr": "نزل ياباني",
            "active": true
        },
        "37": {
            "id": 37,
            "nameEn": "Hostel",
            "nameAr": "هوستل",
            "active": true
        },
        "38": {
            "id": 38,
            "nameEn": "Holiday park",
            "nameAr": "هوليدي بارك",
            "active": true
        },
        "39": {
            "id": 39,
            "nameEn": "Hostel/Backpacker accommodation",
            "nameAr": "Hostel/Backpacker accommodation",
            "active": true
        },
        "40": {
            "id": 40,
            "nameEn": "Capsule Hotel",
            "nameAr": "Capsule Hotel",
            "active": true
        },
        "41": {
            "id": 41,
            "nameEn": "Hostal",
            "nameAr": "Hostal",
            "active": true
        },
        "42": {
            "id": 42,
            "nameEn": "Boutique Hotel",
            "nameAr": "فندق بوتيك",
            "active": true
        },
        "43": {
            "id": 43,
            "nameEn": "Apartments",
            "nameAr": "شقق",
            "active": true
        },
        "44": {
            "id": 44,
            "nameEn": "Villas",
            "nameAr": "فلل",
            "active": true
        },
        "45": {
            "id": 45,
            "nameEn": "Room",
            "nameAr": "غرفة",
            "active": true
        }
    },
    "brands": {
        "2": {
            "id": 2,
            "nameEn": "AC Hotels by Marriott",
            "nameAr": "فنادق إيه سي من ماريوت",
            "active": true
        },
        "1026": {
            "id": 1026,
            "nameEn": "Protea Hotels",
            "nameAr": "Protea Hotels",
            "active": true
        },
        "5": {
            "id": 5,
            "nameEn": "Alila Hotels and Resorts",
            "nameAr": "فنادق ومنتجعات أليلا",
            "active": true
        },
        "7": {
            "id": 7,
            "nameEn": "Aloft Hotels",
            "nameAr": "فنادق ألوفت",
            "active": true
        },
        "8": {
            "id": 8,
            "nameEn": "Aman Resorts",
            "nameAr": "منتجعات أمان",
            "active": true
        },
        "9": {
            "id": 9,
            "nameEn": "AmericInnÂ ",
            "nameAr": "امريكإن",
            "active": true
        },
        "10": {
            "id": 10,
            "nameEn": "Ana Hotels",
            "nameAr": "فنادق آنا",
            "active": true
        },
        "1034": {
            "id": 1034,
            "nameEn": "De Vere",
            "nameAr": "De Vere",
            "active": true
        },
        "5130": {
            "id": 5130,
            "nameEn": "3Hb Hotels",
            "nameAr": "3HB",
            "active": true
        },
        "5131": {
            "id": 5131,
            "nameEn": "Sage Hotels",
            "nameAr": "Sage Hotels",
            "active": true
        },
        "14": {
            "id": 14,
            "nameEn": "Emaar Entertainment",
            "nameAr": "إعمار للترفيه",
            "active": true
        },
        "15": {
            "id": 15,
            "nameEn": "ASCEND hotel collections",
            "nameAr": "أسيند هوتل كوليكشنز",
            "active": true
        },
        "3087": {
            "id": 3087,
            "nameEn": "Breakfree",
            "nameAr": "Breakfree",
            "active": true
        },
        "16": {
            "id": 16,
            "nameEn": "Ascott The Residence",
            "nameAr": "أسكوت ذا ريزيدنس",
            "active": true
        },
        "1040": {
            "id": 1040,
            "nameEn": "Four Points",
            "nameAr": "Four Points",
            "active": true
        },
        "3089": {
            "id": 3089,
            "nameEn": "Travelodge Ireland",
            "nameAr": "Travelodge Ireland",
            "active": true
        },
        "18": {
            "id": 18,
            "nameEn": "Atlantis Resorts and Residences",
            "nameAr": "منتجعات ومساكن أتلانتس",
            "active": true
        },
        "19": {
            "id": 19,
            "nameEn": "Autograph Collection",
            "nameAr": "أوتوجراف كولكشن",
            "active": true
        },
        "2067": {
            "id": 2067,
            "nameEn": "OZO",
            "nameAr": "OZO",
            "active": true
        },
        "3091": {
            "id": 3091,
            "nameEn": "Panama Jack",
            "nameAr": "Panama Jack",
            "active": true
        },
        "4115": {
            "id": 4115,
            "nameEn": "New World Hotels",
            "nameAr": "New World Hotels",
            "active": true
        },
        "6163": {
            "id": 6163,
            "nameEn": "RL",
            "nameAr": "RL",
            "active": true
        },
        "20": {
            "id": 20,
            "nameEn": "Avid Hotels",
            "nameAr": "فنادق آڤيد",
            "active": true
        },
        "1047": {
            "id": 1047,
            "nameEn": "Embassy Suites",
            "nameAr": "Embassy Suites",
            "active": true
        },
        "2071": {
            "id": 2071,
            "nameEn": "Cordial Hoteles",
            "nameAr": "Cordial Hoteles",
            "active": true
        },
        "1048": {
            "id": 1048,
            "nameEn": "Homewood Suites",
            "nameAr": "Homewood Suites",
            "active": true
        },
        "25": {
            "id": 25,
            "nameEn": "Barcelo Hotels and Resorts",
            "nameAr": "فنادق ومنتجعات بارسيلو",
            "active": true
        },
        "1049": {
            "id": 1049,
            "nameEn": "Millennium Hotels",
            "nameAr": "Millennium Hotels",
            "active": true
        },
        "26": {
            "id": 26,
            "nameEn": "Baymont Inn and Suites",
            "nameAr": "فنادق وأجنحة بايمونت إن",
            "active": true
        },
        "3098": {
            "id": 3098,
            "nameEn": "Ramee Group Of Hotels",
            "nameAr": "Ramee Guestline",
            "active": true
        },
        "3101": {
            "id": 3101,
            "nameEn": "Tulip Inn",
            "nameAr": "Tulip Inn",
            "active": true
        },
        "1054": {
            "id": 1054,
            "nameEn": "GuestHouse Extended Stay",
            "nameAr": "Guesthouse Inns",
            "active": true
        },
        "33": {
            "id": 33,
            "nameEn": "Bulgari Hotels and Resorts",
            "nameAr": "فنادق ومنتجعات بولجاري",
            "active": true
        },
        "1057": {
            "id": 1057,
            "nameEn": "Vincenzo Giacobbe",
            "nameAr": "Vincenzo Giacobbe",
            "active": true
        },
        "34": {
            "id": 34,
            "nameEn": "Cambria Hotels and Suites",
            "nameAr": "فنادق وأجنحة كامبريا",
            "active": true
        },
        "1058": {
            "id": 1058,
            "nameEn": "Sonesta Select",
            "nameAr": "Sonesta Select",
            "active": true
        },
        "37": {
            "id": 37,
            "nameEn": "Canopy By Hilton",
            "nameAr": "كانوبي باي هيلتون",
            "active": true
        },
        "1061": {
            "id": 1061,
            "nameEn": "Sleep Inn by Intown Suites",
            "nameAr": "Sleep Inn by Intown Suites",
            "active": true
        },
        "1062": {
            "id": 1062,
            "nameEn": "element",
            "nameAr": "element",
            "active": true
        },
        "1064": {
            "id": 1064,
            "nameEn": "Walt Disney World Resort",
            "nameAr": "Walt Disney World Resort",
            "active": true
        },
        "44": {
            "id": 44,
            "nameEn": "Clarion",
            "nameAr": "كلاريون",
            "active": true
        },
        "45": {
            "id": 45,
            "nameEn": "Classic British Hotels",
            "nameAr": "فنادق كلاسيك بريتش",
            "active": true
        },
        "1069": {
            "id": 1069,
            "nameEn": "Hospitality Alliance",
            "nameAr": "H-Hotels",
            "active": true
        },
        "5166": {
            "id": 5166,
            "nameEn": "me and all",
            "nameAr": "me and all",
            "active": true
        },
        "3119": {
            "id": 3119,
            "nameEn": "El Cid",
            "nameAr": "El Cid",
            "active": true
        },
        "49": {
            "id": 49,
            "nameEn": "Comfort Inn",
            "nameAr": "فندق كومفورت إن",
            "active": true
        },
        "5169": {
            "id": 5169,
            "nameEn": "Walt Disney Hawaii",
            "nameAr": "Walt Disney Hawaii",
            "active": true
        },
        "50": {
            "id": 50,
            "nameEn": "Comfort Suites",
            "nameAr": "أجنحة كومفورت",
            "active": true
        },
        "52": {
            "id": 52,
            "nameEn": "Conrad Hotels and Resorts",
            "nameAr": "فنادق ومنتجعات كونراد",
            "active": true
        },
        "53": {
            "id": 53,
            "nameEn": "Copthorne Hotels",
            "nameAr": "فنادق كوبثورن",
            "active": true
        },
        "1077": {
            "id": 1077,
            "nameEn": "Novum Hotels",
            "nameAr": "Novum Hotels",
            "active": true
        },
        "3125": {
            "id": 3125,
            "nameEn": "Vintage Africa",
            "nameAr": "Vintage Africa",
            "active": true
        },
        "4150": {
            "id": 4150,
            "nameEn": "Hastings Hotels",
            "nameAr": "Hastings Hotels",
            "active": true
        },
        "5174": {
            "id": 5174,
            "nameEn": "Regent Hotels",
            "nameAr": "Regent Hotels",
            "active": true
        },
        "55": {
            "id": 55,
            "nameEn": "Country Inn and Suites by Radisson",
            "nameAr": "كانتري إن آند سويتس باي راديسون",
            "active": true
        },
        "3127": {
            "id": 3127,
            "nameEn": "City Lodge",
            "nameAr": "City Lodge",
            "active": true
        },
        "56": {
            "id": 56,
            "nameEn": "Courtyard by Marriott",
            "nameAr": "كورتيارد باي ماريوت",
            "active": true
        },
        "57": {
            "id": 57,
            "nameEn": "Crowne Plaza Hotels and Resorts",
            "nameAr": "فنادق ومنتجعات كراون بلازا",
            "active": true
        },
        "1081": {
            "id": 1081,
            "nameEn": "Paradores",
            "nameAr": "Paradores",
            "active": true
        },
        "58": {
            "id": 58,
            "nameEn": "Curio Collection by Hilton",
            "nameAr": "كيوريو كوليكشن باي هيلتون",
            "active": true
        },
        "59": {
            "id": 59,
            "nameEn": "Days Inn",
            "nameAr": "داي إن",
            "active": true
        },
        "3131": {
            "id": 3131,
            "nameEn": "Bastion Hotels",
            "nameAr": "Bastion Hotels",
            "active": true
        },
        "60": {
            "id": 60,
            "nameEn": "Delta Hotels",
            "nameAr": "فنادق دلتا",
            "active": true
        },
        "1084": {
            "id": 1084,
            "nameEn": "Dorint Hotels",
            "nameAr": "Dorint Hotels",
            "active": true
        },
        "3132": {
            "id": 3132,
            "nameEn": "Slaviero Slim",
            "nameAr": "Slaviero Slim",
            "active": true
        },
        "3133": {
            "id": 3133,
            "nameEn": "Santika Hotel",
            "nameAr": "Santika Hotel",
            "active": true
        },
        "62": {
            "id": 62,
            "nameEn": "Design Hotels",
            "nameAr": "فنادق ديزاين",
            "active": true
        },
        "67": {
            "id": 67,
            "nameEn": "Dolce Hotels and Resorts",
            "nameAr": "فنادق ومنتجعات دولشي",
            "active": true
        },
        "70": {
            "id": 70,
            "nameEn": "Doubletree by Hilton",
            "nameAr": "دبل تري باي هيلتون",
            "active": true
        },
        "1094": {
            "id": 1094,
            "nameEn": "Odalys Vacances",
            "nameAr": "Odalys Vacances",
            "active": true
        },
        "72": {
            "id": 72,
            "nameEn": "Drury Inn",
            "nameAr": "دروري إن",
            "active": true
        },
        "73": {
            "id": 73,
            "nameEn": "Dusit Thani",
            "nameAr": "دوسيت تاني",
            "active": true
        },
        "75": {
            "id": 75,
            "nameEn": "Econo Lodge",
            "nameAr": "إكونو لودج",
            "active": true
        },
        "3147": {
            "id": 3147,
            "nameEn": "niu Hotels",
            "nameAr": "niu Hotels",
            "active": true
        },
        "76": {
            "id": 76,
            "nameEn": "Edition Hotels",
            "nameAr": "فنادق إيديشن",
            "active": true
        },
        "77": {
            "id": 77,
            "nameEn": "Element Hotels",
            "nameAr": "فنادق إليمنت",
            "active": true
        },
        "1101": {
            "id": 1101,
            "nameEn": "Inn-Telligence",
            "nameAr": "Inn-telligence",
            "active": true
        },
        "78": {
            "id": 78,
            "nameEn": "Embassy Suites by Hilton",
            "nameAr": " إمباسي سويتس باي هيلتون",
            "active": true
        },
        "3151": {
            "id": 3151,
            "nameEn": "Sunny By Valamar",
            "nameAr": "Sunny By Valamar",
            "active": true
        },
        "80": {
            "id": 80,
            "nameEn": "EVEN Hotels",
            "nameAr": "إيفين هوتلز",
            "active": true
        },
        "1104": {
            "id": 1104,
            "nameEn": "Red Roof Plus+",
            "nameAr": "Red Roof Plus+",
            "active": true
        },
        "3152": {
            "id": 3152,
            "nameEn": "Atura Hotels",
            "nameAr": "Atura Hotels",
            "active": true
        },
        "82": {
            "id": 82,
            "nameEn": "Extra Holidays",
            "nameAr": "اكسترا هوليداي",
            "active": true
        },
        "83": {
            "id": 83,
            "nameEn": "Fairfield",
            "nameAr": "فيرفيلد",
            "active": true
        },
        "84": {
            "id": 84,
            "nameEn": "Fairmont Hotels and Resorts",
            "nameAr": "فنادق ومنتجعات فيرمونت",
            "active": true
        },
        "1108": {
            "id": 1108,
            "nameEn": "Adagio Access",
            "nameAr": "Adagio Access",
            "active": true
        },
        "1111": {
            "id": 1111,
            "nameEn": "Preferred",
            "nameAr": "Preferred",
            "active": true
        },
        "5207": {
            "id": 5207,
            "nameEn": "Select Holidays and Resorts",
            "nameAr": "Select Holidays and Resorts",
            "active": true
        },
        "89": {
            "id": 89,
            "nameEn": "Four Seasons Hotels",
            "nameAr": "فنادق ومنتجعات فور سيزونز",
            "active": true
        },
        "3161": {
            "id": 3161,
            "nameEn": "Extended Stay America Premier Suites",
            "nameAr": "Extended Stay America Premier Suites",
            "active": true
        },
        "90": {
            "id": 90,
            "nameEn": "Fraser Suites",
            "nameAr": "فريزر سويتس",
            "active": true
        },
        "6234": {
            "id": 6234,
            "nameEn": "1 Hotels",
            "nameAr": "1 Hotels",
            "active": true
        },
        "3163": {
            "id": 3163,
            "nameEn": "Wadworth and Co",
            "nameAr": "Wadworth & Co",
            "active": true
        },
        "93": {
            "id": 93,
            "nameEn": "Gaylord Hotels",
            "nameAr": "فنادق جايلورد",
            "active": true
        },
        "97": {
            "id": 97,
            "nameEn": "Golden Tulip",
            "nameAr": "جولدن توليب",
            "active": true
        },
        "3169": {
            "id": 3169,
            "nameEn": "QT Hotels and Resorts",
            "nameAr": "QT",
            "active": true
        },
        "1124": {
            "id": 1124,
            "nameEn": "Brit Hotels",
            "nameAr": "Brit Hotels",
            "active": true
        },
        "3172": {
            "id": 3172,
            "nameEn": "ABode hotels",
            "nameAr": "ABode hotels",
            "active": true
        },
        "1125": {
            "id": 1125,
            "nameEn": "Daiwa Roynet Hotels",
            "nameAr": "Daiwa Roynet Hotels",
            "active": true
        },
        "3173": {
            "id": 3173,
            "nameEn": "Host Drift",
            "nameAr": "Host Drift",
            "active": true
        },
        "5221": {
            "id": 5221,
            "nameEn": "Blue Tree Park",
            "nameAr": "Blue Tree Park",
            "active": true
        },
        "1126": {
            "id": 1126,
            "nameEn": "Marins Hotels",
            "nameAr": "Marins Hotels",
            "active": true
        },
        "103": {
            "id": 103,
            "nameEn": "Hampton by Hilton",
            "nameAr": "هامبتون باي هيلتون",
            "active": true
        },
        "1128": {
            "id": 1128,
            "nameEn": "Blue Tree Premium",
            "nameAr": "Blue Tree Premium",
            "active": true
        },
        "105": {
            "id": 105,
            "nameEn": "Hawthorn Suites",
            "nameAr": "هوثورن سويتس",
            "active": true
        },
        "3177": {
            "id": 3177,
            "nameEn": "Amaris Hotel",
            "nameAr": "Amaris Hotel",
            "active": true
        },
        "106": {
            "id": 106,
            "nameEn": "Hilton Hotels and Resorts",
            "nameAr": "هيلتونفنادق ومنتجعات هيلتون",
            "active": true
        },
        "1130": {
            "id": 1130,
            "nameEn": "Anetak Consulting",
            "nameAr": "Anetak consulting",
            "active": true
        },
        "107": {
            "id": 107,
            "nameEn": "Hilton Garden Inn",
            "nameAr": "هيلتون جاردن إن",
            "active": true
        },
        "1131": {
            "id": 1131,
            "nameEn": "RYDGES Hotels and Resorts",
            "nameAr": "Rydges",
            "active": true
        },
        "109": {
            "id": 109,
            "nameEn": "Holiday Inn",
            "nameAr": "هوليداي إن",
            "active": true
        },
        "110": {
            "id": 110,
            "nameEn": "Home2 Suites by Hilton",
            "nameAr": "هوم 2 سويتس باي هيلتون",
            "active": true
        },
        "1134": {
            "id": 1134,
            "nameEn": "Westin",
            "nameAr": "Westin",
            "active": true
        },
        "111": {
            "id": 111,
            "nameEn": "Homewood Suites by Hilton",
            "nameAr": "هوموود سويتس باي هيلتون",
            "active": true
        },
        "5231": {
            "id": 5231,
            "nameEn": "Address Hotels and Resorts",
            "nameAr": "Address Hotels & Resorts",
            "active": true
        },
        "5234": {
            "id": 5234,
            "nameEn": "Next Hotels",
            "nameAr": "Next Hotels",
            "active": true
        },
        "115": {
            "id": 115,
            "nameEn": "Howard Johnson",
            "nameAr": "هوارد جونسون",
            "active": true
        },
        "1139": {
            "id": 1139,
            "nameEn": "BW Signature Collection by Best Western",
            "nameAr": "BW Signature Collection by Best Western",
            "active": true
        },
        "3187": {
            "id": 3187,
            "nameEn": "Aqua Hotels",
            "nameAr": "Aqua Hotels",
            "active": true
        },
        "116": {
            "id": 116,
            "nameEn": "HUALUXE Hotels and Resorts",
            "nameAr": "فنادق ومنتجعات هوالوكس",
            "active": true
        },
        "4212": {
            "id": 4212,
            "nameEn": "Cal Bernadas",
            "nameAr": "Cal Bernadas",
            "active": true
        },
        "5236": {
            "id": 5236,
            "nameEn": "Swiss-Belboutique",
            "nameAr": "Swiss-Belboutique",
            "active": true
        },
        "117": {
            "id": 117,
            "nameEn": "Hyatt",
            "nameAr": "حياة",
            "active": true
        },
        "5239": {
            "id": 5239,
            "nameEn": "Swadeshi Club Hotels",
            "nameAr": "Swadeshi",
            "active": true
        },
        "1145": {
            "id": 1145,
            "nameEn": "Luxury Collection",
            "nameAr": "Luxury Collection",
            "active": true
        },
        "3193": {
            "id": 3193,
            "nameEn": "Grand Melia Hotels and Resorts",
            "nameAr": "Gran Melia",
            "active": true
        },
        "122": {
            "id": 122,
            "nameEn": "Hotel Indigo",
            "nameAr": "فندق إنديجو",
            "active": true
        },
        "1146": {
            "id": 1146,
            "nameEn": "Gruppo Piperno",
            "nameAr": "Gruppo Piperno",
            "active": true
        },
        "124": {
            "id": 124,
            "nameEn": "The Manor by JA",
            "nameAr": "ذا مانور باي جيه إيه",
            "active": true
        },
        "1148": {
            "id": 1148,
            "nameEn": "HomeTowne Studios",
            "nameAr": "HomeTowne Studios",
            "active": true
        },
        "1149": {
            "id": 1149,
            "nameEn": "The Originals City",
            "nameAr": "The Originals City",
            "active": true
        },
        "3197": {
            "id": 3197,
            "nameEn": "Courtyard - City Lodge",
            "nameAr": "Courtyard - City Lodge",
            "active": true
        },
        "126": {
            "id": 126,
            "nameEn": "Joie de Vivre Hotels",
            "nameAr": "فنادق جوا دو فيفر",
            "active": true
        },
        "5246": {
            "id": 5246,
            "nameEn": "Transamerica Classic",
            "nameAr": "Transamerica Classic",
            "active": true
        },
        "128": {
            "id": 128,
            "nameEn": "Jumeirah Living",
            "nameAr": "جميرا ليفينج",
            "active": true
        },
        "2178": {
            "id": 2178,
            "nameEn": "Yoho Hotels",
            "nameAr": "Yoho Hotels",
            "active": true
        },
        "5250": {
            "id": 5250,
            "nameEn": "Indpt-Hotelperso",
            "nameAr": "Indpt-HotelPerso",
            "active": true
        },
        "131": {
            "id": 131,
            "nameEn": "Kempinski Hotels",
            "nameAr": "فنادق كمبينسكي",
            "active": true
        },
        "3203": {
            "id": 3203,
            "nameEn": "Nickelodeon Hotels and Resorts",
            "nameAr": "Nickelodeon Hotels & Resorts",
            "active": true
        },
        "133": {
            "id": 133,
            "nameEn": "Kimpton Hotels and Restaurants",
            "nameAr": "فنادق ومطاعم كيمبتون",
            "active": true
        },
        "3206": {
            "id": 3206,
            "nameEn": "The Gateway Hotels",
            "nameAr": "The Gateway Hotels",
            "active": true
        },
        "136": {
            "id": 136,
            "nameEn": "La Quinta",
            "nameAr": "لا كينتا",
            "active": true
        },
        "138": {
            "id": 138,
            "nameEn": "Le Meridien",
            "nameAr": "لو ميريديان ",
            "active": true
        },
        "140": {
            "id": 140,
            "nameEn": "Leonardo Hotels",
            "nameAr": "فنادق ليوناردو",
            "active": true
        },
        "3212": {
            "id": 3212,
            "nameEn": "Zoetry Wellness and Spa Resorts",
            "nameAr": "Zoetry Wellness & Spa Resorts",
            "active": true
        },
        "145": {
            "id": 145,
            "nameEn": "Louvre Hotels",
            "nameAr": "فنادق اللوفر",
            "active": true
        },
        "146": {
            "id": 146,
            "nameEn": "The Luxury Collection",
            "nameAr": "ذا لاكجري كوليكشن",
            "active": true
        },
        "3218": {
            "id": 3218,
            "nameEn": "Vivanta by Taj",
            "nameAr": "Vivanta by Taj",
            "active": true
        },
        "5266": {
            "id": 5266,
            "nameEn": "Slaviero Fast Sleep",
            "nameAr": "Slaviero Fast Sleep",
            "active": true
        },
        "150": {
            "id": 150,
            "nameEn": "MainStay Suites Extended Stay",
            "nameAr": "مينستاي سويتس إكستنديد ستاي",
            "active": true
        },
        "1174": {
            "id": 1174,
            "nameEn": "Vacanceole",
            "nameAr": "Vacanceole",
            "active": true
        },
        "3222": {
            "id": 3222,
            "nameEn": "Key West Inns",
            "nameAr": "Key West Inns",
            "active": true
        },
        "151": {
            "id": 151,
            "nameEn": "Mandarin Oriental Hotel Group",
            "nameAr": "مجموعة فنادق ماندارين أورينتال",
            "active": true
        },
        "6295": {
            "id": 6295,
            "nameEn": "City Stay Group",
            "nameAr": "City Stay Group",
            "active": true
        },
        "152": {
            "id": 152,
            "nameEn": "Mantra",
            "nameAr": "مانترا",
            "active": true
        },
        "1176": {
            "id": 1176,
            "nameEn": "Nordic Choice - Quality",
            "nameAr": "Nordic Choice - Quality",
            "active": true
        },
        "1177": {
            "id": 1177,
            "nameEn": "Pousadas de Portugal",
            "nameAr": "Pousadas de Portugal",
            "active": true
        },
        "1178": {
            "id": 1178,
            "nameEn": "Gloria Grand Hotels",
            "nameAr": "CN Gloria Grand Hotels",
            "active": true
        },
        "155": {
            "id": 155,
            "nameEn": "Marriott Hotels and Resorts",
            "nameAr": "فنادق ومنتجعات ماريوت",
            "active": true
        },
        "156": {
            "id": 156,
            "nameEn": "Marriott Vacation Club",
            "nameAr": "ماريوت فاكيشن كلوب",
            "active": true
        },
        "158": {
            "id": 158,
            "nameEn": "MeliÃ¡ Hotels and Resorts",
            "nameAr": "فنادق ومنتجعات ميليا",
            "active": true
        },
        "162": {
            "id": 162,
            "nameEn": "Microtel",
            "nameAr": "ميكروتيل",
            "active": true
        },
        "3234": {
            "id": 3234,
            "nameEn": "Gruppo Garino",
            "nameAr": "Gruppo Garino",
            "active": true
        },
        "6306": {
            "id": 6306,
            "nameEn": "Travelodge Uk",
            "nameAr": "Travelodge UK",
            "active": true
        },
        "163": {
            "id": 163,
            "nameEn": "NH Collection Hotels",
            "nameAr": "فنادق إن إتش كوليكشن",
            "active": true
        },
        "6307": {
            "id": 6307,
            "nameEn": "Wanda Reign",
            "nameAr": "Wanda Reign",
            "active": true
        },
        "167": {
            "id": 167,
            "nameEn": "Movenpick",
            "nameAr": "موڤنبيك",
            "active": true
        },
        "2215": {
            "id": 2215,
            "nameEn": "Lyf",
            "nameAr": "Lyf",
            "active": true
        },
        "4263": {
            "id": 4263,
            "nameEn": "Nobile Inn",
            "nameAr": "Nobile Inn",
            "active": true
        },
        "168": {
            "id": 168,
            "nameEn": "Moxy Hotels",
            "nameAr": "فنادق موكسي",
            "active": true
        },
        "1193": {
            "id": 1193,
            "nameEn": "The Originals Boutique",
            "nameAr": "The Originals Boutique",
            "active": true
        },
        "171": {
            "id": 171,
            "nameEn": "NH Hotels",
            "nameAr": " فنادق ان اتش ",
            "active": true
        },
        "1196": {
            "id": 1196,
            "nameEn": "Swiss-BelResort",
            "nameAr": "Swiss-BelResort",
            "active": true
        },
        "3245": {
            "id": 3245,
            "nameEn": "Signature Inn",
            "nameAr": "Signature Inn",
            "active": true
        },
        "1198": {
            "id": 1198,
            "nameEn": "Capital O",
            "nameAr": "Capital O",
            "active": true
        },
        "3246": {
            "id": 3246,
            "nameEn": "Kingsgate",
            "nameAr": "Kingsgate",
            "active": true
        },
        "1200": {
            "id": 1200,
            "nameEn": "Sofitel",
            "nameAr": "Sofitel",
            "active": true
        },
        "179": {
            "id": 179,
            "nameEn": "OneandOnly Resorts",
            "nameAr": "منتجعات وان آند أونلي",
            "active": true
        },
        "1205": {
            "id": 1205,
            "nameEn": "Eurostars Hotels",
            "nameAr": "Eurostars Hotels",
            "active": true
        },
        "1206": {
            "id": 1206,
            "nameEn": "Oaks Hotels Resort and Suites",
            "nameAr": "Oaks Hotels Resort & Suites",
            "active": true
        },
        "3255": {
            "id": 3255,
            "nameEn": "Far East Hotels",
            "nameAr": "Far East Hotels",
            "active": true
        },
        "184": {
            "id": 184,
            "nameEn": "Park Inn",
            "nameAr": "بارك إن",
            "active": true
        },
        "185": {
            "id": 185,
            "nameEn": "Park Plaza",
            "nameAr": "بارك بلازا",
            "active": true
        },
        "187": {
            "id": 187,
            "nameEn": "Pentahotels",
            "nameAr": "بينتاهوتيلز",
            "active": true
        },
        "1211": {
            "id": 1211,
            "nameEn": "Shilla Stay",
            "nameAr": "Shilla Stay",
            "active": true
        },
        "1212": {
            "id": 1212,
            "nameEn": "Loews",
            "nameAr": "Loews",
            "active": true
        },
        "189": {
            "id": 189,
            "nameEn": "Preferred Hotels and Resorts",
            "nameAr": "فنادق ومنتجعات بريفيرد",
            "active": true
        },
        "5309": {
            "id": 5309,
            "nameEn": "Warwick Managed",
            "nameAr": "Warwick Managed",
            "active": true
        },
        "5310": {
            "id": 5310,
            "nameEn": "Faena",
            "nameAr": "Faena",
            "active": true
        },
        "191": {
            "id": 191,
            "nameEn": "Principal Hotel Company",
            "nameAr": "فندق ذا برينسيبال",
            "active": true
        },
        "1216": {
            "id": 1216,
            "nameEn": "Brava Hotels",
            "nameAr": "Brava Hotels",
            "active": true
        },
        "193": {
            "id": 193,
            "nameEn": "Pullman",
            "nameAr": "بولمان",
            "active": true
        },
        "1217": {
            "id": 1217,
            "nameEn": "Dreams Resorts and Spas",
            "nameAr": "Dreams Resorts & Spas",
            "active": true
        },
        "196": {
            "id": 196,
            "nameEn": "Quality Inn",
            "nameAr": "كواليتي إن",
            "active": true
        },
        "6340": {
            "id": 6340,
            "nameEn": "PubLove",
            "nameAr": "PubLove",
            "active": true
        },
        "197": {
            "id": 197,
            "nameEn": "Quest Apartment Hotels",
            "nameAr": "كويست أبارتمنت هوتلز",
            "active": true
        },
        "198": {
            "id": 198,
            "nameEn": "Radisson",
            "nameAr": "راديسون",
            "active": true
        },
        "199": {
            "id": 199,
            "nameEn": "Raffles Hotels and Resorts",
            "nameAr": "فنادق ومنتجعات رافلز",
            "active": true
        },
        "200": {
            "id": 200,
            "nameEn": "Ramada",
            "nameAr": "رمادا",
            "active": true
        },
        "201": {
            "id": 201,
            "nameEn": "Red Lion Hotels",
            "nameAr": "فنادق ريد ليون",
            "active": true
        },
        "2249": {
            "id": 2249,
            "nameEn": "Lotte Hotels",
            "nameAr": "Lotte Hotels",
            "active": true
        },
        "3273": {
            "id": 3273,
            "nameEn": "Disneyland Resort",
            "nameAr": "Disneyland Resort",
            "active": true
        },
        "6345": {
            "id": 6345,
            "nameEn": "Bel and The Dragon",
            "nameAr": "Bel & The Dragon",
            "active": true
        },
        "1226": {
            "id": 1226,
            "nameEn": "Arenaturist",
            "nameAr": "Arenaturist",
            "active": true
        },
        "203": {
            "id": 203,
            "nameEn": "Regent",
            "nameAr": "ريجنت",
            "active": true
        },
        "204": {
            "id": 204,
            "nameEn": "Relais Et Chateaux",
            "nameAr": "روليه ايه شاتو",
            "active": true
        },
        "205": {
            "id": 205,
            "nameEn": "Renaissance Hotels",
            "nameAr": "فنادق رينيسانس",
            "active": true
        },
        "207": {
            "id": 207,
            "nameEn": "Residence Inn by Marriott",
            "nameAr": "ريزيدنس إن باي ماريوت",
            "active": true
        },
        "208": {
            "id": 208,
            "nameEn": "Rixos",
            "nameAr": "ريكسوس",
            "active": true
        },
        "4305": {
            "id": 4305,
            "nameEn": " Atlantic Hotels",
            "nameAr": "Atlantic Hotels Portugal",
            "active": true
        },
        "3282": {
            "id": 3282,
            "nameEn": "San Diego Suites",
            "nameAr": "San Diego Suites",
            "active": true
        },
        "4306": {
            "id": 4306,
            "nameEn": "Metropolitan Hotels",
            "nameAr": "Metropolitan Hotels",
            "active": true
        },
        "211": {
            "id": 211,
            "nameEn": "Rosewood Hotels and Resorts",
            "nameAr": "فنادق ومنتجعات روزوود",
            "active": true
        },
        "212": {
            "id": 212,
            "nameEn": "Rotana Hotels and Resorts",
            "nameAr": "فنادق ومنتجعات روتانا",
            "active": true
        },
        "1241": {
            "id": 1241,
            "nameEn": "Jinjiang Inn",
            "nameAr": "Jinjiang Inn",
            "active": true
        },
        "219": {
            "id": 219,
            "nameEn": "Shangri-La Hotels",
            "nameAr": "فنادق شانجريلا",
            "active": true
        },
        "5339": {
            "id": 5339,
            "nameEn": "By Pillow",
            "nameAr": "By Pillow",
            "active": true
        },
        "220": {
            "id": 220,
            "nameEn": "Sheraton",
            "nameAr": "فنادق ومنتجعات شيراتون",
            "active": true
        },
        "222": {
            "id": 222,
            "nameEn": "Sleep Inn",
            "nameAr": "سليب إن",
            "active": true
        },
        "3294": {
            "id": 3294,
            "nameEn": "Warwick Owned",
            "nameAr": "Warwick Owned",
            "active": true
        },
        "5343": {
            "id": 5343,
            "nameEn": "Gruppo Nicolosi",
            "nameAr": "Gruppo Nicolosi",
            "active": true
        },
        "224": {
            "id": 224,
            "nameEn": "Sofitel MGallery Hotel Collection",
            "nameAr": "مجموعة فنادق سوفيتيل إم جاليري",
            "active": true
        },
        "5346": {
            "id": 5346,
            "nameEn": "Valamar Collection Hotels",
            "nameAr": "Valamar Collection Hotels",
            "active": true
        },
        "227": {
            "id": 227,
            "nameEn": "SpringHill Suites",
            "nameAr": "أجنحة سبرينغ هيل",
            "active": true
        },
        "231": {
            "id": 231,
            "nameEn": "Staybridge Suites",
            "nameAr": "أجنحة ستايبريدج",
            "active": true
        },
        "232": {
            "id": 232,
            "nameEn": "Steigenberger Hotels and Resorts",
            "nameAr": "فنادق ومنتجعات شتيجنبرجر",
            "active": true
        },
        "233": {
            "id": 233,
            "nameEn": "Suburban",
            "nameAr": "سوبيربان",
            "active": true
        },
        "234": {
            "id": 234,
            "nameEn": "Super 8",
            "nameAr": "سوبر 8",
            "active": true
        },
        "1258": {
            "id": 1258,
            "nameEn": "Marco Polo Hotel Group",
            "nameAr": "Marco Polo Hotel Group",
            "active": true
        },
        "4332": {
            "id": 4332,
            "nameEn": "Wanda Realm",
            "nameAr": "Wanda Realm",
            "active": true
        },
        "237": {
            "id": 237,
            "nameEn": "Swissotel",
            "nameAr": "سويسوتيل",
            "active": true
        },
        "238": {
            "id": 238,
            "nameEn": "Taj Hotels Palaces Resorts Safaris",
            "nameAr": "فنادق وقصور ومنتجعات وسفاري تاج",
            "active": true
        },
        "1262": {
            "id": 1262,
            "nameEn": "Ritz-Carlton",
            "nameAr": "Ritz-Carlton",
            "active": true
        },
        "239": {
            "id": 239,
            "nameEn": "Tapestry Collection by Hilton",
            "nameAr": "تابيستري كولكشن باي هيلتون",
            "active": true
        },
        "241": {
            "id": 241,
            "nameEn": "The Address Hotels + Resorts",
            "nameAr": "العنوان للفنادق والمنتجعات",
            "active": true
        },
        "6385": {
            "id": 6385,
            "nameEn": "W14 Group",
            "nameAr": "W14 Group",
            "active": true
        },
        "5364": {
            "id": 5364,
            "nameEn": "Festiva Resort",
            "nameAr": "Festiva Resort",
            "active": true
        },
        "1269": {
            "id": 1269,
            "nameEn": "Kyriad Prestige",
            "nameAr": "Kyriad Prestige",
            "active": true
        },
        "246": {
            "id": 246,
            "nameEn": "The Ritz-Carlton",
            "nameAr": "ذا ريتز كارلتون",
            "active": true
        },
        "1270": {
            "id": 1270,
            "nameEn": "Sebel",
            "nameAr": "Sebel",
            "active": true
        },
        "247": {
            "id": 247,
            "nameEn": "Thistle Hotels",
            "nameAr": "فنادق ثيسل",
            "active": true
        },
        "248": {
            "id": 248,
            "nameEn": "Thompson Hotels",
            "nameAr": "فنادق ثومبسون",
            "active": true
        },
        "4345": {
            "id": 4345,
            "nameEn": "Dalata Partner Hotel",
            "nameAr": "Dalata Partner Hotel",
            "active": true
        },
        "6393": {
            "id": 6393,
            "nameEn": "TANG Hotel",
            "nameAr": "CN TANG Hotel",
            "active": true
        },
        "251": {
            "id": 251,
            "nameEn": "TownePlace Suites",
            "nameAr": "أجنحة تاون بلايس",
            "active": true
        },
        "6395": {
            "id": 6395,
            "nameEn": "Gloria G-Luxe",
            "nameAr": "CN Gloria G-Luxe",
            "active": true
        },
        "252": {
            "id": 252,
            "nameEn": "Trademark Collection",
            "nameAr": "ترايد مارك كولكشن",
            "active": true
        },
        "1277": {
            "id": 1277,
            "nameEn": "Six Senses Resorts and Spas",
            "nameAr": "Six Senses Resorts & Spas",
            "active": true
        },
        "254": {
            "id": 254,
            "nameEn": "Travelodge",
            "nameAr": "ترافيل لودج",
            "active": true
        },
        "255": {
            "id": 255,
            "nameEn": "Tribute Portfolio",
            "nameAr": "تريبيوت بورتفوليو",
            "active": true
        },
        "1279": {
            "id": 1279,
            "nameEn": "Drury Plaza Hotel",
            "nameAr": "Drury Plaza Hotel",
            "active": true
        },
        "256": {
            "id": 256,
            "nameEn": "Trident",
            "nameAr": "ترادينت",
            "active": true
        },
        "5376": {
            "id": 5376,
            "nameEn": "Gloria GTEL",
            "nameAr": "CN Gloria GtEL",
            "active": true
        },
        "257": {
            "id": 257,
            "nameEn": "Tru by Hilton",
            "nameAr": "ترو باي هيلتون",
            "active": true
        },
        "1282": {
            "id": 1282,
            "nameEn": "Quest Serviced Apartments",
            "nameAr": "Quest Serviced Apartments",
            "active": true
        },
        "259": {
            "id": 259,
            "nameEn": "TRYP",
            "nameAr": "TRYP",
            "active": true
        },
        "1286": {
            "id": 1286,
            "nameEn": "Citotel",
            "nameAr": "Citotel",
            "active": true
        },
        "3334": {
            "id": 3334,
            "nameEn": "Road Lodge",
            "nameAr": "Road Lodge",
            "active": true
        },
        "2312": {
            "id": 2312,
            "nameEn": "Kyoritsu Resort",
            "nameAr": "Kyoritsu Resort",
            "active": true
        },
        "265": {
            "id": 265,
            "nameEn": "W Hotels",
            "nameAr": "فنادق دبليو",
            "active": true
        },
        "1289": {
            "id": 1289,
            "nameEn": "Waldorf Astoria",
            "nameAr": "Waldorf Astoria",
            "active": true
        },
        "266": {
            "id": 266,
            "nameEn": "Waldorf Astoria Hotels and Resorts",
            "nameAr": "فنادق ومنتجعات والدورف أستوريا",
            "active": true
        },
        "268": {
            "id": 268,
            "nameEn": "Westin Hotels",
            "nameAr": "فنادق ويستن",
            "active": true
        },
        "1293": {
            "id": 1293,
            "nameEn": "ICON",
            "nameAr": "ICON",
            "active": true
        },
        "270": {
            "id": 270,
            "nameEn": "Wingate",
            "nameAr": "وينجيت",
            "active": true
        },
        "271": {
            "id": 271,
            "nameEn": "WorldHotels Elite",
            "nameAr": "وورلد هوتيلز إيليت",
            "active": true
        },
        "1295": {
            "id": 1295,
            "nameEn": "The Originals Access",
            "nameAr": "The Originals Access",
            "active": true
        },
        "272": {
            "id": 272,
            "nameEn": "WorldHotels Luxury",
            "nameAr": "وورلد هوتيلز لاكجري",
            "active": true
        },
        "3344": {
            "id": 3344,
            "nameEn": "Jumbo Tours",
            "nameAr": "Jumbo Tours",
            "active": true
        },
        "273": {
            "id": 273,
            "nameEn": "Wyndham Hotels and Resorts",
            "nameAr": "فنادق ومنتجعات ويندام",
            "active": true
        },
        "4372": {
            "id": 4372,
            "nameEn": "Drury Suites",
            "nameAr": "Drury Suites",
            "active": true
        },
        "3349": {
            "id": 3349,
            "nameEn": "Staypineapple Hotels",
            "nameAr": "Staypineapple Hotels",
            "active": true
        },
        "5397": {
            "id": 5397,
            "nameEn": "Mogador Hotels and Resorts",
            "nameAr": "Mogador Hotels & Resorts",
            "active": true
        },
        "3352": {
            "id": 3352,
            "nameEn": "Bourbon",
            "nameAr": "Bourbon",
            "active": true
        },
        "2329": {
            "id": 2329,
            "nameEn": "Fiesta Americana Hotels and Resorts",
            "nameAr": "Fiesta Americana Hotels & Resorts",
            "active": true
        },
        "3355": {
            "id": 3355,
            "nameEn": "Boarders",
            "nameAr": "Boarders",
            "active": true
        },
        "3358": {
            "id": 3358,
            "nameEn": "First Hotels Franchise",
            "nameAr": "First Hotels Franchise",
            "active": true
        },
        "3360": {
            "id": 3360,
            "nameEn": "Wanda Vista",
            "nameAr": "CN Wanda Vista",
            "active": true
        },
        "5409": {
            "id": 5409,
            "nameEn": "Rio Hotel",
            "nameAr": "Rio Hotel",
            "active": true
        },
        "4386": {
            "id": 4386,
            "nameEn": "Select Hotels",
            "nameAr": "Select Hotels",
            "active": true
        },
        "4387": {
            "id": 4387,
            "nameEn": "Carris Hoteles",
            "nameAr": "Carris Hoteles",
            "active": true
        },
        "5416": {
            "id": 5416,
            "nameEn": "Krystal Grand Hotels and Resorts",
            "nameAr": "Krystal Grand Hotels & Resorts",
            "active": true
        },
        "3369": {
            "id": 3369,
            "nameEn": "Town Lodge",
            "nameAr": "Town Lodge",
            "active": true
        },
        "4394": {
            "id": 4394,
            "nameEn": "Collection by TFE Hotels",
            "nameAr": "TFE Collection",
            "active": true
        },
        "4403": {
            "id": 4403,
            "nameEn": "Country Comfort",
            "nameAr": "Country Comfort",
            "active": true
        },
        "1332": {
            "id": 1332,
            "nameEn": "Formule 1",
            "nameAr": "Formule 1",
            "active": true
        },
        "6459": {
            "id": 6459,
            "nameEn": "Navotel",
            "nameAr": "Navotel",
            "active": true
        },
        "3389": {
            "id": 3389,
            "nameEn": "Sandals Resorts",
            "nameAr": "Sandals Resorts",
            "active": true
        },
        "4413": {
            "id": 4413,
            "nameEn": "SBE Accor",
            "nameAr": "SBE Accor",
            "active": true
        },
        "1342": {
            "id": 1342,
            "nameEn": "SÃ©jours et Affaires",
            "nameAr": "Séjours et Affaires",
            "active": true
        },
        "2367": {
            "id": 2367,
            "nameEn": "Green Tree Inn Vatica",
            "nameAr": "CN Green Tree Inn Vatica",
            "active": true
        },
        "1348": {
            "id": 1348,
            "nameEn": "Somerset",
            "nameAr": "Somerset",
            "active": true
        },
        "1352": {
            "id": 1352,
            "nameEn": "Nordic Choice - Nordic Resort",
            "nameAr": "Nordic Choice - Nordic Resort",
            "active": true
        },
        "2379": {
            "id": 2379,
            "nameEn": "Turismark Hotels",
            "nameAr": "Turismark Hotels",
            "active": true
        },
        "4428": {
            "id": 4428,
            "nameEn": "Royal Sonesta",
            "nameAr": "Royal Sonesta",
            "active": true
        },
        "5454": {
            "id": 5454,
            "nameEn": "L7 Hotels",
            "nameAr": "L7 Hotels",
            "active": true
        },
        "1361": {
            "id": 1361,
            "nameEn": "Gruppo Michol",
            "nameAr": "Gruppo Michol",
            "active": true
        },
        "3413": {
            "id": 3413,
            "nameEn": "Pyramid Hotel Group",
            "nameAr": "Pyramid Hotel Group",
            "active": true
        },
        "3415": {
            "id": 3415,
            "nameEn": "Meeting Point",
            "nameAr": "Meeting Point",
            "active": true
        },
        "1369": {
            "id": 1369,
            "nameEn": "Hotel Impossible IA",
            "nameAr": "Hotel Impossible IA",
            "active": true
        },
        "6490": {
            "id": 6490,
            "nameEn": "Beaches Resorts",
            "nameAr": "Beaches Resorts",
            "active": true
        },
        "6492": {
            "id": 6492,
            "nameEn": "Vacances Passion",
            "nameAr": "Vacances Passion",
            "active": true
        },
        "1374": {
            "id": 1374,
            "nameEn": "Autograph Collection Hotels and Resorts",
            "nameAr": "Autograph Collection Hotels & Resorts",
            "active": true
        },
        "5478": {
            "id": 5478,
            "nameEn": "Sutton Place Hotels",
            "nameAr": "Sutton Place Hotels",
            "active": true
        },
        "3434": {
            "id": 3434,
            "nameEn": "Alila",
            "nameAr": "Alila",
            "active": true
        },
        "3435": {
            "id": 3435,
            "nameEn": "Swiss-Belinn",
            "nameAr": "Swiss-Belinn",
            "active": true
        },
        "1388": {
            "id": 1388,
            "nameEn": "The Originals Relais",
            "nameAr": "The Originals Relais",
            "active": true
        },
        "5484": {
            "id": 5484,
            "nameEn": "Greenland Q-Box",
            "nameAr": "CN Greenland Q-Box",
            "active": true
        },
        "1389": {
            "id": 1389,
            "nameEn": "Anantara",
            "nameAr": "Anantara",
            "active": true
        },
        "3437": {
            "id": 3437,
            "nameEn": "Maistra Select",
            "nameAr": "Maistra Select",
            "active": true
        },
        "1395": {
            "id": 1395,
            "nameEn": "Best Western Premier",
            "nameAr": "Best Western Premier",
            "active": true
        },
        "2420": {
            "id": 2420,
            "nameEn": "PandV Spain and Andorra",
            "nameAr": "P&V Spain & Andorra",
            "active": true
        },
        "3446": {
            "id": 3446,
            "nameEn": "Jaro Hotels",
            "nameAr": "Jaro",
            "active": true
        },
        "4478": {
            "id": 4478,
            "nameEn": "Secrets Resorts and Spas",
            "nameAr": "Secrets Resorts & Spas",
            "active": true
        },
        "1407": {
            "id": 1407,
            "nameEn": "Montempo",
            "nameAr": "Montempo",
            "active": true
        },
        "4479": {
            "id": 4479,
            "nameEn": "Kamuela Villas",
            "nameAr": "Kamuela",
            "active": true
        },
        "3464": {
            "id": 3464,
            "nameEn": "Green Tree Eastern",
            "nameAr": "CN Green Tree Eastern",
            "active": true
        },
        "1417": {
            "id": 1417,
            "nameEn": "CAMBRiA hotel and suites",
            "nameAr": "CAMBRiA hotel & suites",
            "active": true
        },
        "4490": {
            "id": 4490,
            "nameEn": "Krystal Urban Hotels",
            "nameAr": "Krystal Urban Hotels",
            "active": true
        },
        "5517": {
            "id": 5517,
            "nameEn": "Vito D'amico",
            "nameAr": "Vito D'amico",
            "active": true
        },
        "4498": {
            "id": 4498,
            "nameEn": "Generator",
            "nameAr": "Generator",
            "active": true
        },
        "1430": {
            "id": 1430,
            "nameEn": "Sol",
            "nameAr": "Sol",
            "active": true
        },
        "6550": {
            "id": 6550,
            "nameEn": "The Explorean",
            "nameAr": "The Explorean",
            "active": true
        },
        "5528": {
            "id": 5528,
            "nameEn": "Vib",
            "nameAr": "Vib",
            "active": true
        },
        "1435": {
            "id": 1435,
            "nameEn": "Penn National Gaming",
            "nameAr": "Penn National Gaming",
            "active": true
        },
        "1436": {
            "id": 1436,
            "nameEn": "Mentefredda",
            "nameAr": "Mentefredda",
            "active": true
        },
        "2461": {
            "id": 2461,
            "nameEn": "Olga Lebedeva Hotels",
            "nameAr": "Olga Lebedeva Hotels",
            "active": true
        },
        "1438": {
            "id": 1438,
            "nameEn": "MGallery",
            "nameAr": "M Gallery",
            "active": true
        },
        "4514": {
            "id": 4514,
            "nameEn": "Edition",
            "nameAr": "Edition",
            "active": true
        },
        "2467": {
            "id": 2467,
            "nameEn": "Pear Tree Inn",
            "nameAr": "Pear Tree Inn",
            "active": true
        },
        "3494": {
            "id": 3494,
            "nameEn": "Be Mate",
            "nameAr": "Be Mate",
            "active": true
        },
        "4520": {
            "id": 4520,
            "nameEn": "Adagio Premium",
            "nameAr": "Adagio Premium",
            "active": true
        },
        "1449": {
            "id": 1449,
            "nameEn": "JW Marriott",
            "nameAr": "JW Marriott",
            "active": true
        },
        "4521": {
            "id": 4521,
            "nameEn": "Curamoria Collection",
            "nameAr": "Curamoria Collection",
            "active": true
        },
        "2476": {
            "id": 2476,
            "nameEn": "Nordic Choice - Clarion",
            "nameAr": "Nordic Choice - Clarion",
            "active": true
        },
        "3500": {
            "id": 3500,
            "nameEn": "World Hotels BW",
            "nameAr": "World Hotels BW",
            "active": true
        },
        "5551": {
            "id": 5551,
            "nameEn": "Wish",
            "nameAr": "Wish",
            "active": true
        },
        "4536": {
            "id": 4536,
            "nameEn": "Slaviero Essential",
            "nameAr": "Slaviero Essential",
            "active": true
        },
        "6584": {
            "id": 6584,
            "nameEn": "Taleen",
            "nameAr": "Taleen",
            "active": true
        },
        "3513": {
            "id": 3513,
            "nameEn": "Grupo Diestra",
            "nameAr": "Grupo Diestra",
            "active": true
        },
        "3516": {
            "id": 3516,
            "nameEn": "Ameron Hotels",
            "nameAr": "Ameron Hotels",
            "active": true
        },
        "1469": {
            "id": 1469,
            "nameEn": "AA Hoteles",
            "nameAr": "AA Hoteles",
            "active": true
        },
        "4544": {
            "id": 4544,
            "nameEn": "Registry Collection Hotels",
            "nameAr": "Registry Collection Hotels",
            "active": true
        },
        "4547": {
            "id": 4547,
            "nameEn": "Astron Hoteis",
            "nameAr": "Astron Hoteis",
            "active": true
        },
        "1479": {
            "id": 1479,
            "nameEn": "Conrad Hotels & Resorts",
            "nameAr": "Conrad",
            "active": true
        },
        "3527": {
            "id": 3527,
            "nameEn": "GLo",
            "nameAr": "GLo",
            "active": true
        },
        "1480": {
            "id": 1480,
            "nameEn": "Movenpick Hotels and Resorts",
            "nameAr": "Movenpick Hotels & Resorts",
            "active": true
        },
        "2505": {
            "id": 2505,
            "nameEn": "Mer and Golf",
            "nameAr": "Mer & Golf",
            "active": true
        },
        "4553": {
            "id": 4553,
            "nameEn": "Sunway Hotels and Resorts MY",
            "nameAr": "Sunway Hotels and Resorts MY",
            "active": true
        },
        "6601": {
            "id": 6601,
            "nameEn": "Sanctuary Resorts",
            "nameAr": "Sanctuary Resorts",
            "active": true
        },
        "4554": {
            "id": 4554,
            "nameEn": "Gaylord Entertainment",
            "nameAr": "Gaylord Entertainment",
            "active": true
        },
        "3531": {
            "id": 3531,
            "nameEn": "Greet",
            "nameAr": "Greet",
            "active": true
        },
        "1488": {
            "id": 1488,
            "nameEn": "Scandic",
            "nameAr": "Scandic",
            "active": true
        },
        "2521": {
            "id": 2521,
            "nameEn": "Liburnia Riviera",
            "nameAr": "Liburnia Riviera",
            "active": true
        },
        "5593": {
            "id": 5593,
            "nameEn": "Remisens Premium",
            "nameAr": "Remisens Premium",
            "active": true
        },
        "2528": {
            "id": 2528,
            "nameEn": "Lisbon Inside Out",
            "nameAr": "Lisbon Inside Out",
            "active": true
        },
        "1508": {
            "id": 1508,
            "nameEn": "Selina Hotels",
            "nameAr": "Selina Hotels",
            "active": true
        },
        "1512": {
            "id": 1512,
            "nameEn": "Cerise",
            "nameAr": "Cerise",
            "active": true
        },
        "4586": {
            "id": 4586,
            "nameEn": "Hotel Du Vin and Bistro",
            "nameAr": "Hotel Du Vin & Bistro",
            "active": true
        },
        "3563": {
            "id": 3563,
            "nameEn": "Lotte City Hotels",
            "nameAr": "Lotte City Hotels",
            "active": true
        },
        "3566": {
            "id": 3566,
            "nameEn": "Malmaison",
            "nameAr": "Malmaison",
            "active": true
        },
        "1527": {
            "id": 1527,
            "nameEn": "RIU Resorts",
            "nameAr": "RIU Resorts",
            "active": true
        },
        "4601": {
            "id": 4601,
            "nameEn": "Gamma Hoteles",
            "nameAr": "Gamma Hoteles",
            "active": true
        },
        "4603": {
            "id": 4603,
            "nameEn": "Maldron Hotels",
            "nameAr": "Maldron Hotels",
            "active": true
        },
        "6651": {
            "id": 6651,
            "nameEn": "Transamerica Prestige",
            "nameAr": "Transamerica Prestige",
            "active": true
        },
        "1533": {
            "id": 1533,
            "nameEn": "Mitsui Garden Hotels",
            "nameAr": "Mitsui Garden Hotels",
            "active": true
        },
        "513": {
            "id": 513,
            "nameEn": "Independent",
            "nameAr": "مستقل",
            "active": true
        },
        "514": {
            "id": 514,
            "nameEn": "JW Marriott Hotels",
            "nameAr": "فنادق جيه دبليو ماريوت",
            "active": true
        },
        "515": {
            "id": 515,
            "nameEn": "Marriott Executive Apartments",
            "nameAr": "شقق ماريوت إكزيكيوتيف",
            "active": true
        },
        "4611": {
            "id": 4611,
            "nameEn": "Far East Residences",
            "nameAr": "Far East Residences",
            "active": true
        },
        "516": {
            "id": 516,
            "nameEn": "Four Points by Sheraton",
            "nameAr": "فور بوينتس باي شيراتون",
            "active": true
        },
        "517": {
            "id": 517,
            "nameEn": "Homes & Villas by Marriott International",
            "nameAr": "منازل وفيلات من ماريوت الدولية",
            "active": true
        },
        "518": {
            "id": 518,
            "nameEn": "Delano",
            "nameAr": "ديلانو",
            "active": true
        },
        "519": {
            "id": 519,
            "nameEn": "SLS",
            "nameAr": "إس إل إس",
            "active": true
        },
        "520": {
            "id": 520,
            "nameEn": "The House of Originals",
            "nameAr": "ذا هاوس أوف أوريجينالز",
            "active": true
        },
        "521": {
            "id": 521,
            "nameEn": "Mantis",
            "nameAr": "مانتيس",
            "active": true
        },
        "522": {
            "id": 522,
            "nameEn": "Art Series",
            "nameAr": "آرت سيريس",
            "active": true
        },
        "4618": {
            "id": 4618,
            "nameEn": "Quincy Hotels",
            "nameAr": "Quincy",
            "active": true
        },
        "523": {
            "id": 523,
            "nameEn": "Mondrian",
            "nameAr": "موندريان",
            "active": true
        },
        "524": {
            "id": 524,
            "nameEn": "SO/ by Sofitel",
            "nameAr": "إس أو باي سوفيتيل",
            "active": true
        },
        "525": {
            "id": 525,
            "nameEn": "Orient Express",
            "nameAr": "أورينت إكسبريس",
            "active": true
        },
        "526": {
            "id": 526,
            "nameEn": "Angsana",
            "nameAr": "أنجسانا",
            "active": true
        },
        "2575": {
            "id": 2575,
            "nameEn": "Citymax Hotel Group",
            "nameAr": "Citymax Hotel Group",
            "active": true
        },
        "5647": {
            "id": 5647,
            "nameEn": "Paradisus",
            "nameAr": "Paradisus",
            "active": true
        },
        "528": {
            "id": 528,
            "nameEn": "Hyde",
            "nameAr": "هايد",
            "active": true
        },
        "529": {
            "id": 529,
            "nameEn": "Grand Mercure",
            "nameAr": "جراند ميركيور",
            "active": true
        },
        "530": {
            "id": 530,
            "nameEn": "Peppers",
            "nameAr": "بيبرز",
            "active": true
        },
        "531": {
            "id": 531,
            "nameEn": "The Sebel",
            "nameAr": "ذا سيبيل",
            "active": true
        },
        "1555": {
            "id": 1555,
            "nameEn": "Jurys Hotels",
            "nameAr": "Jurys Hotels",
            "active": true
        },
        "532": {
            "id": 532,
            "nameEn": "Novotel",
            "nameAr": "نوفوتيل",
            "active": true
        },
        "1556": {
            "id": 1556,
            "nameEn": "Apollo Hotels by Leonardo",
            "nameAr": "Apollo Hotels by Leonardo",
            "active": true
        },
        "533": {
            "id": 533,
            "nameEn": "Mercure",
            "nameAr": "ميركيور",
            "active": true
        },
        "534": {
            "id": 534,
            "nameEn": "Adagio",
            "nameAr": "أداجيو",
            "active": true
        },
        "535": {
            "id": 535,
            "nameEn": "Mama Shelter",
            "nameAr": "ماما شيلتر",
            "active": true
        },
        "536": {
            "id": 536,
            "nameEn": "Tribe",
            "nameAr": "ترايب",
            "active": true
        },
        "537": {
            "id": 537,
            "nameEn": "Ibis",
            "nameAr": "إيبيس",
            "active": true
        },
        "538": {
            "id": 538,
            "nameEn": "Ibis Styles",
            "nameAr": "إيبيس ستايلز",
            "active": true
        },
        "539": {
            "id": 539,
            "nameEn": "Ibis Budget",
            "nameAr": "إيبيس بدجيت",
            "active": true
        },
        "540": {
            "id": 540,
            "nameEn": "JoandJoe",
            "nameAr": "جو آند جو",
            "active": true
        },
        "541": {
            "id": 541,
            "nameEn": "HotelF1",
            "nameAr": "هوتل إف 1",
            "active": true
        },
        "6685": {
            "id": 6685,
            "nameEn": "Bernard Magrez",
            "nameAr": "Bernard MAGREZ",
            "active": true
        },
        "542": {
            "id": 542,
            "nameEn": "Six Senses Hotels Resorts Spas",
            "nameAr": "فنادق ومنتجعات وسبا سيكس سينسز",
            "active": true
        },
        "543": {
            "id": 543,
            "nameEn": "Regent Hotels and Resorts",
            "nameAr": "فنادق ومنتجعات ريجينت",
            "active": true
        },
        "6687": {
            "id": 6687,
            "nameEn": "Fiesta Hotel Group",
            "nameAr": "Fiesta Hotel Group",
            "active": true
        },
        "544": {
            "id": 544,
            "nameEn": "InterContinental Hotels and Resorts",
            "nameAr": "فنادق ومنتجعات إنتركونتيننتال",
            "active": true
        },
        "545": {
            "id": 545,
            "nameEn": "voco Hotels",
            "nameAr": "فنادق فوكو",
            "active": true
        },
        "1569": {
            "id": 1569,
            "nameEn": "Crystal Hotel Management Group IA",
            "nameAr": "Crystal Hotel Management Group IA",
            "active": true
        },
        "546": {
            "id": 546,
            "nameEn": "Holiday Inn Express",
            "nameAr": "هوليداي إن إكسبريس",
            "active": true
        },
        "547": {
            "id": 547,
            "nameEn": "Atwell Suites",
            "nameAr": "أجنحة أتويل",
            "active": true
        },
        "548": {
            "id": 548,
            "nameEn": "Holiday Inn Club Vacations",
            "nameAr": "هوليداي إن كلوب فاكيشنز",
            "active": true
        },
        "549": {
            "id": 549,
            "nameEn": "Grand Hyatt",
            "nameAr": "جراند حياة",
            "active": true
        },
        "1573": {
            "id": 1573,
            "nameEn": "Aston",
            "nameAr": "Aston Archipelago",
            "active": true
        },
        "3621": {
            "id": 3621,
            "nameEn": "IFA Hotels",
            "nameAr": "IFA Hotels",
            "active": true
        },
        "550": {
            "id": 550,
            "nameEn": "Park Hyatt",
            "nameAr": "بارك حياة",
            "active": true
        },
        "1574": {
            "id": 1574,
            "nameEn": "Transamerica Executive",
            "nameAr": "Transamerica Executive",
            "active": true
        },
        "551": {
            "id": 551,
            "nameEn": "Miraval",
            "nameAr": "ميرافال",
            "active": true
        },
        "1575": {
            "id": 1575,
            "nameEn": "Bou Hotels",
            "nameAr": "Bou Hotels",
            "active": true
        },
        "552": {
            "id": 552,
            "nameEn": "Hyatt Regency",
            "nameAr": "حياة ريجينسي",
            "active": true
        },
        "553": {
            "id": 553,
            "nameEn": "Hyatt Ziva",
            "nameAr": "حياة زايفا",
            "active": true
        },
        "3625": {
            "id": 3625,
            "nameEn": "Sebel Apartments and Leases",
            "nameAr": "Sebel Apartments & Leases",
            "active": true
        },
        "554": {
            "id": 554,
            "nameEn": "Hyatt Zilara",
            "nameAr": "حياة زيلارا",
            "active": true
        },
        "555": {
            "id": 555,
            "nameEn": "UrCove by Hyatt",
            "nameAr": "يوركوف باي حياة",
            "active": true
        },
        "2603": {
            "id": 2603,
            "nameEn": "Dormy Inn",
            "nameAr": "Dormy Inn",
            "active": true
        },
        "4651": {
            "id": 4651,
            "nameEn": "Ayre Hoteles",
            "nameAr": "Ayre Hoteles",
            "active": true
        },
        "556": {
            "id": 556,
            "nameEn": "Hyatt Place",
            "nameAr": "حياة بليس",
            "active": true
        },
        "1580": {
            "id": 1580,
            "nameEn": "Blue Tree Towers",
            "nameAr": "Blue Tree Towers",
            "active": true
        },
        "557": {
            "id": 557,
            "nameEn": "Hyatt House",
            "nameAr": "حياة هاوس",
            "active": true
        },
        "2605": {
            "id": 2605,
            "nameEn": "Charme and Relax",
            "nameAr": "Charme & Relax",
            "active": true
        },
        "558": {
            "id": 558,
            "nameEn": "Hyatt Residence Club",
            "nameAr": "حياة ريزيدنس كلوب",
            "active": true
        },
        "2606": {
            "id": 2606,
            "nameEn": "New Century Hotels",
            "nameAr": "CN New Century Hotels",
            "active": true
        },
        "3630": {
            "id": 3630,
            "nameEn": "Hidden Beach Au Naturel Resort",
            "nameAr": "Hidden Beach Au Naturel Resort",
            "active": true
        },
        "559": {
            "id": 559,
            "nameEn": "Andaz",
            "nameAr": "أنداز",
            "active": true
        },
        "560": {
            "id": 560,
            "nameEn": "Hyatt Centric",
            "nameAr": "حياة سنتريك",
            "active": true
        },
        "1584": {
            "id": 1584,
            "nameEn": "Melia Hotels and Resorts",
            "nameAr": "Melia",
            "active": true
        },
        "561": {
            "id": 561,
            "nameEn": "Caption by Hyatt",
            "nameAr": "كابشن باي حياة",
            "active": true
        },
        "562": {
            "id": 562,
            "nameEn": "The Unbound Collection by Hyatt",
            "nameAr": "ذا أنباوند كوليشكن باي حياة",
            "active": true
        },
        "3634": {
            "id": 3634,
            "nameEn": "Hotel NEO",
            "nameAr": "Hotel NEO",
            "active": true
        },
        "563": {
            "id": 563,
            "nameEn": "LXR Hotels and Resorts",
            "nameAr": "فنادق ومنتجعات إل إكس آر",
            "active": true
        },
        "564": {
            "id": 564,
            "nameEn": "Signia by Hilton",
            "nameAr": "سيجنيا باي هيلتون",
            "active": true
        },
        "565": {
            "id": 565,
            "nameEn": "Tempo by Hilton",
            "nameAr": "تيمبو باي هيلتون",
            "active": true
        },
        "566": {
            "id": 566,
            "nameEn": "Motto by Hilton",
            "nameAr": "موتو باي هيلتون",
            "active": true
        },
        "567": {
            "id": 567,
            "nameEn": "Hilton Grand Vacations",
            "nameAr": "هيلتون جراند فاكيشنز",
            "active": true
        },
        "568": {
            "id": 568,
            "nameEn": "Talise",
            "nameAr": "تاليس",
            "active": true
        },
        "3640": {
            "id": 3640,
            "nameEn": "Prodigy",
            "nameAr": "Prodigy",
            "active": true
        },
        "569": {
            "id": 569,
            "nameEn": "Jumeirah One",
            "nameAr": "جميرا وان",
            "active": true
        },
        "5689": {
            "id": 5689,
            "nameEn": "Essential by Dorint",
            "nameAr": "Essential by Dorint",
            "active": true
        },
        "570": {
            "id": 570,
            "nameEn": "Isme by Jumeirah",
            "nameAr": "إسمي باي جميرا",
            "active": true
        },
        "571": {
            "id": 571,
            "nameEn": "Vida Hotels and Resorts",
            "nameAr": "فيدا للفنادق والمنتجعات",
            "active": true
        },
        "572": {
            "id": 572,
            "nameEn": "Rove Hotels",
            "nameAr": "فنادق روف",
            "active": true
        },
        "3644": {
            "id": 3644,
            "nameEn": "Alana",
            "nameAr": "Alana",
            "active": true
        },
        "5692": {
            "id": 5692,
            "nameEn": "Lopesan Hotels and Resorts",
            "nameAr": "Lopesan Hotels & Resorts",
            "active": true
        },
        "573": {
            "id": 573,
            "nameEn": "Emaar Hospitality",
            "nameAr": "إعمار للضيافة",
            "active": true
        },
        "574": {
            "id": 574,
            "nameEn": "Emaar Leisure Group",
            "nameAr": "مجموعة إعمار الترفيهية",
            "active": true
        },
        "575": {
            "id": 575,
            "nameEn": "Emaar Malls",
            "nameAr": "إعمار مولز",
            "active": true
        },
        "576": {
            "id": 576,
            "nameEn": "Grand Hotel Palace Via Vento Roma",
            "nameAr": "فندق جراند بالاس فيا فينيتو روما",
            "active": true
        },
        "2624": {
            "id": 2624,
            "nameEn": "The Originals Collection",
            "nameAr": "The Originals Collection",
            "active": true
        },
        "577": {
            "id": 577,
            "nameEn": "The Bailey's Hotel London",
            "nameAr": "ذا بايليز هوتل لندن",
            "active": true
        },
        "578": {
            "id": 578,
            "nameEn": "Leng's Collection",
            "nameAr": "مجموعة لينجز",
            "active": true
        },
        "2626": {
            "id": 2626,
            "nameEn": "Paradise and Wilderness",
            "nameAr": "Paradise & Wilderness",
            "active": true
        },
        "3650": {
            "id": 3650,
            "nameEn": "Good Night Inns",
            "nameAr": "Good Night Inns",
            "active": true
        },
        "579": {
            "id": 579,
            "nameEn": "The M Collection",
            "nameAr": "مجموعة إم",
            "active": true
        },
        "6723": {
            "id": 6723,
            "nameEn": "Sensimar Resorts",
            "nameAr": "Sensimar Resorts",
            "active": true
        },
        "580": {
            "id": 580,
            "nameEn": "The Millennium Collection hotels",
            "nameAr": "مجموعة فنادق ميلينيوم",
            "active": true
        },
        "1604": {
            "id": 1604,
            "nameEn": "Suburban Extended Stay",
            "nameAr": "Suburban Extended Stay",
            "active": true
        },
        "581": {
            "id": 581,
            "nameEn": "Centro Hotels by Rotana",
            "nameAr": "فنادق سنترو من روتانا",
            "active": true
        },
        "582": {
            "id": 582,
            "nameEn": "Rayhaan Hotels and Resorts by Rotana",
            "nameAr": "فنادق ومنتجعات ريحان من روتانا",
            "active": true
        },
        "3654": {
            "id": 3654,
            "nameEn": "Duerming",
            "nameAr": "Duerming",
            "active": true
        },
        "583": {
            "id": 583,
            "nameEn": "Arjaan Hotel Apartments by Rotana",
            "nameAr": "شقق أرجان الفندقية من روتانا",
            "active": true
        },
        "6727": {
            "id": 6727,
            "nameEn": "Roda Group",
            "nameAr": "Roda Group",
            "active": true
        },
        "584": {
            "id": 584,
            "nameEn": "The Residences by Rotana",
            "nameAr": "ذا ريزيدنسز باي روتانا",
            "active": true
        },
        "1608": {
            "id": 1608,
            "nameEn": "Exe Hotels",
            "nameAr": "Exe Hotels",
            "active": true
        },
        "585": {
            "id": 585,
            "nameEn": "Mazagan Beach & Golf Resort",
            "nameAr": "مازاجان بيتش آند جولف ريزورت",
            "active": true
        },
        "586": {
            "id": 586,
            "nameEn": "SIRO Hotels",
            "nameAr": "فنادق سيرو",
            "active": true
        },
        "1610": {
            "id": 1610,
            "nameEn": "Favehotels",
            "nameAr": "Favehotel",
            "active": true
        },
        "587": {
            "id": 587,
            "nameEn": "Sofitel Legend",
            "nameAr": "سوفيتيل ليجيند",
            "active": true
        },
        "588": {
            "id": 588,
            "nameEn": "Taj Hotels and Resorts",
            "nameAr": "فنادق ومنتجعات تاج",
            "active": true
        },
        "5708": {
            "id": 5708,
            "nameEn": "Generations Resorts",
            "nameAr": "Generations Resorts",
            "active": true
        },
        "589": {
            "id": 589,
            "nameEn": "SeleQtions",
            "nameAr": "سيليكشنز",
            "active": true
        },
        "2637": {
            "id": 2637,
            "nameEn": "Live Aqua Resorts",
            "nameAr": "Live Aqua Resorts",
            "active": true
        },
        "590": {
            "id": 590,
            "nameEn": "Vivanta",
            "nameAr": "فيفانتا",
            "active": true
        },
        "3663": {
            "id": 3663,
            "nameEn": "Aramark Parks and Destinations",
            "nameAr": "Aramark Parks & Destinations",
            "active": true
        },
        "592": {
            "id": 592,
            "nameEn": "The Gateway Hotels and Resorts",
            "nameAr": "فنادق ومنتجعات ذا جيت واي",
            "active": true
        },
        "593": {
            "id": 593,
            "nameEn": "The Indian Hotels Company Limited",
            "nameAr": "شركة الفنادق الهندية المحدودة",
            "active": true
        },
        "594": {
            "id": 594,
            "nameEn": "Eduardian Group",
            "nameAr": "إدوارديان جروب",
            "active": true
        },
        "595": {
            "id": 595,
            "nameEn": "The May Fair Hotel, London",
            "nameAr": "فندق ذا ماي فير لندن",
            "active": true
        },
        "3667": {
            "id": 3667,
            "nameEn": "UTS Tunisia",
            "nameAr": "UTS Tunisia",
            "active": true
        },
        "596": {
            "id": 596,
            "nameEn": "Edwardian Hotels",
            "nameAr": "فنادق إدوارديان",
            "active": true
        },
        "597": {
            "id": 597,
            "nameEn": "The Edwardian Manchester",
            "nameAr": "ذا إدوارديان مانشستر",
            "active": true
        },
        "598": {
            "id": 598,
            "nameEn": "The Londoner",
            "nameAr": "ذا لندنر",
            "active": true
        },
        "1622": {
            "id": 1622,
            "nameEn": "Banyan Tree",
            "nameAr": "Banyan Tree",
            "active": true
        },
        "3670": {
            "id": 3670,
            "nameEn": "Odalys City",
            "nameAr": "Odalys City",
            "active": true
        },
        "599": {
            "id": 599,
            "nameEn": "Radisson Collection",
            "nameAr": "راديسون كوليكشن",
            "active": true
        },
        "1623": {
            "id": 1623,
            "nameEn": "Mosaic Collection",
            "nameAr": "Mosaic Collection",
            "active": true
        },
        "6743": {
            "id": 6743,
            "nameEn": "Remisens",
            "nameAr": "Remisens",
            "active": true
        },
        "600": {
            "id": 600,
            "nameEn": "Radisson Blu",
            "nameAr": "راديسون بلو",
            "active": true
        },
        "601": {
            "id": 601,
            "nameEn": "Radisson RED",
            "nameAr": "راديسون ريد",
            "active": true
        },
        "602": {
            "id": 602,
            "nameEn": "Radisson Individuals",
            "nameAr": "راديسون إنديفيديوالز",
            "active": true
        },
        "603": {
            "id": 603,
            "nameEn": "Prizeotel",
            "nameAr": "بريزيوتيل",
            "active": true
        },
        "4699": {
            "id": 4699,
            "nameEn": "Manniello Hotels Group",
            "nameAr": "Manniello",
            "active": true
        },
        "604": {
            "id": 604,
            "nameEn": "Club Wyndham",
            "nameAr": "كلوب ويندام",
            "active": true
        },
        "605": {
            "id": 605,
            "nameEn": "WorldMark by Wyndham",
            "nameAr": "وورلد مارك باي ويندام",
            "active": true
        },
        "606": {
            "id": 606,
            "nameEn": "Shell Vacations Club",
            "nameAr": "شيل فاكيشنز كلوب",
            "active": true
        },
        "3678": {
            "id": 3678,
            "nameEn": "Travelroma Hotels",
            "nameAr": "Travelroma Hotels",
            "active": true
        },
        "607": {
            "id": 607,
            "nameEn": "Margaritaville Vacation Club by Wyndham",
            "nameAr": "مارجاريتافيل فاكيشن كلوب باي ويندام",
            "active": true
        },
        "3679": {
            "id": 3679,
            "nameEn": "Heritage Hotels and Resorts",
            "nameAr": "Heritage Hotels & Resorts",
            "active": true
        },
        "608": {
            "id": 608,
            "nameEn": "Club Wyndham South Pacific",
            "nameAr": "كلوب ويندام ساوث باسيفيك",
            "active": true
        },
        "609": {
            "id": 609,
            "nameEn": "Big Bed by JA",
            "nameAr": "بيج بد باي جيه إيه",
            "active": true
        },
        "1633": {
            "id": 1633,
            "nameEn": "Kimpton Hotels",
            "nameAr": "Kimpton Hotels",
            "active": true
        },
        "4705": {
            "id": 4705,
            "nameEn": "Valamar Collection Resorts",
            "nameAr": "Valamar Collection Resorts",
            "active": true
        },
        "610": {
            "id": 610,
            "nameEn": "Citadines Apart'hotel",
            "nameAr": "سيتادينز أبارتهوتل",
            "active": true
        },
        "1634": {
            "id": 1634,
            "nameEn": "Green Tree Inn",
            "nameAr": "Green Tree Inns",
            "active": true
        },
        "611": {
            "id": 611,
            "nameEn": "Somerset Serviced Residence",
            "nameAr": "سومرست سيرفيسد ريزيدنس",
            "active": true
        },
        "612": {
            "id": 612,
            "nameEn": "The Crest Collection",
            "nameAr": "ذا كريست كوليكشن",
            "active": true
        },
        "613": {
            "id": 613,
            "nameEn": "Lyf Hotels",
            "nameAr": "فنادق لايف",
            "active": true
        },
        "614": {
            "id": 614,
            "nameEn": "Shangri-La Resorts",
            "nameAr": "منتجعات شانجريلا",
            "active": true
        },
        "3686": {
            "id": 3686,
            "nameEn": "Grand Fiesta Americana Hotels and Resorts",
            "nameAr": "Grand Fiesta Americana Hotels & Resorts",
            "active": true
        },
        "615": {
            "id": 615,
            "nameEn": "Traders Hotels",
            "nameAr": "فنادق تريدرز",
            "active": true
        },
        "616": {
            "id": 616,
            "nameEn": "Kerry Hotels",
            "nameAr": "فنادق كيري",
            "active": true
        },
        "617": {
            "id": 617,
            "nameEn": "Hotel Jen",
            "nameAr": "فندق جين",
            "active": true
        },
        "4713": {
            "id": 4713,
            "nameEn": "Linx",
            "nameAr": "Linx",
            "active": true
        },
        "618": {
            "id": 618,
            "nameEn": "dusitD2",
            "nameAr": "دوسيت دي 2",
            "active": true
        },
        "619": {
            "id": 619,
            "nameEn": "Dusit Devarana",
            "nameAr": "دوسيت ديفارانا",
            "active": true
        },
        "620": {
            "id": 620,
            "nameEn": "Dusit",
            "nameAr": "دوسيت",
            "active": true
        },
        "621": {
            "id": 621,
            "nameEn": "Dusit Princess",
            "nameAr": "دوسيت برينسيز",
            "active": true
        },
        "4717": {
            "id": 4717,
            "nameEn": "Dakota Hotels",
            "nameAr": "Dakota Hotels",
            "active": true
        },
        "6765": {
            "id": 6765,
            "nameEn": "Greenland Q Hotel",
            "nameAr": "CN Greenland Q Hotel",
            "active": true
        },
        "622": {
            "id": 622,
            "nameEn": "ASAI",
            "nameAr": "أساي",
            "active": true
        },
        "3694": {
            "id": 3694,
            "nameEn": "Najeti",
            "nameAr": "Najeti",
            "active": true
        },
        "623": {
            "id": 623,
            "nameEn": "WorldHotels Distinctive",
            "nameAr": "وورلد هوتيلز ديستينكتيف",
            "active": true
        },
        "2671": {
            "id": 2671,
            "nameEn": "Two Roads Hospitality",
            "nameAr": "Two Roads",
            "active": true
        },
        "624": {
            "id": 624,
            "nameEn": "WorldHotels Crafted",
            "nameAr": "وورلد هوتيلز كرافتيد",
            "active": true
        },
        "625": {
            "id": 625,
            "nameEn": "Vib Best Western",
            "nameAr": "فيب بست ويسترن",
            "active": true
        },
        "1649": {
            "id": 1649,
            "nameEn": "Green Tree Alliance",
            "nameAr": "CN Green Tree Alliance",
            "active": true
        },
        "4721": {
            "id": 4721,
            "nameEn": "The Originals RÃ©sidence",
            "nameAr": "The Originals Résidence",
            "active": true
        },
        "5745": {
            "id": 5745,
            "nameEn": "Centerstone",
            "nameAr": "Centerstone",
            "active": true
        },
        "626": {
            "id": 626,
            "nameEn": "BWP Premier Best Western",
            "nameAr": "بي دبليو بي بريمير بست ويسترن",
            "active": true
        },
        "627": {
            "id": 627,
            "nameEn": "Sadie Best Western",
            "nameAr": "سادي بست ويسترن",
            "active": true
        },
        "4723": {
            "id": 4723,
            "nameEn": "Blue and Green",
            "nameAr": "Blue & Green",
            "active": true
        },
        "628": {
            "id": 628,
            "nameEn": "BW Signature Collection Best Western",
            "nameAr": "بي دبليو سيجنيتشر كوليكشن بست ويسترن",
            "active": true
        },
        "4724": {
            "id": 4724,
            "nameEn": "Msb",
            "nameAr": "MSB",
            "active": true
        },
        "629": {
            "id": 629,
            "nameEn": "Executive Residency",
            "nameAr": "إكزيكيوتيف ريزيدينسي",
            "active": true
        },
        "630": {
            "id": 630,
            "nameEn": "Best Western Plus",
            "nameAr": "بست ويسترن بلس",
            "active": true
        },
        "631": {
            "id": 631,
            "nameEn": "Aiden by Best Western",
            "nameAr": "إيدن باي بست ويسترن",
            "active": true
        },
        "632": {
            "id": 632,
            "nameEn": "BW Premier Collection",
            "nameAr": "بي دبليو بريمير كوليكشن",
            "active": true
        },
        "1656": {
            "id": 1656,
            "nameEn": "Sandos",
            "nameAr": "Sandos",
            "active": true
        },
        "633": {
            "id": 633,
            "nameEn": "GLO Best Western",
            "nameAr": "جلو بست ويسترن",
            "active": true
        },
        "634": {
            "id": 634,
            "nameEn": "SureStay Hotels",
            "nameAr": "فنادق شورستاي",
            "active": true
        },
        "635": {
            "id": 635,
            "nameEn": "SureStay Plus Hotel",
            "nameAr": "فندق شورستاي بلس",
            "active": true
        },
        "5755": {
            "id": 5755,
            "nameEn": "Bragadin",
            "nameAr": "Bragadin",
            "active": true
        },
        "636": {
            "id": 636,
            "nameEn": "SureStay Studio",
            "nameAr": "استوديو شورستاي",
            "active": true
        },
        "2684": {
            "id": 2684,
            "nameEn": "Clayton Hotels",
            "nameAr": "Clayton Hotels",
            "active": true
        },
        "637": {
            "id": 637,
            "nameEn": "SureStay Collections",
            "nameAr": "شورستاي كوليكشنز",
            "active": true
        },
        "638": {
            "id": 638,
            "nameEn": "Rodeway Inn",
            "nameAr": "رودواي إن",
            "active": true
        },
        "639": {
            "id": 639,
            "nameEn": "Quality",
            "nameAr": "كواليتي",
            "active": true
        },
        "640": {
            "id": 640,
            "nameEn": "Comfort",
            "nameAr": "كومفورت",
            "active": true
        },
        "641": {
            "id": 641,
            "nameEn": "Clarion Pointe",
            "nameAr": "كلاريون بوينت",
            "active": true
        },
        "642": {
            "id": 642,
            "nameEn": "Royal Tulip hotels",
            "nameAr": "فنادق رويال توليب",
            "active": true
        },
        "1666": {
            "id": 1666,
            "nameEn": "Hilton by Playa",
            "nameAr": "Hilton by Playa",
            "active": true
        },
        "643": {
            "id": 643,
            "nameEn": "TemptingPlaces",
            "nameAr": "تيمبتينج بليسيز",
            "active": true
        },
        "1667": {
            "id": 1667,
            "nameEn": "Nightcap Hotels",
            "nameAr": "Nightcap Hotels",
            "active": true
        },
        "644": {
            "id": 644,
            "nameEn": "Metropolo",
            "nameAr": "ميتروبولو",
            "active": true
        },
        "6788": {
            "id": 6788,
            "nameEn": "Casona De Cardes",
            "nameAr": "Casona De Cardes",
            "active": true
        },
        "645": {
            "id": 645,
            "nameEn": "Sarovar",
            "nameAr": "ساروفار",
            "active": true
        },
        "646": {
            "id": 646,
            "nameEn": "Campanile",
            "nameAr": "كامبانايل",
            "active": true
        },
        "647": {
            "id": 647,
            "nameEn": "Tulip Residences",
            "nameAr": "توليب ريزيدنسيز",
            "active": true
        },
        "1671": {
            "id": 1671,
            "nameEn": "Camping Adriatic by Valamar",
            "nameAr": "Camping Adriatic by Valamar",
            "active": true
        },
        "648": {
            "id": 648,
            "nameEn": "Tulip Inn hotels and suites",
            "nameAr": "فنادق وأجنحة توليب إن",
            "active": true
        },
        "649": {
            "id": 649,
            "nameEn": "Kyriad",
            "nameAr": "كيرياد",
            "active": true
        },
        "650": {
            "id": 650,
            "nameEn": "Kyriad Direct",
            "nameAr": "كيرياد دايريكت",
            "active": true
        },
        "651": {
            "id": 651,
            "nameEn": "Premiere Classe",
            "nameAr": "بريمير كلاس",
            "active": true
        },
        "652": {
            "id": 652,
            "nameEn": "Royal Hideaway Luxury Hotels and Resorts",
            "nameAr": "فنادق ومنتجعات رويال هايدواي الفاخرة",
            "active": true
        },
        "653": {
            "id": 653,
            "nameEn": "Occidental Hotels and Resorts",
            "nameAr": "فنادق ومنتجعات أوكسيدنتال",
            "active": true
        },
        "654": {
            "id": 654,
            "nameEn": "Allegro Hotels",
            "nameAr": "فنادق أليجرو",
            "active": true
        },
        "3726": {
            "id": 3726,
            "nameEn": "Disney Hong Kong",
            "nameAr": "Disney Hong Kong",
            "active": true
        },
        "655": {
            "id": 655,
            "nameEn": "Four Seasons Hotels and Resorts",
            "nameAr": "فنادق ومنتجعات فور سيزونز",
            "active": true
        },
        "656": {
            "id": 656,
            "nameEn": "KHOS",
            "nameAr": "كاي إتش أو إس",
            "active": true
        },
        "657": {
            "id": 657,
            "nameEn": "Carlyle & Co",
            "nameAr": "كارلايل آند كو",
            "active": true
        },
        "658": {
            "id": 658,
            "nameEn": "Anantara Hotels - Resorts - Spa",
            "nameAr": "فنادق ومنتجعات وسبا أنانتارا",
            "active": true
        },
        "659": {
            "id": 659,
            "nameEn": "Anantara Vacation Club",
            "nameAr": "أنانتارا فاكيشن كلوب",
            "active": true
        },
        "5779": {
            "id": 5779,
            "nameEn": "Azul Beach Resorts",
            "nameAr": "Azul Beach Resorts",
            "active": true
        },
        "660": {
            "id": 660,
            "nameEn": "AVANI Hotels and Resorts",
            "nameAr": "فنادق ومنتجعات أفاني",
            "active": true
        },
        "661": {
            "id": 661,
            "nameEn": "Tivoli Hotels and Resorts",
            "nameAr": "فنادق ومنتجعات تيفولي",
            "active": true
        },
        "5781": {
            "id": 5781,
            "nameEn": "Santika Manage Properties",
            "nameAr": "Santika Manage Properties",
            "active": true
        },
        "662": {
            "id": 662,
            "nameEn": "Oaks Hotels",
            "nameAr": "فنادق أوكس",
            "active": true
        },
        "663": {
            "id": 663,
            "nameEn": "nhow Hotels",
            "nameAr": "فنادق إن إتش أو دبليو",
            "active": true
        },
        "664": {
            "id": 664,
            "nameEn": "Elewana Collection",
            "nameAr": "إيليوانا  كوليكشن",
            "active": true
        },
        "1688": {
            "id": 1688,
            "nameEn": "MainStay Suites",
            "nameAr": "MainStay Suites",
            "active": true
        },
        "4760": {
            "id": 4760,
            "nameEn": "Breathless Resorts and Spas",
            "nameAr": "Breathless Resorts & Spas",
            "active": true
        },
        "665": {
            "id": 665,
            "nameEn": "Gran MeliÃ¡ Hotels and Resorts",
            "nameAr": "فنادق ومنتجعات جران ميليا",
            "active": true
        },
        "5785": {
            "id": 5785,
            "nameEn": "Transamerica Prime",
            "nameAr": "Transamerica Prime",
            "active": true
        },
        "666": {
            "id": 666,
            "nameEn": "ME by MeliÃ¡",
            "nameAr": "إن إي باي ميليا",
            "active": true
        },
        "667": {
            "id": 667,
            "nameEn": "Paradisus by Meliá",
            "nameAr": "باراديسس باي ميليا",
            "active": true
        },
        "668": {
            "id": 668,
            "nameEn": "Innside by MeliÃ¡",
            "nameAr": "إنسايد باي ميليا",
            "active": true
        },
        "1692": {
            "id": 1692,
            "nameEn": "Tivoli Hotels",
            "nameAr": "Tivoli Hotels",
            "active": true
        },
        "3740": {
            "id": 3740,
            "nameEn": "Independent Collection by Event",
            "nameAr": "Independent Collection",
            "active": true
        },
        "4764": {
            "id": 4764,
            "nameEn": "Aber",
            "nameAr": "Aber",
            "active": true
        },
        "669": {
            "id": 669,
            "nameEn": "SOL by MeliÃ¡",
            "nameAr": "سول باي ميليا",
            "active": true
        },
        "670": {
            "id": 670,
            "nameEn": "Circle by Meliá",
            "nameAr": "سيركيل باي ميليا",
            "active": true
        },
        "671": {
            "id": 671,
            "nameEn": "Sol Hotels and Club Meliá",
            "nameAr": "سول هوتلز آند كلوب ميليا",
            "active": true
        },
        "672": {
            "id": 672,
            "nameEn": "Sol y Mar",
            "nameAr": "سول واي مار",
            "active": true
        },
        "673": {
            "id": 673,
            "nameEn": "MAXX by Steigenberger",
            "nameAr": "ماكس بواسطة شتيجنبرجر",
            "active": true
        },
        "674": {
            "id": 674,
            "nameEn": "IntercityHotel",
            "nameAr": "فندق إنترسيتي",
            "active": true
        },
        "675": {
            "id": 675,
            "nameEn": "Jaz in the City",
            "nameAr": "جاز إن ذا سيتي",
            "active": true
        },
        "677": {
            "id": 677,
            "nameEn": "DAMAC Hotels and Resorts",
            "nameAr": "فنادق و منتجعات داماك",
            "active": true
        },
        "678": {
            "id": 678,
            "nameEn": "DAMAC Maison",
            "nameAr": "داماك ميسون",
            "active": true
        },
        "679": {
            "id": 679,
            "nameEn": "Radisson Blu Edwardian, London",
            "nameAr": "راديسون بلو إدوارديان لندن",
            "active": true
        },
        "680": {
            "id": 680,
            "nameEn": "Dazzler",
            "nameAr": "دازلر",
            "active": true
        },
        "4776": {
            "id": 4776,
            "nameEn": "Bishops Arms",
            "nameAr": "Bishops Arms",
            "active": true
        },
        "681": {
            "id": 681,
            "nameEn": "Trademark Collection",
            "nameAr": "تريد مارك كوليكشن",
            "active": true
        },
        "2729": {
            "id": 2729,
            "nameEn": "Harbor Hoteis",
            "nameAr": "Harbor Hoteis",
            "active": true
        },
        "682": {
            "id": 682,
            "nameEn": "Registry Collection",
            "nameAr": "ريجستري كوليكشن",
            "active": true
        },
        "683": {
            "id": 683,
            "nameEn": "Wyndham Grand",
            "nameAr": "ويندهام جراند",
            "active": true
        },
        "684": {
            "id": 684,
            "nameEn": "Dolce",
            "nameAr": "دولتشي",
            "active": true
        },
        "685": {
            "id": 685,
            "nameEn": "Esplendor",
            "nameAr": "إسبليندر ",
            "active": true
        },
        "5805": {
            "id": 5805,
            "nameEn": "Jewel Resorts",
            "nameAr": "Jewel Resorts",
            "active": true
        },
        "686": {
            "id": 686,
            "nameEn": "Wyndham Garden",
            "nameAr": "ويندهام جاردن",
            "active": true
        },
        "687": {
            "id": 687,
            "nameEn": "Jaz Hotels and Resorts",
            "nameAr": "فنادق ومنتجعات جاز",
            "active": true
        },
        "688": {
            "id": 688,
            "nameEn": "Jaz Cruises",
            "nameAr": "جاز كروزيس",
            "active": true
        },
        "689": {
            "id": 689,
            "nameEn": "Iberotel Hotels & Resorts",
            "nameAr": "فنادق ومنتجعات إيبروتيل",
            "active": true
        },
        "691": {
            "id": 691,
            "nameEn": "Sure Hotel Studio",
            "nameAr": "فندق شور ستوديو",
            "active": true
        },
        "692": {
            "id": 692,
            "nameEn": "Sure Hotel Plus",
            "nameAr": "فندق شور بلس",
            "active": true
        },
        "3764": {
            "id": 3764,
            "nameEn": "Krystal Hotels and Resorts",
            "nameAr": "Krystal Hotels & Resorts",
            "active": true
        },
        "693": {
            "id": 693,
            "nameEn": "Sure Hotel Collection",
            "nameAr": "مجموعة فنادق شور",
            "active": true
        },
        "694": {
            "id": 694,
            "nameEn": "Sure Hotel",
            "nameAr": "فندق شور",
            "active": true
        },
        "6849": {
            "id": 6849,
            "nameEn": "Arcadia Germany",
            "nameAr": "Arcadia Germany",
            "active": true
        },
        "707": {
            "id": 707,
            "nameEn": "Green Tree Inn Hotels",
            "nameAr": "CN Green Tree Inn Hotels",
            "active": true
        },
        "5829": {
            "id": 5829,
            "nameEn": "Ars Hotels",
            "nameAr": "ARS Hotels",
            "active": true
        },
        "1734": {
            "id": 1734,
            "nameEn": "Uappala",
            "nameAr": "Uappala",
            "active": true
        },
        "4809": {
            "id": 4809,
            "nameEn": "Palace Petite",
            "nameAr": "Palace Petite",
            "active": true
        },
        "4811": {
            "id": 4811,
            "nameEn": "Harbor Self",
            "nameAr": "Harbor Self",
            "active": true
        },
        "716": {
            "id": 716,
            "nameEn": "Residence Inn",
            "nameAr": "Residence Inn",
            "active": true
        },
        "719": {
            "id": 719,
            "nameEn": "Trademark",
            "nameAr": "Trademark",
            "active": true
        },
        "721": {
            "id": 721,
            "nameEn": "Magnuson Managed",
            "nameAr": "Magnuson Managed",
            "active": true
        },
        "722": {
            "id": 722,
            "nameEn": "Hampton Inn",
            "nameAr": "Hampton Inn",
            "active": true
        },
        "2771": {
            "id": 2771,
            "nameEn": "TANGLA",
            "nameAr": "CN TANGLA",
            "active": true
        },
        "3796": {
            "id": 3796,
            "nameEn": "HUALUXE",
            "nameAr": "HUALUXE",
            "active": true
        },
        "6869": {
            "id": 6869,
            "nameEn": "Avari Hotel Group",
            "nameAr": "Avari Hotel Group",
            "active": true
        },
        "1750": {
            "id": 1750,
            "nameEn": "Mets",
            "nameAr": "Mets",
            "active": true
        },
        "4822": {
            "id": 4822,
            "nameEn": "Sensatori Resorts",
            "nameAr": "Sensatori Resorts",
            "active": true
        },
        "6871": {
            "id": 6871,
            "nameEn": "Gruppo Renzi",
            "nameAr": "Gruppo Renzi",
            "active": true
        },
        "1753": {
            "id": 1753,
            "nameEn": "Palladium",
            "nameAr": "Palladium",
            "active": true
        },
        "730": {
            "id": 730,
            "nameEn": "Sonesta Simply Suites",
            "nameAr": "Sonesta Simply Suites",
            "active": true
        },
        "4826": {
            "id": 4826,
            "nameEn": "Shell Hotels",
            "nameAr": "CN Shell Hotels",
            "active": true
        },
        "733": {
            "id": 733,
            "nameEn": "Solares De Portugal",
            "nameAr": "Solares de Portugal",
            "active": true
        },
        "734": {
            "id": 734,
            "nameEn": "Studio 6",
            "nameAr": "Studio 6",
            "active": true
        },
        "1759": {
            "id": 1759,
            "nameEn": "Metropolo Hotels",
            "nameAr": "Metropolo Hotels",
            "active": true
        },
        "3807": {
            "id": 3807,
            "nameEn": "Welcome Hotels Iceland",
            "nameAr": "Welcome Hotels Iceland",
            "active": true
        },
        "738": {
            "id": 738,
            "nameEn": "Joie De Vivre",
            "nameAr": "Joie De Vivre",
            "active": true
        },
        "4835": {
            "id": 4835,
            "nameEn": "HNA Business Hotel",
            "nameAr": "CN HNA Business Hotel",
            "active": true
        },
        "1764": {
            "id": 1764,
            "nameEn": "Greenland The Qube",
            "nameAr": "CN Greenland The Qube",
            "active": true
        },
        "741": {
            "id": 741,
            "nameEn": "Sercotel gestionado",
            "nameAr": "Sercotel gestionado",
            "active": true
        },
        "742": {
            "id": 742,
            "nameEn": "Tauzia",
            "nameAr": "Tauzia",
            "active": true
        },
        "748": {
            "id": 748,
            "nameEn": "SureStay Collection",
            "nameAr": "SureStay Collection",
            "active": true
        },
        "4844": {
            "id": 4844,
            "nameEn": "Gloria Resorts",
            "nameAr": "CN Gloria Resorts",
            "active": true
        },
        "3822": {
            "id": 3822,
            "nameEn": "Amari",
            "nameAr": "Amari",
            "active": true
        },
        "6897": {
            "id": 6897,
            "nameEn": "Maeva Particuliers",
            "nameAr": "Maeva Particuliers",
            "active": true
        },
        "754": {
            "id": 754,
            "nameEn": "Red Collection",
            "nameAr": "Red Collection",
            "active": true
        },
        "1778": {
            "id": 1778,
            "nameEn": "Disneyland Resort Paris",
            "nameAr": "Disneyland Resort Paris",
            "active": true
        },
        "4850": {
            "id": 4850,
            "nameEn": "Avangard Hotels",
            "nameAr": "Avangard Hotels",
            "active": true
        },
        "5876": {
            "id": 5876,
            "nameEn": "Le Blanc",
            "nameAr": "Le Blanc",
            "active": true
        },
        "757": {
            "id": 757,
            "nameEn": "Ascend Collection",
            "nameAr": "Ascend Collection",
            "active": true
        },
        "1782": {
            "id": 1782,
            "nameEn": "Vacances Ulvf",
            "nameAr": "Vacances ULVF",
            "active": true
        },
        "6902": {
            "id": 6902,
            "nameEn": "Signiel",
            "nameAr": "Signiel",
            "active": true
        },
        "5881": {
            "id": 5881,
            "nameEn": "Gruppo Panconesi",
            "nameAr": "Gruppo Panconesi",
            "active": true
        },
        "763": {
            "id": 763,
            "nameEn": "Collection O",
            "nameAr": "Collection O",
            "active": true
        },
        "1787": {
            "id": 1787,
            "nameEn": "Citadines",
            "nameAr": "Citadines",
            "active": true
        },
        "5885": {
            "id": 5885,
            "nameEn": "Vibe Hotels",
            "nameAr": "Vibe",
            "active": true
        },
        "1790": {
            "id": 1790,
            "nameEn": "Grup Inmogestio - Agi",
            "nameAr": "Grup Inmogestio - AGI",
            "active": true
        },
        "4862": {
            "id": 4862,
            "nameEn": "RIU Plaza",
            "nameAr": "RIU Plaza",
            "active": true
        },
        "767": {
            "id": 767,
            "nameEn": "Nordic Choice - Comfort Inn",
            "nameAr": "Nordic Choice - Comfort Inn",
            "active": true
        },
        "6912": {
            "id": 6912,
            "nameEn": "Soft Inn",
            "nameAr": "Soft Inn",
            "active": true
        },
        "2825": {
            "id": 2825,
            "nameEn": "Travelodge Hotels",
            "nameAr": "Travelodge Australia",
            "active": true
        },
        "785": {
            "id": 785,
            "nameEn": "Sonesta ES",
            "nameAr": "Sonesta ES",
            "active": true
        },
        "788": {
            "id": 788,
            "nameEn": "Knights Inn",
            "nameAr": "Knights Inn",
            "active": true
        },
        "3860": {
            "id": 3860,
            "nameEn": "Trident Hotels",
            "nameAr": "Trident Hotels",
            "active": true
        },
        "3861": {
            "id": 3861,
            "nameEn": "Maistra Collection",
            "nameAr": "Maistra Collection",
            "active": true
        },
        "6936": {
            "id": 6936,
            "nameEn": "Now Resorts and Spas",
            "nameAr": "Now Resorts & Spas",
            "active": true
        },
        "3866": {
            "id": 3866,
            "nameEn": "Livescape",
            "nameAr": "Livescape",
            "active": true
        },
        "4892": {
            "id": 4892,
            "nameEn": "Kairaba Hotels and Resorts",
            "nameAr": "Kairaba Hotels and Resorts",
            "active": true
        },
        "3870": {
            "id": 3870,
            "nameEn": "El Dorado Spa Resorts",
            "nameAr": "El Dorado Spa Resorts",
            "active": true
        },
        "4898": {
            "id": 4898,
            "nameEn": "CN Wanda Jin",
            "nameAr": "CN Wanda Jin",
            "active": true
        },
        "1827": {
            "id": 1827,
            "nameEn": "Voco",
            "nameAr": "Voco",
            "active": true
        },
        "2855": {
            "id": 2855,
            "nameEn": "Gruppo Cosmin",
            "nameAr": "Gruppo Cosmin",
            "active": true
        },
        "812": {
            "id": 812,
            "nameEn": "Fabhotels",
            "nameAr": "Fabhotels",
            "active": true
        },
        "1841": {
            "id": 1841,
            "nameEn": "Habitat Hospitality",
            "nameAr": "Habitat",
            "active": true
        },
        "3894": {
            "id": 3894,
            "nameEn": "Gloria Plaza Hotels",
            "nameAr": "Gloria Plaza Hotels",
            "active": true
        },
        "1853": {
            "id": 1853,
            "nameEn": "Hsm Hotels",
            "nameAr": "HSM hotels",
            "active": true
        },
        "1858": {
            "id": 1858,
            "nameEn": "Marconfort",
            "nameAr": "Marconfort",
            "active": true
        },
        "3908": {
            "id": 3908,
            "nameEn": "The Hotel Folk",
            "nameAr": "TA Hotel Collection",
            "active": true
        },
        "4932": {
            "id": 4932,
            "nameEn": "Nobile Hoteis",
            "nameAr": "Nobile Hoteis",
            "active": true
        },
        "2889": {
            "id": 2889,
            "nameEn": "Rixos Hotels",
            "nameAr": "Rixos Hotels",
            "active": true
        },
        "3914": {
            "id": 3914,
            "nameEn": "Sunway Hotels and Resorts ROW",
            "nameAr": "Sunway Hotels and Resorts ROW",
            "active": true
        },
        "4939": {
            "id": 4939,
            "nameEn": "Walt Disney World Resorts Other",
            "nameAr": "Walt Disney World Resorts Other",
            "active": true
        },
        "850": {
            "id": 850,
            "nameEn": "Belambra Residence",
            "nameAr": "Belambra Residence",
            "active": true
        },
        "2899": {
            "id": 2899,
            "nameEn": "Aiden by Best Western",
            "nameAr": "Aiden",
            "active": true
        },
        "2900": {
            "id": 2900,
            "nameEn": "Adina Hotels",
            "nameAr": "Adina",
            "active": true
        },
        "3930": {
            "id": 3930,
            "nameEn": "21c Museum",
            "nameAr": "21c Museum",
            "active": true
        },
        "861": {
            "id": 861,
            "nameEn": "Cobblestone",
            "nameAr": "Cobblestone",
            "active": true
        },
        "5981": {
            "id": 5981,
            "nameEn": "Tropitel",
            "nameAr": "Tropitel",
            "active": true
        },
        "5986": {
            "id": 5986,
            "nameEn": "Ink Hotels",
            "nameAr": "Ink Hotels",
            "active": true
        },
        "867": {
            "id": 867,
            "nameEn": "Avid hotel",
            "nameAr": "avid hotel",
            "active": true
        },
        "870": {
            "id": 870,
            "nameEn": "Belvilla",
            "nameAr": "Belvilla",
            "active": true
        },
        "3944": {
            "id": 3944,
            "nameEn": "Harper",
            "nameAr": "Harper",
            "active": true
        },
        "5993": {
            "id": 5993,
            "nameEn": "Places",
            "nameAr": "Places",
            "active": true
        },
        "877": {
            "id": 877,
            "nameEn": "Curio Collection",
            "nameAr": "Curio Collection",
            "active": true
        },
        "3949": {
            "id": 3949,
            "nameEn": "HOMEnFUN",
            "nameAr": "HOMEnFUN",
            "active": true
        },
        "878": {
            "id": 878,
            "nameEn": "Fairmont",
            "nameAr": "Fairmont",
            "active": true
        },
        "1905": {
            "id": 1905,
            "nameEn": "Sandman Hotels",
            "nameAr": "Sandman Hotels",
            "active": true
        },
        "882": {
            "id": 882,
            "nameEn": "Hilton Hotels & Resorts",
            "nameAr": "Hilton Hotels & Resorts",
            "active": true
        },
        "887": {
            "id": 887,
            "nameEn": "Aloft Hotels ",
            "nameAr": "aloft",
            "active": true
        },
        "1911": {
            "id": 1911,
            "nameEn": "Royal Orchid",
            "nameAr": "Royal Orchid",
            "active": true
        },
        "6007": {
            "id": 6007,
            "nameEn": "Key West",
            "nameAr": "Key West",
            "active": true
        },
        "6008": {
            "id": 6008,
            "nameEn": "Nobile Suites",
            "nameAr": "Nobile Suites",
            "active": true
        },
        "6010": {
            "id": 6010,
            "nameEn": "PBH - Portugal Best Holiday",
            "nameAr": "PBH - Portugal Best Holiday",
            "active": true
        },
        "1915": {
            "id": 1915,
            "nameEn": "One Hoteles",
            "nameAr": "One Hoteles",
            "active": true
        },
        "4989": {
            "id": 4989,
            "nameEn": "Cotswold Inns and Hotels",
            "nameAr": "Cotswold Inns and Hotels",
            "active": true
        },
        "1922": {
            "id": 1922,
            "nameEn": "KÃ¤mp Collection",
            "nameAr": "Kämp Collection",
            "active": true
        },
        "2947": {
            "id": 2947,
            "nameEn": "Hoteles ",
            "nameAr": "Hoteles Dann",
            "active": true
        },
        "2948": {
            "id": 2948,
            "nameEn": "Nightcap Plus Hotels",
            "nameAr": "Nightcap Plus Hotels",
            "active": true
        },
        "6021": {
            "id": 6021,
            "nameEn": "Inkari Hotels",
            "nameAr": "Inkari Hotels",
            "active": true
        },
        "1926": {
            "id": 1926,
            "nameEn": "Drury Inn and Suites",
            "nameAr": "Drury Inn & Suites",
            "active": true
        },
        "905": {
            "id": 905,
            "nameEn": "Microtel Inn",
            "nameAr": "Microtel Inn",
            "active": true
        },
        "929": {
            "id": 929,
            "nameEn": "Country Inn and Suites",
            "nameAr": "Country Inn and Suites",
            "active": true
        },
        "1954": {
            "id": 1954,
            "nameEn": "Ringhotels",
            "nameAr": "Ringhotels",
            "active": true
        },
        "931": {
            "id": 931,
            "nameEn": "St Regis Hotels",
            "nameAr": "St Regis Hotels",
            "active": true
        },
        "5027": {
            "id": 5027,
            "nameEn": "Harbor Inn",
            "nameAr": "Harbor Inn",
            "active": true
        },
        "5033": {
            "id": 5033,
            "nameEn": "SO/",
            "nameAr": "SO/",
            "active": true
        },
        "6060": {
            "id": 6060,
            "nameEn": "Urban Dream Hotels",
            "nameAr": "Urban Dream Hotels",
            "active": true
        },
        "2995": {
            "id": 2995,
            "nameEn": "Nikko",
            "nameAr": "Nikko",
            "active": true
        },
        "6067": {
            "id": 6067,
            "nameEn": "The Redbury",
            "nameAr": "The Redbury",
            "active": true
        },
        "6078": {
            "id": 6078,
            "nameEn": "Rendezvous Hotels",
            "nameAr": "Rendezvous",
            "active": true
        },
        "959": {
            "id": 959,
            "nameEn": "La Quinta Inn and Suites",
            "nameAr": "La Quinta Inn & Suites",
            "active": true
        },
        "5059": {
            "id": 5059,
            "nameEn": "Valamar Hotels and Resorts",
            "nameAr": "Valamar Hotels & Resorts",
            "active": true
        },
        "964": {
            "id": 964,
            "nameEn": "Residhome",
            "nameAr": "Residhome",
            "active": true
        },
        "6084": {
            "id": 6084,
            "nameEn": "Hommage Luxury Hotels Collection",
            "nameAr": "Hommage Luxury Hotels Collection",
            "active": true
        },
        "976": {
            "id": 976,
            "nameEn": "Sheraton Hotels and Resorts",
            "nameAr": "Sheraton Hotel",
            "active": true
        },
        "977": {
            "id": 977,
            "nameEn": "Holiday Inn Express Hotel",
            "nameAr": "Holiday Inn Express Hotel",
            "active": true
        },
        "979": {
            "id": 979,
            "nameEn": "Oyo Homes",
            "nameAr": "OYO Homes",
            "active": true
        },
        "5080": {
            "id": 5080,
            "nameEn": "Shama",
            "nameAr": "Shama",
            "active": true
        },
        "3035": {
            "id": 3035,
            "nameEn": "Sunscape Resorts and Spas",
            "nameAr": "Sunscape Resorts & Spas",
            "active": true
        },
        "989": {
            "id": 989,
            "nameEn": "Americas Best Value Inn",
            "nameAr": "Best Value Inns",
            "active": true
        },
        "5087": {
            "id": 5087,
            "nameEn": "Damac properties",
            "nameAr": "Damac properties",
            "active": true
        },
        "994": {
            "id": 994,
            "nameEn": "Les Collectionneurs CRS",
            "nameAr": "Les Collectionneurs CRS",
            "active": true
        },
        "2018": {
            "id": 2018,
            "nameEn": "Adonis Hotels and Residences",
            "nameAr": "Adonis Hotels & Residences",
            "active": true
        },
        "996": {
            "id": 996,
            "nameEn": "Alua Hotels",
            "nameAr": "Alua Hotels",
            "active": true
        },
        "4068": {
            "id": 4068,
            "nameEn": "Greenland Primus",
            "nameAr": "Greenland Primus",
            "active": true
        },
        "997": {
            "id": 997,
            "nameEn": "Club Esse",
            "nameAr": "Club Esse",
            "active": true
        },
        "999": {
            "id": 999,
            "nameEn": "SureStay",
            "nameAr": "SureStay",
            "active": true
        },
        "2025": {
            "id": 2025,
            "nameEn": "Pullman Hotels and Resorts",
            "nameAr": "Pullman Hotels and Resorts",
            "active": true
        },
        "6124": {
            "id": 6124,
            "nameEn": "Quest Hotels",
            "nameAr": "Quest Hotels",
            "active": true
        },
        "1008": {
            "id": 1008,
            "nameEn": "WoodSpring Suites",
            "nameAr": "WoodSpring Suites",
            "active": true
        },
        "4081": {
            "id": 4081,
            "nameEn": "Antonio Canova",
            "nameAr": "Antonio Canova",
            "active": true
        },
        "4083": {
            "id": 4083,
            "nameEn": "Almaria",
            "nameAr": "Almaria",
            "active": true
        },
        "6131": {
            "id": 6131,
            "nameEn": "Partner",
            "nameAr": "Partner",
            "active": true
        },
        "1012": {
            "id": 1012,
            "nameEn": "Candlewood Hotel",
            "nameAr": "Candlewood Hotel",
            "active": true
        },
        "1013": {
            "id": 1013,
            "nameEn": "TRYP by Wyndham",
            "nameAr": "TRYP by Wyndham",
            "active": true
        },
        "6133": {
            "id": 6133,
            "nameEn": "Crouin Paris",
            "nameAr": "Crouin Paris",
            "active": true
        },
        "1014": {
            "id": 1014,
            "nameEn": "Fiesta Inn Hoteles Business Class",
            "nameAr": "Fiesta Inn Hoteles Business Class",
            "active": true
        },
        "1016": {
            "id": 1016,
            "nameEn": "Wingate Inn",
            "nameAr": "Wingate Inn",
            "active": true
        },
        "6137": {
            "id": 6137,
            "nameEn": "Veranda Resorts",
            "nameAr": "Veranda Resorts",
            "active": true
        },
        "6139": {
            "id": 6139,
            "nameEn": "Lungolivigno",
            "nameAr": "Lungolivigno",
            "active": true
        },
        "1020": {
            "id": 1020,
            "nameEn": "Labranda Hotels and Resorts",
            "nameAr": "Labranda Hotels & Resorts",
            "active": true
        },
        "1022": {
            "id": 1022,
            "nameEn": "Crowne Plaza",
            "nameAr": "Crowne Plaza",
            "active": true
        },
        "3071": {
            "id": 3071,
            "nameEn": "Daiwa Royal Hotels",
            "nameAr": "Daiwa Royal Hotels",
            "active": true
        }
    },
    "policyCategories": {
        "1": {
            "id": 1,
            "nameAr": "تحتاج إلى معرفته",
            "nameEn": "You need to know",
            "active": true
        },
        "2": {
            "id": 2,
            "nameAr": "رسوم إلزامية",
            "nameEn": "Mandatory fees",
            "active": true
        },
        "3": {
            "id": 3,
            "nameAr": "رسوم اختيارية",
            "nameEn": "Optional fees",
            "active": true
        },
        "4": {
            "id": 4,
            "nameAr": "تعليمات تسجيل الوصول",
            "nameEn": "Check-in Instructions",
            "active": true
        },
        "5": {
            "id": 5,
            "nameAr": "تعليمات إضافية لتسجيل الوصول",
            "nameEn": "Check-in Special Instructions",
            "active": true
        },
        "6": {
            "id": 6,
            "nameAr": "الحد الإدنى للعمر",
            "nameEn": "Minimum Age",
            "active": true
        },
        "7": {
            "id": 7,
            "nameAr": "Transfer Details",
            "nameEn": "Transfer Details",
            "active": true
        }
    },
    "reviewScale": {
        "5": [
            {
                "start": 4.8,
                "end": 5.0,
                "nameAr": "رائع",
                "nameEn": "Superb",
                "color": "#129911",
                "scaleType": 5
            },
            {
                "start": 4.3,
                "end": 4.7,
                "nameAr": "ممتاز",
                "nameEn": "Excellent",
                "color": "#129911",
                "scaleType": 5
            },
            {
                "start": 3.8,
                "end": 4.2,
                "nameAr": "جيد جدا",
                "nameEn": "Very good",
                "color": "#71bc4c",
                "scaleType": 5
            },
            {
                "start": 3.3,
                "end": 3.7,
                "nameAr": "جيد",
                "nameEn": "Good",
                "color": "#a1cc4f",
                "scaleType": 5
            },
            {
                "start": 3.0,
                "end": 3.2,
                "nameAr": "متوسط",
                "nameEn": "Average",
                "color": "#f5a623",
                "scaleType": 5
            },
            {
                "start": 0.0,
                "end": 2.9,
                "nameAr": "مقبول",
                "nameEn": "Fair",
                "color": "#f77d12",
                "scaleType": 5
            }
        ],
        "10": [
            {
                "start": 9.5,
                "end": 10.0,
                "nameAr": "رائع",
                "nameEn": "Superb",
                "color": "#129911",
                "scaleType": 10
            },
            {
                "start": 8.5,
                "end": 9.4,
                "nameAr": "ممتاز",
                "nameEn": "Excellent",
                "color": "#129911",
                "scaleType": 10
            },
            {
                "start": 7.5,
                "end": 8.4,
                "nameAr": "جيد جدا",
                "nameEn": "Very good",
                "color": "#71bc4c",
                "scaleType": 10
            },
            {
                "start": 6.5,
                "end": 7.4,
                "nameAr": "جيد",
                "nameEn": "Good",
                "color": "#a1cc4f",
                "scaleType": 10
            },
            {
                "start": 6.0,
                "end": 6.4,
                "nameAr": "متوسط",
                "nameEn": "Average",
                "color": "#f5a623",
                "scaleType": 10
            },
            {
                "start": 0.0,
                "end": 5.9,
                "nameAr": "مقبول",
                "nameEn": "Fair",
                "color": "#f77d12",
                "scaleType": 10
            }
        ]
    },
    "imageCategories": {
        "1": {
            "id": 1,
            "nameAr": "الصورة الأساسية",
            "nameEn": "Featured Image",
            "type": 1,
            "active": true
        },
        "2": {
            "id": 2,
            "nameAr": "منطقة الاستقبال",
            "nameEn": "Reception",
            "type": 1,
            "active": true
        },
        "3": {
            "id": 3,
            "nameAr": "غرفة ضيافة",
            "nameEn": "Guestroom",
            "type": 1,
            "active": true
        },
        "4": {
            "id": 4,
            "nameAr": "منطقة المعيشة",
            "nameEn": "Living Area",
            "type": 1,
            "active": true
        },
        "5": {
            "id": 5,
            "nameAr": "وسائل الراحة داخل الغرفة",
            "nameEn": "In-Room Amenity",
            "type": 1,
            "active": true
        },
        "6": {
            "id": 6,
            "nameAr": "حمام",
            "nameEn": "Bathroom",
            "type": 1,
            "active": true
        },
        "7": {
            "id": 7,
            "nameAr": "حوض الحمام",
            "nameEn": "Bathroom Sink",
            "type": 1,
            "active": true
        },
        "8": {
            "id": 8,
            "nameAr": "غرفة الألعاب",
            "nameEn": "Game Room",
            "type": 1,
            "active": true
        },
        "9": {
            "id": 9,
            "nameAr": "غرفة كاريوكي",
            "nameEn": "Karaoke Room",
            "type": 1,
            "active": true
        },
        "10": {
            "id": 10,
            "nameAr": "المنطقة المحيطة بالمنشأة",
            "nameEn": "Property Grounds",
            "type": 1,
            "active": true
        },
        "11": {
            "id": 11,
            "nameAr": "المنطقة الخارجية",
            "nameEn": "Exterior",
            "type": 1,
            "active": true
        },
        "12": {
            "id": 12,
            "nameAr": "منظر من الجو",
            "nameEn": "Aerial View",
            "type": 1,
            "active": true
        },
        "13": {
            "id": 13,
            "nameAr": "ركوب الدراجات",
            "nameEn": "Bicycling",
            "type": 1,
            "active": true
        },
        "14": {
            "id": 14,
            "nameAr": "تفاصيل الفندق من الداخل",
            "nameEn": "Interior Detail",
            "type": 1,
            "active": true
        },
        "15": {
            "id": 15,
            "nameAr": "مدخل الفندق",
            "nameEn": "Hotel Entrance",
            "type": 1,
            "active": true
        },
        "16": {
            "id": 16,
            "nameAr": "منطقة الجلوس في الردهة",
            "nameEn": "Lobby Sitting Area",
            "type": 1,
            "active": true
        },
        "17": {
            "id": 17,
            "nameAr": "مرفق اللياقة البدنية",
            "nameEn": "Fitness Facility",
            "type": 1,
            "active": true
        },
        "18": {
            "id": 18,
            "nameAr": "صالة رياضية",
            "nameEn": "Sports Facility",
            "type": 1,
            "active": true
        },
        "19": {
            "id": 19,
            "nameAr": "ركوب الزوارق",
            "nameEn": "Boating",
            "type": 1,
            "active": true
        },
        "20": {
            "id": 20,
            "nameAr": "مطعم",
            "nameEn": "Restaurant",
            "type": 1,
            "active": true
        },
        "21": {
            "id": 21,
            "nameAr": "بوفيه",
            "nameEn": "Buffet",
            "type": 1,
            "active": true
        },
        "22": {
            "id": 22,
            "nameAr": "الطعام والشراب",
            "nameEn": "Food and Drink",
            "type": 1,
            "active": true
        },
        "24": {
            "id": 24,
            "nameAr": "سلم",
            "nameEn": "Staircase",
            "type": 1,
            "active": true
        },
        "25": {
            "id": 25,
            "nameAr": "سطح مشمس",
            "nameEn": "Sundeck",
            "type": 1,
            "active": true
        },
        "26": {
            "id": 26,
            "nameAr": "مرفأ",
            "nameEn": "Marina",
            "type": 1,
            "active": true
        },
        "27": {
            "id": 27,
            "nameAr": "مرفأ سفن",
            "nameEn": "Dock",
            "type": 1,
            "active": true
        },
        "28": {
            "id": 28,
            "nameAr": "منظر للشاطئ/المحيط",
            "nameEn": "Beach/Ocean View",
            "type": 1,
            "active": true
        },
        "29": {
            "id": 29,
            "nameAr": "منظر من الفندق",
            "nameEn": "View from Hotel",
            "type": 1,
            "active": true
        },
        "30": {
            "id": 30,
            "nameAr": "شرفة/رواق",
            "nameEn": "Terrace/Patio",
            "type": 1,
            "active": true
        },
        "31": {
            "id": 31,
            "nameAr": "منظر من غرفة الضيوف",
            "nameEn": "Guestroom View",
            "type": 1,
            "active": true
        },
        "32": {
            "id": 32,
            "nameAr": "الردهة",
            "nameEn": "Lobby",
            "type": 1,
            "active": true
        },
        "33": {
            "id": 33,
            "nameAr": "قاعة احتفالات",
            "nameEn": "Banquet Hall",
            "type": 1,
            "active": true
        },
        "34": {
            "id": 34,
            "nameAr": "الفندق من الداخل",
            "nameEn": "Interior Entrance",
            "type": 1,
            "active": true
        },
        "35": {
            "id": 35,
            "nameAr": "واجهة الفندق",
            "nameEn": "Hotel Front",
            "type": 1,
            "active": true
        },
        "36": {
            "id": 36,
            "nameAr": "واجهة الفندق - مساء/ليلاً",
            "nameEn": "Hotel Front - Evening/Night",
            "type": 1,
            "active": true
        },
        "37": {
            "id": 37,
            "nameAr": "منظر للشارع",
            "nameEn": "Street View",
            "type": 1,
            "active": true
        },
        "38": {
            "id": 38,
            "nameAr": "تناول الطعام",
            "nameEn": "Dining",
            "type": 1,
            "active": true
        },
        "39": {
            "id": 39,
            "nameAr": "ممر",
            "nameEn": "Hallway",
            "type": 1,
            "active": true
        },
        "40": {
            "id": 40,
            "nameAr": "مركز أعمال داخل الغرفة",
            "nameEn": "In-Room Business Center",
            "type": 1,
            "active": true
        },
        "41": {
            "id": 41,
            "nameAr": "منظر من الشرفة",
            "nameEn": "Balcony View",
            "type": 1,
            "active": true
        },
        "42": {
            "id": 42,
            "nameAr": "حمام السباحة",
            "nameEn": "Pool",
            "type": 1,
            "active": true
        },
        "43": {
            "id": 43,
            "nameAr": "صالة الألعاب الرياضية",
            "nameEn": "Gym",
            "type": 1,
            "active": true
        },
        "44": {
            "id": 44,
            "nameAr": "غرفة العلاجات صحية",
            "nameEn": "Treatment Room",
            "type": 1,
            "active": true
        },
        "45": {
            "id": 45,
            "nameAr": "تدليك",
            "nameEn": "Massage",
            "type": 1,
            "active": true
        },
        "46": {
            "id": 46,
            "nameAr": "غرفة معيشة",
            "nameEn": "Living Room",
            "type": 1,
            "active": true
        },
        "47": {
            "id": 47,
            "nameAr": "علاجات الوجه",
            "nameEn": "Facial",
            "type": 1,
            "active": true
        },
        "48": {
            "id": 48,
            "nameAr": "ملعب التنس",
            "nameEn": "Tennis Court",
            "type": 1,
            "active": true
        },
        "49": {
            "id": 49,
            "nameAr": "ملعب رياضي",
            "nameEn": "Sport Court",
            "type": 1,
            "active": true
        },
        "50": {
            "id": 50,
            "nameAr": "تناول الإفطار",
            "nameEn": "Breakfast Area",
            "type": 1,
            "active": true
        },
        "51": {
            "id": 51,
            "nameAr": "منطقة تناول الطعام للأزواج",
            "nameEn": "Couples Dining",
            "type": 1,
            "active": true
        },
        "52": {
            "id": 52,
            "nameAr": "الدش داخل الحمام",
            "nameEn": "Bathroom Shower",
            "type": 1,
            "active": true
        },
        "53": {
            "id": 53,
            "nameAr": "منطقة الانتظار بالفندق",
            "nameEn": "Hotel Lounge",
            "type": 1,
            "active": true
        },
        "54": {
            "id": 54,
            "nameAr": "وسائل الراحة داخل الحمام",
            "nameEn": "Bathroom Amenities",
            "type": 1,
            "active": true
        },
        "56": {
            "id": 56,
            "nameAr": "داخل الفندق",
            "nameEn": "Hotel Interior",
            "type": 1,
            "active": true
        },
        "57": {
            "id": 57,
            "nameAr": "تفاصيل الفندق من الخارج",
            "nameEn": "Exterior detail",
            "type": 1,
            "active": true
        },
        "58": {
            "id": 58,
            "nameAr": "شرفة",
            "nameEn": "Balcony",
            "type": 1,
            "active": true
        },
        "59": {
            "id": 59,
            "nameAr": "وسائل الراحة في المنشأة",
            "nameEn": "Property Amenity",
            "type": 1,
            "active": true
        },
        "60": {
            "id": 60,
            "nameAr": "منطقة الانتظار في الردهة",
            "nameEn": "Lobby Lounge",
            "type": 1,
            "active": true
        },
        "61": {
            "id": 61,
            "nameAr": "منظر للمدينة",
            "nameEn": "City View",
            "type": 1,
            "active": true
        },
        "62": {
            "id": 62,
            "nameAr": "بلياردو",
            "nameEn": "Billiards",
            "type": 1,
            "active": true
        },
        "63": {
            "id": 63,
            "nameAr": "شرفة/رواق",
            "nameEn": "Terrace/Patio",
            "type": 1,
            "active": true
        },
        "64": {
            "id": 64,
            "nameAr": "مطبخ داخل الغرفة",
            "nameEn": "In-Room Kitchen",
            "type": 1,
            "active": true
        },
        "65": {
            "id": 65,
            "nameAr": "مطبخ مصغر داخل الغرفة",
            "nameEn": "In-Room Kitchenette",
            "type": 1,
            "active": true
        },
        "66": {
            "id": 66,
            "nameAr": "الفناء",
            "nameEn": "Courtyard",
            "type": 1,
            "active": true
        },
        "67": {
            "id": 67,
            "nameAr": "متجر هدايا",
            "nameEn": "Gift Shop",
            "type": 1,
            "active": true
        },
        "68": {
            "id": 68,
            "nameAr": "ثلاجة الوجبات الخفيفة",
            "nameEn": "Snack Bar",
            "type": 1,
            "active": true
        },
        "69": {
            "id": 69,
            "nameAr": "وجبة إفطار",
            "nameEn": "Breakfast Meal",
            "type": 1,
            "active": true
        },
        "70": {
            "id": 70,
            "nameAr": "حوض استحمام عميق",
            "nameEn": "Deep Soaking Bathtub",
            "type": 1,
            "active": true
        },
        "71": {
            "id": 71,
            "nameAr": "مكتبة",
            "nameEn": "Library",
            "type": 1,
            "active": true
        },
        "72": {
            "id": 72,
            "nameAr": "مركز أعمال",
            "nameEn": "Business Center",
            "type": 1,
            "active": true
        },
        "73": {
            "id": 73,
            "nameAr": "الحديقة",
            "nameEn": "Garden",
            "type": 1,
            "active": true
        },
        "74": {
            "id": 74,
            "nameAr": "رواق",
            "nameEn": "Porch",
            "type": 1,
            "active": true
        },
        "75": {
            "id": 75,
            "nameAr": "مكتب الاستعلامات",
            "nameEn": "Concierge Desk",
            "type": 1,
            "active": true
        },
        "76": {
            "id": 76,
            "nameAr": "غرفة بديكور مناسب للأطفال",
            "nameEn": "Childrens Theme Room",
            "type": 1,
            "active": true
        },
        "77": {
            "id": 77,
            "nameAr": "حمام سباحة مغطى",
            "nameEn": "Indoor Pool",
            "type": 1,
            "active": true
        },
        "78": {
            "id": 78,
            "nameAr": "حمام سباحة مكشوف",
            "nameEn": "Outdoor Pool",
            "type": 1,
            "active": true
        },
        "79": {
            "id": 79,
            "nameAr": "حمام تركي",
            "nameEn": "Turkish Bath",
            "type": 1,
            "active": true
        },
        "80": {
            "id": 80,
            "nameAr": "عرض مسرحي",
            "nameEn": "Theater Show",
            "type": 1,
            "active": true
        },
        "81": {
            "id": 81,
            "nameAr": "منطقة لعب الأطفال - داخلية",
            "nameEn": "Childrens Play Area - Indoor",
            "type": 1,
            "active": true
        },
        "82": {
            "id": 82,
            "nameAr": "منطقة لعب الأطفال - خارجية",
            "nameEn": "Childrens Play Area - Outdoor",
            "type": 1,
            "active": true
        },
        "84": {
            "id": 84,
            "nameAr": "الشاطئ",
            "nameEn": "Beach",
            "type": 1,
            "active": true
        },
        "85": {
            "id": 85,
            "nameAr": "منوع",
            "nameEn": "Miscellaneous",
            "type": 1,
            "active": true
        },
        "86": {
            "id": 86,
            "nameAr": "منطقة تناول الطعام للأسر",
            "nameEn": "Family Dining",
            "type": 1,
            "active": true
        },
        "87": {
            "id": 87,
            "nameAr": "القفز بالمظلّات",
            "nameEn": "Skydiving",
            "type": 1,
            "active": true
        },
        "88": {
            "id": 88,
            "nameAr": "نقطة اهتمام",
            "nameEn": "Point of Interest",
            "type": 1,
            "active": true
        },
        "89": {
            "id": 89,
            "nameAr": "منطقة شواء/نزهات",
            "nameEn": "BBQ/Picnic Area",
            "type": 1,
            "active": true
        },
        "90": {
            "id": 90,
            "nameAr": "منصة تسجيل إجراءات الوصول/المغادرة",
            "nameEn": "Check-in/Check-out Kiosk",
            "type": 1,
            "active": true
        },
        "91": {
            "id": 91,
            "nameAr": "تناول الطعام داخل الغرفة",
            "nameEn": "In-Room Dining",
            "type": 1,
            "active": true
        },
        "92": {
            "id": 92,
            "nameAr": "ركوب زوارق الكاياك",
            "nameEn": "Kayaking",
            "type": 1,
            "active": true
        },
        "93": {
            "id": 93,
            "nameAr": "حمام السباحة الخاص بالأطفال",
            "nameEn": "Childrens Pool",
            "type": 1,
            "active": true
        },
        "94": {
            "id": 94,
            "nameAr": "خدمة الغرف - الطعام",
            "nameEn": "Room Service - Dining",
            "type": 1,
            "active": true
        },
        "95": {
            "id": 95,
            "nameAr": "مقهى",
            "nameEn": "Coffee Shop",
            "type": 1,
            "active": true
        },
        "96": {
            "id": 96,
            "nameAr": "تناول الطعام بالخارج",
            "nameEn": "Outdoor Dining",
            "type": 1,
            "active": true
        },
        "97": {
            "id": 97,
            "nameAr": "حمام سباحة لا متناهي",
            "nameEn": "Infinity Pool",
            "type": 1,
            "active": true
        },
        "98": {
            "id": 98,
            "nameAr": "ساونا",
            "nameEn": "Sauna",
            "type": 1,
            "active": true
        },
        "99": {
            "id": 99,
            "nameAr": "غرفة بخار",
            "nameEn": "Steam Room",
            "type": 1,
            "active": true
        },
        "100": {
            "id": 100,
            "nameAr": "مرفق الاجتماعات",
            "nameEn": "Meeting Facility",
            "type": 1,
            "active": true
        },
        "101": {
            "id": 101,
            "nameAr": "صالة تنفيذية",
            "nameEn": "Executive Lounge",
            "type": 1,
            "active": true
        },
        "102": {
            "id": 102,
            "nameAr": "منظر للبحيرة",
            "nameEn": "Lake View",
            "type": 1,
            "active": true
        },
        "103": {
            "id": 103,
            "nameAr": "عربة الطعام",
            "nameEn": "Food Court",
            "type": 1,
            "active": true
        },
        "104": {
            "id": 104,
            "nameAr": "قاعة الاستقبال",
            "nameEn": "Reception Hall",
            "type": 1,
            "active": true
        },
        "105": {
            "id": 105,
            "nameAr": "منظر للجبل",
            "nameEn": "Mountain View",
            "type": 1,
            "active": true
        },
        "106": {
            "id": 106,
            "nameAr": "مغطس بمضخات للمياه",
            "nameEn": "Jetted Tub",
            "type": 1,
            "active": true
        },
        "107": {
            "id": 107,
            "nameAr": "مغطس سبا مغطى",
            "nameEn": "Indoor Spa Tub",
            "type": 1,
            "active": true
        },
        "108": {
            "id": 108,
            "nameAr": "نادي صحي",
            "nameEn": "Spa",
            "type": 1,
            "active": true
        },
        "109": {
            "id": 109,
            "nameAr": "منطقة الأطفال",
            "nameEn": "Childrens Area",
            "type": 1,
            "active": true
        },
        "110": {
            "id": 110,
            "nameAr": "بوفيه إفطار",
            "nameEn": "Breakfast buffet",
            "type": 1,
            "active": true
        },
        "111": {
            "id": 111,
            "nameAr": "صالة رقص",
            "nameEn": "Ballroom",
            "type": 1,
            "active": true
        },
        "112": {
            "id": 112,
            "nameAr": "نقل من وإلى المناطق القريبة في المدينة",
            "nameEn": "City Shuttle",
            "type": 1,
            "active": true
        },
        "113": {
            "id": 113,
            "nameAr": "منطقة الاستقبال في النادي الصحي",
            "nameEn": "Spa Reception",
            "type": 1,
            "active": true
        },
        "114": {
            "id": 114,
            "nameAr": "علاج سبا",
            "nameEn": "Spa Treatment",
            "type": 1,
            "active": true
        },
        "115": {
            "id": 115,
            "nameAr": "غرفة غسيل",
            "nameEn": "Laundry Room",
            "type": 1,
            "active": true
        },
        "117": {
            "id": 117,
            "nameAr": "حمام سباحة على السطح",
            "nameEn": "Rooftop Pool",
            "type": 1,
            "active": true
        },
        "118": {
            "id": 118,
            "nameAr": "صالة إيروبكس",
            "nameEn": "Aerobics Facility",
            "type": 1,
            "active": true
        },
        "119": {
            "id": 119,
            "nameAr": "صالون العناية بالشعر",
            "nameEn": "Hair Salon",
            "type": 1,
            "active": true
        },
        "120": {
            "id": 120,
            "nameAr": "منظر للحديقة",
            "nameEn": "Garden View",
            "type": 1,
            "active": true
        },
        "121": {
            "id": 121,
            "nameAr": "أسرّة إضافية",
            "nameEn": "Extra Beds",
            "type": 1,
            "active": true
        },
        "122": {
            "id": 122,
            "nameAr": "مكواة/طاولة كي",
            "nameEn": "Iron/Ironing Board",
            "type": 1,
            "active": true
        },
        "123": {
            "id": 123,
            "nameAr": "منظر للشارع من المنشأة",
            "nameEn": "Land View from Property",
            "type": 1,
            "active": true
        },
        "124": {
            "id": 124,
            "nameAr": "خزنة داخل الغرفة",
            "nameEn": "In-Room Safe",
            "type": 1,
            "active": true
        },
        "126": {
            "id": 126,
            "nameAr": "استديو اللياقة البدنية",
            "nameEn": "Fitness Studio",
            "type": 1,
            "active": true
        },
        "127": {
            "id": 127,
            "nameAr": "صيد الأسماك",
            "nameEn": "Fishing",
            "type": 1,
            "active": true
        },
        "128": {
            "id": 128,
            "nameAr": "زفاف داخل الفندق",
            "nameEn": "Indoor Wedding",
            "type": 1,
            "active": true
        },
        "129": {
            "id": 129,
            "nameAr": "موقف الكارافان",
            "nameEn": "RV or Truck Parking",
            "type": 1,
            "active": true
        },
        "130": {
            "id": 130,
            "nameAr": "موقف سيارات",
            "nameEn": "Parking",
            "type": 1,
            "active": true
        },
        "131": {
            "id": 131,
            "nameAr": "صالون العناية بالأظافر",
            "nameEn": "Nail Salon",
            "type": 1,
            "active": true
        },
        "132": {
            "id": 132,
            "nameAr": "مقهى",
            "nameEn": "Cafe",
            "type": 1,
            "active": true
        },
        "133": {
            "id": 133,
            "nameAr": "خدمة المقهى",
            "nameEn": "Coffee Service",
            "type": 1,
            "active": true
        },
        "134": {
            "id": 134,
            "nameAr": "جولف",
            "nameEn": "Golf",
            "type": 1,
            "active": true
        },
        "135": {
            "id": 135,
            "nameAr": "غرفة بخار",
            "nameEn": "Steam Room",
            "type": 1,
            "active": true
        },
        "136": {
            "id": 136,
            "nameAr": "منظر للفناء",
            "nameEn": "Courtyard View",
            "type": 1,
            "active": true
        },
        "137": {
            "id": 137,
            "nameAr": "ساونا",
            "nameEn": "Sauna",
            "type": 1,
            "active": true
        },
        "138": {
            "id": 138,
            "nameAr": "نقل من وإلى المطار",
            "nameEn": "Airport Shuttle",
            "type": 1,
            "active": true
        },
        "139": {
            "id": 139,
            "nameAr": "بحيرة",
            "nameEn": "Lake",
            "type": 1,
            "active": true
        },
        "140": {
            "id": 140,
            "nameAr": "نزهة سير على الأقدام",
            "nameEn": "Hiking",
            "type": 1,
            "active": true
        },
        "141": {
            "id": 141,
            "nameAr": "ثلاجة صغيرة",
            "nameEn": "Minibar",
            "type": 1,
            "active": true
        },
        "142": {
            "id": 142,
            "nameAr": "مغطس سبا مكشوف",
            "nameEn": "Outdoor Spa Tub",
            "type": 1,
            "active": true
        },
        "143": {
            "id": 143,
            "nameAr": "مأكولات خفيفة وفاخرة",
            "nameEn": "Delicatessen",
            "type": 1,
            "active": true
        },
        "144": {
            "id": 144,
            "nameAr": "منطقة مكشوفة لإقامة حفلات الزفاف",
            "nameEn": "Outdoor Wedding Area",
            "type": 1,
            "active": true
        },
        "145": {
            "id": 145,
            "nameAr": "مركز أنشطة مائية",
            "nameEn": "Aqua Center",
            "type": 1,
            "active": true
        },
        "146": {
            "id": 146,
            "nameAr": "ريادة/استكشاف الكهوف",
            "nameEn": "Cave Exploring",
            "type": 1,
            "active": true
        },
        "147": {
            "id": 147,
            "nameAr": "أنشطة الأطفال",
            "nameEn": "Childrens Activities",
            "type": 1,
            "active": true
        },
        "148": {
            "id": 148,
            "nameAr": "خدمة نقل مكوكية إلى محطة الرحلات",
            "nameEn": "Cruise Terminal Shuttle",
            "type": 1,
            "active": true
        },
        "149": {
            "id": 149,
            "nameAr": "ماكينة صرف النقود/إجراء المعاملات البنكية داخل الموقع",
            "nameEn": "ATM/Banking On site",
            "type": 1,
            "active": true
        },
        "150": {
            "id": 150,
            "nameAr": "ثلاجة صغيرة",
            "nameEn": "Mini-Refrigerator",
            "type": 1,
            "active": true
        },
        "151": {
            "id": 151,
            "nameAr": "مسقط ماء بحمام السباحة",
            "nameEn": "Pool Waterfall",
            "type": 1,
            "active": true
        },
        "152": {
            "id": 152,
            "nameAr": "التجديف",
            "nameEn": "Rowing",
            "type": 1,
            "active": true
        },
        "153": {
            "id": 153,
            "nameAr": "يوجا",
            "nameEn": "Yoga",
            "type": 1,
            "active": true
        },
        "154": {
            "id": 154,
            "nameAr": "ينابيع ساخنة",
            "nameEn": "Hot Springs",
            "type": 1,
            "active": true
        },
        "155": {
            "id": 155,
            "nameAr": "منطقة مكشوفة لإقامة الولائم والاحتفالات",
            "nameEn": "Outdoor Banquet Area",
            "type": 1,
            "active": true
        },
        "156": {
            "id": 156,
            "nameAr": "نافورة",
            "nameEn": "Fountain",
            "type": 1,
            "active": true
        },
        "157": {
            "id": 157,
            "nameAr": "تناول القهوة داخل الغرفة",
            "nameEn": "In-Room Coffee",
            "type": 1,
            "active": true
        },
        "158": {
            "id": 158,
            "nameAr": "حمام سباحة طبيعي",
            "nameEn": "Natural Pool",
            "type": 1,
            "active": true
        },
        "159": {
            "id": 159,
            "nameAr": "ملعب أحبال (إنشاء الفرق)",
            "nameEn": "Ropes Course (Team Building)",
            "type": 1,
            "active": true
        },
        "160": {
            "id": 160,
            "nameAr": "مخطط تصميم الطابق",
            "nameEn": "Floor plan",
            "type": 1,
            "active": true
        },
        "161": {
            "id": 161,
            "nameAr": "حمام سباحة مصغر/للتدريب",
            "nameEn": "Exercise/Lap Pool",
            "type": 1,
            "active": true
        },
        "162": {
            "id": 162,
            "nameAr": "حمّام سباحة خاص",
            "nameEn": "Private Pool",
            "type": 1,
            "active": true
        },
        "164": {
            "id": 164,
            "nameAr": "منطقة إقامة حفلات عيد الميلاد",
            "nameEn": "Birthday Party Area",
            "type": 1,
            "active": true
        },
        "165": {
            "id": 165,
            "nameAr": "حمام سباحة مغطى/مكشوف",
            "nameEn": "Indoor/Outdoor Pool",
            "type": 1,
            "active": true
        },
        "166": {
            "id": 166,
            "nameAr": "غسيل الملابس",
            "nameEn": "Laundry",
            "type": 1,
            "active": true
        },
        "167": {
            "id": 167,
            "nameAr": "تلفاز",
            "nameEn": "Television",
            "type": 1,
            "active": true
        },
        "168": {
            "id": 168,
            "nameAr": "خزائن صغيرة",
            "nameEn": "Lockers",
            "type": 1,
            "active": true
        },
        "169": {
            "id": 169,
            "nameAr": "ملاهي مائية",
            "nameEn": "Water Park",
            "type": 1,
            "active": true
        },
        "170": {
            "id": 170,
            "nameAr": "الانزلاق بالحبال",
            "nameEn": "Ziplining",
            "type": 1,
            "active": true
        },
        "171": {
            "id": 171,
            "nameAr": "ملعب جولف مصغر",
            "nameEn": "Mini-Golf",
            "type": 1,
            "active": true
        },
        "172": {
            "id": 172,
            "nameAr": "جدار تسلق الصخور - داخلي",
            "nameEn": "Rock Climbing Wall - Indoor",
            "type": 1,
            "active": true
        },
        "173": {
            "id": 173,
            "nameAr": "تخزين المعدات",
            "nameEn": "Equipment Storage",
            "type": 1,
            "active": true
        },
        "174": {
            "id": 174,
            "nameAr": "روضة أطفال",
            "nameEn": "Day Care",
            "type": 1,
            "active": true
        },
        "175": {
            "id": 175,
            "nameAr": "تصميم المبنى",
            "nameEn": "Building design",
            "type": 1,
            "active": true
        },
        "176": {
            "id": 176,
            "nameAr": "مطبخ مشترك",
            "nameEn": "Shared Kitchen",
            "type": 1,
            "active": true
        },
        "177": {
            "id": 177,
            "nameAr": "السماح باصطحاب الحيوانات الأليفة",
            "nameEn": "Pet-Friendly",
            "type": 1,
            "active": true
        },
        "178": {
            "id": 178,
            "nameAr": "ماكينة بيع آلية",
            "nameEn": "Vending Machine",
            "type": 1,
            "active": true
        },
        "179": {
            "id": 179,
            "nameAr": "ملعب كرة السلة",
            "nameEn": "Basketball Court",
            "type": 1,
            "active": true
        },
        "180": {
            "id": 180,
            "nameAr": "دراجة سكوتر/دراجة نارية خفيفة",
            "nameEn": "Scooter/Moped",
            "type": 1,
            "active": true
        },
        "181": {
            "id": 181,
            "nameAr": "مقصورة في الحديقة",
            "nameEn": "Gazebo",
            "type": 1,
            "active": true
        },
        "182": {
            "id": 182,
            "nameAr": "ألعاب تعمل بالعملات",
            "nameEn": "Arcade",
            "type": 1,
            "active": true
        },
        "183": {
            "id": 183,
            "nameAr": "متجر أدوات رياضية",
            "nameEn": "Pro Shop",
            "type": 1,
            "active": true
        },
        "184": {
            "id": 184,
            "nameAr": "إطلالة على المدينة من المنشأة",
            "nameEn": "City View from Property",
            "type": 1,
            "active": true
        },
        "185": {
            "id": 185,
            "nameAr": "مرافق مطبخ مشتركة",
            "nameEn": "Shared Kitchen Facilities",
            "type": 1,
            "active": true
        },
        "186": {
            "id": 186,
            "nameAr": "مغطس خاص في المنتجع الصحي",
            "nameEn": "Private Spa Tub",
            "type": 1,
            "active": true
        },
        "187": {
            "id": 187,
            "nameAr": "زحليقة مائية",
            "nameEn": "Waterslide",
            "type": 1,
            "active": true
        },
        "188": {
            "id": 188,
            "nameAr": "السفاري",
            "nameEn": "Safari",
            "type": 1,
            "active": true
        },
        "189": {
            "id": 189,
            "nameAr": "ميكروويف",
            "nameEn": "Microwave",
            "type": 1,
            "active": true
        },
        "190": {
            "id": 190,
            "nameAr": "مطلة على المياه",
            "nameEn": "Water view",
            "type": 1,
            "active": true
        },
        "191": {
            "id": 191,
            "nameAr": "الرماية",
            "nameEn": "Archery",
            "type": 1,
            "active": true
        },
        "192": {
            "id": 192,
            "nameAr": "مدفأة",
            "nameEn": "Fireplace",
            "type": 1,
            "active": true
        },
        "193": {
            "id": 193,
            "nameAr": "مشاهدة الحيوانات البريّة",
            "nameEn": "Game Viewing",
            "type": 1,
            "active": true
        },
        "194": {
            "id": 194,
            "nameAr": "تكييف هواء",
            "nameEn": "Air conditioning",
            "type": 1,
            "active": true
        },
        "195": {
            "id": 195,
            "nameAr": "صيد الحيوانات",
            "nameEn": "Hunting",
            "type": 1,
            "active": true
        },
        "196": {
            "id": 196,
            "nameAr": "يوكاتا (رداء ياباني)",
            "nameEn": "Yukata",
            "type": 1,
            "active": true
        },
        "197": {
            "id": 197,
            "nameAr": "دش خماسي",
            "nameEn": "Vichy Shower",
            "type": 1,
            "active": true
        },
        "198": {
            "id": 198,
            "nameAr": "تقنيّات",
            "nameEn": "Tech",
            "type": 1,
            "active": true
        },
        "199": {
            "id": 199,
            "nameAr": "تسلق الصخور بالخارج",
            "nameEn": "Outdoor Rock Climbing",
            "type": 1,
            "active": true
        },
        "200": {
            "id": 200,
            "nameAr": "بيلاتس",
            "nameEn": "Pilates",
            "type": 1,
            "active": true
        },
        "201": {
            "id": 201,
            "nameAr": "جولات سياحية بيئية",
            "nameEn": "Ecotours",
            "type": 1,
            "active": true
        },
        "202": {
            "id": 202,
            "nameAr": "كنيسة",
            "nameEn": "Chapel",
            "type": 1,
            "active": true
        },
        "203": {
            "id": 203,
            "nameAr": "مضمار  داخلي لقيادة عربات الجولف",
            "nameEn": "Indoor Golf Driving Range",
            "type": 1,
            "active": true
        },
        "204": {
            "id": 204,
            "nameAr": "رياضات التزحلق على الجليد والماء",
            "nameEn": "Snow and Ski Sports",
            "type": 1,
            "active": true
        },
        "205": {
            "id": 205,
            "nameAr": "حمّام عام",
            "nameEn": "Public Bath",
            "type": 1,
            "active": true
        },
        "206": {
            "id": 206,
            "nameAr": "التزلج على الماء",
            "nameEn": "Skiing",
            "type": 1,
            "active": true
        },
        "207": {
            "id": 207,
            "nameAr": "التزحلق على الجليد",
            "nameEn": "Ice Skating",
            "type": 1,
            "active": true
        },
        "208": {
            "id": 208,
            "nameAr": "إطلالة على المنتجع",
            "nameEn": "Resort View",
            "type": 1,
            "active": true
        },
        "209": {
            "id": 209,
            "nameAr": "إطلالة على المتنزه",
            "nameEn": "Park View",
            "type": 1,
            "active": true
        },
        "210": {
            "id": 210,
            "nameAr": "منظر  لملعب الجولف",
            "nameEn": "Golf view",
            "type": 1,
            "active": true
        },
        "211": {
            "id": 211,
            "nameAr": "ركوب الخيل",
            "nameEn": "Horse Riding",
            "type": 1,
            "active": true
        },
        "212": {
            "id": 212,
            "nameAr": "تدليك داخل الغرفة",
            "nameEn": "In-Room Massage",
            "type": 1,
            "active": true
        },
        "213": {
            "id": 213,
            "nameAr": "جولة سفاري",
            "nameEn": "Game Drive",
            "type": 1,
            "active": true
        },
        "214": {
            "id": 214,
            "nameAr": "التدفئة",
            "nameEn": "Heating",
            "type": 1,
            "active": true
        },
        "215": {
            "id": 215,
            "nameAr": "إطلالة على التل",
            "nameEn": "Hill View",
            "type": 1,
            "active": true
        },
        "216": {
            "id": 216,
            "nameAr": "شرفة مسقوفة",
            "nameEn": "Lanai",
            "type": 1,
            "active": true
        },
        "218": {
            "id": 218,
            "nameAr": "جولات سيجواي",
            "nameEn": "Segway Tours",
            "type": 1,
            "active": true
        },
        "219": {
            "id": 219,
            "nameAr": "عربة جولف",
            "nameEn": "Golf Cart",
            "type": 1,
            "active": true
        },
        "220": {
            "id": 220,
            "nameAr": "تزحلق بألواح الثلج",
            "nameEn": "Snowboarding",
            "type": 1,
            "active": true
        },
        "221": {
            "id": 221,
            "nameAr": "جولات بالهليكوبتر/بالطائرة",
            "nameEn": "Helicopter/Plane Tours",
            "type": 1,
            "active": true
        },
        "222": {
            "id": 222,
            "nameAr": "مطلة على الصحراء",
            "nameEn": "Desert view",
            "type": 1,
            "active": true
        },
        "223": {
            "id": 223,
            "nameAr": "مروحة",
            "nameEn": "Fan",
            "type": 1,
            "active": true
        },
        "224": {
            "id": 224,
            "nameAr": "تل تزلج",
            "nameEn": "Ski Hill",
            "type": 1,
            "active": true
        },
        "225": {
            "id": 225,
            "nameAr": "التزلج بمركبة الجليد",
            "nameEn": "Snowmobiling",
            "type": 1,
            "active": true
        },
        "226": {
            "id": 226,
            "nameAr": "التزحلق على الثلج باستخدام مزلجة",
            "nameEn": "Sledding",
            "type": 1,
            "active": true
        },
        "227": {
            "id": 227,
            "nameAr": "التزحلق على الثلج بزلاجة أنبوبية",
            "nameEn": "Snow tubing",
            "type": 1,
            "active": true
        },
        "229": {
            "id": 229,
            "nameAr": "Deleted",
            "nameEn": "Deleted",
            "type": 1,
            "active": true
        },
        "230": {
            "id": 230,
            "nameAr": "ركوب الطوف",
            "nameEn": "Rafting",
            "type": 1,
            "active": true
        },
        "231": {
            "id": 231,
            "nameAr": "المشي باستخدام أحذية الثلج",
            "nameEn": "Snowshoeing",
            "type": 1,
            "active": true
        },
        "232": {
            "id": 232,
            "nameAr": "إطلالة على الوادي",
            "nameEn": "Valley View",
            "type": 1,
            "active": true
        },
        "233": {
            "id": 233,
            "nameAr": "خدمة نقل مكوكية إلى محطة العبّار",
            "nameEn": "Ferry Terminal Shuttle",
            "type": 1,
            "active": true
        },
        "234": {
            "id": 234,
            "nameAr": "بولينج",
            "nameEn": "Bowling",
            "type": 1,
            "active": true
        },
        "235": {
            "id": 235,
            "nameAr": "إطلالة على كرم العنب",
            "nameEn": "Vineyard View",
            "type": 1,
            "active": true
        },
        "237": {
            "id": 237,
            "nameAr": "مطعم ريوكان",
            "nameEn": "Ryokan Dining",
            "type": 1,
            "active": true
        },
        "238": {
            "id": 238,
            "nameAr": "خدمة نقل مكوكية إلى مركز التسوّق",
            "nameEn": "Shopping Centre Shuttle",
            "type": 1,
            "active": true
        },
        "239": {
            "id": 239,
            "nameAr": "خدمة نقل مكوكية إلى الملاهي",
            "nameEn": "Theme Park Shuttle",
            "type": 1,
            "active": true
        },
        "240": {
            "id": 240,
            "nameAr": "خدمة نقل مكوكية إلى محطة القطار",
            "nameEn": "Train Station Shuttle",
            "type": 1,
            "active": true
        },
        "241": {
            "id": 241,
            "nameAr": "أخرى",
            "nameEn": "Other",
            "type": 1,
            "active": true
        },
        "242": {
            "id": 242,
            "nameAr": "أساسية",
            "nameEn": "default",
            "type": 2,
            "active": true
        },
        "243": {
            "id": 243,
            "nameAr": "غرفة",
            "nameEn": "Room",
            "type": 1,
            "active": true
        },
        "244": {
            "id": 244,
            "nameAr": "إطلالة من الغرفة",
            "nameEn": "View from room",
            "type": 1,
            "active": true
        },
        "245": {
            "id": 245,
            "nameAr": "ركوب الأمواج",
            "nameEn": "Surfing/boogie boarding",
            "type": 1,
            "active": true
        },
        "246": {
            "id": 246,
            "nameAr": "مساند الممرات",
            "nameEn": "Handrails in hallways",
            "type": 1,
            "active": true
        },
        "247": {
            "id": 247,
            "nameAr": "شارة النظافة",
            "nameEn": "Cleanliness badge",
            "type": 1,
            "active": true
        },
        "248": {
            "id": 248,
            "nameAr": "صالة استراحة",
            "nameEn": "Lounge",
            "type": 1,
            "active": true
        },
        "249": {
            "id": 249,
            "nameAr": "منطقة العاب للأطفال - داخلية",
            "nameEn": "Children's play area - indoor",
            "type": 1,
            "active": true
        },
        "250": {
            "id": 250,
            "nameAr": "منطقة مخصصة للأطفال",
            "nameEn": "Children's area",
            "type": 1,
            "active": true
        },
        "251": {
            "id": 251,
            "nameAr": "حمام سباحة للأطفال",
            "nameEn": "Children's pool",
            "type": 1,
            "active": true
        },
        "252": {
            "id": 252,
            "nameAr": "وسيلة راحة بالغرفة",
            "nameEn": "Room amenity",
            "type": 1,
            "active": true
        },
        "253": {
            "id": 253,
            "nameAr": "مطبخ خاص",
            "nameEn": "Private kitchen",
            "type": 1,
            "active": true
        },
        "254": {
            "id": 254,
            "nameAr": "داخلي",
            "nameEn": "Interior",
            "type": 1,
            "active": true
        },
        "255": {
            "id": 255,
            "nameAr": "مرافق المنشأة الترفيهية",
            "nameEn": "Property recreational facilities",
            "type": 1,
            "active": true
        },
        "256": {
            "id": 256,
            "nameAr": "أنشطة المنشأة",
            "nameEn": "Property activities",
            "type": 1,
            "active": true
        },
        "257": {
            "id": 257,
            "nameAr": "مرافق  للأطفال",
            "nameEn": "Children Facilities",
            "type": 1,
            "active": true
        },
        "258": {
            "id": 258,
            "nameAr": "إطلالات",
            "nameEn": "Views ",
            "type": 1,
            "active": true
        },
        "259": {
            "id": 259,
            "nameAr": "مرافق المنشأة ",
            "nameEn": "Property facilities",
            "type": 1,
            "active": true
        },
        "260": {
            "id": 260,
            "nameAr": "وسائل الراحة في المنشأة",
            "nameEn": "Property amenities",
            "type": 1,
            "active": true
        },
        "261": {
            "id": 261,
            "nameAr": "خدمات المنشأة ",
            "nameEn": "Property services",
            "type": 1,
            "active": true
        },
        "262": {
            "id": 262,
            "nameAr": "معالم سياحية",
            "nameEn": "Landmarks",
            "type": 1,
            "active": true
        }
    },
    "descriptionCategories": {
        "1": {
            "id": 1,
            "nameAr": "وصف عام",
            "nameEn": "General description",
            "active": true
        },
        "2": {
            "id": 2,
            "nameAr": "الموقع",
            "nameEn": "Location",
            "active": true
        },
        "3": {
            "id": 3,
            "nameAr": "المنطقة المحيطة بالفندق",
            "nameEn": "Attractions",
            "active": true
        },
        "4": {
            "id": 4,
            "nameAr": "الطعام",
            "nameEn": "Dining",
            "active": true
        },
        "5": {
            "id": 5,
            "nameAr": "الغرف",
            "nameEn": "Rooms",
            "active": true
        },
        "6": {
            "id": 6,
            "nameAr": "المرافق",
            "nameEn": "Amenities",
            "active": true
        },
        "7": {
            "id": 7,
            "nameAr": "مرافق الأعمال، ومرافق أخرى",
            "nameEn": "Business, and other amenities",
            "active": true
        },
        "8": {
            "id": 8,
            "nameAr": "التجديدات",
            "nameEn": "Renovations",
            "active": true
        }
    }
}
]]></system-out>
  </testcase>
</testsuite>