<?xml version="1.0" encoding="UTF-8"?>
<!-- Generated by org.testng.reporters.JUnitReportReporter -->
<testsuite hostname="Ibad" failures="0" tests="2" name="com.almosafer.api.hotel.test.GET.LookUps" time="0.000" errors="0" timestamp="2023-05-12T04:04:45 GST" skipped="2">
  <testcase classname="com.almosafer.api.hotel.test.GET.LookUps" name="getHotelsLookupAndVerify" time="0.000">
    <skipped/>
  </testcase> <!-- getHotelsLookupAndVerify -->
  <system-out/>
  <testcase classname="com.almosafer.api.hotel.test.GET.LookUps" name="getHotelLookupByGettingTokenDynamically" time="0.000">
    <skipped/>
  </testcase> <!-- getHotelLookupByGettingTokenDynamically -->
  <system-out/>
</testsuite> <!-- com.almosafer.api.hotel.test.GET.LookUps -->
