<?xml version="1.0" encoding="UTF-8"?>
<!-- Generated by org.testng.reporters.JUnitReportReporter -->
<testsuite hostname="Ibad" failures="0" tests="1" name="com.almosafer.api.hotel.test.GET.LookUps" time="0.958" errors="0" timestamp="2023-05-12T03:20:45 GST" skipped="0">
  <testcase classname="com.almosafer.api.hotel.test.GET.LookUps" name="getHotelsLookupAndVerify" time="0.958"/>
  <system-out/>
</testsuite> <!-- com.almosafer.api.hotel.test.GET.LookUps -->
