<?xml version="1.0" encoding="UTF-8"?>
<!-- Generated by org.testng.reporters.JUnitReportReporter -->
<testsuite hostname="Ibad" failures="0" tests="1" name="com.almosafer.api.flights.test.POST.Fares" time="2.581" errors="0" timestamp="2023-05-12T03:20:45 GST" skipped="0">
  <testcase classname="com.almosafer.api.flights.test.POST.Fares" name="getFaresCalenderAndVerify" time="2.581"/>
  <system-out/>
</testsuite> <!-- com.almosafer.api.flights.test.POST.Fares -->
